[2026-03-30T01:55:25.577+0000] {processor.py:186} INFO - Started process (PID=2857) to work on /home/ec2-user/environment/lab4_model_training/dags/generate_data_dag.py
[2026-03-30T01:55:25.578+0000] {processor.py:914} INFO - Processing file /home/ec2-user/environment/lab4_model_training/dags/generate_data_dag.py for tasks to queue
[2026-03-30T01:55:25.580+0000] {logging_mixin.py:190} INFO - [2026-03-30T01:55:25.579+0000] {dagbag.py:588} INFO - Filling up the DagBag from /home/ec2-user/environment/lab4_model_training/dags/generate_data_dag.py
[2026-03-30T01:55:25.581+0000] {processor.py:927} WARNING - No viable dags retrieved from /home/ec2-user/environment/lab4_model_training/dags/generate_data_dag.py
[2026-03-30T01:55:25.590+0000] {processor.py:208} INFO - Processing /home/ec2-user/environment/lab4_model_training/dags/generate_data_dag.py took 0.017 seconds
[2026-03-30T01:55:57.062+0000] {processor.py:186} INFO - Started process (PID=2945) to work on /home/ec2-user/environment/lab4_model_training/dags/generate_data_dag.py
[2026-03-30T01:55:57.063+0000] {processor.py:914} INFO - Processing file /home/ec2-user/environment/lab4_model_training/dags/generate_data_dag.py for tasks to queue
[2026-03-30T01:55:57.064+0000] {logging_mixin.py:190} INFO - [2026-03-30T01:55:57.064+0000] {dagbag.py:588} INFO - Filling up the DagBag from /home/ec2-user/environment/lab4_model_training/dags/generate_data_dag.py
[2026-03-30T01:55:57.066+0000] {processor.py:927} WARNING - No viable dags retrieved from /home/ec2-user/environment/lab4_model_training/dags/generate_data_dag.py
[2026-03-30T01:55:57.078+0000] {processor.py:208} INFO - Processing /home/ec2-user/environment/lab4_model_training/dags/generate_data_dag.py took 0.025 seconds
[2026-03-30T02:06:04.537+0000] {processor.py:186} INFO - Started process (PID=2785) to work on /home/ec2-user/environment/lab4_model_training/dags/generate_data_dag.py
[2026-03-30T02:06:04.539+0000] {processor.py:914} INFO - Processing file /home/ec2-user/environment/lab4_model_training/dags/generate_data_dag.py for tasks to queue
[2026-03-30T02:06:04.540+0000] {logging_mixin.py:190} INFO - [2026-03-30T02:06:04.540+0000] {dagbag.py:588} INFO - Filling up the DagBag from /home/ec2-user/environment/lab4_model_training/dags/generate_data_dag.py
[2026-03-30T02:06:04.542+0000] {processor.py:927} WARNING - No viable dags retrieved from /home/ec2-user/environment/lab4_model_training/dags/generate_data_dag.py
[2026-03-30T02:06:04.553+0000] {processor.py:208} INFO - Processing /home/ec2-user/environment/lab4_model_training/dags/generate_data_dag.py took 0.020 seconds
[2026-03-30T02:06:36.011+0000] {processor.py:186} INFO - Started process (PID=2912) to work on /home/ec2-user/environment/lab4_model_training/dags/generate_data_dag.py
[2026-03-30T02:06:36.012+0000] {processor.py:914} INFO - Processing file /home/ec2-user/environment/lab4_model_training/dags/generate_data_dag.py for tasks to queue
[2026-03-30T02:06:36.013+0000] {logging_mixin.py:190} INFO - [2026-03-30T02:06:36.013+0000] {dagbag.py:588} INFO - Filling up the DagBag from /home/ec2-user/environment/lab4_model_training/dags/generate_data_dag.py
[2026-03-30T02:06:36.015+0000] {processor.py:927} WARNING - No viable dags retrieved from /home/ec2-user/environment/lab4_model_training/dags/generate_data_dag.py
[2026-03-30T02:06:36.026+0000] {processor.py:208} INFO - Processing /home/ec2-user/environment/lab4_model_training/dags/generate_data_dag.py took 0.021 seconds
[2026-03-30T02:07:08.869+0000] {processor.py:186} INFO - Started process (PID=3000) to work on /home/ec2-user/environment/lab4_model_training/dags/generate_data_dag.py
[2026-03-30T02:07:08.870+0000] {processor.py:914} INFO - Processing file /home/ec2-user/environment/lab4_model_training/dags/generate_data_dag.py for tasks to queue
[2026-03-30T02:07:08.871+0000] {logging_mixin.py:190} INFO - [2026-03-30T02:07:08.871+0000] {dagbag.py:588} INFO - Filling up the DagBag from /home/ec2-user/environment/lab4_model_training/dags/generate_data_dag.py
[2026-03-30T02:07:08.873+0000] {processor.py:927} WARNING - No viable dags retrieved from /home/ec2-user/environment/lab4_model_training/dags/generate_data_dag.py
[2026-03-30T02:07:08.882+0000] {processor.py:208} INFO - Processing /home/ec2-user/environment/lab4_model_training/dags/generate_data_dag.py took 0.018 seconds
[2026-03-30T02:07:39.794+0000] {processor.py:186} INFO - Started process (PID=3079) to work on /home/ec2-user/environment/lab4_model_training/dags/generate_data_dag.py
[2026-03-30T02:07:39.794+0000] {processor.py:914} INFO - Processing file /home/ec2-user/environment/lab4_model_training/dags/generate_data_dag.py for tasks to queue
[2026-03-30T02:07:39.796+0000] {logging_mixin.py:190} INFO - [2026-03-30T02:07:39.795+0000] {dagbag.py:588} INFO - Filling up the DagBag from /home/ec2-user/environment/lab4_model_training/dags/generate_data_dag.py
[2026-03-30T02:07:39.798+0000] {processor.py:927} WARNING - No viable dags retrieved from /home/ec2-user/environment/lab4_model_training/dags/generate_data_dag.py
[2026-03-30T02:07:39.807+0000] {processor.py:208} INFO - Processing /home/ec2-user/environment/lab4_model_training/dags/generate_data_dag.py took 0.017 seconds
[2026-03-30T02:08:12.316+0000] {processor.py:186} INFO - Started process (PID=3174) to work on /home/ec2-user/environment/lab4_model_training/dags/generate_data_dag.py
[2026-03-30T02:08:12.317+0000] {processor.py:914} INFO - Processing file /home/ec2-user/environment/lab4_model_training/dags/generate_data_dag.py for tasks to queue
[2026-03-30T02:08:12.318+0000] {logging_mixin.py:190} INFO - [2026-03-30T02:08:12.318+0000] {dagbag.py:588} INFO - Filling up the DagBag from /home/ec2-user/environment/lab4_model_training/dags/generate_data_dag.py
[2026-03-30T02:08:12.321+0000] {processor.py:927} WARNING - No viable dags retrieved from /home/ec2-user/environment/lab4_model_training/dags/generate_data_dag.py
[2026-03-30T02:08:12.329+0000] {processor.py:208} INFO - Processing /home/ec2-user/environment/lab4_model_training/dags/generate_data_dag.py took 0.018 seconds
[2026-03-30T02:08:43.929+0000] {processor.py:186} INFO - Started process (PID=3297) to work on /home/ec2-user/environment/lab4_model_training/dags/generate_data_dag.py
[2026-03-30T02:08:43.931+0000] {processor.py:914} INFO - Processing file /home/ec2-user/environment/lab4_model_training/dags/generate_data_dag.py for tasks to queue
[2026-03-30T02:08:43.932+0000] {logging_mixin.py:190} INFO - [2026-03-30T02:08:43.931+0000] {dagbag.py:588} INFO - Filling up the DagBag from /home/ec2-user/environment/lab4_model_training/dags/generate_data_dag.py
[2026-03-30T02:08:43.934+0000] {processor.py:927} WARNING - No viable dags retrieved from /home/ec2-user/environment/lab4_model_training/dags/generate_data_dag.py
[2026-03-30T02:08:43.942+0000] {processor.py:208} INFO - Processing /home/ec2-user/environment/lab4_model_training/dags/generate_data_dag.py took 0.017 seconds
[2026-03-30T02:09:14.883+0000] {processor.py:186} INFO - Started process (PID=3383) to work on /home/ec2-user/environment/lab4_model_training/dags/generate_data_dag.py
[2026-03-30T02:09:14.884+0000] {processor.py:914} INFO - Processing file /home/ec2-user/environment/lab4_model_training/dags/generate_data_dag.py for tasks to queue
[2026-03-30T02:09:14.885+0000] {logging_mixin.py:190} INFO - [2026-03-30T02:09:14.885+0000] {dagbag.py:588} INFO - Filling up the DagBag from /home/ec2-user/environment/lab4_model_training/dags/generate_data_dag.py
[2026-03-30T02:09:14.887+0000] {processor.py:927} WARNING - No viable dags retrieved from /home/ec2-user/environment/lab4_model_training/dags/generate_data_dag.py
[2026-03-30T02:09:14.896+0000] {processor.py:208} INFO - Processing /home/ec2-user/environment/lab4_model_training/dags/generate_data_dag.py took 0.018 seconds
[2026-03-30T02:09:46.180+0000] {processor.py:186} INFO - Started process (PID=3460) to work on /home/ec2-user/environment/lab4_model_training/dags/generate_data_dag.py
[2026-03-30T02:09:46.181+0000] {processor.py:914} INFO - Processing file /home/ec2-user/environment/lab4_model_training/dags/generate_data_dag.py for tasks to queue
[2026-03-30T02:09:46.186+0000] {logging_mixin.py:190} INFO - [2026-03-30T02:09:46.185+0000] {dagbag.py:588} INFO - Filling up the DagBag from /home/ec2-user/environment/lab4_model_training/dags/generate_data_dag.py
[2026-03-30T02:09:46.189+0000] {processor.py:927} WARNING - No viable dags retrieved from /home/ec2-user/environment/lab4_model_training/dags/generate_data_dag.py
[2026-03-30T02:09:46.199+0000] {processor.py:208} INFO - Processing /home/ec2-user/environment/lab4_model_training/dags/generate_data_dag.py took 0.024 seconds
[2026-03-30T02:10:18.767+0000] {processor.py:186} INFO - Started process (PID=3628) to work on /home/ec2-user/environment/lab4_model_training/dags/generate_data_dag.py
[2026-03-30T02:10:18.768+0000] {processor.py:914} INFO - Processing file /home/ec2-user/environment/lab4_model_training/dags/generate_data_dag.py for tasks to queue
[2026-03-30T02:10:18.769+0000] {logging_mixin.py:190} INFO - [2026-03-30T02:10:18.769+0000] {dagbag.py:588} INFO - Filling up the DagBag from /home/ec2-user/environment/lab4_model_training/dags/generate_data_dag.py
[2026-03-30T02:10:18.771+0000] {processor.py:927} WARNING - No viable dags retrieved from /home/ec2-user/environment/lab4_model_training/dags/generate_data_dag.py
[2026-03-30T02:10:18.780+0000] {processor.py:208} INFO - Processing /home/ec2-user/environment/lab4_model_training/dags/generate_data_dag.py took 0.018 seconds
[2026-03-30T02:10:50.442+0000] {processor.py:186} INFO - Started process (PID=3705) to work on /home/ec2-user/environment/lab4_model_training/dags/generate_data_dag.py
[2026-03-30T02:10:50.443+0000] {processor.py:914} INFO - Processing file /home/ec2-user/environment/lab4_model_training/dags/generate_data_dag.py for tasks to queue
[2026-03-30T02:10:50.444+0000] {logging_mixin.py:190} INFO - [2026-03-30T02:10:50.444+0000] {dagbag.py:588} INFO - Filling up the DagBag from /home/ec2-user/environment/lab4_model_training/dags/generate_data_dag.py
[2026-03-30T02:10:50.446+0000] {processor.py:927} WARNING - No viable dags retrieved from /home/ec2-user/environment/lab4_model_training/dags/generate_data_dag.py
[2026-03-30T02:10:50.455+0000] {processor.py:208} INFO - Processing /home/ec2-user/environment/lab4_model_training/dags/generate_data_dag.py took 0.017 seconds
[2026-03-30T02:11:22.015+0000] {processor.py:186} INFO - Started process (PID=3799) to work on /home/ec2-user/environment/lab4_model_training/dags/generate_data_dag.py
[2026-03-30T02:11:22.016+0000] {processor.py:914} INFO - Processing file /home/ec2-user/environment/lab4_model_training/dags/generate_data_dag.py for tasks to queue
[2026-03-30T02:11:22.017+0000] {logging_mixin.py:190} INFO - [2026-03-30T02:11:22.017+0000] {dagbag.py:588} INFO - Filling up the DagBag from /home/ec2-user/environment/lab4_model_training/dags/generate_data_dag.py
[2026-03-30T02:11:22.019+0000] {processor.py:927} WARNING - No viable dags retrieved from /home/ec2-user/environment/lab4_model_training/dags/generate_data_dag.py
[2026-03-30T02:11:22.029+0000] {processor.py:208} INFO - Processing /home/ec2-user/environment/lab4_model_training/dags/generate_data_dag.py took 0.018 seconds
[2026-03-30T02:11:54.339+0000] {processor.py:186} INFO - Started process (PID=3988) to work on /home/ec2-user/environment/lab4_model_training/dags/generate_data_dag.py
[2026-03-30T02:11:54.340+0000] {processor.py:914} INFO - Processing file /home/ec2-user/environment/lab4_model_training/dags/generate_data_dag.py for tasks to queue
[2026-03-30T02:11:54.342+0000] {logging_mixin.py:190} INFO - [2026-03-30T02:11:54.341+0000] {dagbag.py:588} INFO - Filling up the DagBag from /home/ec2-user/environment/lab4_model_training/dags/generate_data_dag.py
[2026-03-30T02:11:54.344+0000] {processor.py:927} WARNING - No viable dags retrieved from /home/ec2-user/environment/lab4_model_training/dags/generate_data_dag.py
[2026-03-30T02:11:54.353+0000] {processor.py:208} INFO - Processing /home/ec2-user/environment/lab4_model_training/dags/generate_data_dag.py took 0.018 seconds
[2026-03-30T02:12:25.812+0000] {processor.py:186} INFO - Started process (PID=4101) to work on /home/ec2-user/environment/lab4_model_training/dags/generate_data_dag.py
[2026-03-30T02:12:25.812+0000] {processor.py:914} INFO - Processing file /home/ec2-user/environment/lab4_model_training/dags/generate_data_dag.py for tasks to queue
[2026-03-30T02:12:25.813+0000] {logging_mixin.py:190} INFO - [2026-03-30T02:12:25.813+0000] {dagbag.py:588} INFO - Filling up the DagBag from /home/ec2-user/environment/lab4_model_training/dags/generate_data_dag.py
[2026-03-30T02:12:25.816+0000] {processor.py:927} WARNING - No viable dags retrieved from /home/ec2-user/environment/lab4_model_training/dags/generate_data_dag.py
[2026-03-30T02:12:25.824+0000] {processor.py:208} INFO - Processing /home/ec2-user/environment/lab4_model_training/dags/generate_data_dag.py took 0.017 seconds
[2026-03-30T02:12:57.292+0000] {processor.py:186} INFO - Started process (PID=4213) to work on /home/ec2-user/environment/lab4_model_training/dags/generate_data_dag.py
[2026-03-30T02:12:57.293+0000] {processor.py:914} INFO - Processing file /home/ec2-user/environment/lab4_model_training/dags/generate_data_dag.py for tasks to queue
[2026-03-30T02:12:57.297+0000] {logging_mixin.py:190} INFO - [2026-03-30T02:12:57.297+0000] {dagbag.py:588} INFO - Filling up the DagBag from /home/ec2-user/environment/lab4_model_training/dags/generate_data_dag.py
[2026-03-30T02:12:57.299+0000] {processor.py:927} WARNING - No viable dags retrieved from /home/ec2-user/environment/lab4_model_training/dags/generate_data_dag.py
[2026-03-30T02:12:57.307+0000] {processor.py:208} INFO - Processing /home/ec2-user/environment/lab4_model_training/dags/generate_data_dag.py took 0.020 seconds
[2026-03-30T02:13:28.758+0000] {processor.py:186} INFO - Started process (PID=4361) to work on /home/ec2-user/environment/lab4_model_training/dags/generate_data_dag.py
[2026-03-30T02:13:28.760+0000] {processor.py:914} INFO - Processing file /home/ec2-user/environment/lab4_model_training/dags/generate_data_dag.py for tasks to queue
[2026-03-30T02:13:28.761+0000] {logging_mixin.py:190} INFO - [2026-03-30T02:13:28.761+0000] {dagbag.py:588} INFO - Filling up the DagBag from /home/ec2-user/environment/lab4_model_training/dags/generate_data_dag.py
[2026-03-30T02:13:28.763+0000] {processor.py:927} WARNING - No viable dags retrieved from /home/ec2-user/environment/lab4_model_training/dags/generate_data_dag.py
[2026-03-30T02:13:28.772+0000] {processor.py:208} INFO - Processing /home/ec2-user/environment/lab4_model_training/dags/generate_data_dag.py took 0.018 seconds
[2026-03-30T02:13:59.624+0000] {processor.py:186} INFO - Started process (PID=4545) to work on /home/ec2-user/environment/lab4_model_training/dags/generate_data_dag.py
[2026-03-30T02:13:59.625+0000] {processor.py:914} INFO - Processing file /home/ec2-user/environment/lab4_model_training/dags/generate_data_dag.py for tasks to queue
[2026-03-30T02:13:59.627+0000] {logging_mixin.py:190} INFO - [2026-03-30T02:13:59.626+0000] {dagbag.py:588} INFO - Filling up the DagBag from /home/ec2-user/environment/lab4_model_training/dags/generate_data_dag.py
[2026-03-30T02:13:59.629+0000] {processor.py:927} WARNING - No viable dags retrieved from /home/ec2-user/environment/lab4_model_training/dags/generate_data_dag.py
[2026-03-30T02:13:59.638+0000] {processor.py:208} INFO - Processing /home/ec2-user/environment/lab4_model_training/dags/generate_data_dag.py took 0.019 seconds
[2026-03-30T02:14:31.922+0000] {processor.py:186} INFO - Started process (PID=4699) to work on /home/ec2-user/environment/lab4_model_training/dags/generate_data_dag.py
[2026-03-30T02:14:31.923+0000] {processor.py:914} INFO - Processing file /home/ec2-user/environment/lab4_model_training/dags/generate_data_dag.py for tasks to queue
[2026-03-30T02:14:31.925+0000] {logging_mixin.py:190} INFO - [2026-03-30T02:14:31.924+0000] {dagbag.py:588} INFO - Filling up the DagBag from /home/ec2-user/environment/lab4_model_training/dags/generate_data_dag.py
[2026-03-30T02:14:31.927+0000] {processor.py:927} WARNING - No viable dags retrieved from /home/ec2-user/environment/lab4_model_training/dags/generate_data_dag.py
[2026-03-30T02:14:31.936+0000] {processor.py:208} INFO - Processing /home/ec2-user/environment/lab4_model_training/dags/generate_data_dag.py took 0.018 seconds
[2026-03-30T02:15:03.348+0000] {processor.py:186} INFO - Started process (PID=4786) to work on /home/ec2-user/environment/lab4_model_training/dags/generate_data_dag.py
[2026-03-30T02:15:03.349+0000] {processor.py:914} INFO - Processing file /home/ec2-user/environment/lab4_model_training/dags/generate_data_dag.py for tasks to queue
[2026-03-30T02:15:03.350+0000] {logging_mixin.py:190} INFO - [2026-03-30T02:15:03.350+0000] {dagbag.py:588} INFO - Filling up the DagBag from /home/ec2-user/environment/lab4_model_training/dags/generate_data_dag.py
[2026-03-30T02:15:03.352+0000] {processor.py:927} WARNING - No viable dags retrieved from /home/ec2-user/environment/lab4_model_training/dags/generate_data_dag.py
[2026-03-30T02:15:03.362+0000] {processor.py:208} INFO - Processing /home/ec2-user/environment/lab4_model_training/dags/generate_data_dag.py took 0.019 seconds
[2026-03-30T02:15:34.821+0000] {processor.py:186} INFO - Started process (PID=4884) to work on /home/ec2-user/environment/lab4_model_training/dags/generate_data_dag.py
[2026-03-30T02:15:34.823+0000] {processor.py:914} INFO - Processing file /home/ec2-user/environment/lab4_model_training/dags/generate_data_dag.py for tasks to queue
[2026-03-30T02:15:34.824+0000] {logging_mixin.py:190} INFO - [2026-03-30T02:15:34.824+0000] {dagbag.py:588} INFO - Filling up the DagBag from /home/ec2-user/environment/lab4_model_training/dags/generate_data_dag.py
[2026-03-30T02:15:34.826+0000] {processor.py:927} WARNING - No viable dags retrieved from /home/ec2-user/environment/lab4_model_training/dags/generate_data_dag.py
[2026-03-30T02:15:34.835+0000] {processor.py:208} INFO - Processing /home/ec2-user/environment/lab4_model_training/dags/generate_data_dag.py took 0.018 seconds
[2026-03-30T02:16:06.394+0000] {processor.py:186} INFO - Started process (PID=5027) to work on /home/ec2-user/environment/lab4_model_training/dags/generate_data_dag.py
[2026-03-30T02:16:06.395+0000] {processor.py:914} INFO - Processing file /home/ec2-user/environment/lab4_model_training/dags/generate_data_dag.py for tasks to queue
[2026-03-30T02:16:06.396+0000] {logging_mixin.py:190} INFO - [2026-03-30T02:16:06.396+0000] {dagbag.py:588} INFO - Filling up the DagBag from /home/ec2-user/environment/lab4_model_training/dags/generate_data_dag.py
[2026-03-30T02:16:06.398+0000] {processor.py:927} WARNING - No viable dags retrieved from /home/ec2-user/environment/lab4_model_training/dags/generate_data_dag.py
[2026-03-30T02:16:06.407+0000] {processor.py:208} INFO - Processing /home/ec2-user/environment/lab4_model_training/dags/generate_data_dag.py took 0.019 seconds
[2026-03-30T02:16:37.868+0000] {processor.py:186} INFO - Started process (PID=5118) to work on /home/ec2-user/environment/lab4_model_training/dags/generate_data_dag.py
[2026-03-30T02:16:37.871+0000] {processor.py:914} INFO - Processing file /home/ec2-user/environment/lab4_model_training/dags/generate_data_dag.py for tasks to queue
[2026-03-30T02:16:37.873+0000] {logging_mixin.py:190} INFO - [2026-03-30T02:16:37.873+0000] {dagbag.py:588} INFO - Filling up the DagBag from /home/ec2-user/environment/lab4_model_training/dags/generate_data_dag.py
[2026-03-30T02:16:37.875+0000] {processor.py:927} WARNING - No viable dags retrieved from /home/ec2-user/environment/lab4_model_training/dags/generate_data_dag.py
[2026-03-30T02:16:37.884+0000] {processor.py:208} INFO - Processing /home/ec2-user/environment/lab4_model_training/dags/generate_data_dag.py took 0.022 seconds
[2026-03-30T02:17:09.342+0000] {processor.py:186} INFO - Started process (PID=5224) to work on /home/ec2-user/environment/lab4_model_training/dags/generate_data_dag.py
[2026-03-30T02:17:09.343+0000] {processor.py:914} INFO - Processing file /home/ec2-user/environment/lab4_model_training/dags/generate_data_dag.py for tasks to queue
[2026-03-30T02:17:09.344+0000] {logging_mixin.py:190} INFO - [2026-03-30T02:17:09.344+0000] {dagbag.py:588} INFO - Filling up the DagBag from /home/ec2-user/environment/lab4_model_training/dags/generate_data_dag.py
[2026-03-30T02:17:09.346+0000] {processor.py:927} WARNING - No viable dags retrieved from /home/ec2-user/environment/lab4_model_training/dags/generate_data_dag.py
[2026-03-30T02:17:09.360+0000] {processor.py:208} INFO - Processing /home/ec2-user/environment/lab4_model_training/dags/generate_data_dag.py took 0.023 seconds
[2026-03-30T02:17:40.823+0000] {processor.py:186} INFO - Started process (PID=5381) to work on /home/ec2-user/environment/lab4_model_training/dags/generate_data_dag.py
[2026-03-30T02:17:40.824+0000] {processor.py:914} INFO - Processing file /home/ec2-user/environment/lab4_model_training/dags/generate_data_dag.py for tasks to queue
[2026-03-30T02:17:40.825+0000] {logging_mixin.py:190} INFO - [2026-03-30T02:17:40.825+0000] {dagbag.py:588} INFO - Filling up the DagBag from /home/ec2-user/environment/lab4_model_training/dags/generate_data_dag.py
[2026-03-30T02:17:40.828+0000] {processor.py:927} WARNING - No viable dags retrieved from /home/ec2-user/environment/lab4_model_training/dags/generate_data_dag.py
[2026-03-30T02:17:40.836+0000] {processor.py:208} INFO - Processing /home/ec2-user/environment/lab4_model_training/dags/generate_data_dag.py took 0.018 seconds
[2026-03-30T02:18:12.296+0000] {processor.py:186} INFO - Started process (PID=5484) to work on /home/ec2-user/environment/lab4_model_training/dags/generate_data_dag.py
[2026-03-30T02:18:12.296+0000] {processor.py:914} INFO - Processing file /home/ec2-user/environment/lab4_model_training/dags/generate_data_dag.py for tasks to queue
[2026-03-30T02:18:12.298+0000] {logging_mixin.py:190} INFO - [2026-03-30T02:18:12.298+0000] {dagbag.py:588} INFO - Filling up the DagBag from /home/ec2-user/environment/lab4_model_training/dags/generate_data_dag.py
[2026-03-30T02:18:12.300+0000] {processor.py:927} WARNING - No viable dags retrieved from /home/ec2-user/environment/lab4_model_training/dags/generate_data_dag.py
[2026-03-30T02:18:12.309+0000] {processor.py:208} INFO - Processing /home/ec2-user/environment/lab4_model_training/dags/generate_data_dag.py took 0.018 seconds
[2026-03-30T02:18:43.775+0000] {processor.py:186} INFO - Started process (PID=5621) to work on /home/ec2-user/environment/lab4_model_training/dags/generate_data_dag.py
[2026-03-30T02:18:43.777+0000] {processor.py:914} INFO - Processing file /home/ec2-user/environment/lab4_model_training/dags/generate_data_dag.py for tasks to queue
[2026-03-30T02:18:43.778+0000] {logging_mixin.py:190} INFO - [2026-03-30T02:18:43.778+0000] {dagbag.py:588} INFO - Filling up the DagBag from /home/ec2-user/environment/lab4_model_training/dags/generate_data_dag.py
[2026-03-30T02:18:43.781+0000] {processor.py:927} WARNING - No viable dags retrieved from /home/ec2-user/environment/lab4_model_training/dags/generate_data_dag.py
[2026-03-30T02:18:43.790+0000] {processor.py:208} INFO - Processing /home/ec2-user/environment/lab4_model_training/dags/generate_data_dag.py took 0.019 seconds
[2026-03-30T02:19:15.577+0000] {processor.py:186} INFO - Started process (PID=5717) to work on /home/ec2-user/environment/lab4_model_training/dags/generate_data_dag.py
[2026-03-30T02:19:15.578+0000] {processor.py:914} INFO - Processing file /home/ec2-user/environment/lab4_model_training/dags/generate_data_dag.py for tasks to queue
[2026-03-30T02:19:15.579+0000] {logging_mixin.py:190} INFO - [2026-03-30T02:19:15.579+0000] {dagbag.py:588} INFO - Filling up the DagBag from /home/ec2-user/environment/lab4_model_training/dags/generate_data_dag.py
[2026-03-30T02:19:15.581+0000] {processor.py:927} WARNING - No viable dags retrieved from /home/ec2-user/environment/lab4_model_training/dags/generate_data_dag.py
[2026-03-30T02:19:15.591+0000] {processor.py:208} INFO - Processing /home/ec2-user/environment/lab4_model_training/dags/generate_data_dag.py took 0.019 seconds
[2026-03-30T02:19:47.048+0000] {processor.py:186} INFO - Started process (PID=5802) to work on /home/ec2-user/environment/lab4_model_training/dags/generate_data_dag.py
[2026-03-30T02:19:47.049+0000] {processor.py:914} INFO - Processing file /home/ec2-user/environment/lab4_model_training/dags/generate_data_dag.py for tasks to queue
[2026-03-30T02:19:47.050+0000] {logging_mixin.py:190} INFO - [2026-03-30T02:19:47.050+0000] {dagbag.py:588} INFO - Filling up the DagBag from /home/ec2-user/environment/lab4_model_training/dags/generate_data_dag.py
[2026-03-30T02:19:47.052+0000] {processor.py:927} WARNING - No viable dags retrieved from /home/ec2-user/environment/lab4_model_training/dags/generate_data_dag.py
[2026-03-30T02:19:47.061+0000] {processor.py:208} INFO - Processing /home/ec2-user/environment/lab4_model_training/dags/generate_data_dag.py took 0.019 seconds
[2026-03-30T02:20:18.625+0000] {processor.py:186} INFO - Started process (PID=5905) to work on /home/ec2-user/environment/lab4_model_training/dags/generate_data_dag.py
[2026-03-30T02:20:18.625+0000] {processor.py:914} INFO - Processing file /home/ec2-user/environment/lab4_model_training/dags/generate_data_dag.py for tasks to queue
[2026-03-30T02:20:18.626+0000] {logging_mixin.py:190} INFO - [2026-03-30T02:20:18.626+0000] {dagbag.py:588} INFO - Filling up the DagBag from /home/ec2-user/environment/lab4_model_training/dags/generate_data_dag.py
[2026-03-30T02:20:18.629+0000] {processor.py:927} WARNING - No viable dags retrieved from /home/ec2-user/environment/lab4_model_training/dags/generate_data_dag.py
[2026-03-30T02:20:18.638+0000] {processor.py:208} INFO - Processing /home/ec2-user/environment/lab4_model_training/dags/generate_data_dag.py took 0.018 seconds
[2026-03-30T02:20:50.099+0000] {processor.py:186} INFO - Started process (PID=6036) to work on /home/ec2-user/environment/lab4_model_training/dags/generate_data_dag.py
[2026-03-30T02:20:50.101+0000] {processor.py:914} INFO - Processing file /home/ec2-user/environment/lab4_model_training/dags/generate_data_dag.py for tasks to queue
[2026-03-30T02:20:50.102+0000] {logging_mixin.py:190} INFO - [2026-03-30T02:20:50.101+0000] {dagbag.py:588} INFO - Filling up the DagBag from /home/ec2-user/environment/lab4_model_training/dags/generate_data_dag.py
[2026-03-30T02:20:50.104+0000] {processor.py:927} WARNING - No viable dags retrieved from /home/ec2-user/environment/lab4_model_training/dags/generate_data_dag.py
[2026-03-30T02:20:50.113+0000] {processor.py:208} INFO - Processing /home/ec2-user/environment/lab4_model_training/dags/generate_data_dag.py took 0.018 seconds
[2026-03-30T02:21:21.574+0000] {processor.py:186} INFO - Started process (PID=6151) to work on /home/ec2-user/environment/lab4_model_training/dags/generate_data_dag.py
[2026-03-30T02:21:21.575+0000] {processor.py:914} INFO - Processing file /home/ec2-user/environment/lab4_model_training/dags/generate_data_dag.py for tasks to queue
[2026-03-30T02:21:21.577+0000] {logging_mixin.py:190} INFO - [2026-03-30T02:21:21.576+0000] {dagbag.py:588} INFO - Filling up the DagBag from /home/ec2-user/environment/lab4_model_training/dags/generate_data_dag.py
[2026-03-30T02:21:21.579+0000] {processor.py:927} WARNING - No viable dags retrieved from /home/ec2-user/environment/lab4_model_training/dags/generate_data_dag.py
[2026-03-30T02:21:21.588+0000] {processor.py:208} INFO - Processing /home/ec2-user/environment/lab4_model_training/dags/generate_data_dag.py took 0.018 seconds
[2026-03-30T02:21:53.051+0000] {processor.py:186} INFO - Started process (PID=6279) to work on /home/ec2-user/environment/lab4_model_training/dags/generate_data_dag.py
[2026-03-30T02:21:53.052+0000] {processor.py:914} INFO - Processing file /home/ec2-user/environment/lab4_model_training/dags/generate_data_dag.py for tasks to queue
[2026-03-30T02:21:53.053+0000] {logging_mixin.py:190} INFO - [2026-03-30T02:21:53.053+0000] {dagbag.py:588} INFO - Filling up the DagBag from /home/ec2-user/environment/lab4_model_training/dags/generate_data_dag.py
[2026-03-30T02:21:53.056+0000] {processor.py:927} WARNING - No viable dags retrieved from /home/ec2-user/environment/lab4_model_training/dags/generate_data_dag.py
[2026-03-30T02:21:53.064+0000] {processor.py:208} INFO - Processing /home/ec2-user/environment/lab4_model_training/dags/generate_data_dag.py took 0.018 seconds
[2026-03-30T02:22:24.520+0000] {processor.py:186} INFO - Started process (PID=6404) to work on /home/ec2-user/environment/lab4_model_training/dags/generate_data_dag.py
[2026-03-30T02:22:24.522+0000] {processor.py:914} INFO - Processing file /home/ec2-user/environment/lab4_model_training/dags/generate_data_dag.py for tasks to queue
[2026-03-30T02:22:24.523+0000] {logging_mixin.py:190} INFO - [2026-03-30T02:22:24.523+0000] {dagbag.py:588} INFO - Filling up the DagBag from /home/ec2-user/environment/lab4_model_training/dags/generate_data_dag.py
[2026-03-30T02:22:24.525+0000] {processor.py:927} WARNING - No viable dags retrieved from /home/ec2-user/environment/lab4_model_training/dags/generate_data_dag.py
[2026-03-30T02:22:24.534+0000] {processor.py:208} INFO - Processing /home/ec2-user/environment/lab4_model_training/dags/generate_data_dag.py took 0.019 seconds
[2026-03-30T02:22:55.896+0000] {processor.py:186} INFO - Started process (PID=6541) to work on /home/ec2-user/environment/lab4_model_training/dags/generate_data_dag.py
[2026-03-30T02:22:55.897+0000] {processor.py:914} INFO - Processing file /home/ec2-user/environment/lab4_model_training/dags/generate_data_dag.py for tasks to queue
[2026-03-30T02:22:55.898+0000] {logging_mixin.py:190} INFO - [2026-03-30T02:22:55.898+0000] {dagbag.py:588} INFO - Filling up the DagBag from /home/ec2-user/environment/lab4_model_training/dags/generate_data_dag.py
[2026-03-30T02:22:55.900+0000] {processor.py:927} WARNING - No viable dags retrieved from /home/ec2-user/environment/lab4_model_training/dags/generate_data_dag.py
[2026-03-30T02:22:55.909+0000] {processor.py:208} INFO - Processing /home/ec2-user/environment/lab4_model_training/dags/generate_data_dag.py took 0.017 seconds
[2026-03-30T02:23:27.368+0000] {processor.py:186} INFO - Started process (PID=6641) to work on /home/ec2-user/environment/lab4_model_training/dags/generate_data_dag.py
[2026-03-30T02:23:27.369+0000] {processor.py:914} INFO - Processing file /home/ec2-user/environment/lab4_model_training/dags/generate_data_dag.py for tasks to queue
[2026-03-30T02:23:27.371+0000] {logging_mixin.py:190} INFO - [2026-03-30T02:23:27.370+0000] {dagbag.py:588} INFO - Filling up the DagBag from /home/ec2-user/environment/lab4_model_training/dags/generate_data_dag.py
[2026-03-30T02:23:27.373+0000] {processor.py:927} WARNING - No viable dags retrieved from /home/ec2-user/environment/lab4_model_training/dags/generate_data_dag.py
[2026-03-30T02:23:27.382+0000] {processor.py:208} INFO - Processing /home/ec2-user/environment/lab4_model_training/dags/generate_data_dag.py took 0.018 seconds
[2026-03-30T02:23:58.743+0000] {processor.py:186} INFO - Started process (PID=6717) to work on /home/ec2-user/environment/lab4_model_training/dags/generate_data_dag.py
[2026-03-30T02:23:58.744+0000] {processor.py:914} INFO - Processing file /home/ec2-user/environment/lab4_model_training/dags/generate_data_dag.py for tasks to queue
[2026-03-30T02:23:58.745+0000] {logging_mixin.py:190} INFO - [2026-03-30T02:23:58.745+0000] {dagbag.py:588} INFO - Filling up the DagBag from /home/ec2-user/environment/lab4_model_training/dags/generate_data_dag.py
[2026-03-30T02:23:58.748+0000] {processor.py:927} WARNING - No viable dags retrieved from /home/ec2-user/environment/lab4_model_training/dags/generate_data_dag.py
[2026-03-30T02:23:58.756+0000] {processor.py:208} INFO - Processing /home/ec2-user/environment/lab4_model_training/dags/generate_data_dag.py took 0.018 seconds
[2026-03-30T02:24:30.215+0000] {processor.py:186} INFO - Started process (PID=6879) to work on /home/ec2-user/environment/lab4_model_training/dags/generate_data_dag.py
[2026-03-30T02:24:30.215+0000] {processor.py:914} INFO - Processing file /home/ec2-user/environment/lab4_model_training/dags/generate_data_dag.py for tasks to queue
[2026-03-30T02:24:30.217+0000] {logging_mixin.py:190} INFO - [2026-03-30T02:24:30.216+0000] {dagbag.py:588} INFO - Filling up the DagBag from /home/ec2-user/environment/lab4_model_training/dags/generate_data_dag.py
[2026-03-30T02:24:30.219+0000] {processor.py:927} WARNING - No viable dags retrieved from /home/ec2-user/environment/lab4_model_training/dags/generate_data_dag.py
[2026-03-30T02:24:30.227+0000] {processor.py:208} INFO - Processing /home/ec2-user/environment/lab4_model_training/dags/generate_data_dag.py took 0.017 seconds
[2026-03-30T02:25:01.468+0000] {processor.py:186} INFO - Started process (PID=6963) to work on /home/ec2-user/environment/lab4_model_training/dags/generate_data_dag.py
[2026-03-30T02:25:01.469+0000] {processor.py:914} INFO - Processing file /home/ec2-user/environment/lab4_model_training/dags/generate_data_dag.py for tasks to queue
[2026-03-30T02:25:01.471+0000] {logging_mixin.py:190} INFO - [2026-03-30T02:25:01.470+0000] {dagbag.py:588} INFO - Filling up the DagBag from /home/ec2-user/environment/lab4_model_training/dags/generate_data_dag.py
[2026-03-30T02:25:01.473+0000] {processor.py:927} WARNING - No viable dags retrieved from /home/ec2-user/environment/lab4_model_training/dags/generate_data_dag.py
[2026-03-30T02:25:01.482+0000] {processor.py:208} INFO - Processing /home/ec2-user/environment/lab4_model_training/dags/generate_data_dag.py took 0.019 seconds
[2026-03-30T02:25:33.270+0000] {processor.py:186} INFO - Started process (PID=7079) to work on /home/ec2-user/environment/lab4_model_training/dags/generate_data_dag.py
[2026-03-30T02:25:33.271+0000] {processor.py:914} INFO - Processing file /home/ec2-user/environment/lab4_model_training/dags/generate_data_dag.py for tasks to queue
[2026-03-30T02:25:33.272+0000] {logging_mixin.py:190} INFO - [2026-03-30T02:25:33.272+0000] {dagbag.py:588} INFO - Filling up the DagBag from /home/ec2-user/environment/lab4_model_training/dags/generate_data_dag.py
[2026-03-30T02:25:33.275+0000] {processor.py:927} WARNING - No viable dags retrieved from /home/ec2-user/environment/lab4_model_training/dags/generate_data_dag.py
[2026-03-30T02:25:33.284+0000] {processor.py:208} INFO - Processing /home/ec2-user/environment/lab4_model_training/dags/generate_data_dag.py took 0.019 seconds
[2026-03-30T02:26:04.745+0000] {processor.py:186} INFO - Started process (PID=7134) to work on /home/ec2-user/environment/lab4_model_training/dags/generate_data_dag.py
[2026-03-30T02:26:04.746+0000] {processor.py:914} INFO - Processing file /home/ec2-user/environment/lab4_model_training/dags/generate_data_dag.py for tasks to queue
[2026-03-30T02:26:04.748+0000] {logging_mixin.py:190} INFO - [2026-03-30T02:26:04.747+0000] {dagbag.py:588} INFO - Filling up the DagBag from /home/ec2-user/environment/lab4_model_training/dags/generate_data_dag.py
[2026-03-30T02:26:04.750+0000] {processor.py:927} WARNING - No viable dags retrieved from /home/ec2-user/environment/lab4_model_training/dags/generate_data_dag.py
[2026-03-30T02:26:04.758+0000] {processor.py:208} INFO - Processing /home/ec2-user/environment/lab4_model_training/dags/generate_data_dag.py took 0.018 seconds
[2026-03-30T02:26:36.217+0000] {processor.py:186} INFO - Started process (PID=7229) to work on /home/ec2-user/environment/lab4_model_training/dags/generate_data_dag.py
[2026-03-30T02:26:36.218+0000] {processor.py:914} INFO - Processing file /home/ec2-user/environment/lab4_model_training/dags/generate_data_dag.py for tasks to queue
[2026-03-30T02:26:36.220+0000] {logging_mixin.py:190} INFO - [2026-03-30T02:26:36.220+0000] {dagbag.py:588} INFO - Filling up the DagBag from /home/ec2-user/environment/lab4_model_training/dags/generate_data_dag.py
[2026-03-30T02:26:36.222+0000] {processor.py:927} WARNING - No viable dags retrieved from /home/ec2-user/environment/lab4_model_training/dags/generate_data_dag.py
[2026-03-30T02:26:36.231+0000] {processor.py:208} INFO - Processing /home/ec2-user/environment/lab4_model_training/dags/generate_data_dag.py took 0.019 seconds
[2026-03-30T02:27:07.801+0000] {processor.py:186} INFO - Started process (PID=7320) to work on /home/ec2-user/environment/lab4_model_training/dags/generate_data_dag.py
[2026-03-30T02:27:07.802+0000] {processor.py:914} INFO - Processing file /home/ec2-user/environment/lab4_model_training/dags/generate_data_dag.py for tasks to queue
[2026-03-30T02:27:07.804+0000] {logging_mixin.py:190} INFO - [2026-03-30T02:27:07.803+0000] {dagbag.py:588} INFO - Filling up the DagBag from /home/ec2-user/environment/lab4_model_training/dags/generate_data_dag.py
[2026-03-30T02:27:07.806+0000] {processor.py:927} WARNING - No viable dags retrieved from /home/ec2-user/environment/lab4_model_training/dags/generate_data_dag.py
[2026-03-30T02:27:07.816+0000] {processor.py:208} INFO - Processing /home/ec2-user/environment/lab4_model_training/dags/generate_data_dag.py took 0.022 seconds
[2026-03-30T02:27:39.262+0000] {processor.py:186} INFO - Started process (PID=7482) to work on /home/ec2-user/environment/lab4_model_training/dags/generate_data_dag.py
[2026-03-30T02:27:39.263+0000] {processor.py:914} INFO - Processing file /home/ec2-user/environment/lab4_model_training/dags/generate_data_dag.py for tasks to queue
[2026-03-30T02:27:39.264+0000] {logging_mixin.py:190} INFO - [2026-03-30T02:27:39.264+0000] {dagbag.py:588} INFO - Filling up the DagBag from /home/ec2-user/environment/lab4_model_training/dags/generate_data_dag.py
[2026-03-30T02:27:39.266+0000] {processor.py:927} WARNING - No viable dags retrieved from /home/ec2-user/environment/lab4_model_training/dags/generate_data_dag.py
[2026-03-30T02:27:39.275+0000] {processor.py:208} INFO - Processing /home/ec2-user/environment/lab4_model_training/dags/generate_data_dag.py took 0.017 seconds
[2026-03-30T02:28:10.736+0000] {processor.py:186} INFO - Started process (PID=7605) to work on /home/ec2-user/environment/lab4_model_training/dags/generate_data_dag.py
[2026-03-30T02:28:10.737+0000] {processor.py:914} INFO - Processing file /home/ec2-user/environment/lab4_model_training/dags/generate_data_dag.py for tasks to queue
[2026-03-30T02:28:10.738+0000] {logging_mixin.py:190} INFO - [2026-03-30T02:28:10.738+0000] {dagbag.py:588} INFO - Filling up the DagBag from /home/ec2-user/environment/lab4_model_training/dags/generate_data_dag.py
[2026-03-30T02:28:10.741+0000] {processor.py:927} WARNING - No viable dags retrieved from /home/ec2-user/environment/lab4_model_training/dags/generate_data_dag.py
[2026-03-30T02:28:10.749+0000] {processor.py:208} INFO - Processing /home/ec2-user/environment/lab4_model_training/dags/generate_data_dag.py took 0.018 seconds
[2026-03-30T02:28:42.206+0000] {processor.py:186} INFO - Started process (PID=7775) to work on /home/ec2-user/environment/lab4_model_training/dags/generate_data_dag.py
[2026-03-30T02:28:42.207+0000] {processor.py:914} INFO - Processing file /home/ec2-user/environment/lab4_model_training/dags/generate_data_dag.py for tasks to queue
[2026-03-30T02:28:42.208+0000] {logging_mixin.py:190} INFO - [2026-03-30T02:28:42.208+0000] {dagbag.py:588} INFO - Filling up the DagBag from /home/ec2-user/environment/lab4_model_training/dags/generate_data_dag.py
[2026-03-30T02:28:42.211+0000] {processor.py:927} WARNING - No viable dags retrieved from /home/ec2-user/environment/lab4_model_training/dags/generate_data_dag.py
[2026-03-30T02:28:42.219+0000] {processor.py:208} INFO - Processing /home/ec2-user/environment/lab4_model_training/dags/generate_data_dag.py took 0.018 seconds
[2026-03-30T02:29:13.594+0000] {processor.py:186} INFO - Started process (PID=7901) to work on /home/ec2-user/environment/lab4_model_training/dags/generate_data_dag.py
[2026-03-30T02:29:13.595+0000] {processor.py:914} INFO - Processing file /home/ec2-user/environment/lab4_model_training/dags/generate_data_dag.py for tasks to queue
[2026-03-30T02:29:13.596+0000] {logging_mixin.py:190} INFO - [2026-03-30T02:29:13.596+0000] {dagbag.py:588} INFO - Filling up the DagBag from /home/ec2-user/environment/lab4_model_training/dags/generate_data_dag.py
[2026-03-30T02:29:13.598+0000] {processor.py:927} WARNING - No viable dags retrieved from /home/ec2-user/environment/lab4_model_training/dags/generate_data_dag.py
[2026-03-30T02:29:13.607+0000] {processor.py:208} INFO - Processing /home/ec2-user/environment/lab4_model_training/dags/generate_data_dag.py took 0.018 seconds
[2026-03-30T02:29:45.064+0000] {processor.py:186} INFO - Started process (PID=8066) to work on /home/ec2-user/environment/lab4_model_training/dags/generate_data_dag.py
[2026-03-30T02:29:45.065+0000] {processor.py:914} INFO - Processing file /home/ec2-user/environment/lab4_model_training/dags/generate_data_dag.py for tasks to queue
[2026-03-30T02:29:45.066+0000] {logging_mixin.py:190} INFO - [2026-03-30T02:29:45.066+0000] {dagbag.py:588} INFO - Filling up the DagBag from /home/ec2-user/environment/lab4_model_training/dags/generate_data_dag.py
[2026-03-30T02:29:45.068+0000] {processor.py:927} WARNING - No viable dags retrieved from /home/ec2-user/environment/lab4_model_training/dags/generate_data_dag.py
[2026-03-30T02:29:45.077+0000] {processor.py:208} INFO - Processing /home/ec2-user/environment/lab4_model_training/dags/generate_data_dag.py took 0.018 seconds
[2026-03-30T02:30:16.537+0000] {processor.py:186} INFO - Started process (PID=8205) to work on /home/ec2-user/environment/lab4_model_training/dags/generate_data_dag.py
[2026-03-30T02:30:16.537+0000] {processor.py:914} INFO - Processing file /home/ec2-user/environment/lab4_model_training/dags/generate_data_dag.py for tasks to queue
[2026-03-30T02:30:16.539+0000] {logging_mixin.py:190} INFO - [2026-03-30T02:30:16.539+0000] {dagbag.py:588} INFO - Filling up the DagBag from /home/ec2-user/environment/lab4_model_training/dags/generate_data_dag.py
[2026-03-30T02:30:16.541+0000] {processor.py:927} WARNING - No viable dags retrieved from /home/ec2-user/environment/lab4_model_training/dags/generate_data_dag.py
[2026-03-30T02:30:16.550+0000] {processor.py:208} INFO - Processing /home/ec2-user/environment/lab4_model_training/dags/generate_data_dag.py took 0.018 seconds
[2026-03-30T02:30:48.012+0000] {processor.py:186} INFO - Started process (PID=8376) to work on /home/ec2-user/environment/lab4_model_training/dags/generate_data_dag.py
[2026-03-30T02:30:48.013+0000] {processor.py:914} INFO - Processing file /home/ec2-user/environment/lab4_model_training/dags/generate_data_dag.py for tasks to queue
[2026-03-30T02:30:48.015+0000] {logging_mixin.py:190} INFO - [2026-03-30T02:30:48.014+0000] {dagbag.py:588} INFO - Filling up the DagBag from /home/ec2-user/environment/lab4_model_training/dags/generate_data_dag.py
[2026-03-30T02:30:48.017+0000] {processor.py:927} WARNING - No viable dags retrieved from /home/ec2-user/environment/lab4_model_training/dags/generate_data_dag.py
[2026-03-30T02:30:48.025+0000] {processor.py:208} INFO - Processing /home/ec2-user/environment/lab4_model_training/dags/generate_data_dag.py took 0.018 seconds
[2026-03-30T02:31:19.496+0000] {processor.py:186} INFO - Started process (PID=8504) to work on /home/ec2-user/environment/lab4_model_training/dags/generate_data_dag.py
[2026-03-30T02:31:19.497+0000] {processor.py:914} INFO - Processing file /home/ec2-user/environment/lab4_model_training/dags/generate_data_dag.py for tasks to queue
[2026-03-30T02:31:19.498+0000] {logging_mixin.py:190} INFO - [2026-03-30T02:31:19.498+0000] {dagbag.py:588} INFO - Filling up the DagBag from /home/ec2-user/environment/lab4_model_training/dags/generate_data_dag.py
[2026-03-30T02:31:19.500+0000] {processor.py:927} WARNING - No viable dags retrieved from /home/ec2-user/environment/lab4_model_training/dags/generate_data_dag.py
[2026-03-30T02:31:19.510+0000] {processor.py:208} INFO - Processing /home/ec2-user/environment/lab4_model_training/dags/generate_data_dag.py took 0.020 seconds
[2026-03-30T02:31:51.069+0000] {processor.py:186} INFO - Started process (PID=8677) to work on /home/ec2-user/environment/lab4_model_training/dags/generate_data_dag.py
[2026-03-30T02:31:51.070+0000] {processor.py:914} INFO - Processing file /home/ec2-user/environment/lab4_model_training/dags/generate_data_dag.py for tasks to queue
[2026-03-30T02:31:51.072+0000] {logging_mixin.py:190} INFO - [2026-03-30T02:31:51.071+0000] {dagbag.py:588} INFO - Filling up the DagBag from /home/ec2-user/environment/lab4_model_training/dags/generate_data_dag.py
[2026-03-30T02:31:51.074+0000] {processor.py:927} WARNING - No viable dags retrieved from /home/ec2-user/environment/lab4_model_training/dags/generate_data_dag.py
[2026-03-30T02:31:51.083+0000] {processor.py:208} INFO - Processing /home/ec2-user/environment/lab4_model_training/dags/generate_data_dag.py took 0.019 seconds
[2026-03-30T02:32:23.073+0000] {processor.py:186} INFO - Started process (PID=8802) to work on /home/ec2-user/environment/lab4_model_training/dags/generate_data_dag.py
[2026-03-30T02:32:23.074+0000] {processor.py:914} INFO - Processing file /home/ec2-user/environment/lab4_model_training/dags/generate_data_dag.py for tasks to queue
[2026-03-30T02:32:23.076+0000] {logging_mixin.py:190} INFO - [2026-03-30T02:32:23.075+0000] {dagbag.py:588} INFO - Filling up the DagBag from /home/ec2-user/environment/lab4_model_training/dags/generate_data_dag.py
[2026-03-30T02:32:23.078+0000] {processor.py:927} WARNING - No viable dags retrieved from /home/ec2-user/environment/lab4_model_training/dags/generate_data_dag.py
[2026-03-30T02:32:23.088+0000] {processor.py:208} INFO - Processing /home/ec2-user/environment/lab4_model_training/dags/generate_data_dag.py took 0.020 seconds
[2026-03-30T02:32:54.709+0000] {processor.py:186} INFO - Started process (PID=9024) to work on /home/ec2-user/environment/lab4_model_training/dags/generate_data_dag.py
[2026-03-30T02:32:54.710+0000] {processor.py:914} INFO - Processing file /home/ec2-user/environment/lab4_model_training/dags/generate_data_dag.py for tasks to queue
[2026-03-30T02:32:54.712+0000] {logging_mixin.py:190} INFO - [2026-03-30T02:32:54.711+0000] {dagbag.py:588} INFO - Filling up the DagBag from /home/ec2-user/environment/lab4_model_training/dags/generate_data_dag.py
[2026-03-30T02:32:54.714+0000] {processor.py:927} WARNING - No viable dags retrieved from /home/ec2-user/environment/lab4_model_training/dags/generate_data_dag.py
[2026-03-30T02:32:54.726+0000] {processor.py:208} INFO - Processing /home/ec2-user/environment/lab4_model_training/dags/generate_data_dag.py took 0.024 seconds
[2026-03-30T02:33:26.181+0000] {processor.py:186} INFO - Started process (PID=9150) to work on /home/ec2-user/environment/lab4_model_training/dags/generate_data_dag.py
[2026-03-30T02:33:26.182+0000] {processor.py:914} INFO - Processing file /home/ec2-user/environment/lab4_model_training/dags/generate_data_dag.py for tasks to queue
[2026-03-30T02:33:26.183+0000] {logging_mixin.py:190} INFO - [2026-03-30T02:33:26.183+0000] {dagbag.py:588} INFO - Filling up the DagBag from /home/ec2-user/environment/lab4_model_training/dags/generate_data_dag.py
[2026-03-30T02:33:26.186+0000] {processor.py:927} WARNING - No viable dags retrieved from /home/ec2-user/environment/lab4_model_training/dags/generate_data_dag.py
[2026-03-30T02:33:26.194+0000] {processor.py:208} INFO - Processing /home/ec2-user/environment/lab4_model_training/dags/generate_data_dag.py took 0.018 seconds
[2026-03-30T02:34:00.071+0000] {processor.py:186} INFO - Started process (PID=9364) to work on /home/ec2-user/environment/lab4_model_training/dags/generate_data_dag.py
[2026-03-30T02:34:00.081+0000] {processor.py:914} INFO - Processing file /home/ec2-user/environment/lab4_model_training/dags/generate_data_dag.py for tasks to queue
[2026-03-30T02:34:00.084+0000] {logging_mixin.py:190} INFO - [2026-03-30T02:34:00.084+0000] {dagbag.py:588} INFO - Filling up the DagBag from /home/ec2-user/environment/lab4_model_training/dags/generate_data_dag.py
[2026-03-30T02:34:00.097+0000] {processor.py:927} WARNING - No viable dags retrieved from /home/ec2-user/environment/lab4_model_training/dags/generate_data_dag.py
[2026-03-30T02:34:00.124+0000] {processor.py:208} INFO - Processing /home/ec2-user/environment/lab4_model_training/dags/generate_data_dag.py took 0.084 seconds
[2026-03-30T02:34:33.273+0000] {processor.py:186} INFO - Started process (PID=9515) to work on /home/ec2-user/environment/lab4_model_training/dags/generate_data_dag.py
[2026-03-30T02:34:33.274+0000] {processor.py:914} INFO - Processing file /home/ec2-user/environment/lab4_model_training/dags/generate_data_dag.py for tasks to queue
[2026-03-30T02:34:33.276+0000] {logging_mixin.py:190} INFO - [2026-03-30T02:34:33.276+0000] {dagbag.py:588} INFO - Filling up the DagBag from /home/ec2-user/environment/lab4_model_training/dags/generate_data_dag.py
[2026-03-30T02:34:33.278+0000] {processor.py:927} WARNING - No viable dags retrieved from /home/ec2-user/environment/lab4_model_training/dags/generate_data_dag.py
[2026-03-30T02:34:33.289+0000] {processor.py:208} INFO - Processing /home/ec2-user/environment/lab4_model_training/dags/generate_data_dag.py took 0.022 seconds
[2026-03-30T02:35:05.335+0000] {processor.py:186} INFO - Started process (PID=9697) to work on /home/ec2-user/environment/lab4_model_training/dags/generate_data_dag.py
[2026-03-30T02:35:05.336+0000] {processor.py:914} INFO - Processing file /home/ec2-user/environment/lab4_model_training/dags/generate_data_dag.py for tasks to queue
[2026-03-30T02:35:05.338+0000] {logging_mixin.py:190} INFO - [2026-03-30T02:35:05.338+0000] {dagbag.py:588} INFO - Filling up the DagBag from /home/ec2-user/environment/lab4_model_training/dags/generate_data_dag.py
[2026-03-30T02:35:05.340+0000] {processor.py:927} WARNING - No viable dags retrieved from /home/ec2-user/environment/lab4_model_training/dags/generate_data_dag.py
[2026-03-30T02:35:05.349+0000] {processor.py:208} INFO - Processing /home/ec2-user/environment/lab4_model_training/dags/generate_data_dag.py took 0.019 seconds
[2026-03-30T02:35:36.805+0000] {processor.py:186} INFO - Started process (PID=9813) to work on /home/ec2-user/environment/lab4_model_training/dags/generate_data_dag.py
[2026-03-30T02:35:36.805+0000] {processor.py:914} INFO - Processing file /home/ec2-user/environment/lab4_model_training/dags/generate_data_dag.py for tasks to queue
[2026-03-30T02:35:36.807+0000] {logging_mixin.py:190} INFO - [2026-03-30T02:35:36.807+0000] {dagbag.py:588} INFO - Filling up the DagBag from /home/ec2-user/environment/lab4_model_training/dags/generate_data_dag.py
[2026-03-30T02:35:36.809+0000] {processor.py:927} WARNING - No viable dags retrieved from /home/ec2-user/environment/lab4_model_training/dags/generate_data_dag.py
[2026-03-30T02:35:36.818+0000] {processor.py:208} INFO - Processing /home/ec2-user/environment/lab4_model_training/dags/generate_data_dag.py took 0.018 seconds
[2026-03-30T02:36:08.278+0000] {processor.py:186} INFO - Started process (PID=9987) to work on /home/ec2-user/environment/lab4_model_training/dags/generate_data_dag.py
[2026-03-30T02:36:08.280+0000] {processor.py:914} INFO - Processing file /home/ec2-user/environment/lab4_model_training/dags/generate_data_dag.py for tasks to queue
[2026-03-30T02:36:08.281+0000] {logging_mixin.py:190} INFO - [2026-03-30T02:36:08.281+0000] {dagbag.py:588} INFO - Filling up the DagBag from /home/ec2-user/environment/lab4_model_training/dags/generate_data_dag.py
[2026-03-30T02:36:08.283+0000] {processor.py:927} WARNING - No viable dags retrieved from /home/ec2-user/environment/lab4_model_training/dags/generate_data_dag.py
[2026-03-30T02:36:08.292+0000] {processor.py:208} INFO - Processing /home/ec2-user/environment/lab4_model_training/dags/generate_data_dag.py took 0.019 seconds
[2026-03-30T02:36:39.856+0000] {processor.py:186} INFO - Started process (PID=10076) to work on /home/ec2-user/environment/lab4_model_training/dags/generate_data_dag.py
[2026-03-30T02:36:39.857+0000] {processor.py:914} INFO - Processing file /home/ec2-user/environment/lab4_model_training/dags/generate_data_dag.py for tasks to queue
[2026-03-30T02:36:39.858+0000] {logging_mixin.py:190} INFO - [2026-03-30T02:36:39.858+0000] {dagbag.py:588} INFO - Filling up the DagBag from /home/ec2-user/environment/lab4_model_training/dags/generate_data_dag.py
[2026-03-30T02:36:39.860+0000] {processor.py:927} WARNING - No viable dags retrieved from /home/ec2-user/environment/lab4_model_training/dags/generate_data_dag.py
[2026-03-30T02:36:39.869+0000] {processor.py:208} INFO - Processing /home/ec2-user/environment/lab4_model_training/dags/generate_data_dag.py took 0.018 seconds
[2026-03-30T02:37:11.335+0000] {processor.py:186} INFO - Started process (PID=10161) to work on /home/ec2-user/environment/lab4_model_training/dags/generate_data_dag.py
[2026-03-30T02:37:11.336+0000] {processor.py:914} INFO - Processing file /home/ec2-user/environment/lab4_model_training/dags/generate_data_dag.py for tasks to queue
[2026-03-30T02:37:11.338+0000] {logging_mixin.py:190} INFO - [2026-03-30T02:37:11.337+0000] {dagbag.py:588} INFO - Filling up the DagBag from /home/ec2-user/environment/lab4_model_training/dags/generate_data_dag.py
[2026-03-30T02:37:11.340+0000] {processor.py:927} WARNING - No viable dags retrieved from /home/ec2-user/environment/lab4_model_training/dags/generate_data_dag.py
[2026-03-30T02:37:11.349+0000] {processor.py:208} INFO - Processing /home/ec2-user/environment/lab4_model_training/dags/generate_data_dag.py took 0.018 seconds
[2026-03-30T02:37:42.814+0000] {processor.py:186} INFO - Started process (PID=10313) to work on /home/ec2-user/environment/lab4_model_training/dags/generate_data_dag.py
[2026-03-30T02:37:42.816+0000] {processor.py:914} INFO - Processing file /home/ec2-user/environment/lab4_model_training/dags/generate_data_dag.py for tasks to queue
[2026-03-30T02:37:42.817+0000] {logging_mixin.py:190} INFO - [2026-03-30T02:37:42.817+0000] {dagbag.py:588} INFO - Filling up the DagBag from /home/ec2-user/environment/lab4_model_training/dags/generate_data_dag.py
[2026-03-30T02:37:42.820+0000] {processor.py:927} WARNING - No viable dags retrieved from /home/ec2-user/environment/lab4_model_training/dags/generate_data_dag.py
[2026-03-30T02:37:42.830+0000] {processor.py:208} INFO - Processing /home/ec2-user/environment/lab4_model_training/dags/generate_data_dag.py took 0.020 seconds
[2026-03-30T02:38:14.281+0000] {processor.py:186} INFO - Started process (PID=10412) to work on /home/ec2-user/environment/lab4_model_training/dags/generate_data_dag.py
[2026-03-30T02:38:14.282+0000] {processor.py:914} INFO - Processing file /home/ec2-user/environment/lab4_model_training/dags/generate_data_dag.py for tasks to queue
[2026-03-30T02:38:14.283+0000] {logging_mixin.py:190} INFO - [2026-03-30T02:38:14.283+0000] {dagbag.py:588} INFO - Filling up the DagBag from /home/ec2-user/environment/lab4_model_training/dags/generate_data_dag.py
[2026-03-30T02:38:14.286+0000] {processor.py:927} WARNING - No viable dags retrieved from /home/ec2-user/environment/lab4_model_training/dags/generate_data_dag.py
[2026-03-30T02:38:14.294+0000] {processor.py:208} INFO - Processing /home/ec2-user/environment/lab4_model_training/dags/generate_data_dag.py took 0.018 seconds
[2026-03-30T02:38:46.168+0000] {processor.py:186} INFO - Started process (PID=10543) to work on /home/ec2-user/environment/lab4_model_training/dags/generate_data_dag.py
[2026-03-30T02:38:46.169+0000] {processor.py:914} INFO - Processing file /home/ec2-user/environment/lab4_model_training/dags/generate_data_dag.py for tasks to queue
[2026-03-30T02:38:46.170+0000] {logging_mixin.py:190} INFO - [2026-03-30T02:38:46.170+0000] {dagbag.py:588} INFO - Filling up the DagBag from /home/ec2-user/environment/lab4_model_training/dags/generate_data_dag.py
[2026-03-30T02:38:46.172+0000] {processor.py:927} WARNING - No viable dags retrieved from /home/ec2-user/environment/lab4_model_training/dags/generate_data_dag.py
[2026-03-30T02:38:46.182+0000] {processor.py:208} INFO - Processing /home/ec2-user/environment/lab4_model_training/dags/generate_data_dag.py took 0.019 seconds
[2026-03-30T02:39:17.743+0000] {processor.py:186} INFO - Started process (PID=10642) to work on /home/ec2-user/environment/lab4_model_training/dags/generate_data_dag.py
[2026-03-30T02:39:17.744+0000] {processor.py:914} INFO - Processing file /home/ec2-user/environment/lab4_model_training/dags/generate_data_dag.py for tasks to queue
[2026-03-30T02:39:17.745+0000] {logging_mixin.py:190} INFO - [2026-03-30T02:39:17.745+0000] {dagbag.py:588} INFO - Filling up the DagBag from /home/ec2-user/environment/lab4_model_training/dags/generate_data_dag.py
[2026-03-30T02:39:17.748+0000] {processor.py:927} WARNING - No viable dags retrieved from /home/ec2-user/environment/lab4_model_training/dags/generate_data_dag.py
[2026-03-30T02:39:17.758+0000] {processor.py:208} INFO - Processing /home/ec2-user/environment/lab4_model_training/dags/generate_data_dag.py took 0.020 seconds
[2026-03-30T02:39:49.211+0000] {processor.py:186} INFO - Started process (PID=10718) to work on /home/ec2-user/environment/lab4_model_training/dags/generate_data_dag.py
[2026-03-30T02:39:49.212+0000] {processor.py:914} INFO - Processing file /home/ec2-user/environment/lab4_model_training/dags/generate_data_dag.py for tasks to queue
[2026-03-30T02:39:49.213+0000] {logging_mixin.py:190} INFO - [2026-03-30T02:39:49.213+0000] {dagbag.py:588} INFO - Filling up the DagBag from /home/ec2-user/environment/lab4_model_training/dags/generate_data_dag.py
[2026-03-30T02:39:49.217+0000] {processor.py:927} WARNING - No viable dags retrieved from /home/ec2-user/environment/lab4_model_training/dags/generate_data_dag.py
[2026-03-30T02:39:49.227+0000] {processor.py:208} INFO - Processing /home/ec2-user/environment/lab4_model_training/dags/generate_data_dag.py took 0.021 seconds
