[2026-03-30T01:55:20.618+0000] {processor.py:186} INFO - Started process (PID=2757) to work on /home/ec2-user/environment/lab4_model_training/dags/ml_pipeline_dag.py
[2026-03-30T01:55:20.618+0000] {processor.py:914} INFO - Processing file /home/ec2-user/environment/lab4_model_training/dags/ml_pipeline_dag.py for tasks to queue
[2026-03-30T01:55:20.619+0000] {logging_mixin.py:190} INFO - [2026-03-30T01:55:20.619+0000] {dagbag.py:588} INFO - Filling up the DagBag from /home/ec2-user/environment/lab4_model_training/dags/ml_pipeline_dag.py
[2026-03-30T01:55:23.521+0000] {processor.py:925} INFO - DAG(s) 'ml_training_pipeline_v2' retrieved from /home/ec2-user/environment/lab4_model_training/dags/ml_pipeline_dag.py
[2026-03-30T01:55:23.539+0000] {logging_mixin.py:190} INFO - [2026-03-30T01:55:23.539+0000] {dag.py:3239} INFO - Sync 1 DAGs
[2026-03-30T01:55:23.552+0000] {logging_mixin.py:190} INFO - [2026-03-30T01:55:23.552+0000] {dag.py:4180} INFO - Setting next_dagrun for ml_training_pipeline_v2 to None, run_after=None
[2026-03-30T01:55:23.575+0000] {processor.py:208} INFO - Processing /home/ec2-user/environment/lab4_model_training/dags/ml_pipeline_dag.py took 2.962 seconds
[2026-03-30T01:55:53.996+0000] {processor.py:186} INFO - Started process (PID=2933) to work on /home/ec2-user/environment/lab4_model_training/dags/ml_pipeline_dag.py
[2026-03-30T01:55:53.997+0000] {processor.py:914} INFO - Processing file /home/ec2-user/environment/lab4_model_training/dags/ml_pipeline_dag.py for tasks to queue
[2026-03-30T01:55:53.999+0000] {logging_mixin.py:190} INFO - [2026-03-30T01:55:53.998+0000] {dagbag.py:588} INFO - Filling up the DagBag from /home/ec2-user/environment/lab4_model_training/dags/ml_pipeline_dag.py
[2026-03-30T01:55:55.436+0000] {processor.py:925} INFO - DAG(s) 'ml_training_pipeline_v2' retrieved from /home/ec2-user/environment/lab4_model_training/dags/ml_pipeline_dag.py
[2026-03-30T01:55:55.450+0000] {logging_mixin.py:190} INFO - [2026-03-30T01:55:55.450+0000] {dag.py:3239} INFO - Sync 1 DAGs
[2026-03-30T01:55:55.460+0000] {logging_mixin.py:190} INFO - [2026-03-30T01:55:55.460+0000] {dag.py:4180} INFO - Setting next_dagrun for ml_training_pipeline_v2 to None, run_after=None
[2026-03-30T01:55:55.478+0000] {processor.py:208} INFO - Processing /home/ec2-user/environment/lab4_model_training/dags/ml_pipeline_dag.py took 1.486 seconds
[2026-03-30T02:05:59.595+0000] {processor.py:186} INFO - Started process (PID=2759) to work on /home/ec2-user/environment/lab4_model_training/dags/ml_pipeline_dag.py
[2026-03-30T02:05:59.596+0000] {processor.py:914} INFO - Processing file /home/ec2-user/environment/lab4_model_training/dags/ml_pipeline_dag.py for tasks to queue
[2026-03-30T02:05:59.598+0000] {logging_mixin.py:190} INFO - [2026-03-30T02:05:59.597+0000] {dagbag.py:588} INFO - Filling up the DagBag from /home/ec2-user/environment/lab4_model_training/dags/ml_pipeline_dag.py
[2026-03-30T02:06:02.485+0000] {processor.py:925} INFO - DAG(s) 'ml_training_pipeline_v2' retrieved from /home/ec2-user/environment/lab4_model_training/dags/ml_pipeline_dag.py
[2026-03-30T02:06:02.504+0000] {logging_mixin.py:190} INFO - [2026-03-30T02:06:02.503+0000] {dag.py:3239} INFO - Sync 1 DAGs
[2026-03-30T02:06:02.516+0000] {logging_mixin.py:190} INFO - [2026-03-30T02:06:02.516+0000] {dag.py:4180} INFO - Setting next_dagrun for ml_training_pipeline_v2 to None, run_after=None
[2026-03-30T02:06:02.536+0000] {processor.py:208} INFO - Processing /home/ec2-user/environment/lab4_model_training/dags/ml_pipeline_dag.py took 2.945 seconds
[2026-03-30T02:06:32.926+0000] {processor.py:186} INFO - Started process (PID=2854) to work on /home/ec2-user/environment/lab4_model_training/dags/ml_pipeline_dag.py
[2026-03-30T02:06:32.927+0000] {processor.py:914} INFO - Processing file /home/ec2-user/environment/lab4_model_training/dags/ml_pipeline_dag.py for tasks to queue
[2026-03-30T02:06:32.928+0000] {logging_mixin.py:190} INFO - [2026-03-30T02:06:32.928+0000] {dagbag.py:588} INFO - Filling up the DagBag from /home/ec2-user/environment/lab4_model_training/dags/ml_pipeline_dag.py
[2026-03-30T02:06:34.290+0000] {processor.py:925} INFO - DAG(s) 'ml_training_pipeline_v2' retrieved from /home/ec2-user/environment/lab4_model_training/dags/ml_pipeline_dag.py
[2026-03-30T02:06:34.303+0000] {logging_mixin.py:190} INFO - [2026-03-30T02:06:34.303+0000] {dag.py:3239} INFO - Sync 1 DAGs
[2026-03-30T02:06:34.313+0000] {logging_mixin.py:190} INFO - [2026-03-30T02:06:34.313+0000] {dag.py:4180} INFO - Setting next_dagrun for ml_training_pipeline_v2 to None, run_after=None
[2026-03-30T02:06:34.330+0000] {processor.py:208} INFO - Processing /home/ec2-user/environment/lab4_model_training/dags/ml_pipeline_dag.py took 1.409 seconds
[2026-03-30T02:07:05.188+0000] {processor.py:186} INFO - Started process (PID=2987) to work on /home/ec2-user/environment/lab4_model_training/dags/ml_pipeline_dag.py
[2026-03-30T02:07:05.189+0000] {processor.py:914} INFO - Processing file /home/ec2-user/environment/lab4_model_training/dags/ml_pipeline_dag.py for tasks to queue
[2026-03-30T02:07:05.190+0000] {logging_mixin.py:190} INFO - [2026-03-30T02:07:05.190+0000] {dagbag.py:588} INFO - Filling up the DagBag from /home/ec2-user/environment/lab4_model_training/dags/ml_pipeline_dag.py
[2026-03-30T02:07:06.600+0000] {processor.py:925} INFO - DAG(s) 'ml_training_pipeline_v2' retrieved from /home/ec2-user/environment/lab4_model_training/dags/ml_pipeline_dag.py
[2026-03-30T02:07:06.615+0000] {logging_mixin.py:190} INFO - [2026-03-30T02:07:06.614+0000] {dag.py:3239} INFO - Sync 1 DAGs
[2026-03-30T02:07:06.627+0000] {logging_mixin.py:190} INFO - [2026-03-30T02:07:06.627+0000] {dag.py:4180} INFO - Setting next_dagrun for ml_training_pipeline_v2 to None, run_after=None
[2026-03-30T02:07:06.645+0000] {processor.py:208} INFO - Processing /home/ec2-user/environment/lab4_model_training/dags/ml_pipeline_dag.py took 1.462 seconds
[2026-03-30T02:07:36.913+0000] {processor.py:186} INFO - Started process (PID=3073) to work on /home/ec2-user/environment/lab4_model_training/dags/ml_pipeline_dag.py
[2026-03-30T02:07:36.914+0000] {processor.py:914} INFO - Processing file /home/ec2-user/environment/lab4_model_training/dags/ml_pipeline_dag.py for tasks to queue
[2026-03-30T02:07:36.915+0000] {logging_mixin.py:190} INFO - [2026-03-30T02:07:36.914+0000] {dagbag.py:588} INFO - Filling up the DagBag from /home/ec2-user/environment/lab4_model_training/dags/ml_pipeline_dag.py
[2026-03-30T02:07:38.289+0000] {processor.py:925} INFO - DAG(s) 'ml_training_pipeline_v2' retrieved from /home/ec2-user/environment/lab4_model_training/dags/ml_pipeline_dag.py
[2026-03-30T02:07:38.303+0000] {logging_mixin.py:190} INFO - [2026-03-30T02:07:38.302+0000] {dag.py:3239} INFO - Sync 1 DAGs
[2026-03-30T02:07:38.312+0000] {logging_mixin.py:190} INFO - [2026-03-30T02:07:38.312+0000] {dag.py:4180} INFO - Setting next_dagrun for ml_training_pipeline_v2 to None, run_after=None
[2026-03-30T02:07:38.331+0000] {processor.py:208} INFO - Processing /home/ec2-user/environment/lab4_model_training/dags/ml_pipeline_dag.py took 1.424 seconds
[2026-03-30T02:08:08.636+0000] {processor.py:186} INFO - Started process (PID=3161) to work on /home/ec2-user/environment/lab4_model_training/dags/ml_pipeline_dag.py
[2026-03-30T02:08:08.636+0000] {processor.py:914} INFO - Processing file /home/ec2-user/environment/lab4_model_training/dags/ml_pipeline_dag.py for tasks to queue
[2026-03-30T02:08:08.637+0000] {logging_mixin.py:190} INFO - [2026-03-30T02:08:08.637+0000] {dagbag.py:588} INFO - Filling up the DagBag from /home/ec2-user/environment/lab4_model_training/dags/ml_pipeline_dag.py
[2026-03-30T02:08:10.027+0000] {processor.py:925} INFO - DAG(s) 'ml_training_pipeline_v2' retrieved from /home/ec2-user/environment/lab4_model_training/dags/ml_pipeline_dag.py
[2026-03-30T02:08:10.040+0000] {logging_mixin.py:190} INFO - [2026-03-30T02:08:10.040+0000] {dag.py:3239} INFO - Sync 1 DAGs
[2026-03-30T02:08:10.051+0000] {logging_mixin.py:190} INFO - [2026-03-30T02:08:10.051+0000] {dag.py:4180} INFO - Setting next_dagrun for ml_training_pipeline_v2 to None, run_after=None
[2026-03-30T02:08:10.068+0000] {processor.py:208} INFO - Processing /home/ec2-user/environment/lab4_model_training/dags/ml_pipeline_dag.py took 1.437 seconds
[2026-03-30T02:08:40.249+0000] {processor.py:186} INFO - Started process (PID=3284) to work on /home/ec2-user/environment/lab4_model_training/dags/ml_pipeline_dag.py
[2026-03-30T02:08:40.250+0000] {processor.py:914} INFO - Processing file /home/ec2-user/environment/lab4_model_training/dags/ml_pipeline_dag.py for tasks to queue
[2026-03-30T02:08:40.252+0000] {logging_mixin.py:190} INFO - [2026-03-30T02:08:40.251+0000] {dagbag.py:588} INFO - Filling up the DagBag from /home/ec2-user/environment/lab4_model_training/dags/ml_pipeline_dag.py
[2026-03-30T02:08:41.651+0000] {processor.py:925} INFO - DAG(s) 'ml_training_pipeline_v2' retrieved from /home/ec2-user/environment/lab4_model_training/dags/ml_pipeline_dag.py
[2026-03-30T02:08:41.670+0000] {logging_mixin.py:190} INFO - [2026-03-30T02:08:41.670+0000] {dag.py:3239} INFO - Sync 1 DAGs
[2026-03-30T02:08:41.680+0000] {logging_mixin.py:190} INFO - [2026-03-30T02:08:41.680+0000] {dag.py:4180} INFO - Setting next_dagrun for ml_training_pipeline_v2 to None, run_after=None
[2026-03-30T02:08:41.698+0000] {processor.py:208} INFO - Processing /home/ec2-user/environment/lab4_model_training/dags/ml_pipeline_dag.py took 1.454 seconds
[2026-03-30T02:09:11.852+0000] {processor.py:186} INFO - Started process (PID=3376) to work on /home/ec2-user/environment/lab4_model_training/dags/ml_pipeline_dag.py
[2026-03-30T02:09:11.853+0000] {processor.py:914} INFO - Processing file /home/ec2-user/environment/lab4_model_training/dags/ml_pipeline_dag.py for tasks to queue
[2026-03-30T02:09:11.854+0000] {logging_mixin.py:190} INFO - [2026-03-30T02:09:11.854+0000] {dagbag.py:588} INFO - Filling up the DagBag from /home/ec2-user/environment/lab4_model_training/dags/ml_pipeline_dag.py
[2026-03-30T02:09:13.231+0000] {processor.py:925} INFO - DAG(s) 'ml_training_pipeline_v2' retrieved from /home/ec2-user/environment/lab4_model_training/dags/ml_pipeline_dag.py
[2026-03-30T02:09:13.245+0000] {logging_mixin.py:190} INFO - [2026-03-30T02:09:13.244+0000] {dag.py:3239} INFO - Sync 1 DAGs
[2026-03-30T02:09:13.255+0000] {logging_mixin.py:190} INFO - [2026-03-30T02:09:13.254+0000] {dag.py:4180} INFO - Setting next_dagrun for ml_training_pipeline_v2 to None, run_after=None
[2026-03-30T02:09:13.271+0000] {processor.py:208} INFO - Processing /home/ec2-user/environment/lab4_model_training/dags/ml_pipeline_dag.py took 1.424 seconds
[2026-03-30T02:09:43.461+0000] {processor.py:186} INFO - Started process (PID=3456) to work on /home/ec2-user/environment/lab4_model_training/dags/ml_pipeline_dag.py
[2026-03-30T02:09:43.462+0000] {processor.py:914} INFO - Processing file /home/ec2-user/environment/lab4_model_training/dags/ml_pipeline_dag.py for tasks to queue
[2026-03-30T02:09:43.464+0000] {logging_mixin.py:190} INFO - [2026-03-30T02:09:43.463+0000] {dagbag.py:588} INFO - Filling up the DagBag from /home/ec2-user/environment/lab4_model_training/dags/ml_pipeline_dag.py
[2026-03-30T02:09:44.874+0000] {processor.py:925} INFO - DAG(s) 'ml_training_pipeline_v2' retrieved from /home/ec2-user/environment/lab4_model_training/dags/ml_pipeline_dag.py
[2026-03-30T02:09:44.887+0000] {logging_mixin.py:190} INFO - [2026-03-30T02:09:44.887+0000] {dag.py:3239} INFO - Sync 1 DAGs
[2026-03-30T02:09:44.897+0000] {logging_mixin.py:190} INFO - [2026-03-30T02:09:44.897+0000] {dag.py:4180} INFO - Setting next_dagrun for ml_training_pipeline_v2 to None, run_after=None
[2026-03-30T02:09:44.915+0000] {processor.py:208} INFO - Processing /home/ec2-user/environment/lab4_model_training/dags/ml_pipeline_dag.py took 1.458 seconds
[2026-03-30T02:10:15.084+0000] {processor.py:186} INFO - Started process (PID=3614) to work on /home/ec2-user/environment/lab4_model_training/dags/ml_pipeline_dag.py
[2026-03-30T02:10:15.085+0000] {processor.py:914} INFO - Processing file /home/ec2-user/environment/lab4_model_training/dags/ml_pipeline_dag.py for tasks to queue
[2026-03-30T02:10:15.086+0000] {logging_mixin.py:190} INFO - [2026-03-30T02:10:15.085+0000] {dagbag.py:588} INFO - Filling up the DagBag from /home/ec2-user/environment/lab4_model_training/dags/ml_pipeline_dag.py
[2026-03-30T02:10:16.478+0000] {processor.py:925} INFO - DAG(s) 'ml_training_pipeline_v2' retrieved from /home/ec2-user/environment/lab4_model_training/dags/ml_pipeline_dag.py
[2026-03-30T02:10:16.493+0000] {logging_mixin.py:190} INFO - [2026-03-30T02:10:16.493+0000] {dag.py:3239} INFO - Sync 1 DAGs
[2026-03-30T02:10:16.502+0000] {logging_mixin.py:190} INFO - [2026-03-30T02:10:16.502+0000] {dag.py:4180} INFO - Setting next_dagrun for ml_training_pipeline_v2 to None, run_after=None
[2026-03-30T02:10:16.520+0000] {processor.py:208} INFO - Processing /home/ec2-user/environment/lab4_model_training/dags/ml_pipeline_dag.py took 1.440 seconds
[2026-03-30T02:10:46.659+0000] {processor.py:186} INFO - Started process (PID=3691) to work on /home/ec2-user/environment/lab4_model_training/dags/ml_pipeline_dag.py
[2026-03-30T02:10:46.660+0000] {processor.py:914} INFO - Processing file /home/ec2-user/environment/lab4_model_training/dags/ml_pipeline_dag.py for tasks to queue
[2026-03-30T02:10:46.661+0000] {logging_mixin.py:190} INFO - [2026-03-30T02:10:46.661+0000] {dagbag.py:588} INFO - Filling up the DagBag from /home/ec2-user/environment/lab4_model_training/dags/ml_pipeline_dag.py
[2026-03-30T02:10:48.140+0000] {processor.py:925} INFO - DAG(s) 'ml_training_pipeline_v2' retrieved from /home/ec2-user/environment/lab4_model_training/dags/ml_pipeline_dag.py
[2026-03-30T02:10:48.154+0000] {logging_mixin.py:190} INFO - [2026-03-30T02:10:48.154+0000] {dag.py:3239} INFO - Sync 1 DAGs
[2026-03-30T02:10:48.164+0000] {logging_mixin.py:190} INFO - [2026-03-30T02:10:48.163+0000] {dag.py:4180} INFO - Setting next_dagrun for ml_training_pipeline_v2 to None, run_after=None
[2026-03-30T02:10:48.181+0000] {processor.py:208} INFO - Processing /home/ec2-user/environment/lab4_model_training/dags/ml_pipeline_dag.py took 1.527 seconds
[2026-03-30T02:11:18.333+0000] {processor.py:186} INFO - Started process (PID=3795) to work on /home/ec2-user/environment/lab4_model_training/dags/ml_pipeline_dag.py
[2026-03-30T02:11:18.334+0000] {processor.py:914} INFO - Processing file /home/ec2-user/environment/lab4_model_training/dags/ml_pipeline_dag.py for tasks to queue
[2026-03-30T02:11:18.336+0000] {logging_mixin.py:190} INFO - [2026-03-30T02:11:18.335+0000] {dagbag.py:588} INFO - Filling up the DagBag from /home/ec2-user/environment/lab4_model_training/dags/ml_pipeline_dag.py
[2026-03-30T02:11:19.768+0000] {processor.py:925} INFO - DAG(s) 'ml_training_pipeline_v2' retrieved from /home/ec2-user/environment/lab4_model_training/dags/ml_pipeline_dag.py
[2026-03-30T02:11:19.782+0000] {logging_mixin.py:190} INFO - [2026-03-30T02:11:19.781+0000] {dag.py:3239} INFO - Sync 1 DAGs
[2026-03-30T02:11:19.791+0000] {logging_mixin.py:190} INFO - [2026-03-30T02:11:19.791+0000] {dag.py:4180} INFO - Setting next_dagrun for ml_training_pipeline_v2 to None, run_after=None
[2026-03-30T02:11:19.809+0000] {processor.py:208} INFO - Processing /home/ec2-user/environment/lab4_model_training/dags/ml_pipeline_dag.py took 1.480 seconds
[2026-03-30T02:11:50.060+0000] {processor.py:186} INFO - Started process (PID=3975) to work on /home/ec2-user/environment/lab4_model_training/dags/ml_pipeline_dag.py
[2026-03-30T02:11:50.064+0000] {processor.py:914} INFO - Processing file /home/ec2-user/environment/lab4_model_training/dags/ml_pipeline_dag.py for tasks to queue
[2026-03-30T02:11:50.066+0000] {logging_mixin.py:190} INFO - [2026-03-30T02:11:50.066+0000] {dagbag.py:588} INFO - Filling up the DagBag from /home/ec2-user/environment/lab4_model_training/dags/ml_pipeline_dag.py
[2026-03-30T02:11:52.022+0000] {processor.py:925} INFO - DAG(s) 'ml_training_pipeline_v2' retrieved from /home/ec2-user/environment/lab4_model_training/dags/ml_pipeline_dag.py
[2026-03-30T02:11:52.036+0000] {logging_mixin.py:190} INFO - [2026-03-30T02:11:52.035+0000] {dag.py:3239} INFO - Sync 1 DAGs
[2026-03-30T02:11:52.046+0000] {logging_mixin.py:190} INFO - [2026-03-30T02:11:52.046+0000] {dag.py:4180} INFO - Setting next_dagrun for ml_training_pipeline_v2 to None, run_after=None
[2026-03-30T02:11:52.063+0000] {processor.py:208} INFO - Processing /home/ec2-user/environment/lab4_model_training/dags/ml_pipeline_dag.py took 2.009 seconds
[2026-03-30T02:12:22.231+0000] {processor.py:186} INFO - Started process (PID=4084) to work on /home/ec2-user/environment/lab4_model_training/dags/ml_pipeline_dag.py
[2026-03-30T02:12:22.231+0000] {processor.py:914} INFO - Processing file /home/ec2-user/environment/lab4_model_training/dags/ml_pipeline_dag.py for tasks to queue
[2026-03-30T02:12:22.232+0000] {logging_mixin.py:190} INFO - [2026-03-30T02:12:22.232+0000] {dagbag.py:588} INFO - Filling up the DagBag from /home/ec2-user/environment/lab4_model_training/dags/ml_pipeline_dag.py
[2026-03-30T02:12:23.559+0000] {processor.py:925} INFO - DAG(s) 'ml_training_pipeline_v2' retrieved from /home/ec2-user/environment/lab4_model_training/dags/ml_pipeline_dag.py
[2026-03-30T02:12:23.574+0000] {logging_mixin.py:190} INFO - [2026-03-30T02:12:23.574+0000] {dag.py:3239} INFO - Sync 1 DAGs
[2026-03-30T02:12:23.585+0000] {logging_mixin.py:190} INFO - [2026-03-30T02:12:23.585+0000] {dag.py:4180} INFO - Setting next_dagrun for ml_training_pipeline_v2 to None, run_after=None
[2026-03-30T02:12:23.602+0000] {processor.py:208} INFO - Processing /home/ec2-user/environment/lab4_model_training/dags/ml_pipeline_dag.py took 1.376 seconds
[2026-03-30T02:12:53.705+0000] {processor.py:186} INFO - Started process (PID=4193) to work on /home/ec2-user/environment/lab4_model_training/dags/ml_pipeline_dag.py
[2026-03-30T02:12:53.706+0000] {processor.py:914} INFO - Processing file /home/ec2-user/environment/lab4_model_training/dags/ml_pipeline_dag.py for tasks to queue
[2026-03-30T02:12:53.708+0000] {logging_mixin.py:190} INFO - [2026-03-30T02:12:53.707+0000] {dagbag.py:588} INFO - Filling up the DagBag from /home/ec2-user/environment/lab4_model_training/dags/ml_pipeline_dag.py
[2026-03-30T02:12:54.984+0000] {processor.py:925} INFO - DAG(s) 'ml_training_pipeline_v2' retrieved from /home/ec2-user/environment/lab4_model_training/dags/ml_pipeline_dag.py
[2026-03-30T02:12:54.998+0000] {logging_mixin.py:190} INFO - [2026-03-30T02:12:54.998+0000] {dag.py:3239} INFO - Sync 1 DAGs
[2026-03-30T02:12:55.007+0000] {logging_mixin.py:190} INFO - [2026-03-30T02:12:55.007+0000] {dag.py:4180} INFO - Setting next_dagrun for ml_training_pipeline_v2 to None, run_after=None
[2026-03-30T02:12:55.023+0000] {processor.py:208} INFO - Processing /home/ec2-user/environment/lab4_model_training/dags/ml_pipeline_dag.py took 1.323 seconds
[2026-03-30T02:13:25.178+0000] {processor.py:186} INFO - Started process (PID=4339) to work on /home/ec2-user/environment/lab4_model_training/dags/ml_pipeline_dag.py
[2026-03-30T02:13:25.179+0000] {processor.py:914} INFO - Processing file /home/ec2-user/environment/lab4_model_training/dags/ml_pipeline_dag.py for tasks to queue
[2026-03-30T02:13:25.181+0000] {logging_mixin.py:190} INFO - [2026-03-30T02:13:25.180+0000] {dagbag.py:588} INFO - Filling up the DagBag from /home/ec2-user/environment/lab4_model_training/dags/ml_pipeline_dag.py
[2026-03-30T02:13:26.462+0000] {processor.py:925} INFO - DAG(s) 'ml_training_pipeline_v2' retrieved from /home/ec2-user/environment/lab4_model_training/dags/ml_pipeline_dag.py
[2026-03-30T02:13:26.476+0000] {logging_mixin.py:190} INFO - [2026-03-30T02:13:26.476+0000] {dag.py:3239} INFO - Sync 1 DAGs
[2026-03-30T02:13:26.485+0000] {logging_mixin.py:190} INFO - [2026-03-30T02:13:26.485+0000] {dag.py:4180} INFO - Setting next_dagrun for ml_training_pipeline_v2 to None, run_after=None
[2026-03-30T02:13:26.502+0000] {processor.py:208} INFO - Processing /home/ec2-user/environment/lab4_model_training/dags/ml_pipeline_dag.py took 1.329 seconds
[2026-03-30T02:13:56.650+0000] {processor.py:186} INFO - Started process (PID=4527) to work on /home/ec2-user/environment/lab4_model_training/dags/ml_pipeline_dag.py
[2026-03-30T02:13:56.652+0000] {processor.py:914} INFO - Processing file /home/ec2-user/environment/lab4_model_training/dags/ml_pipeline_dag.py for tasks to queue
[2026-03-30T02:13:56.653+0000] {logging_mixin.py:190} INFO - [2026-03-30T02:13:56.653+0000] {dagbag.py:588} INFO - Filling up the DagBag from /home/ec2-user/environment/lab4_model_training/dags/ml_pipeline_dag.py
[2026-03-30T02:13:58.014+0000] {processor.py:925} INFO - DAG(s) 'ml_training_pipeline_v2' retrieved from /home/ec2-user/environment/lab4_model_training/dags/ml_pipeline_dag.py
[2026-03-30T02:13:58.027+0000] {logging_mixin.py:190} INFO - [2026-03-30T02:13:58.027+0000] {dag.py:3239} INFO - Sync 1 DAGs
[2026-03-30T02:13:58.037+0000] {logging_mixin.py:190} INFO - [2026-03-30T02:13:58.036+0000] {dag.py:4180} INFO - Setting next_dagrun for ml_training_pipeline_v2 to None, run_after=None
[2026-03-30T02:13:58.053+0000] {processor.py:208} INFO - Processing /home/ec2-user/environment/lab4_model_training/dags/ml_pipeline_dag.py took 1.408 seconds
[2026-03-30T02:14:28.234+0000] {processor.py:186} INFO - Started process (PID=4684) to work on /home/ec2-user/environment/lab4_model_training/dags/ml_pipeline_dag.py
[2026-03-30T02:14:28.235+0000] {processor.py:914} INFO - Processing file /home/ec2-user/environment/lab4_model_training/dags/ml_pipeline_dag.py for tasks to queue
[2026-03-30T02:14:28.236+0000] {logging_mixin.py:190} INFO - [2026-03-30T02:14:28.236+0000] {dagbag.py:588} INFO - Filling up the DagBag from /home/ec2-user/environment/lab4_model_training/dags/ml_pipeline_dag.py
[2026-03-30T02:14:29.605+0000] {processor.py:925} INFO - DAG(s) 'ml_training_pipeline_v2' retrieved from /home/ec2-user/environment/lab4_model_training/dags/ml_pipeline_dag.py
[2026-03-30T02:14:29.619+0000] {logging_mixin.py:190} INFO - [2026-03-30T02:14:29.618+0000] {dag.py:3239} INFO - Sync 1 DAGs
[2026-03-30T02:14:29.628+0000] {logging_mixin.py:190} INFO - [2026-03-30T02:14:29.627+0000] {dag.py:4180} INFO - Setting next_dagrun for ml_training_pipeline_v2 to None, run_after=None
[2026-03-30T02:14:29.645+0000] {processor.py:208} INFO - Processing /home/ec2-user/environment/lab4_model_training/dags/ml_pipeline_dag.py took 1.415 seconds
[2026-03-30T02:14:59.759+0000] {processor.py:186} INFO - Started process (PID=4770) to work on /home/ec2-user/environment/lab4_model_training/dags/ml_pipeline_dag.py
[2026-03-30T02:14:59.761+0000] {processor.py:914} INFO - Processing file /home/ec2-user/environment/lab4_model_training/dags/ml_pipeline_dag.py for tasks to queue
[2026-03-30T02:14:59.762+0000] {logging_mixin.py:190} INFO - [2026-03-30T02:14:59.762+0000] {dagbag.py:588} INFO - Filling up the DagBag from /home/ec2-user/environment/lab4_model_training/dags/ml_pipeline_dag.py
[2026-03-30T02:15:01.094+0000] {processor.py:925} INFO - DAG(s) 'ml_training_pipeline_v2' retrieved from /home/ec2-user/environment/lab4_model_training/dags/ml_pipeline_dag.py
[2026-03-30T02:15:01.108+0000] {logging_mixin.py:190} INFO - [2026-03-30T02:15:01.107+0000] {dag.py:3239} INFO - Sync 1 DAGs
[2026-03-30T02:15:01.118+0000] {logging_mixin.py:190} INFO - [2026-03-30T02:15:01.118+0000] {dag.py:4180} INFO - Setting next_dagrun for ml_training_pipeline_v2 to None, run_after=None
[2026-03-30T02:15:01.135+0000] {processor.py:208} INFO - Processing /home/ec2-user/environment/lab4_model_training/dags/ml_pipeline_dag.py took 1.380 seconds
[2026-03-30T02:15:31.237+0000] {processor.py:186} INFO - Started process (PID=4871) to work on /home/ec2-user/environment/lab4_model_training/dags/ml_pipeline_dag.py
[2026-03-30T02:15:31.238+0000] {processor.py:914} INFO - Processing file /home/ec2-user/environment/lab4_model_training/dags/ml_pipeline_dag.py for tasks to queue
[2026-03-30T02:15:31.239+0000] {logging_mixin.py:190} INFO - [2026-03-30T02:15:31.239+0000] {dagbag.py:588} INFO - Filling up the DagBag from /home/ec2-user/environment/lab4_model_training/dags/ml_pipeline_dag.py
[2026-03-30T02:15:32.567+0000] {processor.py:925} INFO - DAG(s) 'ml_training_pipeline_v2' retrieved from /home/ec2-user/environment/lab4_model_training/dags/ml_pipeline_dag.py
[2026-03-30T02:15:32.581+0000] {logging_mixin.py:190} INFO - [2026-03-30T02:15:32.580+0000] {dag.py:3239} INFO - Sync 1 DAGs
[2026-03-30T02:15:32.591+0000] {logging_mixin.py:190} INFO - [2026-03-30T02:15:32.591+0000] {dag.py:4180} INFO - Setting next_dagrun for ml_training_pipeline_v2 to None, run_after=None
[2026-03-30T02:15:32.610+0000] {processor.py:208} INFO - Processing /home/ec2-user/environment/lab4_model_training/dags/ml_pipeline_dag.py took 1.378 seconds
[2026-03-30T02:16:02.710+0000] {processor.py:186} INFO - Started process (PID=5008) to work on /home/ec2-user/environment/lab4_model_training/dags/ml_pipeline_dag.py
[2026-03-30T02:16:02.711+0000] {processor.py:914} INFO - Processing file /home/ec2-user/environment/lab4_model_training/dags/ml_pipeline_dag.py for tasks to queue
[2026-03-30T02:16:02.713+0000] {logging_mixin.py:190} INFO - [2026-03-30T02:16:02.712+0000] {dagbag.py:588} INFO - Filling up the DagBag from /home/ec2-user/environment/lab4_model_training/dags/ml_pipeline_dag.py
[2026-03-30T02:16:04.079+0000] {processor.py:925} INFO - DAG(s) 'ml_training_pipeline_v2' retrieved from /home/ec2-user/environment/lab4_model_training/dags/ml_pipeline_dag.py
[2026-03-30T02:16:04.093+0000] {logging_mixin.py:190} INFO - [2026-03-30T02:16:04.093+0000] {dag.py:3239} INFO - Sync 1 DAGs
[2026-03-30T02:16:04.102+0000] {logging_mixin.py:190} INFO - [2026-03-30T02:16:04.102+0000] {dag.py:4180} INFO - Setting next_dagrun for ml_training_pipeline_v2 to None, run_after=None
[2026-03-30T02:16:04.120+0000] {processor.py:208} INFO - Processing /home/ec2-user/environment/lab4_model_training/dags/ml_pipeline_dag.py took 1.414 seconds
[2026-03-30T02:16:34.284+0000] {processor.py:186} INFO - Started process (PID=5099) to work on /home/ec2-user/environment/lab4_model_training/dags/ml_pipeline_dag.py
[2026-03-30T02:16:34.285+0000] {processor.py:914} INFO - Processing file /home/ec2-user/environment/lab4_model_training/dags/ml_pipeline_dag.py for tasks to queue
[2026-03-30T02:16:34.286+0000] {logging_mixin.py:190} INFO - [2026-03-30T02:16:34.286+0000] {dagbag.py:588} INFO - Filling up the DagBag from /home/ec2-user/environment/lab4_model_training/dags/ml_pipeline_dag.py
[2026-03-30T02:16:35.595+0000] {processor.py:925} INFO - DAG(s) 'ml_training_pipeline_v2' retrieved from /home/ec2-user/environment/lab4_model_training/dags/ml_pipeline_dag.py
[2026-03-30T02:16:35.608+0000] {logging_mixin.py:190} INFO - [2026-03-30T02:16:35.608+0000] {dag.py:3239} INFO - Sync 1 DAGs
[2026-03-30T02:16:35.617+0000] {logging_mixin.py:190} INFO - [2026-03-30T02:16:35.617+0000] {dag.py:4180} INFO - Setting next_dagrun for ml_training_pipeline_v2 to None, run_after=None
[2026-03-30T02:16:35.634+0000] {processor.py:208} INFO - Processing /home/ec2-user/environment/lab4_model_training/dags/ml_pipeline_dag.py took 1.355 seconds
[2026-03-30T02:17:05.756+0000] {processor.py:186} INFO - Started process (PID=5209) to work on /home/ec2-user/environment/lab4_model_training/dags/ml_pipeline_dag.py
[2026-03-30T02:17:05.757+0000] {processor.py:914} INFO - Processing file /home/ec2-user/environment/lab4_model_training/dags/ml_pipeline_dag.py for tasks to queue
[2026-03-30T02:17:05.759+0000] {logging_mixin.py:190} INFO - [2026-03-30T02:17:05.758+0000] {dagbag.py:588} INFO - Filling up the DagBag from /home/ec2-user/environment/lab4_model_training/dags/ml_pipeline_dag.py
[2026-03-30T02:17:07.100+0000] {processor.py:925} INFO - DAG(s) 'ml_training_pipeline_v2' retrieved from /home/ec2-user/environment/lab4_model_training/dags/ml_pipeline_dag.py
[2026-03-30T02:17:07.114+0000] {logging_mixin.py:190} INFO - [2026-03-30T02:17:07.113+0000] {dag.py:3239} INFO - Sync 1 DAGs
[2026-03-30T02:17:07.123+0000] {logging_mixin.py:190} INFO - [2026-03-30T02:17:07.123+0000] {dag.py:4180} INFO - Setting next_dagrun for ml_training_pipeline_v2 to None, run_after=None
[2026-03-30T02:17:07.141+0000] {processor.py:208} INFO - Processing /home/ec2-user/environment/lab4_model_training/dags/ml_pipeline_dag.py took 1.389 seconds
[2026-03-30T02:17:37.240+0000] {processor.py:186} INFO - Started process (PID=5367) to work on /home/ec2-user/environment/lab4_model_training/dags/ml_pipeline_dag.py
[2026-03-30T02:17:37.242+0000] {processor.py:914} INFO - Processing file /home/ec2-user/environment/lab4_model_training/dags/ml_pipeline_dag.py for tasks to queue
[2026-03-30T02:17:37.243+0000] {logging_mixin.py:190} INFO - [2026-03-30T02:17:37.242+0000] {dagbag.py:588} INFO - Filling up the DagBag from /home/ec2-user/environment/lab4_model_training/dags/ml_pipeline_dag.py
[2026-03-30T02:17:38.563+0000] {processor.py:925} INFO - DAG(s) 'ml_training_pipeline_v2' retrieved from /home/ec2-user/environment/lab4_model_training/dags/ml_pipeline_dag.py
[2026-03-30T02:17:38.576+0000] {logging_mixin.py:190} INFO - [2026-03-30T02:17:38.576+0000] {dag.py:3239} INFO - Sync 1 DAGs
[2026-03-30T02:17:38.585+0000] {logging_mixin.py:190} INFO - [2026-03-30T02:17:38.585+0000] {dag.py:4180} INFO - Setting next_dagrun for ml_training_pipeline_v2 to None, run_after=None
[2026-03-30T02:17:38.604+0000] {processor.py:208} INFO - Processing /home/ec2-user/environment/lab4_model_training/dags/ml_pipeline_dag.py took 1.368 seconds
[2026-03-30T02:18:08.713+0000] {processor.py:186} INFO - Started process (PID=5467) to work on /home/ec2-user/environment/lab4_model_training/dags/ml_pipeline_dag.py
[2026-03-30T02:18:08.714+0000] {processor.py:914} INFO - Processing file /home/ec2-user/environment/lab4_model_training/dags/ml_pipeline_dag.py for tasks to queue
[2026-03-30T02:18:08.715+0000] {logging_mixin.py:190} INFO - [2026-03-30T02:18:08.715+0000] {dagbag.py:588} INFO - Filling up the DagBag from /home/ec2-user/environment/lab4_model_training/dags/ml_pipeline_dag.py
[2026-03-30T02:18:10.041+0000] {processor.py:925} INFO - DAG(s) 'ml_training_pipeline_v2' retrieved from /home/ec2-user/environment/lab4_model_training/dags/ml_pipeline_dag.py
[2026-03-30T02:18:10.056+0000] {logging_mixin.py:190} INFO - [2026-03-30T02:18:10.056+0000] {dag.py:3239} INFO - Sync 1 DAGs
[2026-03-30T02:18:10.069+0000] {logging_mixin.py:190} INFO - [2026-03-30T02:18:10.069+0000] {dag.py:4180} INFO - Setting next_dagrun for ml_training_pipeline_v2 to None, run_after=None
[2026-03-30T02:18:10.087+0000] {processor.py:208} INFO - Processing /home/ec2-user/environment/lab4_model_training/dags/ml_pipeline_dag.py took 1.378 seconds
[2026-03-30T02:18:40.193+0000] {processor.py:186} INFO - Started process (PID=5610) to work on /home/ec2-user/environment/lab4_model_training/dags/ml_pipeline_dag.py
[2026-03-30T02:18:40.194+0000] {processor.py:914} INFO - Processing file /home/ec2-user/environment/lab4_model_training/dags/ml_pipeline_dag.py for tasks to queue
[2026-03-30T02:18:40.195+0000] {logging_mixin.py:190} INFO - [2026-03-30T02:18:40.195+0000] {dagbag.py:588} INFO - Filling up the DagBag from /home/ec2-user/environment/lab4_model_training/dags/ml_pipeline_dag.py
[2026-03-30T02:18:41.526+0000] {processor.py:925} INFO - DAG(s) 'ml_training_pipeline_v2' retrieved from /home/ec2-user/environment/lab4_model_training/dags/ml_pipeline_dag.py
[2026-03-30T02:18:41.540+0000] {logging_mixin.py:190} INFO - [2026-03-30T02:18:41.539+0000] {dag.py:3239} INFO - Sync 1 DAGs
[2026-03-30T02:18:41.550+0000] {logging_mixin.py:190} INFO - [2026-03-30T02:18:41.550+0000] {dag.py:4180} INFO - Setting next_dagrun for ml_training_pipeline_v2 to None, run_after=None
[2026-03-30T02:18:41.568+0000] {processor.py:208} INFO - Processing /home/ec2-user/environment/lab4_model_training/dags/ml_pipeline_dag.py took 1.382 seconds
[2026-03-30T02:19:11.666+0000] {processor.py:186} INFO - Started process (PID=5698) to work on /home/ec2-user/environment/lab4_model_training/dags/ml_pipeline_dag.py
[2026-03-30T02:19:11.667+0000] {processor.py:914} INFO - Processing file /home/ec2-user/environment/lab4_model_training/dags/ml_pipeline_dag.py for tasks to queue
[2026-03-30T02:19:11.668+0000] {logging_mixin.py:190} INFO - [2026-03-30T02:19:11.668+0000] {dagbag.py:588} INFO - Filling up the DagBag from /home/ec2-user/environment/lab4_model_training/dags/ml_pipeline_dag.py
[2026-03-30T02:19:13.280+0000] {processor.py:925} INFO - DAG(s) 'ml_training_pipeline_v2' retrieved from /home/ec2-user/environment/lab4_model_training/dags/ml_pipeline_dag.py
[2026-03-30T02:19:13.301+0000] {logging_mixin.py:190} INFO - [2026-03-30T02:19:13.301+0000] {dag.py:3239} INFO - Sync 1 DAGs
[2026-03-30T02:19:13.315+0000] {logging_mixin.py:190} INFO - [2026-03-30T02:19:13.315+0000] {dag.py:4180} INFO - Setting next_dagrun for ml_training_pipeline_v2 to None, run_after=None
[2026-03-30T02:19:13.341+0000] {processor.py:208} INFO - Processing /home/ec2-user/environment/lab4_model_training/dags/ml_pipeline_dag.py took 1.679 seconds
[2026-03-30T02:19:43.464+0000] {processor.py:186} INFO - Started process (PID=5789) to work on /home/ec2-user/environment/lab4_model_training/dags/ml_pipeline_dag.py
[2026-03-30T02:19:43.465+0000] {processor.py:914} INFO - Processing file /home/ec2-user/environment/lab4_model_training/dags/ml_pipeline_dag.py for tasks to queue
[2026-03-30T02:19:43.466+0000] {logging_mixin.py:190} INFO - [2026-03-30T02:19:43.466+0000] {dagbag.py:588} INFO - Filling up the DagBag from /home/ec2-user/environment/lab4_model_training/dags/ml_pipeline_dag.py
[2026-03-30T02:19:44.783+0000] {processor.py:925} INFO - DAG(s) 'ml_training_pipeline_v2' retrieved from /home/ec2-user/environment/lab4_model_training/dags/ml_pipeline_dag.py
[2026-03-30T02:19:44.798+0000] {logging_mixin.py:190} INFO - [2026-03-30T02:19:44.798+0000] {dag.py:3239} INFO - Sync 1 DAGs
[2026-03-30T02:19:44.808+0000] {logging_mixin.py:190} INFO - [2026-03-30T02:19:44.807+0000] {dag.py:4180} INFO - Setting next_dagrun for ml_training_pipeline_v2 to None, run_after=None
[2026-03-30T02:19:44.825+0000] {processor.py:208} INFO - Processing /home/ec2-user/environment/lab4_model_training/dags/ml_pipeline_dag.py took 1.365 seconds
[2026-03-30T02:20:14.941+0000] {processor.py:186} INFO - Started process (PID=5889) to work on /home/ec2-user/environment/lab4_model_training/dags/ml_pipeline_dag.py
[2026-03-30T02:20:14.942+0000] {processor.py:914} INFO - Processing file /home/ec2-user/environment/lab4_model_training/dags/ml_pipeline_dag.py for tasks to queue
[2026-03-30T02:20:14.943+0000] {logging_mixin.py:190} INFO - [2026-03-30T02:20:14.943+0000] {dagbag.py:588} INFO - Filling up the DagBag from /home/ec2-user/environment/lab4_model_training/dags/ml_pipeline_dag.py
[2026-03-30T02:20:16.298+0000] {processor.py:925} INFO - DAG(s) 'ml_training_pipeline_v2' retrieved from /home/ec2-user/environment/lab4_model_training/dags/ml_pipeline_dag.py
[2026-03-30T02:20:16.314+0000] {logging_mixin.py:190} INFO - [2026-03-30T02:20:16.314+0000] {dag.py:3239} INFO - Sync 1 DAGs
[2026-03-30T02:20:16.323+0000] {logging_mixin.py:190} INFO - [2026-03-30T02:20:16.323+0000] {dag.py:4180} INFO - Setting next_dagrun for ml_training_pipeline_v2 to None, run_after=None
[2026-03-30T02:20:16.340+0000] {processor.py:208} INFO - Processing /home/ec2-user/environment/lab4_model_training/dags/ml_pipeline_dag.py took 1.404 seconds
[2026-03-30T02:20:46.518+0000] {processor.py:186} INFO - Started process (PID=6030) to work on /home/ec2-user/environment/lab4_model_training/dags/ml_pipeline_dag.py
[2026-03-30T02:20:46.518+0000] {processor.py:914} INFO - Processing file /home/ec2-user/environment/lab4_model_training/dags/ml_pipeline_dag.py for tasks to queue
[2026-03-30T02:20:46.520+0000] {logging_mixin.py:190} INFO - [2026-03-30T02:20:46.519+0000] {dagbag.py:588} INFO - Filling up the DagBag from /home/ec2-user/environment/lab4_model_training/dags/ml_pipeline_dag.py
[2026-03-30T02:20:47.849+0000] {processor.py:925} INFO - DAG(s) 'ml_training_pipeline_v2' retrieved from /home/ec2-user/environment/lab4_model_training/dags/ml_pipeline_dag.py
[2026-03-30T02:20:47.862+0000] {logging_mixin.py:190} INFO - [2026-03-30T02:20:47.862+0000] {dag.py:3239} INFO - Sync 1 DAGs
[2026-03-30T02:20:47.871+0000] {logging_mixin.py:190} INFO - [2026-03-30T02:20:47.871+0000] {dag.py:4180} INFO - Setting next_dagrun for ml_training_pipeline_v2 to None, run_after=None
[2026-03-30T02:20:47.888+0000] {processor.py:208} INFO - Processing /home/ec2-user/environment/lab4_model_training/dags/ml_pipeline_dag.py took 1.375 seconds
[2026-03-30T02:21:17.992+0000] {processor.py:186} INFO - Started process (PID=6140) to work on /home/ec2-user/environment/lab4_model_training/dags/ml_pipeline_dag.py
[2026-03-30T02:21:17.993+0000] {processor.py:914} INFO - Processing file /home/ec2-user/environment/lab4_model_training/dags/ml_pipeline_dag.py for tasks to queue
[2026-03-30T02:21:17.994+0000] {logging_mixin.py:190} INFO - [2026-03-30T02:21:17.994+0000] {dagbag.py:588} INFO - Filling up the DagBag from /home/ec2-user/environment/lab4_model_training/dags/ml_pipeline_dag.py
[2026-03-30T02:21:19.308+0000] {processor.py:925} INFO - DAG(s) 'ml_training_pipeline_v2' retrieved from /home/ec2-user/environment/lab4_model_training/dags/ml_pipeline_dag.py
[2026-03-30T02:21:19.321+0000] {logging_mixin.py:190} INFO - [2026-03-30T02:21:19.321+0000] {dag.py:3239} INFO - Sync 1 DAGs
[2026-03-30T02:21:19.330+0000] {logging_mixin.py:190} INFO - [2026-03-30T02:21:19.330+0000] {dag.py:4180} INFO - Setting next_dagrun for ml_training_pipeline_v2 to None, run_after=None
[2026-03-30T02:21:19.348+0000] {processor.py:208} INFO - Processing /home/ec2-user/environment/lab4_model_training/dags/ml_pipeline_dag.py took 1.361 seconds
[2026-03-30T02:21:49.465+0000] {processor.py:186} INFO - Started process (PID=6266) to work on /home/ec2-user/environment/lab4_model_training/dags/ml_pipeline_dag.py
[2026-03-30T02:21:49.466+0000] {processor.py:914} INFO - Processing file /home/ec2-user/environment/lab4_model_training/dags/ml_pipeline_dag.py for tasks to queue
[2026-03-30T02:21:49.467+0000] {logging_mixin.py:190} INFO - [2026-03-30T02:21:49.467+0000] {dagbag.py:588} INFO - Filling up the DagBag from /home/ec2-user/environment/lab4_model_training/dags/ml_pipeline_dag.py
[2026-03-30T02:21:50.783+0000] {processor.py:925} INFO - DAG(s) 'ml_training_pipeline_v2' retrieved from /home/ec2-user/environment/lab4_model_training/dags/ml_pipeline_dag.py
[2026-03-30T02:21:50.796+0000] {logging_mixin.py:190} INFO - [2026-03-30T02:21:50.796+0000] {dag.py:3239} INFO - Sync 1 DAGs
[2026-03-30T02:21:50.806+0000] {logging_mixin.py:190} INFO - [2026-03-30T02:21:50.806+0000] {dag.py:4180} INFO - Setting next_dagrun for ml_training_pipeline_v2 to None, run_after=None
[2026-03-30T02:21:50.824+0000] {processor.py:208} INFO - Processing /home/ec2-user/environment/lab4_model_training/dags/ml_pipeline_dag.py took 1.364 seconds
[2026-03-30T02:22:20.939+0000] {processor.py:186} INFO - Started process (PID=6391) to work on /home/ec2-user/environment/lab4_model_training/dags/ml_pipeline_dag.py
[2026-03-30T02:22:20.939+0000] {processor.py:914} INFO - Processing file /home/ec2-user/environment/lab4_model_training/dags/ml_pipeline_dag.py for tasks to queue
[2026-03-30T02:22:20.941+0000] {logging_mixin.py:190} INFO - [2026-03-30T02:22:20.940+0000] {dagbag.py:588} INFO - Filling up the DagBag from /home/ec2-user/environment/lab4_model_training/dags/ml_pipeline_dag.py
[2026-03-30T02:22:22.276+0000] {processor.py:925} INFO - DAG(s) 'ml_training_pipeline_v2' retrieved from /home/ec2-user/environment/lab4_model_training/dags/ml_pipeline_dag.py
[2026-03-30T02:22:22.289+0000] {logging_mixin.py:190} INFO - [2026-03-30T02:22:22.289+0000] {dag.py:3239} INFO - Sync 1 DAGs
[2026-03-30T02:22:22.299+0000] {logging_mixin.py:190} INFO - [2026-03-30T02:22:22.299+0000] {dag.py:4180} INFO - Setting next_dagrun for ml_training_pipeline_v2 to None, run_after=None
[2026-03-30T02:22:22.317+0000] {processor.py:208} INFO - Processing /home/ec2-user/environment/lab4_model_training/dags/ml_pipeline_dag.py took 1.383 seconds
[2026-03-30T02:22:52.411+0000] {processor.py:186} INFO - Started process (PID=6537) to work on /home/ec2-user/environment/lab4_model_training/dags/ml_pipeline_dag.py
[2026-03-30T02:22:52.412+0000] {processor.py:914} INFO - Processing file /home/ec2-user/environment/lab4_model_training/dags/ml_pipeline_dag.py for tasks to queue
[2026-03-30T02:22:52.413+0000] {logging_mixin.py:190} INFO - [2026-03-30T02:22:52.413+0000] {dagbag.py:588} INFO - Filling up the DagBag from /home/ec2-user/environment/lab4_model_training/dags/ml_pipeline_dag.py
[2026-03-30T02:22:53.656+0000] {processor.py:925} INFO - DAG(s) 'ml_training_pipeline_v2' retrieved from /home/ec2-user/environment/lab4_model_training/dags/ml_pipeline_dag.py
[2026-03-30T02:22:53.670+0000] {logging_mixin.py:190} INFO - [2026-03-30T02:22:53.669+0000] {dag.py:3239} INFO - Sync 1 DAGs
[2026-03-30T02:22:53.678+0000] {logging_mixin.py:190} INFO - [2026-03-30T02:22:53.678+0000] {dag.py:4180} INFO - Setting next_dagrun for ml_training_pipeline_v2 to None, run_after=None
[2026-03-30T02:22:53.695+0000] {processor.py:208} INFO - Processing /home/ec2-user/environment/lab4_model_training/dags/ml_pipeline_dag.py took 1.288 seconds
[2026-03-30T02:23:23.786+0000] {processor.py:186} INFO - Started process (PID=6629) to work on /home/ec2-user/environment/lab4_model_training/dags/ml_pipeline_dag.py
[2026-03-30T02:23:23.788+0000] {processor.py:914} INFO - Processing file /home/ec2-user/environment/lab4_model_training/dags/ml_pipeline_dag.py for tasks to queue
[2026-03-30T02:23:23.789+0000] {logging_mixin.py:190} INFO - [2026-03-30T02:23:23.789+0000] {dagbag.py:588} INFO - Filling up the DagBag from /home/ec2-user/environment/lab4_model_training/dags/ml_pipeline_dag.py
[2026-03-30T02:23:25.083+0000] {processor.py:925} INFO - DAG(s) 'ml_training_pipeline_v2' retrieved from /home/ec2-user/environment/lab4_model_training/dags/ml_pipeline_dag.py
[2026-03-30T02:23:25.096+0000] {logging_mixin.py:190} INFO - [2026-03-30T02:23:25.096+0000] {dag.py:3239} INFO - Sync 1 DAGs
[2026-03-30T02:23:25.105+0000] {logging_mixin.py:190} INFO - [2026-03-30T02:23:25.105+0000] {dag.py:4180} INFO - Setting next_dagrun for ml_training_pipeline_v2 to None, run_after=None
[2026-03-30T02:23:25.121+0000] {processor.py:208} INFO - Processing /home/ec2-user/environment/lab4_model_training/dags/ml_pipeline_dag.py took 1.339 seconds
[2026-03-30T02:23:55.259+0000] {processor.py:186} INFO - Started process (PID=6704) to work on /home/ec2-user/environment/lab4_model_training/dags/ml_pipeline_dag.py
[2026-03-30T02:23:55.260+0000] {processor.py:914} INFO - Processing file /home/ec2-user/environment/lab4_model_training/dags/ml_pipeline_dag.py for tasks to queue
[2026-03-30T02:23:55.261+0000] {logging_mixin.py:190} INFO - [2026-03-30T02:23:55.261+0000] {dagbag.py:588} INFO - Filling up the DagBag from /home/ec2-user/environment/lab4_model_training/dags/ml_pipeline_dag.py
[2026-03-30T02:23:56.508+0000] {processor.py:925} INFO - DAG(s) 'ml_training_pipeline_v2' retrieved from /home/ec2-user/environment/lab4_model_training/dags/ml_pipeline_dag.py
[2026-03-30T02:23:56.521+0000] {logging_mixin.py:190} INFO - [2026-03-30T02:23:56.520+0000] {dag.py:3239} INFO - Sync 1 DAGs
[2026-03-30T02:23:56.529+0000] {logging_mixin.py:190} INFO - [2026-03-30T02:23:56.529+0000] {dag.py:4180} INFO - Setting next_dagrun for ml_training_pipeline_v2 to None, run_after=None
[2026-03-30T02:23:56.546+0000] {processor.py:208} INFO - Processing /home/ec2-user/environment/lab4_model_training/dags/ml_pipeline_dag.py took 1.291 seconds
[2026-03-30T02:24:26.634+0000] {processor.py:186} INFO - Started process (PID=6862) to work on /home/ec2-user/environment/lab4_model_training/dags/ml_pipeline_dag.py
[2026-03-30T02:24:26.634+0000] {processor.py:914} INFO - Processing file /home/ec2-user/environment/lab4_model_training/dags/ml_pipeline_dag.py for tasks to queue
[2026-03-30T02:24:26.636+0000] {logging_mixin.py:190} INFO - [2026-03-30T02:24:26.635+0000] {dagbag.py:588} INFO - Filling up the DagBag from /home/ec2-user/environment/lab4_model_training/dags/ml_pipeline_dag.py
[2026-03-30T02:24:27.948+0000] {processor.py:925} INFO - DAG(s) 'ml_training_pipeline_v2' retrieved from /home/ec2-user/environment/lab4_model_training/dags/ml_pipeline_dag.py
[2026-03-30T02:24:27.964+0000] {logging_mixin.py:190} INFO - [2026-03-30T02:24:27.963+0000] {dag.py:3239} INFO - Sync 1 DAGs
[2026-03-30T02:24:27.972+0000] {logging_mixin.py:190} INFO - [2026-03-30T02:24:27.972+0000] {dag.py:4180} INFO - Setting next_dagrun for ml_training_pipeline_v2 to None, run_after=None
[2026-03-30T02:24:27.992+0000] {processor.py:208} INFO - Processing /home/ec2-user/environment/lab4_model_training/dags/ml_pipeline_dag.py took 1.363 seconds
[2026-03-30T02:24:58.109+0000] {processor.py:186} INFO - Started process (PID=6955) to work on /home/ec2-user/environment/lab4_model_training/dags/ml_pipeline_dag.py
[2026-03-30T02:24:58.110+0000] {processor.py:914} INFO - Processing file /home/ec2-user/environment/lab4_model_training/dags/ml_pipeline_dag.py for tasks to queue
[2026-03-30T02:24:58.111+0000] {logging_mixin.py:190} INFO - [2026-03-30T02:24:58.111+0000] {dagbag.py:588} INFO - Filling up the DagBag from /home/ec2-user/environment/lab4_model_training/dags/ml_pipeline_dag.py
[2026-03-30T02:24:59.439+0000] {processor.py:925} INFO - DAG(s) 'ml_training_pipeline_v2' retrieved from /home/ec2-user/environment/lab4_model_training/dags/ml_pipeline_dag.py
[2026-03-30T02:24:59.452+0000] {logging_mixin.py:190} INFO - [2026-03-30T02:24:59.452+0000] {dag.py:3239} INFO - Sync 1 DAGs
[2026-03-30T02:24:59.463+0000] {logging_mixin.py:190} INFO - [2026-03-30T02:24:59.462+0000] {dag.py:4180} INFO - Setting next_dagrun for ml_training_pipeline_v2 to None, run_after=None
[2026-03-30T02:24:59.479+0000] {processor.py:208} INFO - Processing /home/ec2-user/environment/lab4_model_training/dags/ml_pipeline_dag.py took 1.376 seconds
[2026-03-30T02:25:29.586+0000] {processor.py:186} INFO - Started process (PID=7071) to work on /home/ec2-user/environment/lab4_model_training/dags/ml_pipeline_dag.py
[2026-03-30T02:25:29.587+0000] {processor.py:914} INFO - Processing file /home/ec2-user/environment/lab4_model_training/dags/ml_pipeline_dag.py for tasks to queue
[2026-03-30T02:25:29.589+0000] {logging_mixin.py:190} INFO - [2026-03-30T02:25:29.588+0000] {dagbag.py:588} INFO - Filling up the DagBag from /home/ec2-user/environment/lab4_model_training/dags/ml_pipeline_dag.py
[2026-03-30T02:25:30.960+0000] {processor.py:925} INFO - DAG(s) 'ml_training_pipeline_v2' retrieved from /home/ec2-user/environment/lab4_model_training/dags/ml_pipeline_dag.py
[2026-03-30T02:25:30.974+0000] {logging_mixin.py:190} INFO - [2026-03-30T02:25:30.974+0000] {dag.py:3239} INFO - Sync 1 DAGs
[2026-03-30T02:25:30.985+0000] {logging_mixin.py:190} INFO - [2026-03-30T02:25:30.985+0000] {dag.py:4180} INFO - Setting next_dagrun for ml_training_pipeline_v2 to None, run_after=None
[2026-03-30T02:25:31.002+0000] {processor.py:208} INFO - Processing /home/ec2-user/environment/lab4_model_training/dags/ml_pipeline_dag.py took 1.421 seconds
[2026-03-30T02:26:01.160+0000] {processor.py:186} INFO - Started process (PID=7114) to work on /home/ec2-user/environment/lab4_model_training/dags/ml_pipeline_dag.py
[2026-03-30T02:26:01.160+0000] {processor.py:914} INFO - Processing file /home/ec2-user/environment/lab4_model_training/dags/ml_pipeline_dag.py for tasks to queue
[2026-03-30T02:26:01.162+0000] {logging_mixin.py:190} INFO - [2026-03-30T02:26:01.161+0000] {dagbag.py:588} INFO - Filling up the DagBag from /home/ec2-user/environment/lab4_model_training/dags/ml_pipeline_dag.py
[2026-03-30T02:26:02.470+0000] {processor.py:925} INFO - DAG(s) 'ml_training_pipeline_v2' retrieved from /home/ec2-user/environment/lab4_model_training/dags/ml_pipeline_dag.py
[2026-03-30T02:26:02.484+0000] {logging_mixin.py:190} INFO - [2026-03-30T02:26:02.484+0000] {dag.py:3239} INFO - Sync 1 DAGs
[2026-03-30T02:26:02.493+0000] {logging_mixin.py:190} INFO - [2026-03-30T02:26:02.493+0000] {dag.py:4180} INFO - Setting next_dagrun for ml_training_pipeline_v2 to None, run_after=None
[2026-03-30T02:26:02.510+0000] {processor.py:208} INFO - Processing /home/ec2-user/environment/lab4_model_training/dags/ml_pipeline_dag.py took 1.355 seconds
[2026-03-30T02:26:32.633+0000] {processor.py:186} INFO - Started process (PID=7223) to work on /home/ec2-user/environment/lab4_model_training/dags/ml_pipeline_dag.py
[2026-03-30T02:26:32.634+0000] {processor.py:914} INFO - Processing file /home/ec2-user/environment/lab4_model_training/dags/ml_pipeline_dag.py for tasks to queue
[2026-03-30T02:26:32.636+0000] {logging_mixin.py:190} INFO - [2026-03-30T02:26:32.635+0000] {dagbag.py:588} INFO - Filling up the DagBag from /home/ec2-user/environment/lab4_model_training/dags/ml_pipeline_dag.py
[2026-03-30T02:26:33.949+0000] {processor.py:925} INFO - DAG(s) 'ml_training_pipeline_v2' retrieved from /home/ec2-user/environment/lab4_model_training/dags/ml_pipeline_dag.py
[2026-03-30T02:26:33.963+0000] {logging_mixin.py:190} INFO - [2026-03-30T02:26:33.962+0000] {dag.py:3239} INFO - Sync 1 DAGs
[2026-03-30T02:26:33.971+0000] {logging_mixin.py:190} INFO - [2026-03-30T02:26:33.971+0000] {dag.py:4180} INFO - Setting next_dagrun for ml_training_pipeline_v2 to None, run_after=None
[2026-03-30T02:26:33.989+0000] {processor.py:208} INFO - Processing /home/ec2-user/environment/lab4_model_training/dags/ml_pipeline_dag.py took 1.361 seconds
[2026-03-30T02:27:04.108+0000] {processor.py:186} INFO - Started process (PID=7306) to work on /home/ec2-user/environment/lab4_model_training/dags/ml_pipeline_dag.py
[2026-03-30T02:27:04.109+0000] {processor.py:914} INFO - Processing file /home/ec2-user/environment/lab4_model_training/dags/ml_pipeline_dag.py for tasks to queue
[2026-03-30T02:27:04.111+0000] {logging_mixin.py:190} INFO - [2026-03-30T02:27:04.110+0000] {dagbag.py:588} INFO - Filling up the DagBag from /home/ec2-user/environment/lab4_model_training/dags/ml_pipeline_dag.py
[2026-03-30T02:27:05.461+0000] {processor.py:925} INFO - DAG(s) 'ml_training_pipeline_v2' retrieved from /home/ec2-user/environment/lab4_model_training/dags/ml_pipeline_dag.py
[2026-03-30T02:27:05.475+0000] {logging_mixin.py:190} INFO - [2026-03-30T02:27:05.475+0000] {dag.py:3239} INFO - Sync 1 DAGs
[2026-03-30T02:27:05.484+0000] {logging_mixin.py:190} INFO - [2026-03-30T02:27:05.484+0000] {dag.py:4180} INFO - Setting next_dagrun for ml_training_pipeline_v2 to None, run_after=None
[2026-03-30T02:27:05.504+0000] {processor.py:208} INFO - Processing /home/ec2-user/environment/lab4_model_training/dags/ml_pipeline_dag.py took 1.401 seconds
[2026-03-30T02:27:35.681+0000] {processor.py:186} INFO - Started process (PID=7467) to work on /home/ec2-user/environment/lab4_model_training/dags/ml_pipeline_dag.py
[2026-03-30T02:27:35.682+0000] {processor.py:914} INFO - Processing file /home/ec2-user/environment/lab4_model_training/dags/ml_pipeline_dag.py for tasks to queue
[2026-03-30T02:27:35.683+0000] {logging_mixin.py:190} INFO - [2026-03-30T02:27:35.683+0000] {dagbag.py:588} INFO - Filling up the DagBag from /home/ec2-user/environment/lab4_model_training/dags/ml_pipeline_dag.py
[2026-03-30T02:27:36.955+0000] {processor.py:925} INFO - DAG(s) 'ml_training_pipeline_v2' retrieved from /home/ec2-user/environment/lab4_model_training/dags/ml_pipeline_dag.py
[2026-03-30T02:27:36.968+0000] {logging_mixin.py:190} INFO - [2026-03-30T02:27:36.967+0000] {dag.py:3239} INFO - Sync 1 DAGs
[2026-03-30T02:27:36.976+0000] {logging_mixin.py:190} INFO - [2026-03-30T02:27:36.976+0000] {dag.py:4180} INFO - Setting next_dagrun for ml_training_pipeline_v2 to None, run_after=None
[2026-03-30T02:27:36.996+0000] {processor.py:208} INFO - Processing /home/ec2-user/environment/lab4_model_training/dags/ml_pipeline_dag.py took 1.320 seconds
[2026-03-30T02:28:07.153+0000] {processor.py:186} INFO - Started process (PID=7588) to work on /home/ec2-user/environment/lab4_model_training/dags/ml_pipeline_dag.py
[2026-03-30T02:28:07.154+0000] {processor.py:914} INFO - Processing file /home/ec2-user/environment/lab4_model_training/dags/ml_pipeline_dag.py for tasks to queue
[2026-03-30T02:28:07.156+0000] {logging_mixin.py:190} INFO - [2026-03-30T02:28:07.156+0000] {dagbag.py:588} INFO - Filling up the DagBag from /home/ec2-user/environment/lab4_model_training/dags/ml_pipeline_dag.py
[2026-03-30T02:28:08.461+0000] {processor.py:925} INFO - DAG(s) 'ml_training_pipeline_v2' retrieved from /home/ec2-user/environment/lab4_model_training/dags/ml_pipeline_dag.py
[2026-03-30T02:28:08.474+0000] {logging_mixin.py:190} INFO - [2026-03-30T02:28:08.474+0000] {dag.py:3239} INFO - Sync 1 DAGs
[2026-03-30T02:28:08.484+0000] {logging_mixin.py:190} INFO - [2026-03-30T02:28:08.484+0000] {dag.py:4180} INFO - Setting next_dagrun for ml_training_pipeline_v2 to None, run_after=None
[2026-03-30T02:28:08.501+0000] {processor.py:208} INFO - Processing /home/ec2-user/environment/lab4_model_training/dags/ml_pipeline_dag.py took 1.353 seconds
[2026-03-30T02:28:38.625+0000] {processor.py:186} INFO - Started process (PID=7764) to work on /home/ec2-user/environment/lab4_model_training/dags/ml_pipeline_dag.py
[2026-03-30T02:28:38.627+0000] {processor.py:914} INFO - Processing file /home/ec2-user/environment/lab4_model_training/dags/ml_pipeline_dag.py for tasks to queue
[2026-03-30T02:28:38.628+0000] {logging_mixin.py:190} INFO - [2026-03-30T02:28:38.627+0000] {dagbag.py:588} INFO - Filling up the DagBag from /home/ec2-user/environment/lab4_model_training/dags/ml_pipeline_dag.py
[2026-03-30T02:28:39.892+0000] {processor.py:925} INFO - DAG(s) 'ml_training_pipeline_v2' retrieved from /home/ec2-user/environment/lab4_model_training/dags/ml_pipeline_dag.py
[2026-03-30T02:28:39.905+0000] {logging_mixin.py:190} INFO - [2026-03-30T02:28:39.905+0000] {dag.py:3239} INFO - Sync 1 DAGs
[2026-03-30T02:28:39.914+0000] {logging_mixin.py:190} INFO - [2026-03-30T02:28:39.914+0000] {dag.py:4180} INFO - Setting next_dagrun for ml_training_pipeline_v2 to None, run_after=None
[2026-03-30T02:28:39.931+0000] {processor.py:208} INFO - Processing /home/ec2-user/environment/lab4_model_training/dags/ml_pipeline_dag.py took 1.310 seconds
[2026-03-30T02:29:10.098+0000] {processor.py:186} INFO - Started process (PID=7887) to work on /home/ec2-user/environment/lab4_model_training/dags/ml_pipeline_dag.py
[2026-03-30T02:29:10.099+0000] {processor.py:914} INFO - Processing file /home/ec2-user/environment/lab4_model_training/dags/ml_pipeline_dag.py for tasks to queue
[2026-03-30T02:29:10.101+0000] {logging_mixin.py:190} INFO - [2026-03-30T02:29:10.100+0000] {dagbag.py:588} INFO - Filling up the DagBag from /home/ec2-user/environment/lab4_model_training/dags/ml_pipeline_dag.py
[2026-03-30T02:29:11.352+0000] {processor.py:925} INFO - DAG(s) 'ml_training_pipeline_v2' retrieved from /home/ec2-user/environment/lab4_model_training/dags/ml_pipeline_dag.py
[2026-03-30T02:29:11.365+0000] {logging_mixin.py:190} INFO - [2026-03-30T02:29:11.365+0000] {dag.py:3239} INFO - Sync 1 DAGs
[2026-03-30T02:29:11.374+0000] {logging_mixin.py:190} INFO - [2026-03-30T02:29:11.374+0000] {dag.py:4180} INFO - Setting next_dagrun for ml_training_pipeline_v2 to None, run_after=None
[2026-03-30T02:29:11.393+0000] {processor.py:208} INFO - Processing /home/ec2-user/environment/lab4_model_training/dags/ml_pipeline_dag.py took 1.299 seconds
[2026-03-30T02:29:41.483+0000] {processor.py:186} INFO - Started process (PID=8047) to work on /home/ec2-user/environment/lab4_model_training/dags/ml_pipeline_dag.py
[2026-03-30T02:29:41.484+0000] {processor.py:914} INFO - Processing file /home/ec2-user/environment/lab4_model_training/dags/ml_pipeline_dag.py for tasks to queue
[2026-03-30T02:29:41.485+0000] {logging_mixin.py:190} INFO - [2026-03-30T02:29:41.485+0000] {dagbag.py:588} INFO - Filling up the DagBag from /home/ec2-user/environment/lab4_model_training/dags/ml_pipeline_dag.py
[2026-03-30T02:29:42.746+0000] {processor.py:925} INFO - DAG(s) 'ml_training_pipeline_v2' retrieved from /home/ec2-user/environment/lab4_model_training/dags/ml_pipeline_dag.py
[2026-03-30T02:29:42.759+0000] {logging_mixin.py:190} INFO - [2026-03-30T02:29:42.759+0000] {dag.py:3239} INFO - Sync 1 DAGs
[2026-03-30T02:29:42.767+0000] {logging_mixin.py:190} INFO - [2026-03-30T02:29:42.767+0000] {dag.py:4180} INFO - Setting next_dagrun for ml_training_pipeline_v2 to None, run_after=None
[2026-03-30T02:29:42.784+0000] {processor.py:208} INFO - Processing /home/ec2-user/environment/lab4_model_training/dags/ml_pipeline_dag.py took 1.306 seconds
[2026-03-30T02:30:12.956+0000] {processor.py:186} INFO - Started process (PID=8184) to work on /home/ec2-user/environment/lab4_model_training/dags/ml_pipeline_dag.py
[2026-03-30T02:30:12.957+0000] {processor.py:914} INFO - Processing file /home/ec2-user/environment/lab4_model_training/dags/ml_pipeline_dag.py for tasks to queue
[2026-03-30T02:30:12.959+0000] {logging_mixin.py:190} INFO - [2026-03-30T02:30:12.958+0000] {dagbag.py:588} INFO - Filling up the DagBag from /home/ec2-user/environment/lab4_model_training/dags/ml_pipeline_dag.py
[2026-03-30T02:30:14.256+0000] {processor.py:925} INFO - DAG(s) 'ml_training_pipeline_v2' retrieved from /home/ec2-user/environment/lab4_model_training/dags/ml_pipeline_dag.py
[2026-03-30T02:30:14.269+0000] {logging_mixin.py:190} INFO - [2026-03-30T02:30:14.269+0000] {dag.py:3239} INFO - Sync 1 DAGs
[2026-03-30T02:30:14.281+0000] {logging_mixin.py:190} INFO - [2026-03-30T02:30:14.280+0000] {dag.py:4180} INFO - Setting next_dagrun for ml_training_pipeline_v2 to None, run_after=None
[2026-03-30T02:30:14.297+0000] {processor.py:208} INFO - Processing /home/ec2-user/environment/lab4_model_training/dags/ml_pipeline_dag.py took 1.346 seconds
[2026-03-30T02:30:44.428+0000] {processor.py:186} INFO - Started process (PID=8364) to work on /home/ec2-user/environment/lab4_model_training/dags/ml_pipeline_dag.py
[2026-03-30T02:30:44.429+0000] {processor.py:914} INFO - Processing file /home/ec2-user/environment/lab4_model_training/dags/ml_pipeline_dag.py for tasks to queue
[2026-03-30T02:30:44.430+0000] {logging_mixin.py:190} INFO - [2026-03-30T02:30:44.430+0000] {dagbag.py:588} INFO - Filling up the DagBag from /home/ec2-user/environment/lab4_model_training/dags/ml_pipeline_dag.py
[2026-03-30T02:30:45.711+0000] {processor.py:925} INFO - DAG(s) 'ml_training_pipeline_v2' retrieved from /home/ec2-user/environment/lab4_model_training/dags/ml_pipeline_dag.py
[2026-03-30T02:30:45.724+0000] {logging_mixin.py:190} INFO - [2026-03-30T02:30:45.724+0000] {dag.py:3239} INFO - Sync 1 DAGs
[2026-03-30T02:30:45.733+0000] {logging_mixin.py:190} INFO - [2026-03-30T02:30:45.733+0000] {dag.py:4180} INFO - Setting next_dagrun for ml_training_pipeline_v2 to None, run_after=None
[2026-03-30T02:30:45.750+0000] {processor.py:208} INFO - Processing /home/ec2-user/environment/lab4_model_training/dags/ml_pipeline_dag.py took 1.327 seconds
[2026-03-30T02:31:15.900+0000] {processor.py:186} INFO - Started process (PID=8487) to work on /home/ec2-user/environment/lab4_model_training/dags/ml_pipeline_dag.py
[2026-03-30T02:31:15.901+0000] {processor.py:914} INFO - Processing file /home/ec2-user/environment/lab4_model_training/dags/ml_pipeline_dag.py for tasks to queue
[2026-03-30T02:31:15.902+0000] {logging_mixin.py:190} INFO - [2026-03-30T02:31:15.902+0000] {dagbag.py:588} INFO - Filling up the DagBag from /home/ec2-user/environment/lab4_model_training/dags/ml_pipeline_dag.py
[2026-03-30T02:31:17.247+0000] {processor.py:925} INFO - DAG(s) 'ml_training_pipeline_v2' retrieved from /home/ec2-user/environment/lab4_model_training/dags/ml_pipeline_dag.py
[2026-03-30T02:31:17.260+0000] {logging_mixin.py:190} INFO - [2026-03-30T02:31:17.260+0000] {dag.py:3239} INFO - Sync 1 DAGs
[2026-03-30T02:31:17.270+0000] {logging_mixin.py:190} INFO - [2026-03-30T02:31:17.270+0000] {dag.py:4180} INFO - Setting next_dagrun for ml_training_pipeline_v2 to None, run_after=None
[2026-03-30T02:31:17.288+0000] {processor.py:208} INFO - Processing /home/ec2-user/environment/lab4_model_training/dags/ml_pipeline_dag.py took 1.393 seconds
[2026-03-30T02:31:47.382+0000] {processor.py:186} INFO - Started process (PID=8656) to work on /home/ec2-user/environment/lab4_model_training/dags/ml_pipeline_dag.py
[2026-03-30T02:31:47.383+0000] {processor.py:914} INFO - Processing file /home/ec2-user/environment/lab4_model_training/dags/ml_pipeline_dag.py for tasks to queue
[2026-03-30T02:31:47.384+0000] {logging_mixin.py:190} INFO - [2026-03-30T02:31:47.384+0000] {dagbag.py:588} INFO - Filling up the DagBag from /home/ec2-user/environment/lab4_model_training/dags/ml_pipeline_dag.py
[2026-03-30T02:31:48.795+0000] {processor.py:925} INFO - DAG(s) 'ml_training_pipeline_v2' retrieved from /home/ec2-user/environment/lab4_model_training/dags/ml_pipeline_dag.py
[2026-03-30T02:31:48.809+0000] {logging_mixin.py:190} INFO - [2026-03-30T02:31:48.809+0000] {dag.py:3239} INFO - Sync 1 DAGs
[2026-03-30T02:31:48.821+0000] {logging_mixin.py:190} INFO - [2026-03-30T02:31:48.821+0000] {dag.py:4180} INFO - Setting next_dagrun for ml_training_pipeline_v2 to None, run_after=None
[2026-03-30T02:31:48.840+0000] {processor.py:208} INFO - Processing /home/ec2-user/environment/lab4_model_training/dags/ml_pipeline_dag.py took 1.463 seconds
[2026-03-30T02:32:18.968+0000] {processor.py:186} INFO - Started process (PID=8784) to work on /home/ec2-user/environment/lab4_model_training/dags/ml_pipeline_dag.py
[2026-03-30T02:32:18.969+0000] {processor.py:914} INFO - Processing file /home/ec2-user/environment/lab4_model_training/dags/ml_pipeline_dag.py for tasks to queue
[2026-03-30T02:32:18.971+0000] {logging_mixin.py:190} INFO - [2026-03-30T02:32:18.970+0000] {dagbag.py:588} INFO - Filling up the DagBag from /home/ec2-user/environment/lab4_model_training/dags/ml_pipeline_dag.py
[2026-03-30T02:32:20.761+0000] {processor.py:925} INFO - DAG(s) 'ml_training_pipeline_v2' retrieved from /home/ec2-user/environment/lab4_model_training/dags/ml_pipeline_dag.py
[2026-03-30T02:32:20.781+0000] {logging_mixin.py:190} INFO - [2026-03-30T02:32:20.781+0000] {dag.py:3239} INFO - Sync 1 DAGs
[2026-03-30T02:32:20.793+0000] {logging_mixin.py:190} INFO - [2026-03-30T02:32:20.793+0000] {dag.py:4180} INFO - Setting next_dagrun for ml_training_pipeline_v2 to None, run_after=None
[2026-03-30T02:32:20.834+0000] {processor.py:208} INFO - Processing /home/ec2-user/environment/lab4_model_training/dags/ml_pipeline_dag.py took 1.872 seconds
[2026-03-30T02:32:51.014+0000] {processor.py:186} INFO - Started process (PID=9010) to work on /home/ec2-user/environment/lab4_model_training/dags/ml_pipeline_dag.py
[2026-03-30T02:32:51.016+0000] {processor.py:914} INFO - Processing file /home/ec2-user/environment/lab4_model_training/dags/ml_pipeline_dag.py for tasks to queue
[2026-03-30T02:32:51.018+0000] {logging_mixin.py:190} INFO - [2026-03-30T02:32:51.017+0000] {dagbag.py:588} INFO - Filling up the DagBag from /home/ec2-user/environment/lab4_model_training/dags/ml_pipeline_dag.py
[2026-03-30T02:32:52.400+0000] {processor.py:925} INFO - DAG(s) 'ml_training_pipeline_v2' retrieved from /home/ec2-user/environment/lab4_model_training/dags/ml_pipeline_dag.py
[2026-03-30T02:32:52.413+0000] {logging_mixin.py:190} INFO - [2026-03-30T02:32:52.413+0000] {dag.py:3239} INFO - Sync 1 DAGs
[2026-03-30T02:32:52.423+0000] {logging_mixin.py:190} INFO - [2026-03-30T02:32:52.423+0000] {dag.py:4180} INFO - Setting next_dagrun for ml_training_pipeline_v2 to None, run_after=None
[2026-03-30T02:32:52.440+0000] {processor.py:208} INFO - Processing /home/ec2-user/environment/lab4_model_training/dags/ml_pipeline_dag.py took 1.431 seconds
[2026-03-30T02:33:22.599+0000] {processor.py:186} INFO - Started process (PID=9133) to work on /home/ec2-user/environment/lab4_model_training/dags/ml_pipeline_dag.py
[2026-03-30T02:33:22.600+0000] {processor.py:914} INFO - Processing file /home/ec2-user/environment/lab4_model_training/dags/ml_pipeline_dag.py for tasks to queue
[2026-03-30T02:33:22.602+0000] {logging_mixin.py:190} INFO - [2026-03-30T02:33:22.601+0000] {dagbag.py:588} INFO - Filling up the DagBag from /home/ec2-user/environment/lab4_model_training/dags/ml_pipeline_dag.py
[2026-03-30T02:33:23.930+0000] {processor.py:925} INFO - DAG(s) 'ml_training_pipeline_v2' retrieved from /home/ec2-user/environment/lab4_model_training/dags/ml_pipeline_dag.py
[2026-03-30T02:33:23.943+0000] {logging_mixin.py:190} INFO - [2026-03-30T02:33:23.943+0000] {dag.py:3239} INFO - Sync 1 DAGs
[2026-03-30T02:33:23.952+0000] {logging_mixin.py:190} INFO - [2026-03-30T02:33:23.952+0000] {dag.py:4180} INFO - Setting next_dagrun for ml_training_pipeline_v2 to None, run_after=None
[2026-03-30T02:33:23.969+0000] {processor.py:208} INFO - Processing /home/ec2-user/environment/lab4_model_training/dags/ml_pipeline_dag.py took 1.375 seconds
[2026-03-30T02:33:54.085+0000] {processor.py:186} INFO - Started process (PID=9333) to work on /home/ec2-user/environment/lab4_model_training/dags/ml_pipeline_dag.py
[2026-03-30T02:33:54.088+0000] {processor.py:914} INFO - Processing file /home/ec2-user/environment/lab4_model_training/dags/ml_pipeline_dag.py for tasks to queue
[2026-03-30T02:33:54.089+0000] {logging_mixin.py:190} INFO - [2026-03-30T02:33:54.089+0000] {dagbag.py:588} INFO - Filling up the DagBag from /home/ec2-user/environment/lab4_model_training/dags/ml_pipeline_dag.py
[2026-03-30T02:33:57.717+0000] {processor.py:925} INFO - DAG(s) 'ml_training_pipeline_v2' retrieved from /home/ec2-user/environment/lab4_model_training/dags/ml_pipeline_dag.py
[2026-03-30T02:33:57.755+0000] {logging_mixin.py:190} INFO - [2026-03-30T02:33:57.754+0000] {dag.py:3239} INFO - Sync 1 DAGs
[2026-03-30T02:33:57.787+0000] {logging_mixin.py:190} INFO - [2026-03-30T02:33:57.787+0000] {dag.py:4180} INFO - Setting next_dagrun for ml_training_pipeline_v2 to None, run_after=None
[2026-03-30T02:33:57.846+0000] {processor.py:208} INFO - Processing /home/ec2-user/environment/lab4_model_training/dags/ml_pipeline_dag.py took 3.768 seconds
[2026-03-30T02:34:28.016+0000] {processor.py:186} INFO - Started process (PID=9482) to work on /home/ec2-user/environment/lab4_model_training/dags/ml_pipeline_dag.py
[2026-03-30T02:34:28.017+0000] {processor.py:914} INFO - Processing file /home/ec2-user/environment/lab4_model_training/dags/ml_pipeline_dag.py for tasks to queue
[2026-03-30T02:34:28.019+0000] {logging_mixin.py:190} INFO - [2026-03-30T02:34:28.018+0000] {dagbag.py:588} INFO - Filling up the DagBag from /home/ec2-user/environment/lab4_model_training/dags/ml_pipeline_dag.py
[2026-03-30T02:34:30.902+0000] {processor.py:925} INFO - DAG(s) 'ml_training_pipeline_v2' retrieved from /home/ec2-user/environment/lab4_model_training/dags/ml_pipeline_dag.py
[2026-03-30T02:34:30.923+0000] {logging_mixin.py:190} INFO - [2026-03-30T02:34:30.922+0000] {dag.py:3239} INFO - Sync 1 DAGs
[2026-03-30T02:34:30.940+0000] {logging_mixin.py:190} INFO - [2026-03-30T02:34:30.940+0000] {dag.py:4180} INFO - Setting next_dagrun for ml_training_pipeline_v2 to None, run_after=None
[2026-03-30T02:34:30.975+0000] {processor.py:208} INFO - Processing /home/ec2-user/environment/lab4_model_training/dags/ml_pipeline_dag.py took 2.976 seconds
[2026-03-30T02:35:01.153+0000] {processor.py:186} INFO - Started process (PID=9675) to work on /home/ec2-user/environment/lab4_model_training/dags/ml_pipeline_dag.py
[2026-03-30T02:35:01.154+0000] {processor.py:914} INFO - Processing file /home/ec2-user/environment/lab4_model_training/dags/ml_pipeline_dag.py for tasks to queue
[2026-03-30T02:35:01.156+0000] {logging_mixin.py:190} INFO - [2026-03-30T02:35:01.155+0000] {dagbag.py:588} INFO - Filling up the DagBag from /home/ec2-user/environment/lab4_model_training/dags/ml_pipeline_dag.py
[2026-03-30T02:35:03.055+0000] {processor.py:925} INFO - DAG(s) 'ml_training_pipeline_v2' retrieved from /home/ec2-user/environment/lab4_model_training/dags/ml_pipeline_dag.py
[2026-03-30T02:35:03.068+0000] {logging_mixin.py:190} INFO - [2026-03-30T02:35:03.068+0000] {dag.py:3239} INFO - Sync 1 DAGs
[2026-03-30T02:35:03.078+0000] {logging_mixin.py:190} INFO - [2026-03-30T02:35:03.078+0000] {dag.py:4180} INFO - Setting next_dagrun for ml_training_pipeline_v2 to None, run_after=None
[2026-03-30T02:35:03.094+0000] {processor.py:208} INFO - Processing /home/ec2-user/environment/lab4_model_training/dags/ml_pipeline_dag.py took 1.948 seconds
[2026-03-30T02:35:33.223+0000] {processor.py:186} INFO - Started process (PID=9798) to work on /home/ec2-user/environment/lab4_model_training/dags/ml_pipeline_dag.py
[2026-03-30T02:35:33.224+0000] {processor.py:914} INFO - Processing file /home/ec2-user/environment/lab4_model_training/dags/ml_pipeline_dag.py for tasks to queue
[2026-03-30T02:35:33.226+0000] {logging_mixin.py:190} INFO - [2026-03-30T02:35:33.225+0000] {dagbag.py:588} INFO - Filling up the DagBag from /home/ec2-user/environment/lab4_model_training/dags/ml_pipeline_dag.py
[2026-03-30T02:35:34.538+0000] {processor.py:925} INFO - DAG(s) 'ml_training_pipeline_v2' retrieved from /home/ec2-user/environment/lab4_model_training/dags/ml_pipeline_dag.py
[2026-03-30T02:35:34.552+0000] {logging_mixin.py:190} INFO - [2026-03-30T02:35:34.552+0000] {dag.py:3239} INFO - Sync 1 DAGs
[2026-03-30T02:35:34.561+0000] {logging_mixin.py:190} INFO - [2026-03-30T02:35:34.561+0000] {dag.py:4180} INFO - Setting next_dagrun for ml_training_pipeline_v2 to None, run_after=None
[2026-03-30T02:35:34.580+0000] {processor.py:208} INFO - Processing /home/ec2-user/environment/lab4_model_training/dags/ml_pipeline_dag.py took 1.362 seconds
[2026-03-30T02:36:04.696+0000] {processor.py:186} INFO - Started process (PID=9970) to work on /home/ec2-user/environment/lab4_model_training/dags/ml_pipeline_dag.py
[2026-03-30T02:36:04.696+0000] {processor.py:914} INFO - Processing file /home/ec2-user/environment/lab4_model_training/dags/ml_pipeline_dag.py for tasks to queue
[2026-03-30T02:36:04.698+0000] {logging_mixin.py:190} INFO - [2026-03-30T02:36:04.697+0000] {dagbag.py:588} INFO - Filling up the DagBag from /home/ec2-user/environment/lab4_model_training/dags/ml_pipeline_dag.py
[2026-03-30T02:36:05.989+0000] {processor.py:925} INFO - DAG(s) 'ml_training_pipeline_v2' retrieved from /home/ec2-user/environment/lab4_model_training/dags/ml_pipeline_dag.py
[2026-03-30T02:36:06.003+0000] {logging_mixin.py:190} INFO - [2026-03-30T02:36:06.002+0000] {dag.py:3239} INFO - Sync 1 DAGs
[2026-03-30T02:36:06.011+0000] {logging_mixin.py:190} INFO - [2026-03-30T02:36:06.011+0000] {dag.py:4180} INFO - Setting next_dagrun for ml_training_pipeline_v2 to None, run_after=None
[2026-03-30T02:36:06.029+0000] {processor.py:208} INFO - Processing /home/ec2-user/environment/lab4_model_training/dags/ml_pipeline_dag.py took 1.338 seconds
[2026-03-30T02:36:36.169+0000] {processor.py:186} INFO - Started process (PID=10063) to work on /home/ec2-user/environment/lab4_model_training/dags/ml_pipeline_dag.py
[2026-03-30T02:36:36.170+0000] {processor.py:914} INFO - Processing file /home/ec2-user/environment/lab4_model_training/dags/ml_pipeline_dag.py for tasks to queue
[2026-03-30T02:36:36.171+0000] {logging_mixin.py:190} INFO - [2026-03-30T02:36:36.171+0000] {dagbag.py:588} INFO - Filling up the DagBag from /home/ec2-user/environment/lab4_model_training/dags/ml_pipeline_dag.py
[2026-03-30T02:36:37.523+0000] {processor.py:925} INFO - DAG(s) 'ml_training_pipeline_v2' retrieved from /home/ec2-user/environment/lab4_model_training/dags/ml_pipeline_dag.py
[2026-03-30T02:36:37.539+0000] {logging_mixin.py:190} INFO - [2026-03-30T02:36:37.539+0000] {dag.py:3239} INFO - Sync 1 DAGs
[2026-03-30T02:36:37.548+0000] {logging_mixin.py:190} INFO - [2026-03-30T02:36:37.548+0000] {dag.py:4180} INFO - Setting next_dagrun for ml_training_pipeline_v2 to None, run_after=None
[2026-03-30T02:36:37.565+0000] {processor.py:208} INFO - Processing /home/ec2-user/environment/lab4_model_training/dags/ml_pipeline_dag.py took 1.402 seconds
[2026-03-30T02:37:07.744+0000] {processor.py:186} INFO - Started process (PID=10157) to work on /home/ec2-user/environment/lab4_model_training/dags/ml_pipeline_dag.py
[2026-03-30T02:37:07.745+0000] {processor.py:914} INFO - Processing file /home/ec2-user/environment/lab4_model_training/dags/ml_pipeline_dag.py for tasks to queue
[2026-03-30T02:37:07.746+0000] {logging_mixin.py:190} INFO - [2026-03-30T02:37:07.746+0000] {dagbag.py:588} INFO - Filling up the DagBag from /home/ec2-user/environment/lab4_model_training/dags/ml_pipeline_dag.py
[2026-03-30T02:37:09.012+0000] {processor.py:925} INFO - DAG(s) 'ml_training_pipeline_v2' retrieved from /home/ec2-user/environment/lab4_model_training/dags/ml_pipeline_dag.py
[2026-03-30T02:37:09.029+0000] {logging_mixin.py:190} INFO - [2026-03-30T02:37:09.028+0000] {dag.py:3239} INFO - Sync 1 DAGs
[2026-03-30T02:37:09.039+0000] {logging_mixin.py:190} INFO - [2026-03-30T02:37:09.038+0000] {dag.py:4180} INFO - Setting next_dagrun for ml_training_pipeline_v2 to None, run_after=None
[2026-03-30T02:37:09.056+0000] {processor.py:208} INFO - Processing /home/ec2-user/environment/lab4_model_training/dags/ml_pipeline_dag.py took 1.318 seconds
[2026-03-30T02:37:39.224+0000] {processor.py:186} INFO - Started process (PID=10300) to work on /home/ec2-user/environment/lab4_model_training/dags/ml_pipeline_dag.py
[2026-03-30T02:37:39.225+0000] {processor.py:914} INFO - Processing file /home/ec2-user/environment/lab4_model_training/dags/ml_pipeline_dag.py for tasks to queue
[2026-03-30T02:37:39.228+0000] {logging_mixin.py:190} INFO - [2026-03-30T02:37:39.227+0000] {dagbag.py:588} INFO - Filling up the DagBag from /home/ec2-user/environment/lab4_model_training/dags/ml_pipeline_dag.py
[2026-03-30T02:37:40.520+0000] {processor.py:925} INFO - DAG(s) 'ml_training_pipeline_v2' retrieved from /home/ec2-user/environment/lab4_model_training/dags/ml_pipeline_dag.py
[2026-03-30T02:37:40.533+0000] {logging_mixin.py:190} INFO - [2026-03-30T02:37:40.533+0000] {dag.py:3239} INFO - Sync 1 DAGs
[2026-03-30T02:37:40.548+0000] {logging_mixin.py:190} INFO - [2026-03-30T02:37:40.547+0000] {dag.py:4180} INFO - Setting next_dagrun for ml_training_pipeline_v2 to None, run_after=None
[2026-03-30T02:37:40.567+0000] {processor.py:208} INFO - Processing /home/ec2-user/environment/lab4_model_training/dags/ml_pipeline_dag.py took 1.348 seconds
[2026-03-30T02:38:10.698+0000] {processor.py:186} INFO - Started process (PID=10399) to work on /home/ec2-user/environment/lab4_model_training/dags/ml_pipeline_dag.py
[2026-03-30T02:38:10.699+0000] {processor.py:914} INFO - Processing file /home/ec2-user/environment/lab4_model_training/dags/ml_pipeline_dag.py for tasks to queue
[2026-03-30T02:38:10.701+0000] {logging_mixin.py:190} INFO - [2026-03-30T02:38:10.700+0000] {dagbag.py:588} INFO - Filling up the DagBag from /home/ec2-user/environment/lab4_model_training/dags/ml_pipeline_dag.py
[2026-03-30T02:38:11.990+0000] {processor.py:925} INFO - DAG(s) 'ml_training_pipeline_v2' retrieved from /home/ec2-user/environment/lab4_model_training/dags/ml_pipeline_dag.py
[2026-03-30T02:38:12.009+0000] {logging_mixin.py:190} INFO - [2026-03-30T02:38:12.008+0000] {dag.py:3239} INFO - Sync 1 DAGs
[2026-03-30T02:38:12.022+0000] {logging_mixin.py:190} INFO - [2026-03-30T02:38:12.022+0000] {dag.py:4180} INFO - Setting next_dagrun for ml_training_pipeline_v2 to None, run_after=None
[2026-03-30T02:38:12.039+0000] {processor.py:208} INFO - Processing /home/ec2-user/environment/lab4_model_training/dags/ml_pipeline_dag.py took 1.346 seconds
[2026-03-30T02:38:42.175+0000] {processor.py:186} INFO - Started process (PID=10532) to work on /home/ec2-user/environment/lab4_model_training/dags/ml_pipeline_dag.py
[2026-03-30T02:38:42.176+0000] {processor.py:914} INFO - Processing file /home/ec2-user/environment/lab4_model_training/dags/ml_pipeline_dag.py for tasks to queue
[2026-03-30T02:38:42.177+0000] {logging_mixin.py:190} INFO - [2026-03-30T02:38:42.177+0000] {dagbag.py:588} INFO - Filling up the DagBag from /home/ec2-user/environment/lab4_model_training/dags/ml_pipeline_dag.py
[2026-03-30T02:38:43.822+0000] {processor.py:925} INFO - DAG(s) 'ml_training_pipeline_v2' retrieved from /home/ec2-user/environment/lab4_model_training/dags/ml_pipeline_dag.py
[2026-03-30T02:38:43.836+0000] {logging_mixin.py:190} INFO - [2026-03-30T02:38:43.836+0000] {dag.py:3239} INFO - Sync 1 DAGs
[2026-03-30T02:38:43.845+0000] {logging_mixin.py:190} INFO - [2026-03-30T02:38:43.845+0000] {dag.py:4180} INFO - Setting next_dagrun for ml_training_pipeline_v2 to None, run_after=None
[2026-03-30T02:38:43.872+0000] {processor.py:208} INFO - Processing /home/ec2-user/environment/lab4_model_training/dags/ml_pipeline_dag.py took 1.705 seconds
[2026-03-30T02:39:14.055+0000] {processor.py:186} INFO - Started process (PID=10627) to work on /home/ec2-user/environment/lab4_model_training/dags/ml_pipeline_dag.py
[2026-03-30T02:39:14.056+0000] {processor.py:914} INFO - Processing file /home/ec2-user/environment/lab4_model_training/dags/ml_pipeline_dag.py for tasks to queue
[2026-03-30T02:39:14.057+0000] {logging_mixin.py:190} INFO - [2026-03-30T02:39:14.057+0000] {dagbag.py:588} INFO - Filling up the DagBag from /home/ec2-user/environment/lab4_model_training/dags/ml_pipeline_dag.py
[2026-03-30T02:39:15.411+0000] {processor.py:925} INFO - DAG(s) 'ml_training_pipeline_v2' retrieved from /home/ec2-user/environment/lab4_model_training/dags/ml_pipeline_dag.py
[2026-03-30T02:39:15.425+0000] {logging_mixin.py:190} INFO - [2026-03-30T02:39:15.424+0000] {dag.py:3239} INFO - Sync 1 DAGs
[2026-03-30T02:39:15.434+0000] {logging_mixin.py:190} INFO - [2026-03-30T02:39:15.434+0000] {dag.py:4180} INFO - Setting next_dagrun for ml_training_pipeline_v2 to None, run_after=None
[2026-03-30T02:39:15.452+0000] {processor.py:208} INFO - Processing /home/ec2-user/environment/lab4_model_training/dags/ml_pipeline_dag.py took 1.402 seconds
[2026-03-30T02:39:45.629+0000] {processor.py:186} INFO - Started process (PID=10701) to work on /home/ec2-user/environment/lab4_model_training/dags/ml_pipeline_dag.py
[2026-03-30T02:39:45.629+0000] {processor.py:914} INFO - Processing file /home/ec2-user/environment/lab4_model_training/dags/ml_pipeline_dag.py for tasks to queue
[2026-03-30T02:39:45.631+0000] {logging_mixin.py:190} INFO - [2026-03-30T02:39:45.630+0000] {dagbag.py:588} INFO - Filling up the DagBag from /home/ec2-user/environment/lab4_model_training/dags/ml_pipeline_dag.py
[2026-03-30T02:39:46.915+0000] {processor.py:925} INFO - DAG(s) 'ml_training_pipeline_v2' retrieved from /home/ec2-user/environment/lab4_model_training/dags/ml_pipeline_dag.py
[2026-03-30T02:39:46.928+0000] {logging_mixin.py:190} INFO - [2026-03-30T02:39:46.928+0000] {dag.py:3239} INFO - Sync 1 DAGs
[2026-03-30T02:39:46.937+0000] {logging_mixin.py:190} INFO - [2026-03-30T02:39:46.937+0000] {dag.py:4180} INFO - Setting next_dagrun for ml_training_pipeline_v2 to None, run_after=None
[2026-03-30T02:39:46.958+0000] {processor.py:208} INFO - Processing /home/ec2-user/environment/lab4_model_training/dags/ml_pipeline_dag.py took 1.334 seconds
[2026-03-30T02:40:17.111+0000] {processor.py:186} INFO - Started process (PID=10897) to work on /home/ec2-user/environment/lab4_model_training/dags/ml_pipeline_dag.py
[2026-03-30T02:40:17.112+0000] {processor.py:914} INFO - Processing file /home/ec2-user/environment/lab4_model_training/dags/ml_pipeline_dag.py for tasks to queue
[2026-03-30T02:40:17.114+0000] {logging_mixin.py:190} INFO - [2026-03-30T02:40:17.113+0000] {dagbag.py:588} INFO - Filling up the DagBag from /home/ec2-user/environment/lab4_model_training/dags/ml_pipeline_dag.py
[2026-03-30T02:40:18.558+0000] {processor.py:925} INFO - DAG(s) 'ml_training_pipeline_v2' retrieved from /home/ec2-user/environment/lab4_model_training/dags/ml_pipeline_dag.py
[2026-03-30T02:40:18.571+0000] {logging_mixin.py:190} INFO - [2026-03-30T02:40:18.571+0000] {dag.py:3239} INFO - Sync 1 DAGs
[2026-03-30T02:40:18.580+0000] {logging_mixin.py:190} INFO - [2026-03-30T02:40:18.580+0000] {dag.py:4180} INFO - Setting next_dagrun for ml_training_pipeline_v2 to None, run_after=None
[2026-03-30T02:40:18.599+0000] {processor.py:208} INFO - Processing /home/ec2-user/environment/lab4_model_training/dags/ml_pipeline_dag.py took 1.495 seconds
