[2026-03-30T01:55:24.684+0000] {processor.py:186} INFO - Started process (PID=2856) to work on /home/ec2-user/environment/lab4_model_training/dags/train_model_dag.py
[2026-03-30T01:55:24.685+0000] {processor.py:914} INFO - Processing file /home/ec2-user/environment/lab4_model_training/dags/train_model_dag.py for tasks to queue
[2026-03-30T01:55:24.686+0000] {logging_mixin.py:190} INFO - [2026-03-30T01:55:24.685+0000] {dagbag.py:588} INFO - Filling up the DagBag from /home/ec2-user/environment/lab4_model_training/dags/train_model_dag.py
[2026-03-30T01:55:24.688+0000] {processor.py:927} WARNING - No viable dags retrieved from /home/ec2-user/environment/lab4_model_training/dags/train_model_dag.py
[2026-03-30T01:55:24.696+0000] {processor.py:208} INFO - Processing /home/ec2-user/environment/lab4_model_training/dags/train_model_dag.py took 0.017 seconds
[2026-03-30T01:55:55.909+0000] {processor.py:186} INFO - Started process (PID=2938) to work on /home/ec2-user/environment/lab4_model_training/dags/train_model_dag.py
[2026-03-30T01:55:55.910+0000] {processor.py:914} INFO - Processing file /home/ec2-user/environment/lab4_model_training/dags/train_model_dag.py for tasks to queue
[2026-03-30T01:55:55.911+0000] {logging_mixin.py:190} INFO - [2026-03-30T01:55:55.911+0000] {dagbag.py:588} INFO - Filling up the DagBag from /home/ec2-user/environment/lab4_model_training/dags/train_model_dag.py
[2026-03-30T01:55:55.913+0000] {processor.py:927} WARNING - No viable dags retrieved from /home/ec2-user/environment/lab4_model_training/dags/train_model_dag.py
[2026-03-30T01:55:55.922+0000] {processor.py:208} INFO - Processing /home/ec2-user/environment/lab4_model_training/dags/train_model_dag.py took 0.017 seconds
[2026-03-30T02:06:03.662+0000] {processor.py:186} INFO - Started process (PID=2784) to work on /home/ec2-user/environment/lab4_model_training/dags/train_model_dag.py
[2026-03-30T02:06:03.663+0000] {processor.py:914} INFO - Processing file /home/ec2-user/environment/lab4_model_training/dags/train_model_dag.py for tasks to queue
[2026-03-30T02:06:03.664+0000] {logging_mixin.py:190} INFO - [2026-03-30T02:06:03.664+0000] {dagbag.py:588} INFO - Filling up the DagBag from /home/ec2-user/environment/lab4_model_training/dags/train_model_dag.py
[2026-03-30T02:06:03.666+0000] {processor.py:927} WARNING - No viable dags retrieved from /home/ec2-user/environment/lab4_model_training/dags/train_model_dag.py
[2026-03-30T02:06:03.675+0000] {processor.py:208} INFO - Processing /home/ec2-user/environment/lab4_model_training/dags/train_model_dag.py took 0.018 seconds
[2026-03-30T02:06:34.865+0000] {processor.py:186} INFO - Started process (PID=2857) to work on /home/ec2-user/environment/lab4_model_training/dags/train_model_dag.py
[2026-03-30T02:06:34.865+0000] {processor.py:914} INFO - Processing file /home/ec2-user/environment/lab4_model_training/dags/train_model_dag.py for tasks to queue
[2026-03-30T02:06:34.866+0000] {logging_mixin.py:190} INFO - [2026-03-30T02:06:34.866+0000] {dagbag.py:588} INFO - Filling up the DagBag from /home/ec2-user/environment/lab4_model_training/dags/train_model_dag.py
[2026-03-30T02:06:34.868+0000] {processor.py:927} WARNING - No viable dags retrieved from /home/ec2-user/environment/lab4_model_training/dags/train_model_dag.py
[2026-03-30T02:06:34.877+0000] {processor.py:208} INFO - Processing /home/ec2-user/environment/lab4_model_training/dags/train_model_dag.py took 0.017 seconds
[2026-03-30T02:07:07.736+0000] {processor.py:186} INFO - Started process (PID=2999) to work on /home/ec2-user/environment/lab4_model_training/dags/train_model_dag.py
[2026-03-30T02:07:07.737+0000] {processor.py:914} INFO - Processing file /home/ec2-user/environment/lab4_model_training/dags/train_model_dag.py for tasks to queue
[2026-03-30T02:07:07.739+0000] {logging_mixin.py:190} INFO - [2026-03-30T02:07:07.738+0000] {dagbag.py:588} INFO - Filling up the DagBag from /home/ec2-user/environment/lab4_model_training/dags/train_model_dag.py
[2026-03-30T02:07:07.741+0000] {processor.py:927} WARNING - No viable dags retrieved from /home/ec2-user/environment/lab4_model_training/dags/train_model_dag.py
[2026-03-30T02:07:07.750+0000] {processor.py:208} INFO - Processing /home/ec2-user/environment/lab4_model_training/dags/train_model_dag.py took 0.018 seconds
[2026-03-30T02:07:39.457+0000] {processor.py:186} INFO - Started process (PID=3078) to work on /home/ec2-user/environment/lab4_model_training/dags/train_model_dag.py
[2026-03-30T02:07:39.457+0000] {processor.py:914} INFO - Processing file /home/ec2-user/environment/lab4_model_training/dags/train_model_dag.py for tasks to queue
[2026-03-30T02:07:39.458+0000] {logging_mixin.py:190} INFO - [2026-03-30T02:07:39.458+0000] {dagbag.py:588} INFO - Filling up the DagBag from /home/ec2-user/environment/lab4_model_training/dags/train_model_dag.py
[2026-03-30T02:07:39.463+0000] {processor.py:927} WARNING - No viable dags retrieved from /home/ec2-user/environment/lab4_model_training/dags/train_model_dag.py
[2026-03-30T02:07:39.471+0000] {processor.py:208} INFO - Processing /home/ec2-user/environment/lab4_model_training/dags/train_model_dag.py took 0.019 seconds
[2026-03-30T02:08:11.183+0000] {processor.py:186} INFO - Started process (PID=3164) to work on /home/ec2-user/environment/lab4_model_training/dags/train_model_dag.py
[2026-03-30T02:08:11.184+0000] {processor.py:914} INFO - Processing file /home/ec2-user/environment/lab4_model_training/dags/train_model_dag.py for tasks to queue
[2026-03-30T02:08:11.186+0000] {logging_mixin.py:190} INFO - [2026-03-30T02:08:11.185+0000] {dagbag.py:588} INFO - Filling up the DagBag from /home/ec2-user/environment/lab4_model_training/dags/train_model_dag.py
[2026-03-30T02:08:11.188+0000] {processor.py:927} WARNING - No viable dags retrieved from /home/ec2-user/environment/lab4_model_training/dags/train_model_dag.py
[2026-03-30T02:08:11.197+0000] {processor.py:208} INFO - Processing /home/ec2-user/environment/lab4_model_training/dags/train_model_dag.py took 0.018 seconds
[2026-03-30T02:08:42.797+0000] {processor.py:186} INFO - Started process (PID=3296) to work on /home/ec2-user/environment/lab4_model_training/dags/train_model_dag.py
[2026-03-30T02:08:42.798+0000] {processor.py:914} INFO - Processing file /home/ec2-user/environment/lab4_model_training/dags/train_model_dag.py for tasks to queue
[2026-03-30T02:08:42.799+0000] {logging_mixin.py:190} INFO - [2026-03-30T02:08:42.799+0000] {dagbag.py:588} INFO - Filling up the DagBag from /home/ec2-user/environment/lab4_model_training/dags/train_model_dag.py
[2026-03-30T02:08:42.801+0000] {processor.py:927} WARNING - No viable dags retrieved from /home/ec2-user/environment/lab4_model_training/dags/train_model_dag.py
[2026-03-30T02:08:42.810+0000] {processor.py:208} INFO - Processing /home/ec2-user/environment/lab4_model_training/dags/train_model_dag.py took 0.017 seconds
[2026-03-30T02:09:14.407+0000] {processor.py:186} INFO - Started process (PID=3382) to work on /home/ec2-user/environment/lab4_model_training/dags/train_model_dag.py
[2026-03-30T02:09:14.408+0000] {processor.py:914} INFO - Processing file /home/ec2-user/environment/lab4_model_training/dags/train_model_dag.py for tasks to queue
[2026-03-30T02:09:14.409+0000] {logging_mixin.py:190} INFO - [2026-03-30T02:09:14.409+0000] {dagbag.py:588} INFO - Filling up the DagBag from /home/ec2-user/environment/lab4_model_training/dags/train_model_dag.py
[2026-03-30T02:09:14.412+0000] {processor.py:927} WARNING - No viable dags retrieved from /home/ec2-user/environment/lab4_model_training/dags/train_model_dag.py
[2026-03-30T02:09:14.420+0000] {processor.py:208} INFO - Processing /home/ec2-user/environment/lab4_model_training/dags/train_model_dag.py took 0.018 seconds
[2026-03-30T02:09:45.045+0000] {processor.py:186} INFO - Started process (PID=3459) to work on /home/ec2-user/environment/lab4_model_training/dags/train_model_dag.py
[2026-03-30T02:09:45.047+0000] {processor.py:914} INFO - Processing file /home/ec2-user/environment/lab4_model_training/dags/train_model_dag.py for tasks to queue
[2026-03-30T02:09:45.048+0000] {logging_mixin.py:190} INFO - [2026-03-30T02:09:45.047+0000] {dagbag.py:588} INFO - Filling up the DagBag from /home/ec2-user/environment/lab4_model_training/dags/train_model_dag.py
[2026-03-30T02:09:45.050+0000] {processor.py:927} WARNING - No viable dags retrieved from /home/ec2-user/environment/lab4_model_training/dags/train_model_dag.py
[2026-03-30T02:09:45.060+0000] {processor.py:208} INFO - Processing /home/ec2-user/environment/lab4_model_training/dags/train_model_dag.py took 0.019 seconds
[2026-03-30T02:10:17.634+0000] {processor.py:186} INFO - Started process (PID=3626) to work on /home/ec2-user/environment/lab4_model_training/dags/train_model_dag.py
[2026-03-30T02:10:17.635+0000] {processor.py:914} INFO - Processing file /home/ec2-user/environment/lab4_model_training/dags/train_model_dag.py for tasks to queue
[2026-03-30T02:10:17.636+0000] {logging_mixin.py:190} INFO - [2026-03-30T02:10:17.635+0000] {dagbag.py:588} INFO - Filling up the DagBag from /home/ec2-user/environment/lab4_model_training/dags/train_model_dag.py
[2026-03-30T02:10:17.638+0000] {processor.py:927} WARNING - No viable dags retrieved from /home/ec2-user/environment/lab4_model_training/dags/train_model_dag.py
[2026-03-30T02:10:17.647+0000] {processor.py:208} INFO - Processing /home/ec2-user/environment/lab4_model_training/dags/train_model_dag.py took 0.018 seconds
[2026-03-30T02:10:49.309+0000] {processor.py:186} INFO - Started process (PID=3704) to work on /home/ec2-user/environment/lab4_model_training/dags/train_model_dag.py
[2026-03-30T02:10:49.310+0000] {processor.py:914} INFO - Processing file /home/ec2-user/environment/lab4_model_training/dags/train_model_dag.py for tasks to queue
[2026-03-30T02:10:49.312+0000] {logging_mixin.py:190} INFO - [2026-03-30T02:10:49.311+0000] {dagbag.py:588} INFO - Filling up the DagBag from /home/ec2-user/environment/lab4_model_training/dags/train_model_dag.py
[2026-03-30T02:10:49.314+0000] {processor.py:927} WARNING - No viable dags retrieved from /home/ec2-user/environment/lab4_model_training/dags/train_model_dag.py
[2026-03-30T02:10:49.323+0000] {processor.py:208} INFO - Processing /home/ec2-user/environment/lab4_model_training/dags/train_model_dag.py took 0.018 seconds
[2026-03-30T02:11:20.882+0000] {processor.py:186} INFO - Started process (PID=3798) to work on /home/ec2-user/environment/lab4_model_training/dags/train_model_dag.py
[2026-03-30T02:11:20.883+0000] {processor.py:914} INFO - Processing file /home/ec2-user/environment/lab4_model_training/dags/train_model_dag.py for tasks to queue
[2026-03-30T02:11:20.884+0000] {logging_mixin.py:190} INFO - [2026-03-30T02:11:20.884+0000] {dagbag.py:588} INFO - Filling up the DagBag from /home/ec2-user/environment/lab4_model_training/dags/train_model_dag.py
[2026-03-30T02:11:20.886+0000] {processor.py:927} WARNING - No viable dags retrieved from /home/ec2-user/environment/lab4_model_training/dags/train_model_dag.py
[2026-03-30T02:11:20.895+0000] {processor.py:208} INFO - Processing /home/ec2-user/environment/lab4_model_training/dags/train_model_dag.py took 0.017 seconds
[2026-03-30T02:11:53.207+0000] {processor.py:186} INFO - Started process (PID=3987) to work on /home/ec2-user/environment/lab4_model_training/dags/train_model_dag.py
[2026-03-30T02:11:53.208+0000] {processor.py:914} INFO - Processing file /home/ec2-user/environment/lab4_model_training/dags/train_model_dag.py for tasks to queue
[2026-03-30T02:11:53.209+0000] {logging_mixin.py:190} INFO - [2026-03-30T02:11:53.209+0000] {dagbag.py:588} INFO - Filling up the DagBag from /home/ec2-user/environment/lab4_model_training/dags/train_model_dag.py
[2026-03-30T02:11:53.211+0000] {processor.py:927} WARNING - No viable dags retrieved from /home/ec2-user/environment/lab4_model_training/dags/train_model_dag.py
[2026-03-30T02:11:53.220+0000] {processor.py:208} INFO - Processing /home/ec2-user/environment/lab4_model_training/dags/train_model_dag.py took 0.018 seconds
[2026-03-30T02:12:24.679+0000] {processor.py:186} INFO - Started process (PID=4096) to work on /home/ec2-user/environment/lab4_model_training/dags/train_model_dag.py
[2026-03-30T02:12:24.680+0000] {processor.py:914} INFO - Processing file /home/ec2-user/environment/lab4_model_training/dags/train_model_dag.py for tasks to queue
[2026-03-30T02:12:24.681+0000] {logging_mixin.py:190} INFO - [2026-03-30T02:12:24.681+0000] {dagbag.py:588} INFO - Filling up the DagBag from /home/ec2-user/environment/lab4_model_training/dags/train_model_dag.py
[2026-03-30T02:12:24.683+0000] {processor.py:927} WARNING - No viable dags retrieved from /home/ec2-user/environment/lab4_model_training/dags/train_model_dag.py
[2026-03-30T02:12:24.692+0000] {processor.py:208} INFO - Processing /home/ec2-user/environment/lab4_model_training/dags/train_model_dag.py took 0.018 seconds
[2026-03-30T02:12:56.159+0000] {processor.py:186} INFO - Started process (PID=4208) to work on /home/ec2-user/environment/lab4_model_training/dags/train_model_dag.py
[2026-03-30T02:12:56.160+0000] {processor.py:914} INFO - Processing file /home/ec2-user/environment/lab4_model_training/dags/train_model_dag.py for tasks to queue
[2026-03-30T02:12:56.161+0000] {logging_mixin.py:190} INFO - [2026-03-30T02:12:56.161+0000] {dagbag.py:588} INFO - Filling up the DagBag from /home/ec2-user/environment/lab4_model_training/dags/train_model_dag.py
[2026-03-30T02:12:56.163+0000] {processor.py:927} WARNING - No viable dags retrieved from /home/ec2-user/environment/lab4_model_training/dags/train_model_dag.py
[2026-03-30T02:12:56.173+0000] {processor.py:208} INFO - Processing /home/ec2-user/environment/lab4_model_training/dags/train_model_dag.py took 0.019 seconds
[2026-03-30T02:13:27.626+0000] {processor.py:186} INFO - Started process (PID=4350) to work on /home/ec2-user/environment/lab4_model_training/dags/train_model_dag.py
[2026-03-30T02:13:27.627+0000] {processor.py:914} INFO - Processing file /home/ec2-user/environment/lab4_model_training/dags/train_model_dag.py for tasks to queue
[2026-03-30T02:13:27.628+0000] {logging_mixin.py:190} INFO - [2026-03-30T02:13:27.628+0000] {dagbag.py:588} INFO - Filling up the DagBag from /home/ec2-user/environment/lab4_model_training/dags/train_model_dag.py
[2026-03-30T02:13:27.631+0000] {processor.py:927} WARNING - No viable dags retrieved from /home/ec2-user/environment/lab4_model_training/dags/train_model_dag.py
[2026-03-30T02:13:27.639+0000] {processor.py:208} INFO - Processing /home/ec2-user/environment/lab4_model_training/dags/train_model_dag.py took 0.018 seconds
[2026-03-30T02:13:59.200+0000] {processor.py:186} INFO - Started process (PID=4544) to work on /home/ec2-user/environment/lab4_model_training/dags/train_model_dag.py
[2026-03-30T02:13:59.201+0000] {processor.py:914} INFO - Processing file /home/ec2-user/environment/lab4_model_training/dags/train_model_dag.py for tasks to queue
[2026-03-30T02:13:59.203+0000] {logging_mixin.py:190} INFO - [2026-03-30T02:13:59.203+0000] {dagbag.py:588} INFO - Filling up the DagBag from /home/ec2-user/environment/lab4_model_training/dags/train_model_dag.py
[2026-03-30T02:13:59.205+0000] {processor.py:927} WARNING - No viable dags retrieved from /home/ec2-user/environment/lab4_model_training/dags/train_model_dag.py
[2026-03-30T02:13:59.214+0000] {processor.py:208} INFO - Processing /home/ec2-user/environment/lab4_model_training/dags/train_model_dag.py took 0.019 seconds
[2026-03-30T02:14:30.789+0000] {processor.py:186} INFO - Started process (PID=4698) to work on /home/ec2-user/environment/lab4_model_training/dags/train_model_dag.py
[2026-03-30T02:14:30.790+0000] {processor.py:914} INFO - Processing file /home/ec2-user/environment/lab4_model_training/dags/train_model_dag.py for tasks to queue
[2026-03-30T02:14:30.791+0000] {logging_mixin.py:190} INFO - [2026-03-30T02:14:30.791+0000] {dagbag.py:588} INFO - Filling up the DagBag from /home/ec2-user/environment/lab4_model_training/dags/train_model_dag.py
[2026-03-30T02:14:30.793+0000] {processor.py:927} WARNING - No viable dags retrieved from /home/ec2-user/environment/lab4_model_training/dags/train_model_dag.py
[2026-03-30T02:14:30.805+0000] {processor.py:208} INFO - Processing /home/ec2-user/environment/lab4_model_training/dags/train_model_dag.py took 0.020 seconds
[2026-03-30T02:15:02.214+0000] {processor.py:186} INFO - Started process (PID=4785) to work on /home/ec2-user/environment/lab4_model_training/dags/train_model_dag.py
[2026-03-30T02:15:02.215+0000] {processor.py:914} INFO - Processing file /home/ec2-user/environment/lab4_model_training/dags/train_model_dag.py for tasks to queue
[2026-03-30T02:15:02.217+0000] {logging_mixin.py:190} INFO - [2026-03-30T02:15:02.216+0000] {dagbag.py:588} INFO - Filling up the DagBag from /home/ec2-user/environment/lab4_model_training/dags/train_model_dag.py
[2026-03-30T02:15:02.219+0000] {processor.py:927} WARNING - No viable dags retrieved from /home/ec2-user/environment/lab4_model_training/dags/train_model_dag.py
[2026-03-30T02:15:02.228+0000] {processor.py:208} INFO - Processing /home/ec2-user/environment/lab4_model_training/dags/train_model_dag.py took 0.018 seconds
[2026-03-30T02:15:33.689+0000] {processor.py:186} INFO - Started process (PID=4874) to work on /home/ec2-user/environment/lab4_model_training/dags/train_model_dag.py
[2026-03-30T02:15:33.691+0000] {processor.py:914} INFO - Processing file /home/ec2-user/environment/lab4_model_training/dags/train_model_dag.py for tasks to queue
[2026-03-30T02:15:33.695+0000] {logging_mixin.py:190} INFO - [2026-03-30T02:15:33.694+0000] {dagbag.py:588} INFO - Filling up the DagBag from /home/ec2-user/environment/lab4_model_training/dags/train_model_dag.py
[2026-03-30T02:15:33.698+0000] {processor.py:927} WARNING - No viable dags retrieved from /home/ec2-user/environment/lab4_model_training/dags/train_model_dag.py
[2026-03-30T02:15:33.720+0000] {processor.py:208} INFO - Processing /home/ec2-user/environment/lab4_model_training/dags/train_model_dag.py took 0.037 seconds
[2026-03-30T02:16:05.260+0000] {processor.py:186} INFO - Started process (PID=5026) to work on /home/ec2-user/environment/lab4_model_training/dags/train_model_dag.py
[2026-03-30T02:16:05.262+0000] {processor.py:914} INFO - Processing file /home/ec2-user/environment/lab4_model_training/dags/train_model_dag.py for tasks to queue
[2026-03-30T02:16:05.263+0000] {logging_mixin.py:190} INFO - [2026-03-30T02:16:05.263+0000] {dagbag.py:588} INFO - Filling up the DagBag from /home/ec2-user/environment/lab4_model_training/dags/train_model_dag.py
[2026-03-30T02:16:05.265+0000] {processor.py:927} WARNING - No viable dags retrieved from /home/ec2-user/environment/lab4_model_training/dags/train_model_dag.py
[2026-03-30T02:16:05.274+0000] {processor.py:208} INFO - Processing /home/ec2-user/environment/lab4_model_training/dags/train_model_dag.py took 0.019 seconds
[2026-03-30T02:16:36.732+0000] {processor.py:186} INFO - Started process (PID=5115) to work on /home/ec2-user/environment/lab4_model_training/dags/train_model_dag.py
[2026-03-30T02:16:36.733+0000] {processor.py:914} INFO - Processing file /home/ec2-user/environment/lab4_model_training/dags/train_model_dag.py for tasks to queue
[2026-03-30T02:16:36.735+0000] {logging_mixin.py:190} INFO - [2026-03-30T02:16:36.735+0000] {dagbag.py:588} INFO - Filling up the DagBag from /home/ec2-user/environment/lab4_model_training/dags/train_model_dag.py
[2026-03-30T02:16:36.737+0000] {processor.py:927} WARNING - No viable dags retrieved from /home/ec2-user/environment/lab4_model_training/dags/train_model_dag.py
[2026-03-30T02:16:36.746+0000] {processor.py:208} INFO - Processing /home/ec2-user/environment/lab4_model_training/dags/train_model_dag.py took 0.018 seconds
[2026-03-30T02:17:08.209+0000] {processor.py:186} INFO - Started process (PID=5217) to work on /home/ec2-user/environment/lab4_model_training/dags/train_model_dag.py
[2026-03-30T02:17:08.209+0000] {processor.py:914} INFO - Processing file /home/ec2-user/environment/lab4_model_training/dags/train_model_dag.py for tasks to queue
[2026-03-30T02:17:08.211+0000] {logging_mixin.py:190} INFO - [2026-03-30T02:17:08.210+0000] {dagbag.py:588} INFO - Filling up the DagBag from /home/ec2-user/environment/lab4_model_training/dags/train_model_dag.py
[2026-03-30T02:17:08.213+0000] {processor.py:927} WARNING - No viable dags retrieved from /home/ec2-user/environment/lab4_model_training/dags/train_model_dag.py
[2026-03-30T02:17:08.222+0000] {processor.py:208} INFO - Processing /home/ec2-user/environment/lab4_model_training/dags/train_model_dag.py took 0.018 seconds
[2026-03-30T02:17:39.690+0000] {processor.py:186} INFO - Started process (PID=5377) to work on /home/ec2-user/environment/lab4_model_training/dags/train_model_dag.py
[2026-03-30T02:17:39.691+0000] {processor.py:914} INFO - Processing file /home/ec2-user/environment/lab4_model_training/dags/train_model_dag.py for tasks to queue
[2026-03-30T02:17:39.693+0000] {logging_mixin.py:190} INFO - [2026-03-30T02:17:39.692+0000] {dagbag.py:588} INFO - Filling up the DagBag from /home/ec2-user/environment/lab4_model_training/dags/train_model_dag.py
[2026-03-30T02:17:39.695+0000] {processor.py:927} WARNING - No viable dags retrieved from /home/ec2-user/environment/lab4_model_training/dags/train_model_dag.py
[2026-03-30T02:17:39.704+0000] {processor.py:208} INFO - Processing /home/ec2-user/environment/lab4_model_training/dags/train_model_dag.py took 0.019 seconds
[2026-03-30T02:18:11.162+0000] {processor.py:186} INFO - Started process (PID=5479) to work on /home/ec2-user/environment/lab4_model_training/dags/train_model_dag.py
[2026-03-30T02:18:11.164+0000] {processor.py:914} INFO - Processing file /home/ec2-user/environment/lab4_model_training/dags/train_model_dag.py for tasks to queue
[2026-03-30T02:18:11.165+0000] {logging_mixin.py:190} INFO - [2026-03-30T02:18:11.165+0000] {dagbag.py:588} INFO - Filling up the DagBag from /home/ec2-user/environment/lab4_model_training/dags/train_model_dag.py
[2026-03-30T02:18:11.167+0000] {processor.py:927} WARNING - No viable dags retrieved from /home/ec2-user/environment/lab4_model_training/dags/train_model_dag.py
[2026-03-30T02:18:11.176+0000] {processor.py:208} INFO - Processing /home/ec2-user/environment/lab4_model_training/dags/train_model_dag.py took 0.018 seconds
[2026-03-30T02:18:42.642+0000] {processor.py:186} INFO - Started process (PID=5620) to work on /home/ec2-user/environment/lab4_model_training/dags/train_model_dag.py
[2026-03-30T02:18:42.644+0000] {processor.py:914} INFO - Processing file /home/ec2-user/environment/lab4_model_training/dags/train_model_dag.py for tasks to queue
[2026-03-30T02:18:42.645+0000] {logging_mixin.py:190} INFO - [2026-03-30T02:18:42.645+0000] {dagbag.py:588} INFO - Filling up the DagBag from /home/ec2-user/environment/lab4_model_training/dags/train_model_dag.py
[2026-03-30T02:18:42.648+0000] {processor.py:927} WARNING - No viable dags retrieved from /home/ec2-user/environment/lab4_model_training/dags/train_model_dag.py
[2026-03-30T02:18:42.657+0000] {processor.py:208} INFO - Processing /home/ec2-user/environment/lab4_model_training/dags/train_model_dag.py took 0.019 seconds
[2026-03-30T02:19:14.444+0000] {processor.py:186} INFO - Started process (PID=5710) to work on /home/ec2-user/environment/lab4_model_training/dags/train_model_dag.py
[2026-03-30T02:19:14.445+0000] {processor.py:914} INFO - Processing file /home/ec2-user/environment/lab4_model_training/dags/train_model_dag.py for tasks to queue
[2026-03-30T02:19:14.446+0000] {logging_mixin.py:190} INFO - [2026-03-30T02:19:14.446+0000] {dagbag.py:588} INFO - Filling up the DagBag from /home/ec2-user/environment/lab4_model_training/dags/train_model_dag.py
[2026-03-30T02:19:14.448+0000] {processor.py:927} WARNING - No viable dags retrieved from /home/ec2-user/environment/lab4_model_training/dags/train_model_dag.py
[2026-03-30T02:19:14.457+0000] {processor.py:208} INFO - Processing /home/ec2-user/environment/lab4_model_training/dags/train_model_dag.py took 0.018 seconds
[2026-03-30T02:19:45.914+0000] {processor.py:186} INFO - Started process (PID=5798) to work on /home/ec2-user/environment/lab4_model_training/dags/train_model_dag.py
[2026-03-30T02:19:45.915+0000] {processor.py:914} INFO - Processing file /home/ec2-user/environment/lab4_model_training/dags/train_model_dag.py for tasks to queue
[2026-03-30T02:19:45.917+0000] {logging_mixin.py:190} INFO - [2026-03-30T02:19:45.916+0000] {dagbag.py:588} INFO - Filling up the DagBag from /home/ec2-user/environment/lab4_model_training/dags/train_model_dag.py
[2026-03-30T02:19:45.919+0000] {processor.py:927} WARNING - No viable dags retrieved from /home/ec2-user/environment/lab4_model_training/dags/train_model_dag.py
[2026-03-30T02:19:45.928+0000] {processor.py:208} INFO - Processing /home/ec2-user/environment/lab4_model_training/dags/train_model_dag.py took 0.018 seconds
[2026-03-30T02:20:17.491+0000] {processor.py:186} INFO - Started process (PID=5902) to work on /home/ec2-user/environment/lab4_model_training/dags/train_model_dag.py
[2026-03-30T02:20:17.492+0000] {processor.py:914} INFO - Processing file /home/ec2-user/environment/lab4_model_training/dags/train_model_dag.py for tasks to queue
[2026-03-30T02:20:17.493+0000] {logging_mixin.py:190} INFO - [2026-03-30T02:20:17.493+0000] {dagbag.py:588} INFO - Filling up the DagBag from /home/ec2-user/environment/lab4_model_training/dags/train_model_dag.py
[2026-03-30T02:20:17.496+0000] {processor.py:927} WARNING - No viable dags retrieved from /home/ec2-user/environment/lab4_model_training/dags/train_model_dag.py
[2026-03-30T02:20:17.505+0000] {processor.py:208} INFO - Processing /home/ec2-user/environment/lab4_model_training/dags/train_model_dag.py took 0.018 seconds
[2026-03-30T02:20:48.967+0000] {processor.py:186} INFO - Started process (PID=6035) to work on /home/ec2-user/environment/lab4_model_training/dags/train_model_dag.py
[2026-03-30T02:20:48.968+0000] {processor.py:914} INFO - Processing file /home/ec2-user/environment/lab4_model_training/dags/train_model_dag.py for tasks to queue
[2026-03-30T02:20:48.969+0000] {logging_mixin.py:190} INFO - [2026-03-30T02:20:48.969+0000] {dagbag.py:588} INFO - Filling up the DagBag from /home/ec2-user/environment/lab4_model_training/dags/train_model_dag.py
[2026-03-30T02:20:48.971+0000] {processor.py:927} WARNING - No viable dags retrieved from /home/ec2-user/environment/lab4_model_training/dags/train_model_dag.py
[2026-03-30T02:20:48.980+0000] {processor.py:208} INFO - Processing /home/ec2-user/environment/lab4_model_training/dags/train_model_dag.py took 0.019 seconds
[2026-03-30T02:21:20.441+0000] {processor.py:186} INFO - Started process (PID=6144) to work on /home/ec2-user/environment/lab4_model_training/dags/train_model_dag.py
[2026-03-30T02:21:20.442+0000] {processor.py:914} INFO - Processing file /home/ec2-user/environment/lab4_model_training/dags/train_model_dag.py for tasks to queue
[2026-03-30T02:21:20.443+0000] {logging_mixin.py:190} INFO - [2026-03-30T02:21:20.443+0000] {dagbag.py:588} INFO - Filling up the DagBag from /home/ec2-user/environment/lab4_model_training/dags/train_model_dag.py
[2026-03-30T02:21:20.445+0000] {processor.py:927} WARNING - No viable dags retrieved from /home/ec2-user/environment/lab4_model_training/dags/train_model_dag.py
[2026-03-30T02:21:20.454+0000] {processor.py:208} INFO - Processing /home/ec2-user/environment/lab4_model_training/dags/train_model_dag.py took 0.018 seconds
[2026-03-30T02:21:51.915+0000] {processor.py:186} INFO - Started process (PID=6276) to work on /home/ec2-user/environment/lab4_model_training/dags/train_model_dag.py
[2026-03-30T02:21:51.917+0000] {processor.py:914} INFO - Processing file /home/ec2-user/environment/lab4_model_training/dags/train_model_dag.py for tasks to queue
[2026-03-30T02:21:51.918+0000] {logging_mixin.py:190} INFO - [2026-03-30T02:21:51.918+0000] {dagbag.py:588} INFO - Filling up the DagBag from /home/ec2-user/environment/lab4_model_training/dags/train_model_dag.py
[2026-03-30T02:21:51.920+0000] {processor.py:927} WARNING - No viable dags retrieved from /home/ec2-user/environment/lab4_model_training/dags/train_model_dag.py
[2026-03-30T02:21:51.929+0000] {processor.py:208} INFO - Processing /home/ec2-user/environment/lab4_model_training/dags/train_model_dag.py took 0.019 seconds
[2026-03-30T02:22:23.387+0000] {processor.py:186} INFO - Started process (PID=6403) to work on /home/ec2-user/environment/lab4_model_training/dags/train_model_dag.py
[2026-03-30T02:22:23.388+0000] {processor.py:914} INFO - Processing file /home/ec2-user/environment/lab4_model_training/dags/train_model_dag.py for tasks to queue
[2026-03-30T02:22:23.389+0000] {logging_mixin.py:190} INFO - [2026-03-30T02:22:23.389+0000] {dagbag.py:588} INFO - Filling up the DagBag from /home/ec2-user/environment/lab4_model_training/dags/train_model_dag.py
[2026-03-30T02:22:23.391+0000] {processor.py:927} WARNING - No viable dags retrieved from /home/ec2-user/environment/lab4_model_training/dags/train_model_dag.py
[2026-03-30T02:22:23.400+0000] {processor.py:208} INFO - Processing /home/ec2-user/environment/lab4_model_training/dags/train_model_dag.py took 0.018 seconds
[2026-03-30T02:22:54.763+0000] {processor.py:186} INFO - Started process (PID=6540) to work on /home/ec2-user/environment/lab4_model_training/dags/train_model_dag.py
[2026-03-30T02:22:54.764+0000] {processor.py:914} INFO - Processing file /home/ec2-user/environment/lab4_model_training/dags/train_model_dag.py for tasks to queue
[2026-03-30T02:22:54.766+0000] {logging_mixin.py:190} INFO - [2026-03-30T02:22:54.765+0000] {dagbag.py:588} INFO - Filling up the DagBag from /home/ec2-user/environment/lab4_model_training/dags/train_model_dag.py
[2026-03-30T02:22:54.768+0000] {processor.py:927} WARNING - No viable dags retrieved from /home/ec2-user/environment/lab4_model_training/dags/train_model_dag.py
[2026-03-30T02:22:54.777+0000] {processor.py:208} INFO - Processing /home/ec2-user/environment/lab4_model_training/dags/train_model_dag.py took 0.018 seconds
[2026-03-30T02:23:26.235+0000] {processor.py:186} INFO - Started process (PID=6634) to work on /home/ec2-user/environment/lab4_model_training/dags/train_model_dag.py
[2026-03-30T02:23:26.237+0000] {processor.py:914} INFO - Processing file /home/ec2-user/environment/lab4_model_training/dags/train_model_dag.py for tasks to queue
[2026-03-30T02:23:26.238+0000] {logging_mixin.py:190} INFO - [2026-03-30T02:23:26.238+0000] {dagbag.py:588} INFO - Filling up the DagBag from /home/ec2-user/environment/lab4_model_training/dags/train_model_dag.py
[2026-03-30T02:23:26.240+0000] {processor.py:927} WARNING - No viable dags retrieved from /home/ec2-user/environment/lab4_model_training/dags/train_model_dag.py
[2026-03-30T02:23:26.249+0000] {processor.py:208} INFO - Processing /home/ec2-user/environment/lab4_model_training/dags/train_model_dag.py took 0.018 seconds
[2026-03-30T02:23:57.610+0000] {processor.py:186} INFO - Started process (PID=6713) to work on /home/ec2-user/environment/lab4_model_training/dags/train_model_dag.py
[2026-03-30T02:23:57.611+0000] {processor.py:914} INFO - Processing file /home/ec2-user/environment/lab4_model_training/dags/train_model_dag.py for tasks to queue
[2026-03-30T02:23:57.613+0000] {logging_mixin.py:190} INFO - [2026-03-30T02:23:57.612+0000] {dagbag.py:588} INFO - Filling up the DagBag from /home/ec2-user/environment/lab4_model_training/dags/train_model_dag.py
[2026-03-30T02:23:57.615+0000] {processor.py:927} WARNING - No viable dags retrieved from /home/ec2-user/environment/lab4_model_training/dags/train_model_dag.py
[2026-03-30T02:23:57.624+0000] {processor.py:208} INFO - Processing /home/ec2-user/environment/lab4_model_training/dags/train_model_dag.py took 0.018 seconds
[2026-03-30T02:24:29.082+0000] {processor.py:186} INFO - Started process (PID=6878) to work on /home/ec2-user/environment/lab4_model_training/dags/train_model_dag.py
[2026-03-30T02:24:29.083+0000] {processor.py:914} INFO - Processing file /home/ec2-user/environment/lab4_model_training/dags/train_model_dag.py for tasks to queue
[2026-03-30T02:24:29.085+0000] {logging_mixin.py:190} INFO - [2026-03-30T02:24:29.084+0000] {dagbag.py:588} INFO - Filling up the DagBag from /home/ec2-user/environment/lab4_model_training/dags/train_model_dag.py
[2026-03-30T02:24:29.087+0000] {processor.py:927} WARNING - No viable dags retrieved from /home/ec2-user/environment/lab4_model_training/dags/train_model_dag.py
[2026-03-30T02:24:29.095+0000] {processor.py:208} INFO - Processing /home/ec2-user/environment/lab4_model_training/dags/train_model_dag.py took 0.018 seconds
[2026-03-30T02:25:00.561+0000] {processor.py:186} INFO - Started process (PID=6962) to work on /home/ec2-user/environment/lab4_model_training/dags/train_model_dag.py
[2026-03-30T02:25:00.563+0000] {processor.py:914} INFO - Processing file /home/ec2-user/environment/lab4_model_training/dags/train_model_dag.py for tasks to queue
[2026-03-30T02:25:00.564+0000] {logging_mixin.py:190} INFO - [2026-03-30T02:25:00.564+0000] {dagbag.py:588} INFO - Filling up the DagBag from /home/ec2-user/environment/lab4_model_training/dags/train_model_dag.py
[2026-03-30T02:25:00.566+0000] {processor.py:927} WARNING - No viable dags retrieved from /home/ec2-user/environment/lab4_model_training/dags/train_model_dag.py
[2026-03-30T02:25:00.575+0000] {processor.py:208} INFO - Processing /home/ec2-user/environment/lab4_model_training/dags/train_model_dag.py took 0.018 seconds
[2026-03-30T02:25:32.137+0000] {processor.py:186} INFO - Started process (PID=7076) to work on /home/ec2-user/environment/lab4_model_training/dags/train_model_dag.py
[2026-03-30T02:25:32.137+0000] {processor.py:914} INFO - Processing file /home/ec2-user/environment/lab4_model_training/dags/train_model_dag.py for tasks to queue
[2026-03-30T02:25:32.139+0000] {logging_mixin.py:190} INFO - [2026-03-30T02:25:32.138+0000] {dagbag.py:588} INFO - Filling up the DagBag from /home/ec2-user/environment/lab4_model_training/dags/train_model_dag.py
[2026-03-30T02:25:32.141+0000] {processor.py:927} WARNING - No viable dags retrieved from /home/ec2-user/environment/lab4_model_training/dags/train_model_dag.py
[2026-03-30T02:25:32.150+0000] {processor.py:208} INFO - Processing /home/ec2-user/environment/lab4_model_training/dags/train_model_dag.py took 0.018 seconds
[2026-03-30T02:26:03.612+0000] {processor.py:186} INFO - Started process (PID=7131) to work on /home/ec2-user/environment/lab4_model_training/dags/train_model_dag.py
[2026-03-30T02:26:03.613+0000] {processor.py:914} INFO - Processing file /home/ec2-user/environment/lab4_model_training/dags/train_model_dag.py for tasks to queue
[2026-03-30T02:26:03.614+0000] {logging_mixin.py:190} INFO - [2026-03-30T02:26:03.614+0000] {dagbag.py:588} INFO - Filling up the DagBag from /home/ec2-user/environment/lab4_model_training/dags/train_model_dag.py
[2026-03-30T02:26:03.617+0000] {processor.py:927} WARNING - No viable dags retrieved from /home/ec2-user/environment/lab4_model_training/dags/train_model_dag.py
[2026-03-30T02:26:03.626+0000] {processor.py:208} INFO - Processing /home/ec2-user/environment/lab4_model_training/dags/train_model_dag.py took 0.018 seconds
[2026-03-30T02:26:35.084+0000] {processor.py:186} INFO - Started process (PID=7228) to work on /home/ec2-user/environment/lab4_model_training/dags/train_model_dag.py
[2026-03-30T02:26:35.085+0000] {processor.py:914} INFO - Processing file /home/ec2-user/environment/lab4_model_training/dags/train_model_dag.py for tasks to queue
[2026-03-30T02:26:35.087+0000] {logging_mixin.py:190} INFO - [2026-03-30T02:26:35.086+0000] {dagbag.py:588} INFO - Filling up the DagBag from /home/ec2-user/environment/lab4_model_training/dags/train_model_dag.py
[2026-03-30T02:26:35.089+0000] {processor.py:927} WARNING - No viable dags retrieved from /home/ec2-user/environment/lab4_model_training/dags/train_model_dag.py
[2026-03-30T02:26:35.098+0000] {processor.py:208} INFO - Processing /home/ec2-user/environment/lab4_model_training/dags/train_model_dag.py took 0.019 seconds
[2026-03-30T02:27:06.658+0000] {processor.py:186} INFO - Started process (PID=7313) to work on /home/ec2-user/environment/lab4_model_training/dags/train_model_dag.py
[2026-03-30T02:27:06.659+0000] {processor.py:914} INFO - Processing file /home/ec2-user/environment/lab4_model_training/dags/train_model_dag.py for tasks to queue
[2026-03-30T02:27:06.661+0000] {logging_mixin.py:190} INFO - [2026-03-30T02:27:06.660+0000] {dagbag.py:588} INFO - Filling up the DagBag from /home/ec2-user/environment/lab4_model_training/dags/train_model_dag.py
[2026-03-30T02:27:06.663+0000] {processor.py:927} WARNING - No viable dags retrieved from /home/ec2-user/environment/lab4_model_training/dags/train_model_dag.py
[2026-03-30T02:27:06.672+0000] {processor.py:208} INFO - Processing /home/ec2-user/environment/lab4_model_training/dags/train_model_dag.py took 0.019 seconds
[2026-03-30T02:27:38.130+0000] {processor.py:186} INFO - Started process (PID=7478) to work on /home/ec2-user/environment/lab4_model_training/dags/train_model_dag.py
[2026-03-30T02:27:38.130+0000] {processor.py:914} INFO - Processing file /home/ec2-user/environment/lab4_model_training/dags/train_model_dag.py for tasks to queue
[2026-03-30T02:27:38.132+0000] {logging_mixin.py:190} INFO - [2026-03-30T02:27:38.131+0000] {dagbag.py:588} INFO - Filling up the DagBag from /home/ec2-user/environment/lab4_model_training/dags/train_model_dag.py
[2026-03-30T02:27:38.134+0000] {processor.py:927} WARNING - No viable dags retrieved from /home/ec2-user/environment/lab4_model_training/dags/train_model_dag.py
[2026-03-30T02:27:38.143+0000] {processor.py:208} INFO - Processing /home/ec2-user/environment/lab4_model_training/dags/train_model_dag.py took 0.018 seconds
[2026-03-30T02:28:09.603+0000] {processor.py:186} INFO - Started process (PID=7604) to work on /home/ec2-user/environment/lab4_model_training/dags/train_model_dag.py
[2026-03-30T02:28:09.605+0000] {processor.py:914} INFO - Processing file /home/ec2-user/environment/lab4_model_training/dags/train_model_dag.py for tasks to queue
[2026-03-30T02:28:09.606+0000] {logging_mixin.py:190} INFO - [2026-03-30T02:28:09.606+0000] {dagbag.py:588} INFO - Filling up the DagBag from /home/ec2-user/environment/lab4_model_training/dags/train_model_dag.py
[2026-03-30T02:28:09.608+0000] {processor.py:927} WARNING - No viable dags retrieved from /home/ec2-user/environment/lab4_model_training/dags/train_model_dag.py
[2026-03-30T02:28:09.617+0000] {processor.py:208} INFO - Processing /home/ec2-user/environment/lab4_model_training/dags/train_model_dag.py took 0.018 seconds
[2026-03-30T02:28:41.073+0000] {processor.py:186} INFO - Started process (PID=7772) to work on /home/ec2-user/environment/lab4_model_training/dags/train_model_dag.py
[2026-03-30T02:28:41.074+0000] {processor.py:914} INFO - Processing file /home/ec2-user/environment/lab4_model_training/dags/train_model_dag.py for tasks to queue
[2026-03-30T02:28:41.076+0000] {logging_mixin.py:190} INFO - [2026-03-30T02:28:41.075+0000] {dagbag.py:588} INFO - Filling up the DagBag from /home/ec2-user/environment/lab4_model_training/dags/train_model_dag.py
[2026-03-30T02:28:41.078+0000] {processor.py:927} WARNING - No viable dags retrieved from /home/ec2-user/environment/lab4_model_training/dags/train_model_dag.py
[2026-03-30T02:28:41.088+0000] {processor.py:208} INFO - Processing /home/ec2-user/environment/lab4_model_training/dags/train_model_dag.py took 0.019 seconds
[2026-03-30T02:29:12.459+0000] {processor.py:186} INFO - Started process (PID=7894) to work on /home/ec2-user/environment/lab4_model_training/dags/train_model_dag.py
[2026-03-30T02:29:12.460+0000] {processor.py:914} INFO - Processing file /home/ec2-user/environment/lab4_model_training/dags/train_model_dag.py for tasks to queue
[2026-03-30T02:29:12.462+0000] {logging_mixin.py:190} INFO - [2026-03-30T02:29:12.461+0000] {dagbag.py:588} INFO - Filling up the DagBag from /home/ec2-user/environment/lab4_model_training/dags/train_model_dag.py
[2026-03-30T02:29:12.464+0000] {processor.py:927} WARNING - No viable dags retrieved from /home/ec2-user/environment/lab4_model_training/dags/train_model_dag.py
[2026-03-30T02:29:12.473+0000] {processor.py:208} INFO - Processing /home/ec2-user/environment/lab4_model_training/dags/train_model_dag.py took 0.018 seconds
[2026-03-30T02:29:43.931+0000] {processor.py:186} INFO - Started process (PID=8060) to work on /home/ec2-user/environment/lab4_model_training/dags/train_model_dag.py
[2026-03-30T02:29:43.932+0000] {processor.py:914} INFO - Processing file /home/ec2-user/environment/lab4_model_training/dags/train_model_dag.py for tasks to queue
[2026-03-30T02:29:43.933+0000] {logging_mixin.py:190} INFO - [2026-03-30T02:29:43.933+0000] {dagbag.py:588} INFO - Filling up the DagBag from /home/ec2-user/environment/lab4_model_training/dags/train_model_dag.py
[2026-03-30T02:29:43.935+0000] {processor.py:927} WARNING - No viable dags retrieved from /home/ec2-user/environment/lab4_model_training/dags/train_model_dag.py
[2026-03-30T02:29:43.944+0000] {processor.py:208} INFO - Processing /home/ec2-user/environment/lab4_model_training/dags/train_model_dag.py took 0.017 seconds
[2026-03-30T02:30:15.404+0000] {processor.py:186} INFO - Started process (PID=8200) to work on /home/ec2-user/environment/lab4_model_training/dags/train_model_dag.py
[2026-03-30T02:30:15.406+0000] {processor.py:914} INFO - Processing file /home/ec2-user/environment/lab4_model_training/dags/train_model_dag.py for tasks to queue
[2026-03-30T02:30:15.407+0000] {logging_mixin.py:190} INFO - [2026-03-30T02:30:15.407+0000] {dagbag.py:588} INFO - Filling up the DagBag from /home/ec2-user/environment/lab4_model_training/dags/train_model_dag.py
[2026-03-30T02:30:15.409+0000] {processor.py:927} WARNING - No viable dags retrieved from /home/ec2-user/environment/lab4_model_training/dags/train_model_dag.py
[2026-03-30T02:30:15.418+0000] {processor.py:208} INFO - Processing /home/ec2-user/environment/lab4_model_training/dags/train_model_dag.py took 0.018 seconds
[2026-03-30T02:30:46.876+0000] {processor.py:186} INFO - Started process (PID=8373) to work on /home/ec2-user/environment/lab4_model_training/dags/train_model_dag.py
[2026-03-30T02:30:46.877+0000] {processor.py:914} INFO - Processing file /home/ec2-user/environment/lab4_model_training/dags/train_model_dag.py for tasks to queue
[2026-03-30T02:30:46.878+0000] {logging_mixin.py:190} INFO - [2026-03-30T02:30:46.878+0000] {dagbag.py:588} INFO - Filling up the DagBag from /home/ec2-user/environment/lab4_model_training/dags/train_model_dag.py
[2026-03-30T02:30:46.880+0000] {processor.py:927} WARNING - No viable dags retrieved from /home/ec2-user/environment/lab4_model_training/dags/train_model_dag.py
[2026-03-30T02:30:46.889+0000] {processor.py:208} INFO - Processing /home/ec2-user/environment/lab4_model_training/dags/train_model_dag.py took 0.018 seconds
[2026-03-30T02:31:18.357+0000] {processor.py:186} INFO - Started process (PID=8496) to work on /home/ec2-user/environment/lab4_model_training/dags/train_model_dag.py
[2026-03-30T02:31:18.359+0000] {processor.py:914} INFO - Processing file /home/ec2-user/environment/lab4_model_training/dags/train_model_dag.py for tasks to queue
[2026-03-30T02:31:18.360+0000] {logging_mixin.py:190} INFO - [2026-03-30T02:31:18.360+0000] {dagbag.py:588} INFO - Filling up the DagBag from /home/ec2-user/environment/lab4_model_training/dags/train_model_dag.py
[2026-03-30T02:31:18.362+0000] {processor.py:927} WARNING - No viable dags retrieved from /home/ec2-user/environment/lab4_model_training/dags/train_model_dag.py
[2026-03-30T02:31:18.372+0000] {processor.py:208} INFO - Processing /home/ec2-user/environment/lab4_model_training/dags/train_model_dag.py took 0.019 seconds
[2026-03-30T02:31:49.936+0000] {processor.py:186} INFO - Started process (PID=8676) to work on /home/ec2-user/environment/lab4_model_training/dags/train_model_dag.py
[2026-03-30T02:31:49.936+0000] {processor.py:914} INFO - Processing file /home/ec2-user/environment/lab4_model_training/dags/train_model_dag.py for tasks to queue
[2026-03-30T02:31:49.938+0000] {logging_mixin.py:190} INFO - [2026-03-30T02:31:49.937+0000] {dagbag.py:588} INFO - Filling up the DagBag from /home/ec2-user/environment/lab4_model_training/dags/train_model_dag.py
[2026-03-30T02:31:49.940+0000] {processor.py:927} WARNING - No viable dags retrieved from /home/ec2-user/environment/lab4_model_training/dags/train_model_dag.py
[2026-03-30T02:31:49.950+0000] {processor.py:208} INFO - Processing /home/ec2-user/environment/lab4_model_training/dags/train_model_dag.py took 0.019 seconds
