[2026-03-27T17:48:24.871+0000] {local_task_job_runner.py:123} INFO - ::group::Pre task execution logs
[2026-03-27T17:48:24.882+0000] {taskinstance.py:2612} INFO - Dependencies all met for dep_context=non-requeueable deps ti=<TaskInstance: ml_training_pipeline_v2.promote_model manual__2026-03-27T17:48:11.988183+00:00 [queued]>
[2026-03-27T17:48:24.888+0000] {taskinstance.py:2612} INFO - Dependencies all met for dep_context=requeueable deps ti=<TaskInstance: ml_training_pipeline_v2.promote_model manual__2026-03-27T17:48:11.988183+00:00 [queued]>
[2026-03-27T17:48:24.888+0000] {taskinstance.py:2865} INFO - Starting attempt 1 of 2
[2026-03-27T17:48:24.902+0000] {taskinstance.py:2888} INFO - Executing <Task(PythonOperator): promote_model> on 2026-03-27 17:48:11.988183+00:00
[2026-03-27T17:48:24.908+0000] {standard_task_runner.py:72} INFO - Started process 7886 to run task
[2026-03-27T17:48:24.912+0000] {standard_task_runner.py:104} INFO - Running: ['airflow', 'tasks', 'run', 'ml_training_pipeline_v2', 'promote_model', 'manual__2026-03-27T17:48:11.988183+00:00', '--job-id', '8', '--raw', '--subdir', 'DAGS_FOLDER/ml_pipeline_dag.py', '--cfg-path', '/tmp/tmpf8b7851u']
[2026-03-27T17:48:24.914+0000] {standard_task_runner.py:105} INFO - Job 8: Subtask promote_model
[2026-03-27T17:48:24.950+0000] {task_command.py:467} INFO - Running <TaskInstance: ml_training_pipeline_v2.promote_model manual__2026-03-27T17:48:11.988183+00:00 [running]> on host ip-172-31-72-207.ec2.internal
[2026-03-27T17:48:25.024+0000] {taskinstance.py:3131} INFO - Exporting env vars: AIRFLOW_CTX_DAG_OWNER='airflow' AIRFLOW_CTX_DAG_ID='ml_training_pipeline_v2' AIRFLOW_CTX_TASK_ID='promote_model' AIRFLOW_CTX_EXECUTION_DATE='2026-03-27T17:48:11.988183+00:00' AIRFLOW_CTX_TRY_NUMBER='1' AIRFLOW_CTX_DAG_RUN_ID='manual__2026-03-27T17:48:11.988183+00:00'
[2026-03-27T17:48:25.025+0000] {taskinstance.py:731} INFO - ::endgroup::
[2026-03-27T17:48:25.043+0000] {logging_mixin.py:190} INFO - Accuracy: 0.9561 | Threshold: 0.95
[2026-03-27T17:48:25.056+0000] {credentials.py:1278} INFO - Found credentials in shared credentials file: ~/.aws/credentials
[2026-03-27T17:48:25.248+0000] {logging_mixin.py:190} INFO - Uploaded /home/ec2-user/environment/lab4_model_training/models/breast_cancer_model.pkl -> s3://agabs3mlops/models/20260327_174811/breast_cancer_model.pkl
[2026-03-27T17:48:25.277+0000] {logging_mixin.py:190} INFO - Uploaded /home/ec2-user/environment/lab4_model_training/models/metrics.json -> s3://agabs3mlops/models/20260327_174811/metrics.json
[2026-03-27T17:48:25.303+0000] {logging_mixin.py:190} INFO - Uploaded /home/ec2-user/environment/lab4_model_training/models/metadata.json -> s3://agabs3mlops/models/20260327_174811/metadata.json
[2026-03-27T17:48:25.303+0000] {logging_mixin.py:190} INFO - Model 20260327_174811 promoted successfully!
[2026-03-27T17:48:25.305+0000] {python.py:240} INFO - Done. Returned value was: None
[2026-03-27T17:48:25.309+0000] {taskinstance.py:340} INFO - ::group::Post task execution logs
[2026-03-27T17:48:25.310+0000] {taskinstance.py:352} INFO - Marking task as SUCCESS. dag_id=ml_training_pipeline_v2, task_id=promote_model, run_id=manual__2026-03-27T17:48:11.988183+00:00, execution_date=20260327T174811, start_date=20260327T174824, end_date=20260327T174825
[2026-03-27T17:48:25.326+0000] {local_task_job_runner.py:266} INFO - Task exited with return code 0
[2026-03-27T17:48:25.337+0000] {taskinstance.py:3900} INFO - 0 downstream tasks scheduled from follow-on schedule check
[2026-03-27T17:48:25.338+0000] {local_task_job_runner.py:245} INFO - ::endgroup::
