[2026-03-29T12:47:34.376+0000] {processor.py:186} INFO - Started process (PID=3211) to work on /home/ec2-user/environment/lab4_model_training/dags/generate_data_dag.py
[2026-03-29T12:47:34.377+0000] {processor.py:914} INFO - Processing file /home/ec2-user/environment/lab4_model_training/dags/generate_data_dag.py for tasks to queue
[2026-03-29T12:47:34.378+0000] {logging_mixin.py:190} INFO - [2026-03-29T12:47:34.378+0000] {dagbag.py:588} INFO - Filling up the DagBag from /home/ec2-user/environment/lab4_model_training/dags/generate_data_dag.py
[2026-03-29T12:47:34.380+0000] {processor.py:927} WARNING - No viable dags retrieved from /home/ec2-user/environment/lab4_model_training/dags/generate_data_dag.py
[2026-03-29T12:47:34.389+0000] {processor.py:208} INFO - Processing /home/ec2-user/environment/lab4_model_training/dags/generate_data_dag.py took 0.018 seconds
[2026-03-29T12:48:05.849+0000] {processor.py:186} INFO - Started process (PID=3303) to work on /home/ec2-user/environment/lab4_model_training/dags/generate_data_dag.py
[2026-03-29T12:48:05.850+0000] {processor.py:914} INFO - Processing file /home/ec2-user/environment/lab4_model_training/dags/generate_data_dag.py for tasks to queue
[2026-03-29T12:48:05.851+0000] {logging_mixin.py:190} INFO - [2026-03-29T12:48:05.851+0000] {dagbag.py:588} INFO - Filling up the DagBag from /home/ec2-user/environment/lab4_model_training/dags/generate_data_dag.py
[2026-03-29T12:48:05.853+0000] {processor.py:927} WARNING - No viable dags retrieved from /home/ec2-user/environment/lab4_model_training/dags/generate_data_dag.py
[2026-03-29T12:48:05.865+0000] {processor.py:208} INFO - Processing /home/ec2-user/environment/lab4_model_training/dags/generate_data_dag.py took 0.022 seconds
[2026-03-29T12:52:37.727+0000] {processor.py:186} INFO - Started process (PID=3908) to work on /home/ec2-user/environment/lab4_model_training/dags/generate_data_dag.py
[2026-03-29T12:52:37.728+0000] {processor.py:914} INFO - Processing file /home/ec2-user/environment/lab4_model_training/dags/generate_data_dag.py for tasks to queue
[2026-03-29T12:52:37.730+0000] {logging_mixin.py:190} INFO - [2026-03-29T12:52:37.729+0000] {dagbag.py:588} INFO - Filling up the DagBag from /home/ec2-user/environment/lab4_model_training/dags/generate_data_dag.py
[2026-03-29T12:52:37.732+0000] {processor.py:927} WARNING - No viable dags retrieved from /home/ec2-user/environment/lab4_model_training/dags/generate_data_dag.py
[2026-03-29T12:52:37.741+0000] {processor.py:208} INFO - Processing /home/ec2-user/environment/lab4_model_training/dags/generate_data_dag.py took 0.018 seconds
[2026-03-29T13:00:49.621+0000] {processor.py:186} INFO - Started process (PID=2794) to work on /home/ec2-user/environment/lab4_model_training/dags/generate_data_dag.py
[2026-03-29T13:00:49.622+0000] {processor.py:914} INFO - Processing file /home/ec2-user/environment/lab4_model_training/dags/generate_data_dag.py for tasks to queue
[2026-03-29T13:00:49.624+0000] {logging_mixin.py:190} INFO - [2026-03-29T13:00:49.624+0000] {dagbag.py:588} INFO - Filling up the DagBag from /home/ec2-user/environment/lab4_model_training/dags/generate_data_dag.py
[2026-03-29T13:00:49.626+0000] {processor.py:927} WARNING - No viable dags retrieved from /home/ec2-user/environment/lab4_model_training/dags/generate_data_dag.py
[2026-03-29T13:00:49.635+0000] {processor.py:208} INFO - Processing /home/ec2-user/environment/lab4_model_training/dags/generate_data_dag.py took 0.018 seconds
[2026-03-29T13:01:21.137+0000] {processor.py:186} INFO - Started process (PID=2948) to work on /home/ec2-user/environment/lab4_model_training/dags/generate_data_dag.py
[2026-03-29T13:01:21.137+0000] {processor.py:914} INFO - Processing file /home/ec2-user/environment/lab4_model_training/dags/generate_data_dag.py for tasks to queue
[2026-03-29T13:01:21.139+0000] {logging_mixin.py:190} INFO - [2026-03-29T13:01:21.138+0000] {dagbag.py:588} INFO - Filling up the DagBag from /home/ec2-user/environment/lab4_model_training/dags/generate_data_dag.py
[2026-03-29T13:01:21.141+0000] {processor.py:927} WARNING - No viable dags retrieved from /home/ec2-user/environment/lab4_model_training/dags/generate_data_dag.py
[2026-03-29T13:01:21.150+0000] {processor.py:208} INFO - Processing /home/ec2-user/environment/lab4_model_training/dags/generate_data_dag.py took 0.018 seconds
[2026-03-29T13:01:54.097+0000] {processor.py:186} INFO - Started process (PID=3024) to work on /home/ec2-user/environment/lab4_model_training/dags/generate_data_dag.py
[2026-03-29T13:01:54.098+0000] {processor.py:914} INFO - Processing file /home/ec2-user/environment/lab4_model_training/dags/generate_data_dag.py for tasks to queue
[2026-03-29T13:01:54.099+0000] {logging_mixin.py:190} INFO - [2026-03-29T13:01:54.099+0000] {dagbag.py:588} INFO - Filling up the DagBag from /home/ec2-user/environment/lab4_model_training/dags/generate_data_dag.py
[2026-03-29T13:01:54.101+0000] {processor.py:927} WARNING - No viable dags retrieved from /home/ec2-user/environment/lab4_model_training/dags/generate_data_dag.py
[2026-03-29T13:01:54.112+0000] {processor.py:208} INFO - Processing /home/ec2-user/environment/lab4_model_training/dags/generate_data_dag.py took 0.020 seconds
[2026-03-29T13:02:24.882+0000] {processor.py:186} INFO - Started process (PID=3111) to work on /home/ec2-user/environment/lab4_model_training/dags/generate_data_dag.py
[2026-03-29T13:02:24.883+0000] {processor.py:914} INFO - Processing file /home/ec2-user/environment/lab4_model_training/dags/generate_data_dag.py for tasks to queue
[2026-03-29T13:02:24.885+0000] {logging_mixin.py:190} INFO - [2026-03-29T13:02:24.884+0000] {dagbag.py:588} INFO - Filling up the DagBag from /home/ec2-user/environment/lab4_model_training/dags/generate_data_dag.py
[2026-03-29T13:02:24.887+0000] {processor.py:927} WARNING - No viable dags retrieved from /home/ec2-user/environment/lab4_model_training/dags/generate_data_dag.py
[2026-03-29T13:02:24.896+0000] {processor.py:208} INFO - Processing /home/ec2-user/environment/lab4_model_training/dags/generate_data_dag.py took 0.019 seconds
[2026-03-29T13:02:57.562+0000] {processor.py:186} INFO - Started process (PID=3194) to work on /home/ec2-user/environment/lab4_model_training/dags/generate_data_dag.py
[2026-03-29T13:02:57.563+0000] {processor.py:914} INFO - Processing file /home/ec2-user/environment/lab4_model_training/dags/generate_data_dag.py for tasks to queue
[2026-03-29T13:02:57.565+0000] {logging_mixin.py:190} INFO - [2026-03-29T13:02:57.564+0000] {dagbag.py:588} INFO - Filling up the DagBag from /home/ec2-user/environment/lab4_model_training/dags/generate_data_dag.py
[2026-03-29T13:02:57.567+0000] {processor.py:927} WARNING - No viable dags retrieved from /home/ec2-user/environment/lab4_model_training/dags/generate_data_dag.py
[2026-03-29T13:02:57.576+0000] {processor.py:208} INFO - Processing /home/ec2-user/environment/lab4_model_training/dags/generate_data_dag.py took 0.018 seconds
[2026-03-29T13:03:29.276+0000] {processor.py:186} INFO - Started process (PID=3332) to work on /home/ec2-user/environment/lab4_model_training/dags/generate_data_dag.py
[2026-03-29T13:03:29.276+0000] {processor.py:914} INFO - Processing file /home/ec2-user/environment/lab4_model_training/dags/generate_data_dag.py for tasks to queue
[2026-03-29T13:03:29.278+0000] {logging_mixin.py:190} INFO - [2026-03-29T13:03:29.277+0000] {dagbag.py:588} INFO - Filling up the DagBag from /home/ec2-user/environment/lab4_model_training/dags/generate_data_dag.py
[2026-03-29T13:03:29.280+0000] {processor.py:927} WARNING - No viable dags retrieved from /home/ec2-user/environment/lab4_model_training/dags/generate_data_dag.py
[2026-03-29T13:03:29.289+0000] {processor.py:208} INFO - Processing /home/ec2-user/environment/lab4_model_training/dags/generate_data_dag.py took 0.018 seconds
[2026-03-29T13:04:00.984+0000] {processor.py:186} INFO - Started process (PID=3405) to work on /home/ec2-user/environment/lab4_model_training/dags/generate_data_dag.py
[2026-03-29T13:04:00.986+0000] {processor.py:914} INFO - Processing file /home/ec2-user/environment/lab4_model_training/dags/generate_data_dag.py for tasks to queue
[2026-03-29T13:04:00.987+0000] {logging_mixin.py:190} INFO - [2026-03-29T13:04:00.987+0000] {dagbag.py:588} INFO - Filling up the DagBag from /home/ec2-user/environment/lab4_model_training/dags/generate_data_dag.py
[2026-03-29T13:04:00.989+0000] {processor.py:927} WARNING - No viable dags retrieved from /home/ec2-user/environment/lab4_model_training/dags/generate_data_dag.py
[2026-03-29T13:04:00.999+0000] {processor.py:208} INFO - Processing /home/ec2-user/environment/lab4_model_training/dags/generate_data_dag.py took 0.019 seconds
[2026-03-29T13:04:32.588+0000] {processor.py:186} INFO - Started process (PID=3487) to work on /home/ec2-user/environment/lab4_model_training/dags/generate_data_dag.py
[2026-03-29T13:04:32.588+0000] {processor.py:914} INFO - Processing file /home/ec2-user/environment/lab4_model_training/dags/generate_data_dag.py for tasks to queue
[2026-03-29T13:04:32.590+0000] {logging_mixin.py:190} INFO - [2026-03-29T13:04:32.589+0000] {dagbag.py:588} INFO - Filling up the DagBag from /home/ec2-user/environment/lab4_model_training/dags/generate_data_dag.py
[2026-03-29T13:04:32.592+0000] {processor.py:927} WARNING - No viable dags retrieved from /home/ec2-user/environment/lab4_model_training/dags/generate_data_dag.py
[2026-03-29T13:04:32.601+0000] {processor.py:208} INFO - Processing /home/ec2-user/environment/lab4_model_training/dags/generate_data_dag.py took 0.018 seconds
[2026-03-29T13:05:04.381+0000] {processor.py:186} INFO - Started process (PID=3588) to work on /home/ec2-user/environment/lab4_model_training/dags/generate_data_dag.py
[2026-03-29T13:05:04.382+0000] {processor.py:914} INFO - Processing file /home/ec2-user/environment/lab4_model_training/dags/generate_data_dag.py for tasks to queue
[2026-03-29T13:05:04.383+0000] {logging_mixin.py:190} INFO - [2026-03-29T13:05:04.383+0000] {dagbag.py:588} INFO - Filling up the DagBag from /home/ec2-user/environment/lab4_model_training/dags/generate_data_dag.py
[2026-03-29T13:05:04.386+0000] {processor.py:927} WARNING - No viable dags retrieved from /home/ec2-user/environment/lab4_model_training/dags/generate_data_dag.py
[2026-03-29T13:05:04.395+0000] {processor.py:208} INFO - Processing /home/ec2-user/environment/lab4_model_training/dags/generate_data_dag.py took 0.019 seconds
[2026-03-29T13:05:36.054+0000] {processor.py:186} INFO - Started process (PID=3610) to work on /home/ec2-user/environment/lab4_model_training/dags/generate_data_dag.py
[2026-03-29T13:05:36.056+0000] {processor.py:914} INFO - Processing file /home/ec2-user/environment/lab4_model_training/dags/generate_data_dag.py for tasks to queue
[2026-03-29T13:05:36.057+0000] {logging_mixin.py:190} INFO - [2026-03-29T13:05:36.057+0000] {dagbag.py:588} INFO - Filling up the DagBag from /home/ec2-user/environment/lab4_model_training/dags/generate_data_dag.py
[2026-03-29T13:05:36.059+0000] {processor.py:927} WARNING - No viable dags retrieved from /home/ec2-user/environment/lab4_model_training/dags/generate_data_dag.py
[2026-03-29T13:05:36.069+0000] {processor.py:208} INFO - Processing /home/ec2-user/environment/lab4_model_training/dags/generate_data_dag.py took 0.019 seconds
[2026-03-29T13:06:07.628+0000] {processor.py:186} INFO - Started process (PID=3628) to work on /home/ec2-user/environment/lab4_model_training/dags/generate_data_dag.py
[2026-03-29T13:06:07.629+0000] {processor.py:914} INFO - Processing file /home/ec2-user/environment/lab4_model_training/dags/generate_data_dag.py for tasks to queue
[2026-03-29T13:06:07.630+0000] {logging_mixin.py:190} INFO - [2026-03-29T13:06:07.630+0000] {dagbag.py:588} INFO - Filling up the DagBag from /home/ec2-user/environment/lab4_model_training/dags/generate_data_dag.py
[2026-03-29T13:06:07.633+0000] {processor.py:927} WARNING - No viable dags retrieved from /home/ec2-user/environment/lab4_model_training/dags/generate_data_dag.py
[2026-03-29T13:06:07.642+0000] {processor.py:208} INFO - Processing /home/ec2-user/environment/lab4_model_training/dags/generate_data_dag.py took 0.019 seconds
[2026-03-29T13:06:39.319+0000] {processor.py:186} INFO - Started process (PID=3755) to work on /home/ec2-user/environment/lab4_model_training/dags/generate_data_dag.py
[2026-03-29T13:06:39.320+0000] {processor.py:914} INFO - Processing file /home/ec2-user/environment/lab4_model_training/dags/generate_data_dag.py for tasks to queue
[2026-03-29T13:06:39.322+0000] {logging_mixin.py:190} INFO - [2026-03-29T13:06:39.321+0000] {dagbag.py:588} INFO - Filling up the DagBag from /home/ec2-user/environment/lab4_model_training/dags/generate_data_dag.py
[2026-03-29T13:06:39.324+0000] {processor.py:927} WARNING - No viable dags retrieved from /home/ec2-user/environment/lab4_model_training/dags/generate_data_dag.py
[2026-03-29T13:06:39.333+0000] {processor.py:208} INFO - Processing /home/ec2-user/environment/lab4_model_training/dags/generate_data_dag.py took 0.019 seconds
[2026-03-29T16:22:43.196+0000] {processor.py:186} INFO - Started process (PID=2963) to work on /home/ec2-user/environment/lab4_model_training/dags/generate_data_dag.py
[2026-03-29T16:22:43.197+0000] {processor.py:914} INFO - Processing file /home/ec2-user/environment/lab4_model_training/dags/generate_data_dag.py for tasks to queue
[2026-03-29T16:22:43.199+0000] {logging_mixin.py:190} INFO - [2026-03-29T16:22:43.199+0000] {dagbag.py:588} INFO - Filling up the DagBag from /home/ec2-user/environment/lab4_model_training/dags/generate_data_dag.py
[2026-03-29T16:22:43.201+0000] {processor.py:927} WARNING - No viable dags retrieved from /home/ec2-user/environment/lab4_model_training/dags/generate_data_dag.py
[2026-03-29T16:22:43.210+0000] {processor.py:208} INFO - Processing /home/ec2-user/environment/lab4_model_training/dags/generate_data_dag.py took 0.018 seconds
[2026-03-29T16:23:14.695+0000] {processor.py:186} INFO - Started process (PID=3153) to work on /home/ec2-user/environment/lab4_model_training/dags/generate_data_dag.py
[2026-03-29T16:23:14.698+0000] {processor.py:914} INFO - Processing file /home/ec2-user/environment/lab4_model_training/dags/generate_data_dag.py for tasks to queue
[2026-03-29T16:23:14.701+0000] {logging_mixin.py:190} INFO - [2026-03-29T16:23:14.700+0000] {dagbag.py:588} INFO - Filling up the DagBag from /home/ec2-user/environment/lab4_model_training/dags/generate_data_dag.py
[2026-03-29T16:23:14.704+0000] {processor.py:927} WARNING - No viable dags retrieved from /home/ec2-user/environment/lab4_model_training/dags/generate_data_dag.py
[2026-03-29T16:23:14.717+0000] {processor.py:208} INFO - Processing /home/ec2-user/environment/lab4_model_training/dags/generate_data_dag.py took 0.028 seconds
[2026-03-29T16:23:47.668+0000] {processor.py:186} INFO - Started process (PID=3233) to work on /home/ec2-user/environment/lab4_model_training/dags/generate_data_dag.py
[2026-03-29T16:23:47.669+0000] {processor.py:914} INFO - Processing file /home/ec2-user/environment/lab4_model_training/dags/generate_data_dag.py for tasks to queue
[2026-03-29T16:23:47.670+0000] {logging_mixin.py:190} INFO - [2026-03-29T16:23:47.670+0000] {dagbag.py:588} INFO - Filling up the DagBag from /home/ec2-user/environment/lab4_model_training/dags/generate_data_dag.py
[2026-03-29T16:23:47.672+0000] {processor.py:927} WARNING - No viable dags retrieved from /home/ec2-user/environment/lab4_model_training/dags/generate_data_dag.py
[2026-03-29T16:23:47.682+0000] {processor.py:208} INFO - Processing /home/ec2-user/environment/lab4_model_training/dags/generate_data_dag.py took 0.018 seconds
[2026-03-29T16:24:18.465+0000] {processor.py:186} INFO - Started process (PID=3366) to work on /home/ec2-user/environment/lab4_model_training/dags/generate_data_dag.py
[2026-03-29T16:24:18.465+0000] {processor.py:914} INFO - Processing file /home/ec2-user/environment/lab4_model_training/dags/generate_data_dag.py for tasks to queue
[2026-03-29T16:24:18.467+0000] {logging_mixin.py:190} INFO - [2026-03-29T16:24:18.466+0000] {dagbag.py:588} INFO - Filling up the DagBag from /home/ec2-user/environment/lab4_model_training/dags/generate_data_dag.py
[2026-03-29T16:24:18.469+0000] {processor.py:927} WARNING - No viable dags retrieved from /home/ec2-user/environment/lab4_model_training/dags/generate_data_dag.py
[2026-03-29T16:24:18.478+0000] {processor.py:208} INFO - Processing /home/ec2-user/environment/lab4_model_training/dags/generate_data_dag.py took 0.017 seconds
[2026-03-29T16:24:51.246+0000] {processor.py:186} INFO - Started process (PID=3387) to work on /home/ec2-user/environment/lab4_model_training/dags/generate_data_dag.py
[2026-03-29T16:24:51.248+0000] {processor.py:914} INFO - Processing file /home/ec2-user/environment/lab4_model_training/dags/generate_data_dag.py for tasks to queue
[2026-03-29T16:24:51.249+0000] {logging_mixin.py:190} INFO - [2026-03-29T16:24:51.249+0000] {dagbag.py:588} INFO - Filling up the DagBag from /home/ec2-user/environment/lab4_model_training/dags/generate_data_dag.py
[2026-03-29T16:24:51.251+0000] {processor.py:927} WARNING - No viable dags retrieved from /home/ec2-user/environment/lab4_model_training/dags/generate_data_dag.py
[2026-03-29T16:24:51.263+0000] {processor.py:208} INFO - Processing /home/ec2-user/environment/lab4_model_training/dags/generate_data_dag.py took 0.021 seconds
[2026-03-29T16:25:22.851+0000] {processor.py:186} INFO - Started process (PID=3405) to work on /home/ec2-user/environment/lab4_model_training/dags/generate_data_dag.py
[2026-03-29T16:25:22.851+0000] {processor.py:914} INFO - Processing file /home/ec2-user/environment/lab4_model_training/dags/generate_data_dag.py for tasks to queue
[2026-03-29T16:25:22.853+0000] {logging_mixin.py:190} INFO - [2026-03-29T16:25:22.852+0000] {dagbag.py:588} INFO - Filling up the DagBag from /home/ec2-user/environment/lab4_model_training/dags/generate_data_dag.py
[2026-03-29T16:25:22.855+0000] {processor.py:927} WARNING - No viable dags retrieved from /home/ec2-user/environment/lab4_model_training/dags/generate_data_dag.py
[2026-03-29T16:25:22.864+0000] {processor.py:208} INFO - Processing /home/ec2-user/environment/lab4_model_training/dags/generate_data_dag.py took 0.018 seconds
[2026-03-29T16:25:54.562+0000] {processor.py:186} INFO - Started process (PID=3495) to work on /home/ec2-user/environment/lab4_model_training/dags/generate_data_dag.py
[2026-03-29T16:25:54.563+0000] {processor.py:914} INFO - Processing file /home/ec2-user/environment/lab4_model_training/dags/generate_data_dag.py for tasks to queue
[2026-03-29T16:25:54.565+0000] {logging_mixin.py:190} INFO - [2026-03-29T16:25:54.564+0000] {dagbag.py:588} INFO - Filling up the DagBag from /home/ec2-user/environment/lab4_model_training/dags/generate_data_dag.py
[2026-03-29T16:25:54.567+0000] {processor.py:927} WARNING - No viable dags retrieved from /home/ec2-user/environment/lab4_model_training/dags/generate_data_dag.py
[2026-03-29T16:25:54.576+0000] {processor.py:208} INFO - Processing /home/ec2-user/environment/lab4_model_training/dags/generate_data_dag.py took 0.019 seconds
[2026-03-29T16:26:26.164+0000] {processor.py:186} INFO - Started process (PID=3512) to work on /home/ec2-user/environment/lab4_model_training/dags/generate_data_dag.py
[2026-03-29T16:26:26.166+0000] {processor.py:914} INFO - Processing file /home/ec2-user/environment/lab4_model_training/dags/generate_data_dag.py for tasks to queue
[2026-03-29T16:26:26.167+0000] {logging_mixin.py:190} INFO - [2026-03-29T16:26:26.167+0000] {dagbag.py:588} INFO - Filling up the DagBag from /home/ec2-user/environment/lab4_model_training/dags/generate_data_dag.py
[2026-03-29T16:26:26.169+0000] {processor.py:927} WARNING - No viable dags retrieved from /home/ec2-user/environment/lab4_model_training/dags/generate_data_dag.py
[2026-03-29T16:26:26.178+0000] {processor.py:208} INFO - Processing /home/ec2-user/environment/lab4_model_training/dags/generate_data_dag.py took 0.018 seconds
[2026-03-29T16:26:57.847+0000] {processor.py:186} INFO - Started process (PID=3527) to work on /home/ec2-user/environment/lab4_model_training/dags/generate_data_dag.py
[2026-03-29T16:26:57.848+0000] {processor.py:914} INFO - Processing file /home/ec2-user/environment/lab4_model_training/dags/generate_data_dag.py for tasks to queue
[2026-03-29T16:26:57.849+0000] {logging_mixin.py:190} INFO - [2026-03-29T16:26:57.849+0000] {dagbag.py:588} INFO - Filling up the DagBag from /home/ec2-user/environment/lab4_model_training/dags/generate_data_dag.py
[2026-03-29T16:26:57.851+0000] {processor.py:927} WARNING - No viable dags retrieved from /home/ec2-user/environment/lab4_model_training/dags/generate_data_dag.py
[2026-03-29T16:26:57.860+0000] {processor.py:208} INFO - Processing /home/ec2-user/environment/lab4_model_training/dags/generate_data_dag.py took 0.018 seconds
[2026-03-29T16:27:29.420+0000] {processor.py:186} INFO - Started process (PID=3598) to work on /home/ec2-user/environment/lab4_model_training/dags/generate_data_dag.py
[2026-03-29T16:27:29.421+0000] {processor.py:914} INFO - Processing file /home/ec2-user/environment/lab4_model_training/dags/generate_data_dag.py for tasks to queue
[2026-03-29T16:27:29.423+0000] {logging_mixin.py:190} INFO - [2026-03-29T16:27:29.422+0000] {dagbag.py:588} INFO - Filling up the DagBag from /home/ec2-user/environment/lab4_model_training/dags/generate_data_dag.py
[2026-03-29T16:27:29.425+0000] {processor.py:927} WARNING - No viable dags retrieved from /home/ec2-user/environment/lab4_model_training/dags/generate_data_dag.py
[2026-03-29T16:27:29.434+0000] {processor.py:208} INFO - Processing /home/ec2-user/environment/lab4_model_training/dags/generate_data_dag.py took 0.018 seconds
[2026-03-29T16:28:01.098+0000] {processor.py:186} INFO - Started process (PID=3605) to work on /home/ec2-user/environment/lab4_model_training/dags/generate_data_dag.py
[2026-03-29T16:28:01.098+0000] {processor.py:914} INFO - Processing file /home/ec2-user/environment/lab4_model_training/dags/generate_data_dag.py for tasks to queue
[2026-03-29T16:28:01.100+0000] {logging_mixin.py:190} INFO - [2026-03-29T16:28:01.099+0000] {dagbag.py:588} INFO - Filling up the DagBag from /home/ec2-user/environment/lab4_model_training/dags/generate_data_dag.py
[2026-03-29T16:28:01.102+0000] {processor.py:927} WARNING - No viable dags retrieved from /home/ec2-user/environment/lab4_model_training/dags/generate_data_dag.py
[2026-03-29T16:28:01.111+0000] {processor.py:208} INFO - Processing /home/ec2-user/environment/lab4_model_training/dags/generate_data_dag.py took 0.018 seconds
[2026-03-29T16:28:32.795+0000] {processor.py:186} INFO - Started process (PID=3634) to work on /home/ec2-user/environment/lab4_model_training/dags/generate_data_dag.py
[2026-03-29T16:28:32.796+0000] {processor.py:914} INFO - Processing file /home/ec2-user/environment/lab4_model_training/dags/generate_data_dag.py for tasks to queue
[2026-03-29T16:28:32.797+0000] {logging_mixin.py:190} INFO - [2026-03-29T16:28:32.797+0000] {dagbag.py:588} INFO - Filling up the DagBag from /home/ec2-user/environment/lab4_model_training/dags/generate_data_dag.py
[2026-03-29T16:28:32.799+0000] {processor.py:927} WARNING - No viable dags retrieved from /home/ec2-user/environment/lab4_model_training/dags/generate_data_dag.py
[2026-03-29T16:28:32.809+0000] {processor.py:208} INFO - Processing /home/ec2-user/environment/lab4_model_training/dags/generate_data_dag.py took 0.019 seconds
[2026-03-29T16:29:04.367+0000] {processor.py:186} INFO - Started process (PID=3701) to work on /home/ec2-user/environment/lab4_model_training/dags/generate_data_dag.py
[2026-03-29T16:29:04.368+0000] {processor.py:914} INFO - Processing file /home/ec2-user/environment/lab4_model_training/dags/generate_data_dag.py for tasks to queue
[2026-03-29T16:29:04.369+0000] {logging_mixin.py:190} INFO - [2026-03-29T16:29:04.369+0000] {dagbag.py:588} INFO - Filling up the DagBag from /home/ec2-user/environment/lab4_model_training/dags/generate_data_dag.py
[2026-03-29T16:29:04.371+0000] {processor.py:927} WARNING - No viable dags retrieved from /home/ec2-user/environment/lab4_model_training/dags/generate_data_dag.py
[2026-03-29T16:29:04.380+0000] {processor.py:208} INFO - Processing /home/ec2-user/environment/lab4_model_training/dags/generate_data_dag.py took 0.018 seconds
[2026-03-29T16:29:35.856+0000] {processor.py:186} INFO - Started process (PID=3716) to work on /home/ec2-user/environment/lab4_model_training/dags/generate_data_dag.py
[2026-03-29T16:29:35.857+0000] {processor.py:914} INFO - Processing file /home/ec2-user/environment/lab4_model_training/dags/generate_data_dag.py for tasks to queue
[2026-03-29T16:29:35.858+0000] {logging_mixin.py:190} INFO - [2026-03-29T16:29:35.858+0000] {dagbag.py:588} INFO - Filling up the DagBag from /home/ec2-user/environment/lab4_model_training/dags/generate_data_dag.py
[2026-03-29T16:29:35.861+0000] {processor.py:927} WARNING - No viable dags retrieved from /home/ec2-user/environment/lab4_model_training/dags/generate_data_dag.py
[2026-03-29T16:29:35.869+0000] {processor.py:208} INFO - Processing /home/ec2-user/environment/lab4_model_training/dags/generate_data_dag.py took 0.019 seconds
[2026-03-29T16:30:07.430+0000] {processor.py:186} INFO - Started process (PID=3733) to work on /home/ec2-user/environment/lab4_model_training/dags/generate_data_dag.py
[2026-03-29T16:30:07.431+0000] {processor.py:914} INFO - Processing file /home/ec2-user/environment/lab4_model_training/dags/generate_data_dag.py for tasks to queue
[2026-03-29T16:30:07.433+0000] {logging_mixin.py:190} INFO - [2026-03-29T16:30:07.432+0000] {dagbag.py:588} INFO - Filling up the DagBag from /home/ec2-user/environment/lab4_model_training/dags/generate_data_dag.py
[2026-03-29T16:30:07.435+0000] {processor.py:927} WARNING - No viable dags retrieved from /home/ec2-user/environment/lab4_model_training/dags/generate_data_dag.py
[2026-03-29T16:30:07.444+0000] {processor.py:208} INFO - Processing /home/ec2-user/environment/lab4_model_training/dags/generate_data_dag.py took 0.019 seconds
[2026-03-29T16:30:38.287+0000] {processor.py:186} INFO - Started process (PID=3796) to work on /home/ec2-user/environment/lab4_model_training/dags/generate_data_dag.py
[2026-03-29T16:30:38.287+0000] {processor.py:914} INFO - Processing file /home/ec2-user/environment/lab4_model_training/dags/generate_data_dag.py for tasks to queue
[2026-03-29T16:30:38.289+0000] {logging_mixin.py:190} INFO - [2026-03-29T16:30:38.288+0000] {dagbag.py:588} INFO - Filling up the DagBag from /home/ec2-user/environment/lab4_model_training/dags/generate_data_dag.py
[2026-03-29T16:30:38.291+0000] {processor.py:927} WARNING - No viable dags retrieved from /home/ec2-user/environment/lab4_model_training/dags/generate_data_dag.py
[2026-03-29T16:30:38.301+0000] {processor.py:208} INFO - Processing /home/ec2-user/environment/lab4_model_training/dags/generate_data_dag.py took 0.019 seconds
[2026-03-29T16:31:10.379+0000] {processor.py:186} INFO - Started process (PID=3813) to work on /home/ec2-user/environment/lab4_model_training/dags/generate_data_dag.py
[2026-03-29T16:31:10.380+0000] {processor.py:914} INFO - Processing file /home/ec2-user/environment/lab4_model_training/dags/generate_data_dag.py for tasks to queue
[2026-03-29T16:31:10.382+0000] {logging_mixin.py:190} INFO - [2026-03-29T16:31:10.381+0000] {dagbag.py:588} INFO - Filling up the DagBag from /home/ec2-user/environment/lab4_model_training/dags/generate_data_dag.py
[2026-03-29T16:31:10.384+0000] {processor.py:927} WARNING - No viable dags retrieved from /home/ec2-user/environment/lab4_model_training/dags/generate_data_dag.py
[2026-03-29T16:31:10.393+0000] {processor.py:208} INFO - Processing /home/ec2-user/environment/lab4_model_training/dags/generate_data_dag.py took 0.019 seconds
[2026-03-29T16:31:41.869+0000] {processor.py:186} INFO - Started process (PID=3879) to work on /home/ec2-user/environment/lab4_model_training/dags/generate_data_dag.py
[2026-03-29T16:31:41.870+0000] {processor.py:914} INFO - Processing file /home/ec2-user/environment/lab4_model_training/dags/generate_data_dag.py for tasks to queue
[2026-03-29T16:31:41.872+0000] {logging_mixin.py:190} INFO - [2026-03-29T16:31:41.871+0000] {dagbag.py:588} INFO - Filling up the DagBag from /home/ec2-user/environment/lab4_model_training/dags/generate_data_dag.py
[2026-03-29T16:31:41.874+0000] {processor.py:927} WARNING - No viable dags retrieved from /home/ec2-user/environment/lab4_model_training/dags/generate_data_dag.py
[2026-03-29T16:31:41.883+0000] {processor.py:208} INFO - Processing /home/ec2-user/environment/lab4_model_training/dags/generate_data_dag.py took 0.019 seconds
[2026-03-29T16:32:13.337+0000] {processor.py:186} INFO - Started process (PID=3896) to work on /home/ec2-user/environment/lab4_model_training/dags/generate_data_dag.py
[2026-03-29T16:32:13.338+0000] {processor.py:914} INFO - Processing file /home/ec2-user/environment/lab4_model_training/dags/generate_data_dag.py for tasks to queue
[2026-03-29T16:32:13.340+0000] {logging_mixin.py:190} INFO - [2026-03-29T16:32:13.339+0000] {dagbag.py:588} INFO - Filling up the DagBag from /home/ec2-user/environment/lab4_model_training/dags/generate_data_dag.py
[2026-03-29T16:32:13.342+0000] {processor.py:927} WARNING - No viable dags retrieved from /home/ec2-user/environment/lab4_model_training/dags/generate_data_dag.py
[2026-03-29T16:32:13.351+0000] {processor.py:208} INFO - Processing /home/ec2-user/environment/lab4_model_training/dags/generate_data_dag.py took 0.019 seconds
[2026-03-29T16:32:44.811+0000] {processor.py:186} INFO - Started process (PID=3911) to work on /home/ec2-user/environment/lab4_model_training/dags/generate_data_dag.py
[2026-03-29T16:32:44.812+0000] {processor.py:914} INFO - Processing file /home/ec2-user/environment/lab4_model_training/dags/generate_data_dag.py for tasks to queue
[2026-03-29T16:32:44.813+0000] {logging_mixin.py:190} INFO - [2026-03-29T16:32:44.813+0000] {dagbag.py:588} INFO - Filling up the DagBag from /home/ec2-user/environment/lab4_model_training/dags/generate_data_dag.py
[2026-03-29T16:32:44.815+0000] {processor.py:927} WARNING - No viable dags retrieved from /home/ec2-user/environment/lab4_model_training/dags/generate_data_dag.py
[2026-03-29T16:32:44.824+0000] {processor.py:208} INFO - Processing /home/ec2-user/environment/lab4_model_training/dags/generate_data_dag.py took 0.018 seconds
[2026-03-29T16:33:16.288+0000] {processor.py:186} INFO - Started process (PID=4003) to work on /home/ec2-user/environment/lab4_model_training/dags/generate_data_dag.py
[2026-03-29T16:33:16.289+0000] {processor.py:914} INFO - Processing file /home/ec2-user/environment/lab4_model_training/dags/generate_data_dag.py for tasks to queue
[2026-03-29T16:33:16.291+0000] {logging_mixin.py:190} INFO - [2026-03-29T16:33:16.290+0000] {dagbag.py:588} INFO - Filling up the DagBag from /home/ec2-user/environment/lab4_model_training/dags/generate_data_dag.py
[2026-03-29T16:33:16.293+0000] {processor.py:927} WARNING - No viable dags retrieved from /home/ec2-user/environment/lab4_model_training/dags/generate_data_dag.py
[2026-03-29T16:33:16.302+0000] {processor.py:208} INFO - Processing /home/ec2-user/environment/lab4_model_training/dags/generate_data_dag.py took 0.018 seconds
[2026-03-29T16:33:47.768+0000] {processor.py:186} INFO - Started process (PID=4016) to work on /home/ec2-user/environment/lab4_model_training/dags/generate_data_dag.py
[2026-03-29T16:33:47.768+0000] {processor.py:914} INFO - Processing file /home/ec2-user/environment/lab4_model_training/dags/generate_data_dag.py for tasks to queue
[2026-03-29T16:33:47.770+0000] {logging_mixin.py:190} INFO - [2026-03-29T16:33:47.769+0000] {dagbag.py:588} INFO - Filling up the DagBag from /home/ec2-user/environment/lab4_model_training/dags/generate_data_dag.py
[2026-03-29T16:33:47.772+0000] {processor.py:927} WARNING - No viable dags retrieved from /home/ec2-user/environment/lab4_model_training/dags/generate_data_dag.py
[2026-03-29T16:33:47.781+0000] {processor.py:208} INFO - Processing /home/ec2-user/environment/lab4_model_training/dags/generate_data_dag.py took 0.018 seconds
[2026-03-29T16:34:19.249+0000] {processor.py:186} INFO - Started process (PID=4081) to work on /home/ec2-user/environment/lab4_model_training/dags/generate_data_dag.py
[2026-03-29T16:34:19.250+0000] {processor.py:914} INFO - Processing file /home/ec2-user/environment/lab4_model_training/dags/generate_data_dag.py for tasks to queue
[2026-03-29T16:34:19.252+0000] {logging_mixin.py:190} INFO - [2026-03-29T16:34:19.252+0000] {dagbag.py:588} INFO - Filling up the DagBag from /home/ec2-user/environment/lab4_model_training/dags/generate_data_dag.py
[2026-03-29T16:34:19.254+0000] {processor.py:927} WARNING - No viable dags retrieved from /home/ec2-user/environment/lab4_model_training/dags/generate_data_dag.py
[2026-03-29T16:34:19.263+0000] {processor.py:208} INFO - Processing /home/ec2-user/environment/lab4_model_training/dags/generate_data_dag.py took 0.019 seconds
[2026-03-29T16:34:50.823+0000] {processor.py:186} INFO - Started process (PID=4095) to work on /home/ec2-user/environment/lab4_model_training/dags/generate_data_dag.py
[2026-03-29T16:34:50.824+0000] {processor.py:914} INFO - Processing file /home/ec2-user/environment/lab4_model_training/dags/generate_data_dag.py for tasks to queue
[2026-03-29T16:34:50.826+0000] {logging_mixin.py:190} INFO - [2026-03-29T16:34:50.825+0000] {dagbag.py:588} INFO - Filling up the DagBag from /home/ec2-user/environment/lab4_model_training/dags/generate_data_dag.py
[2026-03-29T16:34:50.828+0000] {processor.py:927} WARNING - No viable dags retrieved from /home/ec2-user/environment/lab4_model_training/dags/generate_data_dag.py
[2026-03-29T16:34:50.838+0000] {processor.py:208} INFO - Processing /home/ec2-user/environment/lab4_model_training/dags/generate_data_dag.py took 0.020 seconds
[2026-03-29T16:35:22.305+0000] {processor.py:186} INFO - Started process (PID=4112) to work on /home/ec2-user/environment/lab4_model_training/dags/generate_data_dag.py
[2026-03-29T16:35:22.306+0000] {processor.py:914} INFO - Processing file /home/ec2-user/environment/lab4_model_training/dags/generate_data_dag.py for tasks to queue
[2026-03-29T16:35:22.307+0000] {logging_mixin.py:190} INFO - [2026-03-29T16:35:22.307+0000] {dagbag.py:588} INFO - Filling up the DagBag from /home/ec2-user/environment/lab4_model_training/dags/generate_data_dag.py
[2026-03-29T16:35:22.309+0000] {processor.py:927} WARNING - No viable dags retrieved from /home/ec2-user/environment/lab4_model_training/dags/generate_data_dag.py
[2026-03-29T16:35:22.319+0000] {processor.py:208} INFO - Processing /home/ec2-user/environment/lab4_model_training/dags/generate_data_dag.py took 0.019 seconds
[2026-03-29T16:35:53.789+0000] {processor.py:186} INFO - Started process (PID=4127) to work on /home/ec2-user/environment/lab4_model_training/dags/generate_data_dag.py
[2026-03-29T16:35:53.791+0000] {processor.py:914} INFO - Processing file /home/ec2-user/environment/lab4_model_training/dags/generate_data_dag.py for tasks to queue
[2026-03-29T16:35:53.792+0000] {logging_mixin.py:190} INFO - [2026-03-29T16:35:53.791+0000] {dagbag.py:588} INFO - Filling up the DagBag from /home/ec2-user/environment/lab4_model_training/dags/generate_data_dag.py
[2026-03-29T16:35:53.794+0000] {processor.py:927} WARNING - No viable dags retrieved from /home/ec2-user/environment/lab4_model_training/dags/generate_data_dag.py
[2026-03-29T16:35:53.803+0000] {processor.py:208} INFO - Processing /home/ec2-user/environment/lab4_model_training/dags/generate_data_dag.py took 0.018 seconds
[2026-03-29T16:36:25.264+0000] {processor.py:186} INFO - Started process (PID=4193) to work on /home/ec2-user/environment/lab4_model_training/dags/generate_data_dag.py
[2026-03-29T16:36:25.264+0000] {processor.py:914} INFO - Processing file /home/ec2-user/environment/lab4_model_training/dags/generate_data_dag.py for tasks to queue
[2026-03-29T16:36:25.265+0000] {logging_mixin.py:190} INFO - [2026-03-29T16:36:25.265+0000] {dagbag.py:588} INFO - Filling up the DagBag from /home/ec2-user/environment/lab4_model_training/dags/generate_data_dag.py
[2026-03-29T16:36:25.268+0000] {processor.py:927} WARNING - No viable dags retrieved from /home/ec2-user/environment/lab4_model_training/dags/generate_data_dag.py
[2026-03-29T16:36:25.276+0000] {processor.py:208} INFO - Processing /home/ec2-user/environment/lab4_model_training/dags/generate_data_dag.py took 0.018 seconds
[2026-03-29T16:36:56.744+0000] {processor.py:186} INFO - Started process (PID=4205) to work on /home/ec2-user/environment/lab4_model_training/dags/generate_data_dag.py
[2026-03-29T16:36:56.745+0000] {processor.py:914} INFO - Processing file /home/ec2-user/environment/lab4_model_training/dags/generate_data_dag.py for tasks to queue
[2026-03-29T16:36:56.746+0000] {logging_mixin.py:190} INFO - [2026-03-29T16:36:56.746+0000] {dagbag.py:588} INFO - Filling up the DagBag from /home/ec2-user/environment/lab4_model_training/dags/generate_data_dag.py
[2026-03-29T16:36:56.749+0000] {processor.py:927} WARNING - No viable dags retrieved from /home/ec2-user/environment/lab4_model_training/dags/generate_data_dag.py
[2026-03-29T16:36:56.757+0000] {processor.py:208} INFO - Processing /home/ec2-user/environment/lab4_model_training/dags/generate_data_dag.py took 0.018 seconds
[2026-03-29T16:37:28.219+0000] {processor.py:186} INFO - Started process (PID=4232) to work on /home/ec2-user/environment/lab4_model_training/dags/generate_data_dag.py
[2026-03-29T16:37:28.220+0000] {processor.py:914} INFO - Processing file /home/ec2-user/environment/lab4_model_training/dags/generate_data_dag.py for tasks to queue
[2026-03-29T16:37:28.221+0000] {logging_mixin.py:190} INFO - [2026-03-29T16:37:28.221+0000] {dagbag.py:588} INFO - Filling up the DagBag from /home/ec2-user/environment/lab4_model_training/dags/generate_data_dag.py
[2026-03-29T16:37:28.224+0000] {processor.py:927} WARNING - No viable dags retrieved from /home/ec2-user/environment/lab4_model_training/dags/generate_data_dag.py
[2026-03-29T16:37:28.232+0000] {processor.py:208} INFO - Processing /home/ec2-user/environment/lab4_model_training/dags/generate_data_dag.py took 0.018 seconds
[2026-03-29T16:37:59.701+0000] {processor.py:186} INFO - Started process (PID=4237) to work on /home/ec2-user/environment/lab4_model_training/dags/generate_data_dag.py
[2026-03-29T16:37:59.702+0000] {processor.py:914} INFO - Processing file /home/ec2-user/environment/lab4_model_training/dags/generate_data_dag.py for tasks to queue
[2026-03-29T16:37:59.703+0000] {logging_mixin.py:190} INFO - [2026-03-29T16:37:59.703+0000] {dagbag.py:588} INFO - Filling up the DagBag from /home/ec2-user/environment/lab4_model_training/dags/generate_data_dag.py
[2026-03-29T16:37:59.705+0000] {processor.py:927} WARNING - No viable dags retrieved from /home/ec2-user/environment/lab4_model_training/dags/generate_data_dag.py
[2026-03-29T16:37:59.714+0000] {processor.py:208} INFO - Processing /home/ec2-user/environment/lab4_model_training/dags/generate_data_dag.py took 0.018 seconds
[2026-03-29T16:38:31.274+0000] {processor.py:186} INFO - Started process (PID=4316) to work on /home/ec2-user/environment/lab4_model_training/dags/generate_data_dag.py
[2026-03-29T16:38:31.276+0000] {processor.py:914} INFO - Processing file /home/ec2-user/environment/lab4_model_training/dags/generate_data_dag.py for tasks to queue
[2026-03-29T16:38:31.277+0000] {logging_mixin.py:190} INFO - [2026-03-29T16:38:31.277+0000] {dagbag.py:588} INFO - Filling up the DagBag from /home/ec2-user/environment/lab4_model_training/dags/generate_data_dag.py
[2026-03-29T16:38:31.279+0000] {processor.py:927} WARNING - No viable dags retrieved from /home/ec2-user/environment/lab4_model_training/dags/generate_data_dag.py
[2026-03-29T16:38:31.288+0000] {processor.py:208} INFO - Processing /home/ec2-user/environment/lab4_model_training/dags/generate_data_dag.py took 0.018 seconds
[2026-03-29T16:39:02.747+0000] {processor.py:186} INFO - Started process (PID=4335) to work on /home/ec2-user/environment/lab4_model_training/dags/generate_data_dag.py
[2026-03-29T16:39:02.748+0000] {processor.py:914} INFO - Processing file /home/ec2-user/environment/lab4_model_training/dags/generate_data_dag.py for tasks to queue
[2026-03-29T16:39:02.749+0000] {logging_mixin.py:190} INFO - [2026-03-29T16:39:02.749+0000] {dagbag.py:588} INFO - Filling up the DagBag from /home/ec2-user/environment/lab4_model_training/dags/generate_data_dag.py
[2026-03-29T16:39:02.752+0000] {processor.py:927} WARNING - No viable dags retrieved from /home/ec2-user/environment/lab4_model_training/dags/generate_data_dag.py
[2026-03-29T16:39:02.761+0000] {processor.py:208} INFO - Processing /home/ec2-user/environment/lab4_model_training/dags/generate_data_dag.py took 0.018 seconds
[2026-03-29T16:39:34.219+0000] {processor.py:186} INFO - Started process (PID=4347) to work on /home/ec2-user/environment/lab4_model_training/dags/generate_data_dag.py
[2026-03-29T16:39:34.221+0000] {processor.py:914} INFO - Processing file /home/ec2-user/environment/lab4_model_training/dags/generate_data_dag.py for tasks to queue
[2026-03-29T16:39:34.222+0000] {logging_mixin.py:190} INFO - [2026-03-29T16:39:34.222+0000] {dagbag.py:588} INFO - Filling up the DagBag from /home/ec2-user/environment/lab4_model_training/dags/generate_data_dag.py
[2026-03-29T16:39:34.224+0000] {processor.py:927} WARNING - No viable dags retrieved from /home/ec2-user/environment/lab4_model_training/dags/generate_data_dag.py
[2026-03-29T16:39:34.233+0000] {processor.py:208} INFO - Processing /home/ec2-user/environment/lab4_model_training/dags/generate_data_dag.py took 0.018 seconds
[2026-03-29T16:40:05.703+0000] {processor.py:186} INFO - Started process (PID=4414) to work on /home/ec2-user/environment/lab4_model_training/dags/generate_data_dag.py
[2026-03-29T16:40:05.704+0000] {processor.py:914} INFO - Processing file /home/ec2-user/environment/lab4_model_training/dags/generate_data_dag.py for tasks to queue
[2026-03-29T16:40:05.706+0000] {logging_mixin.py:190} INFO - [2026-03-29T16:40:05.705+0000] {dagbag.py:588} INFO - Filling up the DagBag from /home/ec2-user/environment/lab4_model_training/dags/generate_data_dag.py
[2026-03-29T16:40:05.708+0000] {processor.py:927} WARNING - No viable dags retrieved from /home/ec2-user/environment/lab4_model_training/dags/generate_data_dag.py
[2026-03-29T16:40:05.717+0000] {processor.py:208} INFO - Processing /home/ec2-user/environment/lab4_model_training/dags/generate_data_dag.py took 0.018 seconds
[2026-03-29T16:40:37.176+0000] {processor.py:186} INFO - Started process (PID=4426) to work on /home/ec2-user/environment/lab4_model_training/dags/generate_data_dag.py
[2026-03-29T16:40:37.177+0000] {processor.py:914} INFO - Processing file /home/ec2-user/environment/lab4_model_training/dags/generate_data_dag.py for tasks to queue
[2026-03-29T16:40:37.179+0000] {logging_mixin.py:190} INFO - [2026-03-29T16:40:37.178+0000] {dagbag.py:588} INFO - Filling up the DagBag from /home/ec2-user/environment/lab4_model_training/dags/generate_data_dag.py
[2026-03-29T16:40:37.181+0000] {processor.py:927} WARNING - No viable dags retrieved from /home/ec2-user/environment/lab4_model_training/dags/generate_data_dag.py
[2026-03-29T16:40:37.190+0000] {processor.py:208} INFO - Processing /home/ec2-user/environment/lab4_model_training/dags/generate_data_dag.py took 0.019 seconds
[2026-03-29T16:41:08.658+0000] {processor.py:186} INFO - Started process (PID=4443) to work on /home/ec2-user/environment/lab4_model_training/dags/generate_data_dag.py
[2026-03-29T16:41:08.658+0000] {processor.py:914} INFO - Processing file /home/ec2-user/environment/lab4_model_training/dags/generate_data_dag.py for tasks to queue
[2026-03-29T16:41:08.660+0000] {logging_mixin.py:190} INFO - [2026-03-29T16:41:08.659+0000] {dagbag.py:588} INFO - Filling up the DagBag from /home/ec2-user/environment/lab4_model_training/dags/generate_data_dag.py
[2026-03-29T16:41:08.662+0000] {processor.py:927} WARNING - No viable dags retrieved from /home/ec2-user/environment/lab4_model_training/dags/generate_data_dag.py
[2026-03-29T16:41:08.671+0000] {processor.py:208} INFO - Processing /home/ec2-user/environment/lab4_model_training/dags/generate_data_dag.py took 0.018 seconds
[2026-03-29T16:41:39.989+0000] {processor.py:186} INFO - Started process (PID=4527) to work on /home/ec2-user/environment/lab4_model_training/dags/generate_data_dag.py
[2026-03-29T16:41:39.990+0000] {processor.py:914} INFO - Processing file /home/ec2-user/environment/lab4_model_training/dags/generate_data_dag.py for tasks to queue
[2026-03-29T16:41:39.991+0000] {logging_mixin.py:190} INFO - [2026-03-29T16:41:39.991+0000] {dagbag.py:588} INFO - Filling up the DagBag from /home/ec2-user/environment/lab4_model_training/dags/generate_data_dag.py
[2026-03-29T16:41:39.994+0000] {processor.py:927} WARNING - No viable dags retrieved from /home/ec2-user/environment/lab4_model_training/dags/generate_data_dag.py
[2026-03-29T16:41:40.002+0000] {processor.py:208} INFO - Processing /home/ec2-user/environment/lab4_model_training/dags/generate_data_dag.py took 0.018 seconds
[2026-03-29T16:42:11.616+0000] {processor.py:186} INFO - Started process (PID=4544) to work on /home/ec2-user/environment/lab4_model_training/dags/generate_data_dag.py
[2026-03-29T16:42:11.617+0000] {processor.py:914} INFO - Processing file /home/ec2-user/environment/lab4_model_training/dags/generate_data_dag.py for tasks to queue
[2026-03-29T16:42:11.619+0000] {logging_mixin.py:190} INFO - [2026-03-29T16:42:11.618+0000] {dagbag.py:588} INFO - Filling up the DagBag from /home/ec2-user/environment/lab4_model_training/dags/generate_data_dag.py
[2026-03-29T16:42:11.621+0000] {processor.py:927} WARNING - No viable dags retrieved from /home/ec2-user/environment/lab4_model_training/dags/generate_data_dag.py
[2026-03-29T16:42:11.630+0000] {processor.py:208} INFO - Processing /home/ec2-user/environment/lab4_model_training/dags/generate_data_dag.py took 0.019 seconds
[2026-03-29T16:42:43.105+0000] {processor.py:186} INFO - Started process (PID=4556) to work on /home/ec2-user/environment/lab4_model_training/dags/generate_data_dag.py
[2026-03-29T16:42:43.106+0000] {processor.py:914} INFO - Processing file /home/ec2-user/environment/lab4_model_training/dags/generate_data_dag.py for tasks to queue
[2026-03-29T16:42:43.108+0000] {logging_mixin.py:190} INFO - [2026-03-29T16:42:43.107+0000] {dagbag.py:588} INFO - Filling up the DagBag from /home/ec2-user/environment/lab4_model_training/dags/generate_data_dag.py
[2026-03-29T16:42:43.110+0000] {processor.py:927} WARNING - No viable dags retrieved from /home/ec2-user/environment/lab4_model_training/dags/generate_data_dag.py
[2026-03-29T16:42:43.119+0000] {processor.py:208} INFO - Processing /home/ec2-user/environment/lab4_model_training/dags/generate_data_dag.py took 0.019 seconds
[2026-03-29T16:43:14.575+0000] {processor.py:186} INFO - Started process (PID=4623) to work on /home/ec2-user/environment/lab4_model_training/dags/generate_data_dag.py
[2026-03-29T16:43:14.575+0000] {processor.py:914} INFO - Processing file /home/ec2-user/environment/lab4_model_training/dags/generate_data_dag.py for tasks to queue
[2026-03-29T16:43:14.577+0000] {logging_mixin.py:190} INFO - [2026-03-29T16:43:14.576+0000] {dagbag.py:588} INFO - Filling up the DagBag from /home/ec2-user/environment/lab4_model_training/dags/generate_data_dag.py
[2026-03-29T16:43:14.579+0000] {processor.py:927} WARNING - No viable dags retrieved from /home/ec2-user/environment/lab4_model_training/dags/generate_data_dag.py
[2026-03-29T16:43:14.587+0000] {processor.py:208} INFO - Processing /home/ec2-user/environment/lab4_model_training/dags/generate_data_dag.py took 0.018 seconds
[2026-03-29T16:43:46.050+0000] {processor.py:186} INFO - Started process (PID=4636) to work on /home/ec2-user/environment/lab4_model_training/dags/generate_data_dag.py
[2026-03-29T16:43:46.051+0000] {processor.py:914} INFO - Processing file /home/ec2-user/environment/lab4_model_training/dags/generate_data_dag.py for tasks to queue
[2026-03-29T16:43:46.053+0000] {logging_mixin.py:190} INFO - [2026-03-29T16:43:46.052+0000] {dagbag.py:588} INFO - Filling up the DagBag from /home/ec2-user/environment/lab4_model_training/dags/generate_data_dag.py
[2026-03-29T16:43:46.055+0000] {processor.py:927} WARNING - No viable dags retrieved from /home/ec2-user/environment/lab4_model_training/dags/generate_data_dag.py
[2026-03-29T16:43:46.064+0000] {processor.py:208} INFO - Processing /home/ec2-user/environment/lab4_model_training/dags/generate_data_dag.py took 0.019 seconds
[2026-03-29T16:44:17.521+0000] {processor.py:186} INFO - Started process (PID=4657) to work on /home/ec2-user/environment/lab4_model_training/dags/generate_data_dag.py
[2026-03-29T16:44:17.522+0000] {processor.py:914} INFO - Processing file /home/ec2-user/environment/lab4_model_training/dags/generate_data_dag.py for tasks to queue
[2026-03-29T16:44:17.523+0000] {logging_mixin.py:190} INFO - [2026-03-29T16:44:17.523+0000] {dagbag.py:588} INFO - Filling up the DagBag from /home/ec2-user/environment/lab4_model_training/dags/generate_data_dag.py
[2026-03-29T16:44:17.526+0000] {processor.py:927} WARNING - No viable dags retrieved from /home/ec2-user/environment/lab4_model_training/dags/generate_data_dag.py
[2026-03-29T16:44:17.534+0000] {processor.py:208} INFO - Processing /home/ec2-user/environment/lab4_model_training/dags/generate_data_dag.py took 0.018 seconds
[2026-03-29T16:44:48.996+0000] {processor.py:186} INFO - Started process (PID=4669) to work on /home/ec2-user/environment/lab4_model_training/dags/generate_data_dag.py
[2026-03-29T16:44:48.998+0000] {processor.py:914} INFO - Processing file /home/ec2-user/environment/lab4_model_training/dags/generate_data_dag.py for tasks to queue
[2026-03-29T16:44:48.999+0000] {logging_mixin.py:190} INFO - [2026-03-29T16:44:48.999+0000] {dagbag.py:588} INFO - Filling up the DagBag from /home/ec2-user/environment/lab4_model_training/dags/generate_data_dag.py
[2026-03-29T16:44:49.001+0000] {processor.py:927} WARNING - No viable dags retrieved from /home/ec2-user/environment/lab4_model_training/dags/generate_data_dag.py
[2026-03-29T16:44:49.010+0000] {processor.py:208} INFO - Processing /home/ec2-user/environment/lab4_model_training/dags/generate_data_dag.py took 0.018 seconds
[2026-03-29T16:45:20.468+0000] {processor.py:186} INFO - Started process (PID=4735) to work on /home/ec2-user/environment/lab4_model_training/dags/generate_data_dag.py
[2026-03-29T16:45:20.469+0000] {processor.py:914} INFO - Processing file /home/ec2-user/environment/lab4_model_training/dags/generate_data_dag.py for tasks to queue
[2026-03-29T16:45:20.471+0000] {logging_mixin.py:190} INFO - [2026-03-29T16:45:20.470+0000] {dagbag.py:588} INFO - Filling up the DagBag from /home/ec2-user/environment/lab4_model_training/dags/generate_data_dag.py
[2026-03-29T16:45:20.473+0000] {processor.py:927} WARNING - No viable dags retrieved from /home/ec2-user/environment/lab4_model_training/dags/generate_data_dag.py
[2026-03-29T16:45:20.482+0000] {processor.py:208} INFO - Processing /home/ec2-user/environment/lab4_model_training/dags/generate_data_dag.py took 0.019 seconds
[2026-03-29T16:45:51.954+0000] {processor.py:186} INFO - Started process (PID=4751) to work on /home/ec2-user/environment/lab4_model_training/dags/generate_data_dag.py
[2026-03-29T16:45:51.954+0000] {processor.py:914} INFO - Processing file /home/ec2-user/environment/lab4_model_training/dags/generate_data_dag.py for tasks to queue
[2026-03-29T16:45:51.955+0000] {logging_mixin.py:190} INFO - [2026-03-29T16:45:51.955+0000] {dagbag.py:588} INFO - Filling up the DagBag from /home/ec2-user/environment/lab4_model_training/dags/generate_data_dag.py
[2026-03-29T16:45:51.957+0000] {processor.py:927} WARNING - No viable dags retrieved from /home/ec2-user/environment/lab4_model_training/dags/generate_data_dag.py
[2026-03-29T16:45:51.967+0000] {processor.py:208} INFO - Processing /home/ec2-user/environment/lab4_model_training/dags/generate_data_dag.py took 0.018 seconds
[2026-03-29T16:46:23.426+0000] {processor.py:186} INFO - Started process (PID=4768) to work on /home/ec2-user/environment/lab4_model_training/dags/generate_data_dag.py
[2026-03-29T16:46:23.427+0000] {processor.py:914} INFO - Processing file /home/ec2-user/environment/lab4_model_training/dags/generate_data_dag.py for tasks to queue
[2026-03-29T16:46:23.429+0000] {logging_mixin.py:190} INFO - [2026-03-29T16:46:23.428+0000] {dagbag.py:588} INFO - Filling up the DagBag from /home/ec2-user/environment/lab4_model_training/dags/generate_data_dag.py
[2026-03-29T16:46:23.431+0000] {processor.py:927} WARNING - No viable dags retrieved from /home/ec2-user/environment/lab4_model_training/dags/generate_data_dag.py
[2026-03-29T16:46:23.442+0000] {processor.py:208} INFO - Processing /home/ec2-user/environment/lab4_model_training/dags/generate_data_dag.py took 0.021 seconds
[2026-03-29T16:46:54.907+0000] {processor.py:186} INFO - Started process (PID=4783) to work on /home/ec2-user/environment/lab4_model_training/dags/generate_data_dag.py
[2026-03-29T16:46:54.909+0000] {processor.py:914} INFO - Processing file /home/ec2-user/environment/lab4_model_training/dags/generate_data_dag.py for tasks to queue
[2026-03-29T16:46:54.910+0000] {logging_mixin.py:190} INFO - [2026-03-29T16:46:54.910+0000] {dagbag.py:588} INFO - Filling up the DagBag from /home/ec2-user/environment/lab4_model_training/dags/generate_data_dag.py
[2026-03-29T16:46:54.913+0000] {processor.py:927} WARNING - No viable dags retrieved from /home/ec2-user/environment/lab4_model_training/dags/generate_data_dag.py
[2026-03-29T16:46:54.922+0000] {processor.py:208} INFO - Processing /home/ec2-user/environment/lab4_model_training/dags/generate_data_dag.py took 0.019 seconds
[2026-03-29T16:47:26.485+0000] {processor.py:186} INFO - Started process (PID=4848) to work on /home/ec2-user/environment/lab4_model_training/dags/generate_data_dag.py
[2026-03-29T16:47:26.486+0000] {processor.py:914} INFO - Processing file /home/ec2-user/environment/lab4_model_training/dags/generate_data_dag.py for tasks to queue
[2026-03-29T16:47:26.487+0000] {logging_mixin.py:190} INFO - [2026-03-29T16:47:26.487+0000] {dagbag.py:588} INFO - Filling up the DagBag from /home/ec2-user/environment/lab4_model_training/dags/generate_data_dag.py
[2026-03-29T16:47:26.490+0000] {processor.py:927} WARNING - No viable dags retrieved from /home/ec2-user/environment/lab4_model_training/dags/generate_data_dag.py
[2026-03-29T16:47:26.499+0000] {processor.py:208} INFO - Processing /home/ec2-user/environment/lab4_model_training/dags/generate_data_dag.py took 0.018 seconds
[2026-03-29T16:47:58.054+0000] {processor.py:186} INFO - Started process (PID=4859) to work on /home/ec2-user/environment/lab4_model_training/dags/generate_data_dag.py
[2026-03-29T16:47:58.056+0000] {processor.py:914} INFO - Processing file /home/ec2-user/environment/lab4_model_training/dags/generate_data_dag.py for tasks to queue
[2026-03-29T16:47:58.057+0000] {logging_mixin.py:190} INFO - [2026-03-29T16:47:58.057+0000] {dagbag.py:588} INFO - Filling up the DagBag from /home/ec2-user/environment/lab4_model_training/dags/generate_data_dag.py
[2026-03-29T16:47:58.060+0000] {processor.py:927} WARNING - No viable dags retrieved from /home/ec2-user/environment/lab4_model_training/dags/generate_data_dag.py
[2026-03-29T16:47:58.071+0000] {processor.py:208} INFO - Processing /home/ec2-user/environment/lab4_model_training/dags/generate_data_dag.py took 0.021 seconds
[2026-03-29T16:48:29.542+0000] {processor.py:186} INFO - Started process (PID=4885) to work on /home/ec2-user/environment/lab4_model_training/dags/generate_data_dag.py
[2026-03-29T16:48:29.542+0000] {processor.py:914} INFO - Processing file /home/ec2-user/environment/lab4_model_training/dags/generate_data_dag.py for tasks to queue
[2026-03-29T16:48:29.544+0000] {logging_mixin.py:190} INFO - [2026-03-29T16:48:29.543+0000] {dagbag.py:588} INFO - Filling up the DagBag from /home/ec2-user/environment/lab4_model_training/dags/generate_data_dag.py
[2026-03-29T16:48:29.546+0000] {processor.py:927} WARNING - No viable dags retrieved from /home/ec2-user/environment/lab4_model_training/dags/generate_data_dag.py
[2026-03-29T16:48:29.555+0000] {processor.py:208} INFO - Processing /home/ec2-user/environment/lab4_model_training/dags/generate_data_dag.py took 0.018 seconds
[2026-03-29T16:49:01.016+0000] {processor.py:186} INFO - Started process (PID=4940) to work on /home/ec2-user/environment/lab4_model_training/dags/generate_data_dag.py
[2026-03-29T16:49:01.017+0000] {processor.py:914} INFO - Processing file /home/ec2-user/environment/lab4_model_training/dags/generate_data_dag.py for tasks to queue
[2026-03-29T16:49:01.018+0000] {logging_mixin.py:190} INFO - [2026-03-29T16:49:01.018+0000] {dagbag.py:588} INFO - Filling up the DagBag from /home/ec2-user/environment/lab4_model_training/dags/generate_data_dag.py
[2026-03-29T16:49:01.021+0000] {processor.py:927} WARNING - No viable dags retrieved from /home/ec2-user/environment/lab4_model_training/dags/generate_data_dag.py
[2026-03-29T16:49:01.030+0000] {processor.py:208} INFO - Processing /home/ec2-user/environment/lab4_model_training/dags/generate_data_dag.py took 0.019 seconds
[2026-03-29T16:49:32.502+0000] {processor.py:186} INFO - Started process (PID=4989) to work on /home/ec2-user/environment/lab4_model_training/dags/generate_data_dag.py
[2026-03-29T16:49:32.502+0000] {processor.py:914} INFO - Processing file /home/ec2-user/environment/lab4_model_training/dags/generate_data_dag.py for tasks to queue
[2026-03-29T16:49:32.504+0000] {logging_mixin.py:190} INFO - [2026-03-29T16:49:32.503+0000] {dagbag.py:588} INFO - Filling up the DagBag from /home/ec2-user/environment/lab4_model_training/dags/generate_data_dag.py
[2026-03-29T16:49:32.506+0000] {processor.py:927} WARNING - No viable dags retrieved from /home/ec2-user/environment/lab4_model_training/dags/generate_data_dag.py
[2026-03-29T16:49:32.515+0000] {processor.py:208} INFO - Processing /home/ec2-user/environment/lab4_model_training/dags/generate_data_dag.py took 0.019 seconds
[2026-03-29T16:50:04.074+0000] {processor.py:186} INFO - Started process (PID=5006) to work on /home/ec2-user/environment/lab4_model_training/dags/generate_data_dag.py
[2026-03-29T16:50:04.075+0000] {processor.py:914} INFO - Processing file /home/ec2-user/environment/lab4_model_training/dags/generate_data_dag.py for tasks to queue
[2026-03-29T16:50:04.077+0000] {logging_mixin.py:190} INFO - [2026-03-29T16:50:04.076+0000] {dagbag.py:588} INFO - Filling up the DagBag from /home/ec2-user/environment/lab4_model_training/dags/generate_data_dag.py
[2026-03-29T16:50:04.079+0000] {processor.py:927} WARNING - No viable dags retrieved from /home/ec2-user/environment/lab4_model_training/dags/generate_data_dag.py
[2026-03-29T16:50:04.089+0000] {processor.py:208} INFO - Processing /home/ec2-user/environment/lab4_model_training/dags/generate_data_dag.py took 0.019 seconds
[2026-03-29T16:50:35.547+0000] {processor.py:186} INFO - Started process (PID=5073) to work on /home/ec2-user/environment/lab4_model_training/dags/generate_data_dag.py
[2026-03-29T16:50:35.548+0000] {processor.py:914} INFO - Processing file /home/ec2-user/environment/lab4_model_training/dags/generate_data_dag.py for tasks to queue
[2026-03-29T16:50:35.549+0000] {logging_mixin.py:190} INFO - [2026-03-29T16:50:35.549+0000] {dagbag.py:588} INFO - Filling up the DagBag from /home/ec2-user/environment/lab4_model_training/dags/generate_data_dag.py
[2026-03-29T16:50:35.551+0000] {processor.py:927} WARNING - No viable dags retrieved from /home/ec2-user/environment/lab4_model_training/dags/generate_data_dag.py
[2026-03-29T16:50:35.560+0000] {processor.py:208} INFO - Processing /home/ec2-user/environment/lab4_model_training/dags/generate_data_dag.py took 0.018 seconds
[2026-03-29T16:51:07.037+0000] {processor.py:186} INFO - Started process (PID=5090) to work on /home/ec2-user/environment/lab4_model_training/dags/generate_data_dag.py
[2026-03-29T16:51:07.039+0000] {processor.py:914} INFO - Processing file /home/ec2-user/environment/lab4_model_training/dags/generate_data_dag.py for tasks to queue
[2026-03-29T16:51:07.040+0000] {logging_mixin.py:190} INFO - [2026-03-29T16:51:07.040+0000] {dagbag.py:588} INFO - Filling up the DagBag from /home/ec2-user/environment/lab4_model_training/dags/generate_data_dag.py
[2026-03-29T16:51:07.042+0000] {processor.py:927} WARNING - No viable dags retrieved from /home/ec2-user/environment/lab4_model_training/dags/generate_data_dag.py
[2026-03-29T16:51:07.051+0000] {processor.py:208} INFO - Processing /home/ec2-user/environment/lab4_model_training/dags/generate_data_dag.py took 0.019 seconds
[2026-03-29T16:51:38.514+0000] {processor.py:186} INFO - Started process (PID=5101) to work on /home/ec2-user/environment/lab4_model_training/dags/generate_data_dag.py
[2026-03-29T16:51:38.515+0000] {processor.py:914} INFO - Processing file /home/ec2-user/environment/lab4_model_training/dags/generate_data_dag.py for tasks to queue
[2026-03-29T16:51:38.517+0000] {logging_mixin.py:190} INFO - [2026-03-29T16:51:38.516+0000] {dagbag.py:588} INFO - Filling up the DagBag from /home/ec2-user/environment/lab4_model_training/dags/generate_data_dag.py
[2026-03-29T16:51:38.519+0000] {processor.py:927} WARNING - No viable dags retrieved from /home/ec2-user/environment/lab4_model_training/dags/generate_data_dag.py
[2026-03-29T16:51:38.528+0000] {processor.py:208} INFO - Processing /home/ec2-user/environment/lab4_model_training/dags/generate_data_dag.py took 0.019 seconds
[2026-03-29T16:52:09.987+0000] {processor.py:186} INFO - Started process (PID=5166) to work on /home/ec2-user/environment/lab4_model_training/dags/generate_data_dag.py
[2026-03-29T16:52:09.988+0000] {processor.py:914} INFO - Processing file /home/ec2-user/environment/lab4_model_training/dags/generate_data_dag.py for tasks to queue
[2026-03-29T16:52:09.990+0000] {logging_mixin.py:190} INFO - [2026-03-29T16:52:09.990+0000] {dagbag.py:588} INFO - Filling up the DagBag from /home/ec2-user/environment/lab4_model_training/dags/generate_data_dag.py
[2026-03-29T16:52:09.992+0000] {processor.py:927} WARNING - No viable dags retrieved from /home/ec2-user/environment/lab4_model_training/dags/generate_data_dag.py
[2026-03-29T16:52:10.001+0000] {processor.py:208} INFO - Processing /home/ec2-user/environment/lab4_model_training/dags/generate_data_dag.py took 0.019 seconds
[2026-03-29T16:52:41.236+0000] {processor.py:186} INFO - Started process (PID=5178) to work on /home/ec2-user/environment/lab4_model_training/dags/generate_data_dag.py
[2026-03-29T16:52:41.238+0000] {processor.py:914} INFO - Processing file /home/ec2-user/environment/lab4_model_training/dags/generate_data_dag.py for tasks to queue
[2026-03-29T16:52:41.239+0000] {logging_mixin.py:190} INFO - [2026-03-29T16:52:41.239+0000] {dagbag.py:588} INFO - Filling up the DagBag from /home/ec2-user/environment/lab4_model_training/dags/generate_data_dag.py
[2026-03-29T16:52:41.242+0000] {processor.py:927} WARNING - No viable dags retrieved from /home/ec2-user/environment/lab4_model_training/dags/generate_data_dag.py
[2026-03-29T16:52:41.251+0000] {processor.py:208} INFO - Processing /home/ec2-user/environment/lab4_model_training/dags/generate_data_dag.py took 0.019 seconds
[2026-03-29T16:53:12.951+0000] {processor.py:186} INFO - Started process (PID=5195) to work on /home/ec2-user/environment/lab4_model_training/dags/generate_data_dag.py
[2026-03-29T16:53:12.951+0000] {processor.py:914} INFO - Processing file /home/ec2-user/environment/lab4_model_training/dags/generate_data_dag.py for tasks to queue
[2026-03-29T16:53:12.953+0000] {logging_mixin.py:190} INFO - [2026-03-29T16:53:12.952+0000] {dagbag.py:588} INFO - Filling up the DagBag from /home/ec2-user/environment/lab4_model_training/dags/generate_data_dag.py
[2026-03-29T16:53:12.955+0000] {processor.py:927} WARNING - No viable dags retrieved from /home/ec2-user/environment/lab4_model_training/dags/generate_data_dag.py
[2026-03-29T16:53:12.964+0000] {processor.py:208} INFO - Processing /home/ec2-user/environment/lab4_model_training/dags/generate_data_dag.py took 0.018 seconds
[2026-03-29T16:53:44.433+0000] {processor.py:186} INFO - Started process (PID=5207) to work on /home/ec2-user/environment/lab4_model_training/dags/generate_data_dag.py
[2026-03-29T16:53:44.434+0000] {processor.py:914} INFO - Processing file /home/ec2-user/environment/lab4_model_training/dags/generate_data_dag.py for tasks to queue
[2026-03-29T16:53:44.435+0000] {logging_mixin.py:190} INFO - [2026-03-29T16:53:44.435+0000] {dagbag.py:588} INFO - Filling up the DagBag from /home/ec2-user/environment/lab4_model_training/dags/generate_data_dag.py
[2026-03-29T16:53:44.438+0000] {processor.py:927} WARNING - No viable dags retrieved from /home/ec2-user/environment/lab4_model_training/dags/generate_data_dag.py
[2026-03-29T16:53:44.447+0000] {processor.py:208} INFO - Processing /home/ec2-user/environment/lab4_model_training/dags/generate_data_dag.py took 0.019 seconds
[2026-03-29T16:54:15.902+0000] {processor.py:186} INFO - Started process (PID=5276) to work on /home/ec2-user/environment/lab4_model_training/dags/generate_data_dag.py
[2026-03-29T16:54:15.903+0000] {processor.py:914} INFO - Processing file /home/ec2-user/environment/lab4_model_training/dags/generate_data_dag.py for tasks to queue
[2026-03-29T16:54:15.905+0000] {logging_mixin.py:190} INFO - [2026-03-29T16:54:15.904+0000] {dagbag.py:588} INFO - Filling up the DagBag from /home/ec2-user/environment/lab4_model_training/dags/generate_data_dag.py
[2026-03-29T16:54:15.907+0000] {processor.py:927} WARNING - No viable dags retrieved from /home/ec2-user/environment/lab4_model_training/dags/generate_data_dag.py
[2026-03-29T16:54:15.915+0000] {processor.py:208} INFO - Processing /home/ec2-user/environment/lab4_model_training/dags/generate_data_dag.py took 0.018 seconds
[2026-03-29T16:54:47.376+0000] {processor.py:186} INFO - Started process (PID=5289) to work on /home/ec2-user/environment/lab4_model_training/dags/generate_data_dag.py
[2026-03-29T16:54:47.377+0000] {processor.py:914} INFO - Processing file /home/ec2-user/environment/lab4_model_training/dags/generate_data_dag.py for tasks to queue
[2026-03-29T16:54:47.378+0000] {logging_mixin.py:190} INFO - [2026-03-29T16:54:47.378+0000] {dagbag.py:588} INFO - Filling up the DagBag from /home/ec2-user/environment/lab4_model_training/dags/generate_data_dag.py
[2026-03-29T16:54:47.380+0000] {processor.py:927} WARNING - No viable dags retrieved from /home/ec2-user/environment/lab4_model_training/dags/generate_data_dag.py
[2026-03-29T16:54:47.389+0000] {processor.py:208} INFO - Processing /home/ec2-user/environment/lab4_model_training/dags/generate_data_dag.py took 0.018 seconds
[2026-03-29T16:55:18.850+0000] {processor.py:186} INFO - Started process (PID=5306) to work on /home/ec2-user/environment/lab4_model_training/dags/generate_data_dag.py
[2026-03-29T16:55:18.851+0000] {processor.py:914} INFO - Processing file /home/ec2-user/environment/lab4_model_training/dags/generate_data_dag.py for tasks to queue
[2026-03-29T16:55:18.852+0000] {logging_mixin.py:190} INFO - [2026-03-29T16:55:18.852+0000] {dagbag.py:588} INFO - Filling up the DagBag from /home/ec2-user/environment/lab4_model_training/dags/generate_data_dag.py
[2026-03-29T16:55:18.854+0000] {processor.py:927} WARNING - No viable dags retrieved from /home/ec2-user/environment/lab4_model_training/dags/generate_data_dag.py
[2026-03-29T16:55:18.864+0000] {processor.py:208} INFO - Processing /home/ec2-user/environment/lab4_model_training/dags/generate_data_dag.py took 0.019 seconds
[2026-03-29T16:55:50.323+0000] {processor.py:186} INFO - Started process (PID=5319) to work on /home/ec2-user/environment/lab4_model_training/dags/generate_data_dag.py
[2026-03-29T16:55:50.324+0000] {processor.py:914} INFO - Processing file /home/ec2-user/environment/lab4_model_training/dags/generate_data_dag.py for tasks to queue
[2026-03-29T16:55:50.325+0000] {logging_mixin.py:190} INFO - [2026-03-29T16:55:50.325+0000] {dagbag.py:588} INFO - Filling up the DagBag from /home/ec2-user/environment/lab4_model_training/dags/generate_data_dag.py
[2026-03-29T16:55:50.328+0000] {processor.py:927} WARNING - No viable dags retrieved from /home/ec2-user/environment/lab4_model_training/dags/generate_data_dag.py
[2026-03-29T16:55:50.336+0000] {processor.py:208} INFO - Processing /home/ec2-user/environment/lab4_model_training/dags/generate_data_dag.py took 0.018 seconds
