[2026-03-29T12:47:29.419+0000] {processor.py:186} INFO - Started process (PID=3197) to work on /home/ec2-user/environment/lab4_model_training/dags/ml_pipeline_dag.py
[2026-03-29T12:47:29.420+0000] {processor.py:914} INFO - Processing file /home/ec2-user/environment/lab4_model_training/dags/ml_pipeline_dag.py for tasks to queue
[2026-03-29T12:47:29.421+0000] {logging_mixin.py:190} INFO - [2026-03-29T12:47:29.421+0000] {dagbag.py:588} INFO - Filling up the DagBag from /home/ec2-user/environment/lab4_model_training/dags/ml_pipeline_dag.py
[2026-03-29T12:47:32.277+0000] {processor.py:925} INFO - DAG(s) 'ml_training_pipeline_v2' retrieved from /home/ec2-user/environment/lab4_model_training/dags/ml_pipeline_dag.py
[2026-03-29T12:47:32.295+0000] {logging_mixin.py:190} INFO - [2026-03-29T12:47:32.294+0000] {dag.py:3239} INFO - Sync 1 DAGs
[2026-03-29T12:47:32.306+0000] {logging_mixin.py:190} INFO - [2026-03-29T12:47:32.306+0000] {dag.py:4180} INFO - Setting next_dagrun for ml_training_pipeline_v2 to None, run_after=None
[2026-03-29T12:47:32.324+0000] {processor.py:208} INFO - Processing /home/ec2-user/environment/lab4_model_training/dags/ml_pipeline_dag.py took 2.911 seconds
[2026-03-29T12:48:02.772+0000] {processor.py:186} INFO - Started process (PID=3293) to work on /home/ec2-user/environment/lab4_model_training/dags/ml_pipeline_dag.py
[2026-03-29T12:48:02.773+0000] {processor.py:914} INFO - Processing file /home/ec2-user/environment/lab4_model_training/dags/ml_pipeline_dag.py for tasks to queue
[2026-03-29T12:48:02.774+0000] {logging_mixin.py:190} INFO - [2026-03-29T12:48:02.774+0000] {dagbag.py:588} INFO - Filling up the DagBag from /home/ec2-user/environment/lab4_model_training/dags/ml_pipeline_dag.py
[2026-03-29T12:48:04.177+0000] {processor.py:925} INFO - DAG(s) 'ml_training_pipeline_v2' retrieved from /home/ec2-user/environment/lab4_model_training/dags/ml_pipeline_dag.py
[2026-03-29T12:48:04.192+0000] {logging_mixin.py:190} INFO - [2026-03-29T12:48:04.192+0000] {dag.py:3239} INFO - Sync 1 DAGs
[2026-03-29T12:48:04.202+0000] {logging_mixin.py:190} INFO - [2026-03-29T12:48:04.201+0000] {dag.py:4180} INFO - Setting next_dagrun for ml_training_pipeline_v2 to None, run_after=None
[2026-03-29T12:48:04.220+0000] {processor.py:208} INFO - Processing /home/ec2-user/environment/lab4_model_training/dags/ml_pipeline_dag.py took 1.452 seconds
[2026-03-29T12:48:35.028+0000] {processor.py:186} INFO - Started process (PID=3367) to work on /home/ec2-user/environment/lab4_model_training/dags/ml_pipeline_dag.py
[2026-03-29T12:48:35.028+0000] {processor.py:914} INFO - Processing file /home/ec2-user/environment/lab4_model_training/dags/ml_pipeline_dag.py for tasks to queue
[2026-03-29T12:48:35.030+0000] {logging_mixin.py:190} INFO - [2026-03-29T12:48:35.029+0000] {dagbag.py:588} INFO - Filling up the DagBag from /home/ec2-user/environment/lab4_model_training/dags/ml_pipeline_dag.py
[2026-03-29T12:48:36.513+0000] {processor.py:925} INFO - DAG(s) 'ml_training_pipeline_v2' retrieved from /home/ec2-user/environment/lab4_model_training/dags/ml_pipeline_dag.py
[2026-03-29T12:48:36.528+0000] {logging_mixin.py:190} INFO - [2026-03-29T12:48:36.528+0000] {dag.py:3239} INFO - Sync 1 DAGs
[2026-03-29T12:48:36.537+0000] {logging_mixin.py:190} INFO - [2026-03-29T12:48:36.537+0000] {dag.py:4180} INFO - Setting next_dagrun for ml_training_pipeline_v2 to None, run_after=None
[2026-03-29T12:48:36.555+0000] {processor.py:208} INFO - Processing /home/ec2-user/environment/lab4_model_training/dags/ml_pipeline_dag.py took 1.531 seconds
[2026-03-29T12:52:33.929+0000] {processor.py:186} INFO - Started process (PID=3894) to work on /home/ec2-user/environment/lab4_model_training/dags/ml_pipeline_dag.py
[2026-03-29T12:52:33.930+0000] {processor.py:914} INFO - Processing file /home/ec2-user/environment/lab4_model_training/dags/ml_pipeline_dag.py for tasks to queue
[2026-03-29T12:52:33.932+0000] {logging_mixin.py:190} INFO - [2026-03-29T12:52:33.931+0000] {dagbag.py:588} INFO - Filling up the DagBag from /home/ec2-user/environment/lab4_model_training/dags/ml_pipeline_dag.py
[2026-03-29T12:52:35.405+0000] {processor.py:925} INFO - DAG(s) 'ml_training_pipeline_v2' retrieved from /home/ec2-user/environment/lab4_model_training/dags/ml_pipeline_dag.py
[2026-03-29T12:52:35.418+0000] {logging_mixin.py:190} INFO - [2026-03-29T12:52:35.418+0000] {dag.py:3239} INFO - Sync 1 DAGs
[2026-03-29T12:52:35.429+0000] {logging_mixin.py:190} INFO - [2026-03-29T12:52:35.429+0000] {dag.py:4180} INFO - Setting next_dagrun for ml_training_pipeline_v2 to None, run_after=None
[2026-03-29T12:52:35.446+0000] {processor.py:208} INFO - Processing /home/ec2-user/environment/lab4_model_training/dags/ml_pipeline_dag.py took 1.522 seconds
[2026-03-29T13:00:44.683+0000] {processor.py:186} INFO - Started process (PID=2776) to work on /home/ec2-user/environment/lab4_model_training/dags/ml_pipeline_dag.py
[2026-03-29T13:00:44.686+0000] {processor.py:914} INFO - Processing file /home/ec2-user/environment/lab4_model_training/dags/ml_pipeline_dag.py for tasks to queue
[2026-03-29T13:00:44.687+0000] {logging_mixin.py:190} INFO - [2026-03-29T13:00:44.687+0000] {dagbag.py:588} INFO - Filling up the DagBag from /home/ec2-user/environment/lab4_model_training/dags/ml_pipeline_dag.py
[2026-03-29T13:00:47.579+0000] {processor.py:925} INFO - DAG(s) 'ml_training_pipeline_v2' retrieved from /home/ec2-user/environment/lab4_model_training/dags/ml_pipeline_dag.py
[2026-03-29T13:00:47.598+0000] {logging_mixin.py:190} INFO - [2026-03-29T13:00:47.597+0000] {dag.py:3239} INFO - Sync 1 DAGs
[2026-03-29T13:00:47.610+0000] {logging_mixin.py:190} INFO - [2026-03-29T13:00:47.610+0000] {dag.py:4180} INFO - Setting next_dagrun for ml_training_pipeline_v2 to None, run_after=None
[2026-03-29T13:00:47.630+0000] {processor.py:208} INFO - Processing /home/ec2-user/environment/lab4_model_training/dags/ml_pipeline_dag.py took 2.954 seconds
[2026-03-29T13:01:18.049+0000] {processor.py:186} INFO - Started process (PID=2934) to work on /home/ec2-user/environment/lab4_model_training/dags/ml_pipeline_dag.py
[2026-03-29T13:01:18.050+0000] {processor.py:914} INFO - Processing file /home/ec2-user/environment/lab4_model_training/dags/ml_pipeline_dag.py for tasks to queue
[2026-03-29T13:01:18.051+0000] {logging_mixin.py:190} INFO - [2026-03-29T13:01:18.050+0000] {dagbag.py:588} INFO - Filling up the DagBag from /home/ec2-user/environment/lab4_model_training/dags/ml_pipeline_dag.py
[2026-03-29T13:01:19.495+0000] {processor.py:925} INFO - DAG(s) 'ml_training_pipeline_v2' retrieved from /home/ec2-user/environment/lab4_model_training/dags/ml_pipeline_dag.py
[2026-03-29T13:01:19.508+0000] {logging_mixin.py:190} INFO - [2026-03-29T13:01:19.508+0000] {dag.py:3239} INFO - Sync 1 DAGs
[2026-03-29T13:01:19.518+0000] {logging_mixin.py:190} INFO - [2026-03-29T13:01:19.518+0000] {dag.py:4180} INFO - Setting next_dagrun for ml_training_pipeline_v2 to None, run_after=None
[2026-03-29T13:01:19.538+0000] {processor.py:208} INFO - Processing /home/ec2-user/environment/lab4_model_training/dags/ml_pipeline_dag.py took 1.493 seconds
[2026-03-29T13:01:50.316+0000] {processor.py:186} INFO - Started process (PID=3007) to work on /home/ec2-user/environment/lab4_model_training/dags/ml_pipeline_dag.py
[2026-03-29T13:01:50.318+0000] {processor.py:914} INFO - Processing file /home/ec2-user/environment/lab4_model_training/dags/ml_pipeline_dag.py for tasks to queue
[2026-03-29T13:01:50.319+0000] {logging_mixin.py:190} INFO - [2026-03-29T13:01:50.319+0000] {dagbag.py:588} INFO - Filling up the DagBag from /home/ec2-user/environment/lab4_model_training/dags/ml_pipeline_dag.py
[2026-03-29T13:01:51.827+0000] {processor.py:925} INFO - DAG(s) 'ml_training_pipeline_v2' retrieved from /home/ec2-user/environment/lab4_model_training/dags/ml_pipeline_dag.py
[2026-03-29T13:01:51.842+0000] {logging_mixin.py:190} INFO - [2026-03-29T13:01:51.841+0000] {dag.py:3239} INFO - Sync 1 DAGs
[2026-03-29T13:01:51.851+0000] {logging_mixin.py:190} INFO - [2026-03-29T13:01:51.851+0000] {dag.py:4180} INFO - Setting next_dagrun for ml_training_pipeline_v2 to None, run_after=None
[2026-03-29T13:01:51.869+0000] {processor.py:208} INFO - Processing /home/ec2-user/environment/lab4_model_training/dags/ml_pipeline_dag.py took 1.557 seconds
[2026-03-29T13:02:22.144+0000] {processor.py:186} INFO - Started process (PID=3101) to work on /home/ec2-user/environment/lab4_model_training/dags/ml_pipeline_dag.py
[2026-03-29T13:02:22.146+0000] {processor.py:914} INFO - Processing file /home/ec2-user/environment/lab4_model_training/dags/ml_pipeline_dag.py for tasks to queue
[2026-03-29T13:02:22.147+0000] {logging_mixin.py:190} INFO - [2026-03-29T13:02:22.147+0000] {dagbag.py:588} INFO - Filling up the DagBag from /home/ec2-user/environment/lab4_model_training/dags/ml_pipeline_dag.py
[2026-03-29T13:02:23.583+0000] {processor.py:925} INFO - DAG(s) 'ml_training_pipeline_v2' retrieved from /home/ec2-user/environment/lab4_model_training/dags/ml_pipeline_dag.py
[2026-03-29T13:02:23.597+0000] {logging_mixin.py:190} INFO - [2026-03-29T13:02:23.596+0000] {dag.py:3239} INFO - Sync 1 DAGs
[2026-03-29T13:02:23.606+0000] {logging_mixin.py:190} INFO - [2026-03-29T13:02:23.606+0000] {dag.py:4180} INFO - Setting next_dagrun for ml_training_pipeline_v2 to None, run_after=None
[2026-03-29T13:02:23.627+0000] {processor.py:208} INFO - Processing /home/ec2-user/environment/lab4_model_training/dags/ml_pipeline_dag.py took 1.487 seconds
[2026-03-29T13:02:53.870+0000] {processor.py:186} INFO - Started process (PID=3179) to work on /home/ec2-user/environment/lab4_model_training/dags/ml_pipeline_dag.py
[2026-03-29T13:02:53.870+0000] {processor.py:914} INFO - Processing file /home/ec2-user/environment/lab4_model_training/dags/ml_pipeline_dag.py for tasks to queue
[2026-03-29T13:02:53.872+0000] {logging_mixin.py:190} INFO - [2026-03-29T13:02:53.871+0000] {dagbag.py:588} INFO - Filling up the DagBag from /home/ec2-user/environment/lab4_model_training/dags/ml_pipeline_dag.py
[2026-03-29T13:02:55.322+0000] {processor.py:925} INFO - DAG(s) 'ml_training_pipeline_v2' retrieved from /home/ec2-user/environment/lab4_model_training/dags/ml_pipeline_dag.py
[2026-03-29T13:02:55.336+0000] {logging_mixin.py:190} INFO - [2026-03-29T13:02:55.336+0000] {dag.py:3239} INFO - Sync 1 DAGs
[2026-03-29T13:02:55.345+0000] {logging_mixin.py:190} INFO - [2026-03-29T13:02:55.345+0000] {dag.py:4180} INFO - Setting next_dagrun for ml_training_pipeline_v2 to None, run_after=None
[2026-03-29T13:02:55.363+0000] {processor.py:208} INFO - Processing /home/ec2-user/environment/lab4_model_training/dags/ml_pipeline_dag.py took 1.498 seconds
[2026-03-29T13:03:25.494+0000] {processor.py:186} INFO - Started process (PID=3315) to work on /home/ec2-user/environment/lab4_model_training/dags/ml_pipeline_dag.py
[2026-03-29T13:03:25.495+0000] {processor.py:914} INFO - Processing file /home/ec2-user/environment/lab4_model_training/dags/ml_pipeline_dag.py for tasks to queue
[2026-03-29T13:03:25.496+0000] {logging_mixin.py:190} INFO - [2026-03-29T13:03:25.496+0000] {dagbag.py:588} INFO - Filling up the DagBag from /home/ec2-user/environment/lab4_model_training/dags/ml_pipeline_dag.py
[2026-03-29T13:03:26.964+0000] {processor.py:925} INFO - DAG(s) 'ml_training_pipeline_v2' retrieved from /home/ec2-user/environment/lab4_model_training/dags/ml_pipeline_dag.py
[2026-03-29T13:03:26.977+0000] {logging_mixin.py:190} INFO - [2026-03-29T13:03:26.977+0000] {dag.py:3239} INFO - Sync 1 DAGs
[2026-03-29T13:03:26.987+0000] {logging_mixin.py:190} INFO - [2026-03-29T13:03:26.987+0000] {dag.py:4180} INFO - Setting next_dagrun for ml_training_pipeline_v2 to None, run_after=None
[2026-03-29T13:03:27.005+0000] {processor.py:208} INFO - Processing /home/ec2-user/environment/lab4_model_training/dags/ml_pipeline_dag.py took 1.516 seconds
[2026-03-29T13:03:57.200+0000] {processor.py:186} INFO - Started process (PID=3394) to work on /home/ec2-user/environment/lab4_model_training/dags/ml_pipeline_dag.py
[2026-03-29T13:03:57.202+0000] {processor.py:914} INFO - Processing file /home/ec2-user/environment/lab4_model_training/dags/ml_pipeline_dag.py for tasks to queue
[2026-03-29T13:03:57.203+0000] {logging_mixin.py:190} INFO - [2026-03-29T13:03:57.203+0000] {dagbag.py:588} INFO - Filling up the DagBag from /home/ec2-user/environment/lab4_model_training/dags/ml_pipeline_dag.py
[2026-03-29T13:03:58.671+0000] {processor.py:925} INFO - DAG(s) 'ml_training_pipeline_v2' retrieved from /home/ec2-user/environment/lab4_model_training/dags/ml_pipeline_dag.py
[2026-03-29T13:03:58.685+0000] {logging_mixin.py:190} INFO - [2026-03-29T13:03:58.684+0000] {dag.py:3239} INFO - Sync 1 DAGs
[2026-03-29T13:03:58.695+0000] {logging_mixin.py:190} INFO - [2026-03-29T13:03:58.695+0000] {dag.py:4180} INFO - Setting next_dagrun for ml_training_pipeline_v2 to None, run_after=None
[2026-03-29T13:03:58.713+0000] {processor.py:208} INFO - Processing /home/ec2-user/environment/lab4_model_training/dags/ml_pipeline_dag.py took 1.517 seconds
[2026-03-29T13:04:28.904+0000] {processor.py:186} INFO - Started process (PID=3479) to work on /home/ec2-user/environment/lab4_model_training/dags/ml_pipeline_dag.py
[2026-03-29T13:04:28.905+0000] {processor.py:914} INFO - Processing file /home/ec2-user/environment/lab4_model_training/dags/ml_pipeline_dag.py for tasks to queue
[2026-03-29T13:04:28.906+0000] {logging_mixin.py:190} INFO - [2026-03-29T13:04:28.906+0000] {dagbag.py:588} INFO - Filling up the DagBag from /home/ec2-user/environment/lab4_model_training/dags/ml_pipeline_dag.py
[2026-03-29T13:04:30.315+0000] {processor.py:925} INFO - DAG(s) 'ml_training_pipeline_v2' retrieved from /home/ec2-user/environment/lab4_model_training/dags/ml_pipeline_dag.py
[2026-03-29T13:04:30.328+0000] {logging_mixin.py:190} INFO - [2026-03-29T13:04:30.328+0000] {dag.py:3239} INFO - Sync 1 DAGs
[2026-03-29T13:04:30.338+0000] {logging_mixin.py:190} INFO - [2026-03-29T13:04:30.338+0000] {dag.py:4180} INFO - Setting next_dagrun for ml_training_pipeline_v2 to None, run_after=None
[2026-03-29T13:04:30.356+0000] {processor.py:208} INFO - Processing /home/ec2-user/environment/lab4_model_training/dags/ml_pipeline_dag.py took 1.456 seconds
[2026-03-29T13:05:00.483+0000] {processor.py:186} INFO - Started process (PID=3498) to work on /home/ec2-user/environment/lab4_model_training/dags/ml_pipeline_dag.py
[2026-03-29T13:05:00.485+0000] {processor.py:914} INFO - Processing file /home/ec2-user/environment/lab4_model_training/dags/ml_pipeline_dag.py for tasks to queue
[2026-03-29T13:05:00.486+0000] {logging_mixin.py:190} INFO - [2026-03-29T13:05:00.485+0000] {dagbag.py:588} INFO - Filling up the DagBag from /home/ec2-user/environment/lab4_model_training/dags/ml_pipeline_dag.py
[2026-03-29T13:05:02.109+0000] {processor.py:925} INFO - DAG(s) 'ml_training_pipeline_v2' retrieved from /home/ec2-user/environment/lab4_model_training/dags/ml_pipeline_dag.py
[2026-03-29T13:05:02.124+0000] {logging_mixin.py:190} INFO - [2026-03-29T13:05:02.124+0000] {dag.py:3239} INFO - Sync 1 DAGs
[2026-03-29T13:05:02.133+0000] {logging_mixin.py:190} INFO - [2026-03-29T13:05:02.133+0000] {dag.py:4180} INFO - Setting next_dagrun for ml_training_pipeline_v2 to None, run_after=None
[2026-03-29T13:05:02.152+0000] {processor.py:208} INFO - Processing /home/ec2-user/environment/lab4_model_training/dags/ml_pipeline_dag.py took 1.673 seconds
[2026-03-29T13:05:32.271+0000] {processor.py:186} INFO - Started process (PID=3606) to work on /home/ec2-user/environment/lab4_model_training/dags/ml_pipeline_dag.py
[2026-03-29T13:05:32.273+0000] {processor.py:914} INFO - Processing file /home/ec2-user/environment/lab4_model_training/dags/ml_pipeline_dag.py for tasks to queue
[2026-03-29T13:05:32.274+0000] {logging_mixin.py:190} INFO - [2026-03-29T13:05:32.274+0000] {dagbag.py:588} INFO - Filling up the DagBag from /home/ec2-user/environment/lab4_model_training/dags/ml_pipeline_dag.py
[2026-03-29T13:05:33.740+0000] {processor.py:925} INFO - DAG(s) 'ml_training_pipeline_v2' retrieved from /home/ec2-user/environment/lab4_model_training/dags/ml_pipeline_dag.py
[2026-03-29T13:05:33.753+0000] {logging_mixin.py:190} INFO - [2026-03-29T13:05:33.753+0000] {dag.py:3239} INFO - Sync 1 DAGs
[2026-03-29T13:05:33.762+0000] {logging_mixin.py:190} INFO - [2026-03-29T13:05:33.762+0000] {dag.py:4180} INFO - Setting next_dagrun for ml_training_pipeline_v2 to None, run_after=None
[2026-03-29T13:05:33.779+0000] {processor.py:208} INFO - Processing /home/ec2-user/environment/lab4_model_training/dags/ml_pipeline_dag.py took 1.512 seconds
[2026-03-29T13:06:03.945+0000] {processor.py:186} INFO - Started process (PID=3624) to work on /home/ec2-user/environment/lab4_model_training/dags/ml_pipeline_dag.py
[2026-03-29T13:06:03.946+0000] {processor.py:914} INFO - Processing file /home/ec2-user/environment/lab4_model_training/dags/ml_pipeline_dag.py for tasks to queue
[2026-03-29T13:06:03.947+0000] {logging_mixin.py:190} INFO - [2026-03-29T13:06:03.947+0000] {dagbag.py:588} INFO - Filling up the DagBag from /home/ec2-user/environment/lab4_model_training/dags/ml_pipeline_dag.py
[2026-03-29T13:06:05.381+0000] {processor.py:925} INFO - DAG(s) 'ml_training_pipeline_v2' retrieved from /home/ec2-user/environment/lab4_model_training/dags/ml_pipeline_dag.py
[2026-03-29T13:06:05.395+0000] {logging_mixin.py:190} INFO - [2026-03-29T13:06:05.394+0000] {dag.py:3239} INFO - Sync 1 DAGs
[2026-03-29T13:06:05.404+0000] {logging_mixin.py:190} INFO - [2026-03-29T13:06:05.403+0000] {dag.py:4180} INFO - Setting next_dagrun for ml_training_pipeline_v2 to None, run_after=None
[2026-03-29T13:06:05.420+0000] {processor.py:208} INFO - Processing /home/ec2-user/environment/lab4_model_training/dags/ml_pipeline_dag.py took 1.480 seconds
[2026-03-29T13:06:35.633+0000] {processor.py:186} INFO - Started process (PID=3747) to work on /home/ec2-user/environment/lab4_model_training/dags/ml_pipeline_dag.py
[2026-03-29T13:06:35.634+0000] {processor.py:914} INFO - Processing file /home/ec2-user/environment/lab4_model_training/dags/ml_pipeline_dag.py for tasks to queue
[2026-03-29T13:06:35.635+0000] {logging_mixin.py:190} INFO - [2026-03-29T13:06:35.635+0000] {dagbag.py:588} INFO - Filling up the DagBag from /home/ec2-user/environment/lab4_model_training/dags/ml_pipeline_dag.py
[2026-03-29T13:06:37.009+0000] {processor.py:925} INFO - DAG(s) 'ml_training_pipeline_v2' retrieved from /home/ec2-user/environment/lab4_model_training/dags/ml_pipeline_dag.py
[2026-03-29T13:06:37.023+0000] {logging_mixin.py:190} INFO - [2026-03-29T13:06:37.022+0000] {dag.py:3239} INFO - Sync 1 DAGs
[2026-03-29T13:06:37.033+0000] {logging_mixin.py:190} INFO - [2026-03-29T13:06:37.033+0000] {dag.py:4180} INFO - Setting next_dagrun for ml_training_pipeline_v2 to None, run_after=None
[2026-03-29T13:06:37.050+0000] {processor.py:208} INFO - Processing /home/ec2-user/environment/lab4_model_training/dags/ml_pipeline_dag.py took 1.422 seconds
[2026-03-29T16:22:38.252+0000] {processor.py:186} INFO - Started process (PID=2946) to work on /home/ec2-user/environment/lab4_model_training/dags/ml_pipeline_dag.py
[2026-03-29T16:22:38.254+0000] {processor.py:914} INFO - Processing file /home/ec2-user/environment/lab4_model_training/dags/ml_pipeline_dag.py for tasks to queue
[2026-03-29T16:22:38.255+0000] {logging_mixin.py:190} INFO - [2026-03-29T16:22:38.255+0000] {dagbag.py:588} INFO - Filling up the DagBag from /home/ec2-user/environment/lab4_model_training/dags/ml_pipeline_dag.py
[2026-03-29T16:22:41.140+0000] {processor.py:925} INFO - DAG(s) 'ml_training_pipeline_v2' retrieved from /home/ec2-user/environment/lab4_model_training/dags/ml_pipeline_dag.py
[2026-03-29T16:22:41.159+0000] {logging_mixin.py:190} INFO - [2026-03-29T16:22:41.159+0000] {dag.py:3239} INFO - Sync 1 DAGs
[2026-03-29T16:22:41.172+0000] {logging_mixin.py:190} INFO - [2026-03-29T16:22:41.172+0000] {dag.py:4180} INFO - Setting next_dagrun for ml_training_pipeline_v2 to None, run_after=None
[2026-03-29T16:22:41.192+0000] {processor.py:208} INFO - Processing /home/ec2-user/environment/lab4_model_training/dags/ml_pipeline_dag.py took 2.944 seconds
[2026-03-29T16:23:11.590+0000] {processor.py:186} INFO - Started process (PID=3143) to work on /home/ec2-user/environment/lab4_model_training/dags/ml_pipeline_dag.py
[2026-03-29T16:23:11.592+0000] {processor.py:914} INFO - Processing file /home/ec2-user/environment/lab4_model_training/dags/ml_pipeline_dag.py for tasks to queue
[2026-03-29T16:23:11.593+0000] {logging_mixin.py:190} INFO - [2026-03-29T16:23:11.593+0000] {dagbag.py:588} INFO - Filling up the DagBag from /home/ec2-user/environment/lab4_model_training/dags/ml_pipeline_dag.py
[2026-03-29T16:23:13.063+0000] {processor.py:925} INFO - DAG(s) 'ml_training_pipeline_v2' retrieved from /home/ec2-user/environment/lab4_model_training/dags/ml_pipeline_dag.py
[2026-03-29T16:23:13.082+0000] {logging_mixin.py:190} INFO - [2026-03-29T16:23:13.081+0000] {dag.py:3239} INFO - Sync 1 DAGs
[2026-03-29T16:23:13.093+0000] {logging_mixin.py:190} INFO - [2026-03-29T16:23:13.093+0000] {dag.py:4180} INFO - Setting next_dagrun for ml_training_pipeline_v2 to None, run_after=None
[2026-03-29T16:23:13.110+0000] {processor.py:208} INFO - Processing /home/ec2-user/environment/lab4_model_training/dags/ml_pipeline_dag.py took 1.524 seconds
[2026-03-29T16:23:43.886+0000] {processor.py:186} INFO - Started process (PID=3220) to work on /home/ec2-user/environment/lab4_model_training/dags/ml_pipeline_dag.py
[2026-03-29T16:23:43.887+0000] {processor.py:914} INFO - Processing file /home/ec2-user/environment/lab4_model_training/dags/ml_pipeline_dag.py for tasks to queue
[2026-03-29T16:23:43.889+0000] {logging_mixin.py:190} INFO - [2026-03-29T16:23:43.888+0000] {dagbag.py:588} INFO - Filling up the DagBag from /home/ec2-user/environment/lab4_model_training/dags/ml_pipeline_dag.py
[2026-03-29T16:23:45.424+0000] {processor.py:925} INFO - DAG(s) 'ml_training_pipeline_v2' retrieved from /home/ec2-user/environment/lab4_model_training/dags/ml_pipeline_dag.py
[2026-03-29T16:23:45.440+0000] {logging_mixin.py:190} INFO - [2026-03-29T16:23:45.439+0000] {dag.py:3239} INFO - Sync 1 DAGs
[2026-03-29T16:23:45.449+0000] {logging_mixin.py:190} INFO - [2026-03-29T16:23:45.449+0000] {dag.py:4180} INFO - Setting next_dagrun for ml_training_pipeline_v2 to None, run_after=None
[2026-03-29T16:23:45.468+0000] {processor.py:208} INFO - Processing /home/ec2-user/environment/lab4_model_training/dags/ml_pipeline_dag.py took 1.588 seconds
[2026-03-29T16:24:15.732+0000] {processor.py:186} INFO - Started process (PID=3362) to work on /home/ec2-user/environment/lab4_model_training/dags/ml_pipeline_dag.py
[2026-03-29T16:24:15.733+0000] {processor.py:914} INFO - Processing file /home/ec2-user/environment/lab4_model_training/dags/ml_pipeline_dag.py for tasks to queue
[2026-03-29T16:24:15.735+0000] {logging_mixin.py:190} INFO - [2026-03-29T16:24:15.734+0000] {dagbag.py:588} INFO - Filling up the DagBag from /home/ec2-user/environment/lab4_model_training/dags/ml_pipeline_dag.py
[2026-03-29T16:24:17.163+0000] {processor.py:925} INFO - DAG(s) 'ml_training_pipeline_v2' retrieved from /home/ec2-user/environment/lab4_model_training/dags/ml_pipeline_dag.py
[2026-03-29T16:24:17.176+0000] {logging_mixin.py:190} INFO - [2026-03-29T16:24:17.176+0000] {dag.py:3239} INFO - Sync 1 DAGs
[2026-03-29T16:24:17.185+0000] {logging_mixin.py:190} INFO - [2026-03-29T16:24:17.185+0000] {dag.py:4180} INFO - Setting next_dagrun for ml_training_pipeline_v2 to None, run_after=None
[2026-03-29T16:24:17.202+0000] {processor.py:208} INFO - Processing /home/ec2-user/environment/lab4_model_training/dags/ml_pipeline_dag.py took 1.474 seconds
[2026-03-29T16:24:47.461+0000] {processor.py:186} INFO - Started process (PID=3383) to work on /home/ec2-user/environment/lab4_model_training/dags/ml_pipeline_dag.py
[2026-03-29T16:24:47.462+0000] {processor.py:914} INFO - Processing file /home/ec2-user/environment/lab4_model_training/dags/ml_pipeline_dag.py for tasks to queue
[2026-03-29T16:24:47.463+0000] {logging_mixin.py:190} INFO - [2026-03-29T16:24:47.463+0000] {dagbag.py:588} INFO - Filling up the DagBag from /home/ec2-user/environment/lab4_model_training/dags/ml_pipeline_dag.py
[2026-03-29T16:24:48.961+0000] {processor.py:925} INFO - DAG(s) 'ml_training_pipeline_v2' retrieved from /home/ec2-user/environment/lab4_model_training/dags/ml_pipeline_dag.py
[2026-03-29T16:24:48.975+0000] {logging_mixin.py:190} INFO - [2026-03-29T16:24:48.975+0000] {dag.py:3239} INFO - Sync 1 DAGs
[2026-03-29T16:24:48.985+0000] {logging_mixin.py:190} INFO - [2026-03-29T16:24:48.985+0000] {dag.py:4180} INFO - Setting next_dagrun for ml_training_pipeline_v2 to None, run_after=None
[2026-03-29T16:24:49.005+0000] {processor.py:208} INFO - Processing /home/ec2-user/environment/lab4_model_training/dags/ml_pipeline_dag.py took 1.548 seconds
[2026-03-29T16:25:19.170+0000] {processor.py:186} INFO - Started process (PID=3401) to work on /home/ec2-user/environment/lab4_model_training/dags/ml_pipeline_dag.py
[2026-03-29T16:25:19.171+0000] {processor.py:914} INFO - Processing file /home/ec2-user/environment/lab4_model_training/dags/ml_pipeline_dag.py for tasks to queue
[2026-03-29T16:25:19.172+0000] {logging_mixin.py:190} INFO - [2026-03-29T16:25:19.172+0000] {dagbag.py:588} INFO - Filling up the DagBag from /home/ec2-user/environment/lab4_model_training/dags/ml_pipeline_dag.py
[2026-03-29T16:25:20.595+0000] {processor.py:925} INFO - DAG(s) 'ml_training_pipeline_v2' retrieved from /home/ec2-user/environment/lab4_model_training/dags/ml_pipeline_dag.py
[2026-03-29T16:25:20.609+0000] {logging_mixin.py:190} INFO - [2026-03-29T16:25:20.609+0000] {dag.py:3239} INFO - Sync 1 DAGs
[2026-03-29T16:25:20.618+0000] {logging_mixin.py:190} INFO - [2026-03-29T16:25:20.618+0000] {dag.py:4180} INFO - Setting next_dagrun for ml_training_pipeline_v2 to None, run_after=None
[2026-03-29T16:25:20.637+0000] {processor.py:208} INFO - Processing /home/ec2-user/environment/lab4_model_training/dags/ml_pipeline_dag.py took 1.471 seconds
[2026-03-29T16:25:50.774+0000] {processor.py:186} INFO - Started process (PID=3491) to work on /home/ec2-user/environment/lab4_model_training/dags/ml_pipeline_dag.py
[2026-03-29T16:25:50.776+0000] {processor.py:914} INFO - Processing file /home/ec2-user/environment/lab4_model_training/dags/ml_pipeline_dag.py for tasks to queue
[2026-03-29T16:25:50.777+0000] {logging_mixin.py:190} INFO - [2026-03-29T16:25:50.777+0000] {dagbag.py:588} INFO - Filling up the DagBag from /home/ec2-user/environment/lab4_model_training/dags/ml_pipeline_dag.py
[2026-03-29T16:25:52.296+0000] {processor.py:925} INFO - DAG(s) 'ml_training_pipeline_v2' retrieved from /home/ec2-user/environment/lab4_model_training/dags/ml_pipeline_dag.py
[2026-03-29T16:25:52.310+0000] {logging_mixin.py:190} INFO - [2026-03-29T16:25:52.310+0000] {dag.py:3239} INFO - Sync 1 DAGs
[2026-03-29T16:25:52.321+0000] {logging_mixin.py:190} INFO - [2026-03-29T16:25:52.321+0000] {dag.py:4180} INFO - Setting next_dagrun for ml_training_pipeline_v2 to None, run_after=None
[2026-03-29T16:25:52.341+0000] {processor.py:208} INFO - Processing /home/ec2-user/environment/lab4_model_training/dags/ml_pipeline_dag.py took 1.572 seconds
[2026-03-29T16:26:22.482+0000] {processor.py:186} INFO - Started process (PID=3508) to work on /home/ec2-user/environment/lab4_model_training/dags/ml_pipeline_dag.py
[2026-03-29T16:26:22.483+0000] {processor.py:914} INFO - Processing file /home/ec2-user/environment/lab4_model_training/dags/ml_pipeline_dag.py for tasks to queue
[2026-03-29T16:26:22.485+0000] {logging_mixin.py:190} INFO - [2026-03-29T16:26:22.484+0000] {dagbag.py:588} INFO - Filling up the DagBag from /home/ec2-user/environment/lab4_model_training/dags/ml_pipeline_dag.py
[2026-03-29T16:26:23.894+0000] {processor.py:925} INFO - DAG(s) 'ml_training_pipeline_v2' retrieved from /home/ec2-user/environment/lab4_model_training/dags/ml_pipeline_dag.py
[2026-03-29T16:26:23.907+0000] {logging_mixin.py:190} INFO - [2026-03-29T16:26:23.907+0000] {dag.py:3239} INFO - Sync 1 DAGs
[2026-03-29T16:26:23.917+0000] {logging_mixin.py:190} INFO - [2026-03-29T16:26:23.917+0000] {dag.py:4180} INFO - Setting next_dagrun for ml_training_pipeline_v2 to None, run_after=None
[2026-03-29T16:26:23.935+0000] {processor.py:208} INFO - Processing /home/ec2-user/environment/lab4_model_training/dags/ml_pipeline_dag.py took 1.457 seconds
[2026-03-29T16:26:54.062+0000] {processor.py:186} INFO - Started process (PID=3523) to work on /home/ec2-user/environment/lab4_model_training/dags/ml_pipeline_dag.py
[2026-03-29T16:26:54.063+0000] {processor.py:914} INFO - Processing file /home/ec2-user/environment/lab4_model_training/dags/ml_pipeline_dag.py for tasks to queue
[2026-03-29T16:26:54.064+0000] {logging_mixin.py:190} INFO - [2026-03-29T16:26:54.064+0000] {dagbag.py:588} INFO - Filling up the DagBag from /home/ec2-user/environment/lab4_model_training/dags/ml_pipeline_dag.py
[2026-03-29T16:26:55.572+0000] {processor.py:925} INFO - DAG(s) 'ml_training_pipeline_v2' retrieved from /home/ec2-user/environment/lab4_model_training/dags/ml_pipeline_dag.py
[2026-03-29T16:26:55.588+0000] {logging_mixin.py:190} INFO - [2026-03-29T16:26:55.587+0000] {dag.py:3239} INFO - Sync 1 DAGs
[2026-03-29T16:26:55.597+0000] {logging_mixin.py:190} INFO - [2026-03-29T16:26:55.597+0000] {dag.py:4180} INFO - Setting next_dagrun for ml_training_pipeline_v2 to None, run_after=None
[2026-03-29T16:26:55.616+0000] {processor.py:208} INFO - Processing /home/ec2-user/environment/lab4_model_training/dags/ml_pipeline_dag.py took 1.559 seconds
[2026-03-29T16:27:25.737+0000] {processor.py:186} INFO - Started process (PID=3588) to work on /home/ec2-user/environment/lab4_model_training/dags/ml_pipeline_dag.py
[2026-03-29T16:27:25.738+0000] {processor.py:914} INFO - Processing file /home/ec2-user/environment/lab4_model_training/dags/ml_pipeline_dag.py for tasks to queue
[2026-03-29T16:27:25.740+0000] {logging_mixin.py:190} INFO - [2026-03-29T16:27:25.739+0000] {dagbag.py:588} INFO - Filling up the DagBag from /home/ec2-user/environment/lab4_model_training/dags/ml_pipeline_dag.py
[2026-03-29T16:27:27.158+0000] {processor.py:925} INFO - DAG(s) 'ml_training_pipeline_v2' retrieved from /home/ec2-user/environment/lab4_model_training/dags/ml_pipeline_dag.py
[2026-03-29T16:27:27.172+0000] {logging_mixin.py:190} INFO - [2026-03-29T16:27:27.171+0000] {dag.py:3239} INFO - Sync 1 DAGs
[2026-03-29T16:27:27.181+0000] {logging_mixin.py:190} INFO - [2026-03-29T16:27:27.181+0000] {dag.py:4180} INFO - Setting next_dagrun for ml_training_pipeline_v2 to None, run_after=None
[2026-03-29T16:27:27.198+0000] {processor.py:208} INFO - Processing /home/ec2-user/environment/lab4_model_training/dags/ml_pipeline_dag.py took 1.466 seconds
[2026-03-29T16:27:57.311+0000] {processor.py:186} INFO - Started process (PID=3601) to work on /home/ec2-user/environment/lab4_model_training/dags/ml_pipeline_dag.py
[2026-03-29T16:27:57.312+0000] {processor.py:914} INFO - Processing file /home/ec2-user/environment/lab4_model_training/dags/ml_pipeline_dag.py for tasks to queue
[2026-03-29T16:27:57.314+0000] {logging_mixin.py:190} INFO - [2026-03-29T16:27:57.313+0000] {dagbag.py:588} INFO - Filling up the DagBag from /home/ec2-user/environment/lab4_model_training/dags/ml_pipeline_dag.py
[2026-03-29T16:27:58.806+0000] {processor.py:925} INFO - DAG(s) 'ml_training_pipeline_v2' retrieved from /home/ec2-user/environment/lab4_model_training/dags/ml_pipeline_dag.py
[2026-03-29T16:27:58.821+0000] {logging_mixin.py:190} INFO - [2026-03-29T16:27:58.820+0000] {dag.py:3239} INFO - Sync 1 DAGs
[2026-03-29T16:27:58.830+0000] {logging_mixin.py:190} INFO - [2026-03-29T16:27:58.830+0000] {dag.py:4180} INFO - Setting next_dagrun for ml_training_pipeline_v2 to None, run_after=None
[2026-03-29T16:27:58.848+0000] {processor.py:208} INFO - Processing /home/ec2-user/environment/lab4_model_training/dags/ml_pipeline_dag.py took 1.542 seconds
[2026-03-29T16:28:29.109+0000] {processor.py:186} INFO - Started process (PID=3630) to work on /home/ec2-user/environment/lab4_model_training/dags/ml_pipeline_dag.py
[2026-03-29T16:28:29.110+0000] {processor.py:914} INFO - Processing file /home/ec2-user/environment/lab4_model_training/dags/ml_pipeline_dag.py for tasks to queue
[2026-03-29T16:28:29.111+0000] {logging_mixin.py:190} INFO - [2026-03-29T16:28:29.111+0000] {dagbag.py:588} INFO - Filling up the DagBag from /home/ec2-user/environment/lab4_model_training/dags/ml_pipeline_dag.py
[2026-03-29T16:28:30.509+0000] {processor.py:925} INFO - DAG(s) 'ml_training_pipeline_v2' retrieved from /home/ec2-user/environment/lab4_model_training/dags/ml_pipeline_dag.py
[2026-03-29T16:28:30.524+0000] {logging_mixin.py:190} INFO - [2026-03-29T16:28:30.523+0000] {dag.py:3239} INFO - Sync 1 DAGs
[2026-03-29T16:28:30.534+0000] {logging_mixin.py:190} INFO - [2026-03-29T16:28:30.534+0000] {dag.py:4180} INFO - Setting next_dagrun for ml_training_pipeline_v2 to None, run_after=None
[2026-03-29T16:28:30.553+0000] {processor.py:208} INFO - Processing /home/ec2-user/environment/lab4_model_training/dags/ml_pipeline_dag.py took 1.448 seconds
[2026-03-29T16:29:00.684+0000] {processor.py:186} INFO - Started process (PID=3685) to work on /home/ec2-user/environment/lab4_model_training/dags/ml_pipeline_dag.py
[2026-03-29T16:29:00.686+0000] {processor.py:914} INFO - Processing file /home/ec2-user/environment/lab4_model_training/dags/ml_pipeline_dag.py for tasks to queue
[2026-03-29T16:29:00.687+0000] {logging_mixin.py:190} INFO - [2026-03-29T16:29:00.687+0000] {dagbag.py:588} INFO - Filling up the DagBag from /home/ec2-user/environment/lab4_model_training/dags/ml_pipeline_dag.py
[2026-03-29T16:29:02.044+0000] {processor.py:925} INFO - DAG(s) 'ml_training_pipeline_v2' retrieved from /home/ec2-user/environment/lab4_model_training/dags/ml_pipeline_dag.py
[2026-03-29T16:29:02.058+0000] {logging_mixin.py:190} INFO - [2026-03-29T16:29:02.057+0000] {dag.py:3239} INFO - Sync 1 DAGs
[2026-03-29T16:29:02.068+0000] {logging_mixin.py:190} INFO - [2026-03-29T16:29:02.068+0000] {dag.py:4180} INFO - Setting next_dagrun for ml_training_pipeline_v2 to None, run_after=None
[2026-03-29T16:29:02.086+0000] {processor.py:208} INFO - Processing /home/ec2-user/environment/lab4_model_training/dags/ml_pipeline_dag.py took 1.406 seconds
[2026-03-29T16:29:32.258+0000] {processor.py:186} INFO - Started process (PID=3712) to work on /home/ec2-user/environment/lab4_model_training/dags/ml_pipeline_dag.py
[2026-03-29T16:29:32.259+0000] {processor.py:914} INFO - Processing file /home/ec2-user/environment/lab4_model_training/dags/ml_pipeline_dag.py for tasks to queue
[2026-03-29T16:29:32.260+0000] {logging_mixin.py:190} INFO - [2026-03-29T16:29:32.260+0000] {dagbag.py:588} INFO - Filling up the DagBag from /home/ec2-user/environment/lab4_model_training/dags/ml_pipeline_dag.py
[2026-03-29T16:29:33.609+0000] {processor.py:925} INFO - DAG(s) 'ml_training_pipeline_v2' retrieved from /home/ec2-user/environment/lab4_model_training/dags/ml_pipeline_dag.py
[2026-03-29T16:29:33.624+0000] {logging_mixin.py:190} INFO - [2026-03-29T16:29:33.624+0000] {dag.py:3239} INFO - Sync 1 DAGs
[2026-03-29T16:29:33.634+0000] {logging_mixin.py:190} INFO - [2026-03-29T16:29:33.633+0000] {dag.py:4180} INFO - Setting next_dagrun for ml_training_pipeline_v2 to None, run_after=None
[2026-03-29T16:29:33.652+0000] {processor.py:208} INFO - Processing /home/ec2-user/environment/lab4_model_training/dags/ml_pipeline_dag.py took 1.399 seconds
[2026-03-29T16:30:03.746+0000] {processor.py:186} INFO - Started process (PID=3729) to work on /home/ec2-user/environment/lab4_model_training/dags/ml_pipeline_dag.py
[2026-03-29T16:30:03.746+0000] {processor.py:914} INFO - Processing file /home/ec2-user/environment/lab4_model_training/dags/ml_pipeline_dag.py for tasks to queue
[2026-03-29T16:30:03.748+0000] {logging_mixin.py:190} INFO - [2026-03-29T16:30:03.747+0000] {dagbag.py:588} INFO - Filling up the DagBag from /home/ec2-user/environment/lab4_model_training/dags/ml_pipeline_dag.py
[2026-03-29T16:30:05.116+0000] {processor.py:925} INFO - DAG(s) 'ml_training_pipeline_v2' retrieved from /home/ec2-user/environment/lab4_model_training/dags/ml_pipeline_dag.py
[2026-03-29T16:30:05.132+0000] {logging_mixin.py:190} INFO - [2026-03-29T16:30:05.131+0000] {dag.py:3239} INFO - Sync 1 DAGs
[2026-03-29T16:30:05.141+0000] {logging_mixin.py:190} INFO - [2026-03-29T16:30:05.141+0000] {dag.py:4180} INFO - Setting next_dagrun for ml_training_pipeline_v2 to None, run_after=None
[2026-03-29T16:30:05.159+0000] {processor.py:208} INFO - Processing /home/ec2-user/environment/lab4_model_training/dags/ml_pipeline_dag.py took 1.418 seconds
[2026-03-29T16:30:35.320+0000] {processor.py:186} INFO - Started process (PID=3792) to work on /home/ec2-user/environment/lab4_model_training/dags/ml_pipeline_dag.py
[2026-03-29T16:30:35.321+0000] {processor.py:914} INFO - Processing file /home/ec2-user/environment/lab4_model_training/dags/ml_pipeline_dag.py for tasks to queue
[2026-03-29T16:30:35.322+0000] {logging_mixin.py:190} INFO - [2026-03-29T16:30:35.322+0000] {dagbag.py:588} INFO - Filling up the DagBag from /home/ec2-user/environment/lab4_model_training/dags/ml_pipeline_dag.py
[2026-03-29T16:30:36.656+0000] {processor.py:925} INFO - DAG(s) 'ml_training_pipeline_v2' retrieved from /home/ec2-user/environment/lab4_model_training/dags/ml_pipeline_dag.py
[2026-03-29T16:30:36.670+0000] {logging_mixin.py:190} INFO - [2026-03-29T16:30:36.670+0000] {dag.py:3239} INFO - Sync 1 DAGs
[2026-03-29T16:30:36.679+0000] {logging_mixin.py:190} INFO - [2026-03-29T16:30:36.679+0000] {dag.py:4180} INFO - Setting next_dagrun for ml_training_pipeline_v2 to None, run_after=None
[2026-03-29T16:30:36.697+0000] {processor.py:208} INFO - Processing /home/ec2-user/environment/lab4_model_training/dags/ml_pipeline_dag.py took 1.382 seconds
[2026-03-29T16:31:06.796+0000] {processor.py:186} INFO - Started process (PID=3809) to work on /home/ec2-user/environment/lab4_model_training/dags/ml_pipeline_dag.py
[2026-03-29T16:31:06.796+0000] {processor.py:914} INFO - Processing file /home/ec2-user/environment/lab4_model_training/dags/ml_pipeline_dag.py for tasks to queue
[2026-03-29T16:31:06.798+0000] {logging_mixin.py:190} INFO - [2026-03-29T16:31:06.797+0000] {dagbag.py:588} INFO - Filling up the DagBag from /home/ec2-user/environment/lab4_model_training/dags/ml_pipeline_dag.py
[2026-03-29T16:31:08.120+0000] {processor.py:925} INFO - DAG(s) 'ml_training_pipeline_v2' retrieved from /home/ec2-user/environment/lab4_model_training/dags/ml_pipeline_dag.py
[2026-03-29T16:31:08.134+0000] {logging_mixin.py:190} INFO - [2026-03-29T16:31:08.133+0000] {dag.py:3239} INFO - Sync 1 DAGs
[2026-03-29T16:31:08.144+0000] {logging_mixin.py:190} INFO - [2026-03-29T16:31:08.143+0000] {dag.py:4180} INFO - Setting next_dagrun for ml_training_pipeline_v2 to None, run_after=None
[2026-03-29T16:31:08.163+0000] {processor.py:208} INFO - Processing /home/ec2-user/environment/lab4_model_training/dags/ml_pipeline_dag.py took 1.372 seconds
[2026-03-29T16:31:38.272+0000] {processor.py:186} INFO - Started process (PID=3875) to work on /home/ec2-user/environment/lab4_model_training/dags/ml_pipeline_dag.py
[2026-03-29T16:31:38.274+0000] {processor.py:914} INFO - Processing file /home/ec2-user/environment/lab4_model_training/dags/ml_pipeline_dag.py for tasks to queue
[2026-03-29T16:31:38.275+0000] {logging_mixin.py:190} INFO - [2026-03-29T16:31:38.275+0000] {dagbag.py:588} INFO - Filling up the DagBag from /home/ec2-user/environment/lab4_model_training/dags/ml_pipeline_dag.py
[2026-03-29T16:31:39.624+0000] {processor.py:925} INFO - DAG(s) 'ml_training_pipeline_v2' retrieved from /home/ec2-user/environment/lab4_model_training/dags/ml_pipeline_dag.py
[2026-03-29T16:31:39.637+0000] {logging_mixin.py:190} INFO - [2026-03-29T16:31:39.637+0000] {dag.py:3239} INFO - Sync 1 DAGs
[2026-03-29T16:31:39.647+0000] {logging_mixin.py:190} INFO - [2026-03-29T16:31:39.647+0000] {dag.py:4180} INFO - Setting next_dagrun for ml_training_pipeline_v2 to None, run_after=None
[2026-03-29T16:31:39.665+0000] {processor.py:208} INFO - Processing /home/ec2-user/environment/lab4_model_training/dags/ml_pipeline_dag.py took 1.397 seconds
[2026-03-29T16:32:09.755+0000] {processor.py:186} INFO - Started process (PID=3892) to work on /home/ec2-user/environment/lab4_model_training/dags/ml_pipeline_dag.py
[2026-03-29T16:32:09.756+0000] {processor.py:914} INFO - Processing file /home/ec2-user/environment/lab4_model_training/dags/ml_pipeline_dag.py for tasks to queue
[2026-03-29T16:32:09.758+0000] {logging_mixin.py:190} INFO - [2026-03-29T16:32:09.757+0000] {dagbag.py:588} INFO - Filling up the DagBag from /home/ec2-user/environment/lab4_model_training/dags/ml_pipeline_dag.py
[2026-03-29T16:32:11.092+0000] {processor.py:925} INFO - DAG(s) 'ml_training_pipeline_v2' retrieved from /home/ec2-user/environment/lab4_model_training/dags/ml_pipeline_dag.py
[2026-03-29T16:32:11.106+0000] {logging_mixin.py:190} INFO - [2026-03-29T16:32:11.105+0000] {dag.py:3239} INFO - Sync 1 DAGs
[2026-03-29T16:32:11.115+0000] {logging_mixin.py:190} INFO - [2026-03-29T16:32:11.115+0000] {dag.py:4180} INFO - Setting next_dagrun for ml_training_pipeline_v2 to None, run_after=None
[2026-03-29T16:32:11.133+0000] {processor.py:208} INFO - Processing /home/ec2-user/environment/lab4_model_training/dags/ml_pipeline_dag.py took 1.383 seconds
[2026-03-29T16:32:41.228+0000] {processor.py:186} INFO - Started process (PID=3907) to work on /home/ec2-user/environment/lab4_model_training/dags/ml_pipeline_dag.py
[2026-03-29T16:32:41.229+0000] {processor.py:914} INFO - Processing file /home/ec2-user/environment/lab4_model_training/dags/ml_pipeline_dag.py for tasks to queue
[2026-03-29T16:32:41.231+0000] {logging_mixin.py:190} INFO - [2026-03-29T16:32:41.230+0000] {dagbag.py:588} INFO - Filling up the DagBag from /home/ec2-user/environment/lab4_model_training/dags/ml_pipeline_dag.py
[2026-03-29T16:32:42.557+0000] {processor.py:925} INFO - DAG(s) 'ml_training_pipeline_v2' retrieved from /home/ec2-user/environment/lab4_model_training/dags/ml_pipeline_dag.py
[2026-03-29T16:32:42.571+0000] {logging_mixin.py:190} INFO - [2026-03-29T16:32:42.571+0000] {dag.py:3239} INFO - Sync 1 DAGs
[2026-03-29T16:32:42.580+0000] {logging_mixin.py:190} INFO - [2026-03-29T16:32:42.580+0000] {dag.py:4180} INFO - Setting next_dagrun for ml_training_pipeline_v2 to None, run_after=None
[2026-03-29T16:32:42.597+0000] {processor.py:208} INFO - Processing /home/ec2-user/environment/lab4_model_training/dags/ml_pipeline_dag.py took 1.374 seconds
[2026-03-29T16:33:12.702+0000] {processor.py:186} INFO - Started process (PID=3998) to work on /home/ec2-user/environment/lab4_model_training/dags/ml_pipeline_dag.py
[2026-03-29T16:33:12.703+0000] {processor.py:914} INFO - Processing file /home/ec2-user/environment/lab4_model_training/dags/ml_pipeline_dag.py for tasks to queue
[2026-03-29T16:33:12.704+0000] {logging_mixin.py:190} INFO - [2026-03-29T16:33:12.704+0000] {dagbag.py:588} INFO - Filling up the DagBag from /home/ec2-user/environment/lab4_model_training/dags/ml_pipeline_dag.py
[2026-03-29T16:33:14.040+0000] {processor.py:925} INFO - DAG(s) 'ml_training_pipeline_v2' retrieved from /home/ec2-user/environment/lab4_model_training/dags/ml_pipeline_dag.py
[2026-03-29T16:33:14.054+0000] {logging_mixin.py:190} INFO - [2026-03-29T16:33:14.054+0000] {dag.py:3239} INFO - Sync 1 DAGs
[2026-03-29T16:33:14.063+0000] {logging_mixin.py:190} INFO - [2026-03-29T16:33:14.063+0000] {dag.py:4180} INFO - Setting next_dagrun for ml_training_pipeline_v2 to None, run_after=None
[2026-03-29T16:33:14.081+0000] {processor.py:208} INFO - Processing /home/ec2-user/environment/lab4_model_training/dags/ml_pipeline_dag.py took 1.384 seconds
[2026-03-29T16:33:44.179+0000] {processor.py:186} INFO - Started process (PID=4010) to work on /home/ec2-user/environment/lab4_model_training/dags/ml_pipeline_dag.py
[2026-03-29T16:33:44.180+0000] {processor.py:914} INFO - Processing file /home/ec2-user/environment/lab4_model_training/dags/ml_pipeline_dag.py for tasks to queue
[2026-03-29T16:33:44.182+0000] {logging_mixin.py:190} INFO - [2026-03-29T16:33:44.181+0000] {dagbag.py:588} INFO - Filling up the DagBag from /home/ec2-user/environment/lab4_model_training/dags/ml_pipeline_dag.py
[2026-03-29T16:33:45.529+0000] {processor.py:925} INFO - DAG(s) 'ml_training_pipeline_v2' retrieved from /home/ec2-user/environment/lab4_model_training/dags/ml_pipeline_dag.py
[2026-03-29T16:33:45.542+0000] {logging_mixin.py:190} INFO - [2026-03-29T16:33:45.542+0000] {dag.py:3239} INFO - Sync 1 DAGs
[2026-03-29T16:33:45.551+0000] {logging_mixin.py:190} INFO - [2026-03-29T16:33:45.551+0000] {dag.py:4180} INFO - Setting next_dagrun for ml_training_pipeline_v2 to None, run_after=None
[2026-03-29T16:33:45.568+0000] {processor.py:208} INFO - Processing /home/ec2-user/environment/lab4_model_training/dags/ml_pipeline_dag.py took 1.394 seconds
[2026-03-29T16:34:15.659+0000] {processor.py:186} INFO - Started process (PID=4077) to work on /home/ec2-user/environment/lab4_model_training/dags/ml_pipeline_dag.py
[2026-03-29T16:34:15.660+0000] {processor.py:914} INFO - Processing file /home/ec2-user/environment/lab4_model_training/dags/ml_pipeline_dag.py for tasks to queue
[2026-03-29T16:34:15.661+0000] {logging_mixin.py:190} INFO - [2026-03-29T16:34:15.660+0000] {dagbag.py:588} INFO - Filling up the DagBag from /home/ec2-user/environment/lab4_model_training/dags/ml_pipeline_dag.py
[2026-03-29T16:34:17.011+0000] {processor.py:925} INFO - DAG(s) 'ml_training_pipeline_v2' retrieved from /home/ec2-user/environment/lab4_model_training/dags/ml_pipeline_dag.py
[2026-03-29T16:34:17.024+0000] {logging_mixin.py:190} INFO - [2026-03-29T16:34:17.024+0000] {dag.py:3239} INFO - Sync 1 DAGs
[2026-03-29T16:34:17.033+0000] {logging_mixin.py:190} INFO - [2026-03-29T16:34:17.033+0000] {dag.py:4180} INFO - Setting next_dagrun for ml_training_pipeline_v2 to None, run_after=None
[2026-03-29T16:34:17.051+0000] {processor.py:208} INFO - Processing /home/ec2-user/environment/lab4_model_training/dags/ml_pipeline_dag.py took 1.396 seconds
[2026-03-29T16:34:47.140+0000] {processor.py:186} INFO - Started process (PID=4091) to work on /home/ec2-user/environment/lab4_model_training/dags/ml_pipeline_dag.py
[2026-03-29T16:34:47.141+0000] {processor.py:914} INFO - Processing file /home/ec2-user/environment/lab4_model_training/dags/ml_pipeline_dag.py for tasks to queue
[2026-03-29T16:34:47.142+0000] {logging_mixin.py:190} INFO - [2026-03-29T16:34:47.142+0000] {dagbag.py:588} INFO - Filling up the DagBag from /home/ec2-user/environment/lab4_model_training/dags/ml_pipeline_dag.py
[2026-03-29T16:34:48.497+0000] {processor.py:925} INFO - DAG(s) 'ml_training_pipeline_v2' retrieved from /home/ec2-user/environment/lab4_model_training/dags/ml_pipeline_dag.py
[2026-03-29T16:34:48.511+0000] {logging_mixin.py:190} INFO - [2026-03-29T16:34:48.511+0000] {dag.py:3239} INFO - Sync 1 DAGs
[2026-03-29T16:34:48.521+0000] {logging_mixin.py:190} INFO - [2026-03-29T16:34:48.521+0000] {dag.py:4180} INFO - Setting next_dagrun for ml_training_pipeline_v2 to None, run_after=None
[2026-03-29T16:34:48.542+0000] {processor.py:208} INFO - Processing /home/ec2-user/environment/lab4_model_training/dags/ml_pipeline_dag.py took 1.406 seconds
[2026-03-29T16:35:18.714+0000] {processor.py:186} INFO - Started process (PID=4108) to work on /home/ec2-user/environment/lab4_model_training/dags/ml_pipeline_dag.py
[2026-03-29T16:35:18.715+0000] {processor.py:914} INFO - Processing file /home/ec2-user/environment/lab4_model_training/dags/ml_pipeline_dag.py for tasks to queue
[2026-03-29T16:35:18.717+0000] {logging_mixin.py:190} INFO - [2026-03-29T16:35:18.716+0000] {dagbag.py:588} INFO - Filling up the DagBag from /home/ec2-user/environment/lab4_model_training/dags/ml_pipeline_dag.py
[2026-03-29T16:35:20.064+0000] {processor.py:925} INFO - DAG(s) 'ml_training_pipeline_v2' retrieved from /home/ec2-user/environment/lab4_model_training/dags/ml_pipeline_dag.py
[2026-03-29T16:35:20.078+0000] {logging_mixin.py:190} INFO - [2026-03-29T16:35:20.077+0000] {dag.py:3239} INFO - Sync 1 DAGs
[2026-03-29T16:35:20.088+0000] {logging_mixin.py:190} INFO - [2026-03-29T16:35:20.088+0000] {dag.py:4180} INFO - Setting next_dagrun for ml_training_pipeline_v2 to None, run_after=None
[2026-03-29T16:35:20.105+0000] {processor.py:208} INFO - Processing /home/ec2-user/environment/lab4_model_training/dags/ml_pipeline_dag.py took 1.396 seconds
[2026-03-29T16:35:50.195+0000] {processor.py:186} INFO - Started process (PID=4123) to work on /home/ec2-user/environment/lab4_model_training/dags/ml_pipeline_dag.py
[2026-03-29T16:35:50.197+0000] {processor.py:914} INFO - Processing file /home/ec2-user/environment/lab4_model_training/dags/ml_pipeline_dag.py for tasks to queue
[2026-03-29T16:35:50.198+0000] {logging_mixin.py:190} INFO - [2026-03-29T16:35:50.198+0000] {dagbag.py:588} INFO - Filling up the DagBag from /home/ec2-user/environment/lab4_model_training/dags/ml_pipeline_dag.py
[2026-03-29T16:35:51.548+0000] {processor.py:925} INFO - DAG(s) 'ml_training_pipeline_v2' retrieved from /home/ec2-user/environment/lab4_model_training/dags/ml_pipeline_dag.py
[2026-03-29T16:35:51.563+0000] {logging_mixin.py:190} INFO - [2026-03-29T16:35:51.563+0000] {dag.py:3239} INFO - Sync 1 DAGs
[2026-03-29T16:35:51.573+0000] {logging_mixin.py:190} INFO - [2026-03-29T16:35:51.572+0000] {dag.py:4180} INFO - Setting next_dagrun for ml_training_pipeline_v2 to None, run_after=None
[2026-03-29T16:35:51.590+0000] {processor.py:208} INFO - Processing /home/ec2-user/environment/lab4_model_training/dags/ml_pipeline_dag.py took 1.399 seconds
[2026-03-29T16:36:21.680+0000] {processor.py:186} INFO - Started process (PID=4189) to work on /home/ec2-user/environment/lab4_model_training/dags/ml_pipeline_dag.py
[2026-03-29T16:36:21.681+0000] {processor.py:914} INFO - Processing file /home/ec2-user/environment/lab4_model_training/dags/ml_pipeline_dag.py for tasks to queue
[2026-03-29T16:36:21.682+0000] {logging_mixin.py:190} INFO - [2026-03-29T16:36:21.682+0000] {dagbag.py:588} INFO - Filling up the DagBag from /home/ec2-user/environment/lab4_model_training/dags/ml_pipeline_dag.py
[2026-03-29T16:36:23.024+0000] {processor.py:925} INFO - DAG(s) 'ml_training_pipeline_v2' retrieved from /home/ec2-user/environment/lab4_model_training/dags/ml_pipeline_dag.py
[2026-03-29T16:36:23.038+0000] {logging_mixin.py:190} INFO - [2026-03-29T16:36:23.038+0000] {dag.py:3239} INFO - Sync 1 DAGs
[2026-03-29T16:36:23.047+0000] {logging_mixin.py:190} INFO - [2026-03-29T16:36:23.047+0000] {dag.py:4180} INFO - Setting next_dagrun for ml_training_pipeline_v2 to None, run_after=None
[2026-03-29T16:36:23.064+0000] {processor.py:208} INFO - Processing /home/ec2-user/environment/lab4_model_training/dags/ml_pipeline_dag.py took 1.389 seconds
[2026-03-29T16:36:53.157+0000] {processor.py:186} INFO - Started process (PID=4201) to work on /home/ec2-user/environment/lab4_model_training/dags/ml_pipeline_dag.py
[2026-03-29T16:36:53.158+0000] {processor.py:914} INFO - Processing file /home/ec2-user/environment/lab4_model_training/dags/ml_pipeline_dag.py for tasks to queue
[2026-03-29T16:36:53.159+0000] {logging_mixin.py:190} INFO - [2026-03-29T16:36:53.158+0000] {dagbag.py:588} INFO - Filling up the DagBag from /home/ec2-user/environment/lab4_model_training/dags/ml_pipeline_dag.py
[2026-03-29T16:36:54.505+0000] {processor.py:925} INFO - DAG(s) 'ml_training_pipeline_v2' retrieved from /home/ec2-user/environment/lab4_model_training/dags/ml_pipeline_dag.py
[2026-03-29T16:36:54.518+0000] {logging_mixin.py:190} INFO - [2026-03-29T16:36:54.518+0000] {dag.py:3239} INFO - Sync 1 DAGs
[2026-03-29T16:36:54.527+0000] {logging_mixin.py:190} INFO - [2026-03-29T16:36:54.527+0000] {dag.py:4180} INFO - Setting next_dagrun for ml_training_pipeline_v2 to None, run_after=None
[2026-03-29T16:36:54.545+0000] {processor.py:208} INFO - Processing /home/ec2-user/environment/lab4_model_training/dags/ml_pipeline_dag.py took 1.393 seconds
[2026-03-29T16:37:24.635+0000] {processor.py:186} INFO - Started process (PID=4218) to work on /home/ec2-user/environment/lab4_model_training/dags/ml_pipeline_dag.py
[2026-03-29T16:37:24.636+0000] {processor.py:914} INFO - Processing file /home/ec2-user/environment/lab4_model_training/dags/ml_pipeline_dag.py for tasks to queue
[2026-03-29T16:37:24.637+0000] {logging_mixin.py:190} INFO - [2026-03-29T16:37:24.637+0000] {dagbag.py:588} INFO - Filling up the DagBag from /home/ec2-user/environment/lab4_model_training/dags/ml_pipeline_dag.py
[2026-03-29T16:37:25.974+0000] {processor.py:925} INFO - DAG(s) 'ml_training_pipeline_v2' retrieved from /home/ec2-user/environment/lab4_model_training/dags/ml_pipeline_dag.py
[2026-03-29T16:37:25.987+0000] {logging_mixin.py:190} INFO - [2026-03-29T16:37:25.987+0000] {dag.py:3239} INFO - Sync 1 DAGs
[2026-03-29T16:37:25.996+0000] {logging_mixin.py:190} INFO - [2026-03-29T16:37:25.996+0000] {dag.py:4180} INFO - Setting next_dagrun for ml_training_pipeline_v2 to None, run_after=None
[2026-03-29T16:37:26.016+0000] {processor.py:208} INFO - Processing /home/ec2-user/environment/lab4_model_training/dags/ml_pipeline_dag.py took 1.386 seconds
[2026-03-29T16:37:56.110+0000] {processor.py:186} INFO - Started process (PID=4233) to work on /home/ec2-user/environment/lab4_model_training/dags/ml_pipeline_dag.py
[2026-03-29T16:37:56.111+0000] {processor.py:914} INFO - Processing file /home/ec2-user/environment/lab4_model_training/dags/ml_pipeline_dag.py for tasks to queue
[2026-03-29T16:37:56.112+0000] {logging_mixin.py:190} INFO - [2026-03-29T16:37:56.111+0000] {dagbag.py:588} INFO - Filling up the DagBag from /home/ec2-user/environment/lab4_model_training/dags/ml_pipeline_dag.py
[2026-03-29T16:37:57.447+0000] {processor.py:925} INFO - DAG(s) 'ml_training_pipeline_v2' retrieved from /home/ec2-user/environment/lab4_model_training/dags/ml_pipeline_dag.py
[2026-03-29T16:37:57.461+0000] {logging_mixin.py:190} INFO - [2026-03-29T16:37:57.460+0000] {dag.py:3239} INFO - Sync 1 DAGs
[2026-03-29T16:37:57.469+0000] {logging_mixin.py:190} INFO - [2026-03-29T16:37:57.469+0000] {dag.py:4180} INFO - Setting next_dagrun for ml_training_pipeline_v2 to None, run_after=None
[2026-03-29T16:37:57.488+0000] {processor.py:208} INFO - Processing /home/ec2-user/environment/lab4_model_training/dags/ml_pipeline_dag.py took 1.382 seconds
[2026-03-29T16:38:27.592+0000] {processor.py:186} INFO - Started process (PID=4312) to work on /home/ec2-user/environment/lab4_model_training/dags/ml_pipeline_dag.py
[2026-03-29T16:38:27.593+0000] {processor.py:914} INFO - Processing file /home/ec2-user/environment/lab4_model_training/dags/ml_pipeline_dag.py for tasks to queue
[2026-03-29T16:38:27.595+0000] {logging_mixin.py:190} INFO - [2026-03-29T16:38:27.594+0000] {dagbag.py:588} INFO - Filling up the DagBag from /home/ec2-user/environment/lab4_model_training/dags/ml_pipeline_dag.py
[2026-03-29T16:38:28.950+0000] {processor.py:925} INFO - DAG(s) 'ml_training_pipeline_v2' retrieved from /home/ec2-user/environment/lab4_model_training/dags/ml_pipeline_dag.py
[2026-03-29T16:38:28.967+0000] {logging_mixin.py:190} INFO - [2026-03-29T16:38:28.967+0000] {dag.py:3239} INFO - Sync 1 DAGs
[2026-03-29T16:38:28.977+0000] {logging_mixin.py:190} INFO - [2026-03-29T16:38:28.977+0000] {dag.py:4180} INFO - Setting next_dagrun for ml_training_pipeline_v2 to None, run_after=None
[2026-03-29T16:38:28.994+0000] {processor.py:208} INFO - Processing /home/ec2-user/environment/lab4_model_training/dags/ml_pipeline_dag.py took 1.407 seconds
[2026-03-29T16:38:59.165+0000] {processor.py:186} INFO - Started process (PID=4319) to work on /home/ec2-user/environment/lab4_model_training/dags/ml_pipeline_dag.py
[2026-03-29T16:38:59.166+0000] {processor.py:914} INFO - Processing file /home/ec2-user/environment/lab4_model_training/dags/ml_pipeline_dag.py for tasks to queue
[2026-03-29T16:38:59.167+0000] {logging_mixin.py:190} INFO - [2026-03-29T16:38:59.167+0000] {dagbag.py:588} INFO - Filling up the DagBag from /home/ec2-user/environment/lab4_model_training/dags/ml_pipeline_dag.py
[2026-03-29T16:39:00.494+0000] {processor.py:925} INFO - DAG(s) 'ml_training_pipeline_v2' retrieved from /home/ec2-user/environment/lab4_model_training/dags/ml_pipeline_dag.py
[2026-03-29T16:39:00.508+0000] {logging_mixin.py:190} INFO - [2026-03-29T16:39:00.508+0000] {dag.py:3239} INFO - Sync 1 DAGs
[2026-03-29T16:39:00.518+0000] {logging_mixin.py:190} INFO - [2026-03-29T16:39:00.518+0000] {dag.py:4180} INFO - Setting next_dagrun for ml_training_pipeline_v2 to None, run_after=None
[2026-03-29T16:39:00.536+0000] {processor.py:208} INFO - Processing /home/ec2-user/environment/lab4_model_training/dags/ml_pipeline_dag.py took 1.376 seconds
[2026-03-29T16:39:30.638+0000] {processor.py:186} INFO - Started process (PID=4343) to work on /home/ec2-user/environment/lab4_model_training/dags/ml_pipeline_dag.py
[2026-03-29T16:39:30.639+0000] {processor.py:914} INFO - Processing file /home/ec2-user/environment/lab4_model_training/dags/ml_pipeline_dag.py for tasks to queue
[2026-03-29T16:39:30.640+0000] {logging_mixin.py:190} INFO - [2026-03-29T16:39:30.640+0000] {dagbag.py:588} INFO - Filling up the DagBag from /home/ec2-user/environment/lab4_model_training/dags/ml_pipeline_dag.py
[2026-03-29T16:39:31.978+0000] {processor.py:925} INFO - DAG(s) 'ml_training_pipeline_v2' retrieved from /home/ec2-user/environment/lab4_model_training/dags/ml_pipeline_dag.py
[2026-03-29T16:39:31.992+0000] {logging_mixin.py:190} INFO - [2026-03-29T16:39:31.992+0000] {dag.py:3239} INFO - Sync 1 DAGs
[2026-03-29T16:39:32.001+0000] {logging_mixin.py:190} INFO - [2026-03-29T16:39:32.001+0000] {dag.py:4180} INFO - Setting next_dagrun for ml_training_pipeline_v2 to None, run_after=None
[2026-03-29T16:39:32.019+0000] {processor.py:208} INFO - Processing /home/ec2-user/environment/lab4_model_training/dags/ml_pipeline_dag.py took 1.386 seconds
[2026-03-29T16:40:02.111+0000] {processor.py:186} INFO - Started process (PID=4410) to work on /home/ec2-user/environment/lab4_model_training/dags/ml_pipeline_dag.py
[2026-03-29T16:40:02.113+0000] {processor.py:914} INFO - Processing file /home/ec2-user/environment/lab4_model_training/dags/ml_pipeline_dag.py for tasks to queue
[2026-03-29T16:40:02.114+0000] {logging_mixin.py:190} INFO - [2026-03-29T16:40:02.114+0000] {dagbag.py:588} INFO - Filling up the DagBag from /home/ec2-user/environment/lab4_model_training/dags/ml_pipeline_dag.py
[2026-03-29T16:40:03.462+0000] {processor.py:925} INFO - DAG(s) 'ml_training_pipeline_v2' retrieved from /home/ec2-user/environment/lab4_model_training/dags/ml_pipeline_dag.py
[2026-03-29T16:40:03.476+0000] {logging_mixin.py:190} INFO - [2026-03-29T16:40:03.475+0000] {dag.py:3239} INFO - Sync 1 DAGs
[2026-03-29T16:40:03.485+0000] {logging_mixin.py:190} INFO - [2026-03-29T16:40:03.485+0000] {dag.py:4180} INFO - Setting next_dagrun for ml_training_pipeline_v2 to None, run_after=None
[2026-03-29T16:40:03.503+0000] {processor.py:208} INFO - Processing /home/ec2-user/environment/lab4_model_training/dags/ml_pipeline_dag.py took 1.396 seconds
[2026-03-29T16:40:33.593+0000] {processor.py:186} INFO - Started process (PID=4422) to work on /home/ec2-user/environment/lab4_model_training/dags/ml_pipeline_dag.py
[2026-03-29T16:40:33.595+0000] {processor.py:914} INFO - Processing file /home/ec2-user/environment/lab4_model_training/dags/ml_pipeline_dag.py for tasks to queue
[2026-03-29T16:40:33.596+0000] {logging_mixin.py:190} INFO - [2026-03-29T16:40:33.596+0000] {dagbag.py:588} INFO - Filling up the DagBag from /home/ec2-user/environment/lab4_model_training/dags/ml_pipeline_dag.py
[2026-03-29T16:40:34.928+0000] {processor.py:925} INFO - DAG(s) 'ml_training_pipeline_v2' retrieved from /home/ec2-user/environment/lab4_model_training/dags/ml_pipeline_dag.py
[2026-03-29T16:40:34.942+0000] {logging_mixin.py:190} INFO - [2026-03-29T16:40:34.942+0000] {dag.py:3239} INFO - Sync 1 DAGs
[2026-03-29T16:40:34.951+0000] {logging_mixin.py:190} INFO - [2026-03-29T16:40:34.951+0000] {dag.py:4180} INFO - Setting next_dagrun for ml_training_pipeline_v2 to None, run_after=None
[2026-03-29T16:40:34.968+0000] {processor.py:208} INFO - Processing /home/ec2-user/environment/lab4_model_training/dags/ml_pipeline_dag.py took 1.380 seconds
[2026-03-29T16:41:05.067+0000] {processor.py:186} INFO - Started process (PID=4439) to work on /home/ec2-user/environment/lab4_model_training/dags/ml_pipeline_dag.py
[2026-03-29T16:41:05.067+0000] {processor.py:914} INFO - Processing file /home/ec2-user/environment/lab4_model_training/dags/ml_pipeline_dag.py for tasks to queue
[2026-03-29T16:41:05.069+0000] {logging_mixin.py:190} INFO - [2026-03-29T16:41:05.068+0000] {dagbag.py:588} INFO - Filling up the DagBag from /home/ec2-user/environment/lab4_model_training/dags/ml_pipeline_dag.py
[2026-03-29T16:41:06.417+0000] {processor.py:925} INFO - DAG(s) 'ml_training_pipeline_v2' retrieved from /home/ec2-user/environment/lab4_model_training/dags/ml_pipeline_dag.py
[2026-03-29T16:41:06.431+0000] {logging_mixin.py:190} INFO - [2026-03-29T16:41:06.430+0000] {dag.py:3239} INFO - Sync 1 DAGs
[2026-03-29T16:41:06.440+0000] {logging_mixin.py:190} INFO - [2026-03-29T16:41:06.440+0000] {dag.py:4180} INFO - Setting next_dagrun for ml_training_pipeline_v2 to None, run_after=None
[2026-03-29T16:41:06.458+0000] {processor.py:208} INFO - Processing /home/ec2-user/environment/lab4_model_training/dags/ml_pipeline_dag.py took 1.397 seconds
[2026-03-29T16:41:36.549+0000] {processor.py:186} INFO - Started process (PID=4523) to work on /home/ec2-user/environment/lab4_model_training/dags/ml_pipeline_dag.py
[2026-03-29T16:41:36.549+0000] {processor.py:914} INFO - Processing file /home/ec2-user/environment/lab4_model_training/dags/ml_pipeline_dag.py for tasks to queue
[2026-03-29T16:41:36.551+0000] {logging_mixin.py:190} INFO - [2026-03-29T16:41:36.550+0000] {dagbag.py:588} INFO - Filling up the DagBag from /home/ec2-user/environment/lab4_model_training/dags/ml_pipeline_dag.py
[2026-03-29T16:41:37.882+0000] {processor.py:925} INFO - DAG(s) 'ml_training_pipeline_v2' retrieved from /home/ec2-user/environment/lab4_model_training/dags/ml_pipeline_dag.py
[2026-03-29T16:41:37.896+0000] {logging_mixin.py:190} INFO - [2026-03-29T16:41:37.895+0000] {dag.py:3239} INFO - Sync 1 DAGs
[2026-03-29T16:41:37.906+0000] {logging_mixin.py:190} INFO - [2026-03-29T16:41:37.905+0000] {dag.py:4180} INFO - Setting next_dagrun for ml_training_pipeline_v2 to None, run_after=None
[2026-03-29T16:41:37.923+0000] {processor.py:208} INFO - Processing /home/ec2-user/environment/lab4_model_training/dags/ml_pipeline_dag.py took 1.379 seconds
[2026-03-29T16:42:08.022+0000] {processor.py:186} INFO - Started process (PID=4540) to work on /home/ec2-user/environment/lab4_model_training/dags/ml_pipeline_dag.py
[2026-03-29T16:42:08.023+0000] {processor.py:914} INFO - Processing file /home/ec2-user/environment/lab4_model_training/dags/ml_pipeline_dag.py for tasks to queue
[2026-03-29T16:42:08.025+0000] {logging_mixin.py:190} INFO - [2026-03-29T16:42:08.024+0000] {dagbag.py:588} INFO - Filling up the DagBag from /home/ec2-user/environment/lab4_model_training/dags/ml_pipeline_dag.py
[2026-03-29T16:42:09.375+0000] {processor.py:925} INFO - DAG(s) 'ml_training_pipeline_v2' retrieved from /home/ec2-user/environment/lab4_model_training/dags/ml_pipeline_dag.py
[2026-03-29T16:42:09.388+0000] {logging_mixin.py:190} INFO - [2026-03-29T16:42:09.388+0000] {dag.py:3239} INFO - Sync 1 DAGs
[2026-03-29T16:42:09.398+0000] {logging_mixin.py:190} INFO - [2026-03-29T16:42:09.398+0000] {dag.py:4180} INFO - Setting next_dagrun for ml_training_pipeline_v2 to None, run_after=None
[2026-03-29T16:42:09.416+0000] {processor.py:208} INFO - Processing /home/ec2-user/environment/lab4_model_training/dags/ml_pipeline_dag.py took 1.399 seconds
[2026-03-29T16:42:39.516+0000] {processor.py:186} INFO - Started process (PID=4552) to work on /home/ec2-user/environment/lab4_model_training/dags/ml_pipeline_dag.py
[2026-03-29T16:42:39.517+0000] {processor.py:914} INFO - Processing file /home/ec2-user/environment/lab4_model_training/dags/ml_pipeline_dag.py for tasks to queue
[2026-03-29T16:42:39.519+0000] {logging_mixin.py:190} INFO - [2026-03-29T16:42:39.518+0000] {dagbag.py:588} INFO - Filling up the DagBag from /home/ec2-user/environment/lab4_model_training/dags/ml_pipeline_dag.py
[2026-03-29T16:42:40.862+0000] {processor.py:925} INFO - DAG(s) 'ml_training_pipeline_v2' retrieved from /home/ec2-user/environment/lab4_model_training/dags/ml_pipeline_dag.py
[2026-03-29T16:42:40.876+0000] {logging_mixin.py:190} INFO - [2026-03-29T16:42:40.876+0000] {dag.py:3239} INFO - Sync 1 DAGs
[2026-03-29T16:42:40.885+0000] {logging_mixin.py:190} INFO - [2026-03-29T16:42:40.885+0000] {dag.py:4180} INFO - Setting next_dagrun for ml_training_pipeline_v2 to None, run_after=None
[2026-03-29T16:42:40.902+0000] {processor.py:208} INFO - Processing /home/ec2-user/environment/lab4_model_training/dags/ml_pipeline_dag.py took 1.391 seconds
[2026-03-29T16:43:10.992+0000] {processor.py:186} INFO - Started process (PID=4619) to work on /home/ec2-user/environment/lab4_model_training/dags/ml_pipeline_dag.py
[2026-03-29T16:43:10.993+0000] {processor.py:914} INFO - Processing file /home/ec2-user/environment/lab4_model_training/dags/ml_pipeline_dag.py for tasks to queue
[2026-03-29T16:43:10.995+0000] {logging_mixin.py:190} INFO - [2026-03-29T16:43:10.994+0000] {dagbag.py:588} INFO - Filling up the DagBag from /home/ec2-user/environment/lab4_model_training/dags/ml_pipeline_dag.py
[2026-03-29T16:43:12.326+0000] {processor.py:925} INFO - DAG(s) 'ml_training_pipeline_v2' retrieved from /home/ec2-user/environment/lab4_model_training/dags/ml_pipeline_dag.py
[2026-03-29T16:43:12.342+0000] {logging_mixin.py:190} INFO - [2026-03-29T16:43:12.341+0000] {dag.py:3239} INFO - Sync 1 DAGs
[2026-03-29T16:43:12.351+0000] {logging_mixin.py:190} INFO - [2026-03-29T16:43:12.350+0000] {dag.py:4180} INFO - Setting next_dagrun for ml_training_pipeline_v2 to None, run_after=None
[2026-03-29T16:43:12.368+0000] {processor.py:208} INFO - Processing /home/ec2-user/environment/lab4_model_training/dags/ml_pipeline_dag.py took 1.380 seconds
[2026-03-29T16:43:42.466+0000] {processor.py:186} INFO - Started process (PID=4632) to work on /home/ec2-user/environment/lab4_model_training/dags/ml_pipeline_dag.py
[2026-03-29T16:43:42.466+0000] {processor.py:914} INFO - Processing file /home/ec2-user/environment/lab4_model_training/dags/ml_pipeline_dag.py for tasks to queue
[2026-03-29T16:43:42.468+0000] {logging_mixin.py:190} INFO - [2026-03-29T16:43:42.467+0000] {dagbag.py:588} INFO - Filling up the DagBag from /home/ec2-user/environment/lab4_model_training/dags/ml_pipeline_dag.py
[2026-03-29T16:43:43.796+0000] {processor.py:925} INFO - DAG(s) 'ml_training_pipeline_v2' retrieved from /home/ec2-user/environment/lab4_model_training/dags/ml_pipeline_dag.py
[2026-03-29T16:43:43.810+0000] {logging_mixin.py:190} INFO - [2026-03-29T16:43:43.809+0000] {dag.py:3239} INFO - Sync 1 DAGs
[2026-03-29T16:43:43.819+0000] {logging_mixin.py:190} INFO - [2026-03-29T16:43:43.819+0000] {dag.py:4180} INFO - Setting next_dagrun for ml_training_pipeline_v2 to None, run_after=None
[2026-03-29T16:43:43.836+0000] {processor.py:208} INFO - Processing /home/ec2-user/environment/lab4_model_training/dags/ml_pipeline_dag.py took 1.375 seconds
[2026-03-29T16:44:13.939+0000] {processor.py:186} INFO - Started process (PID=4653) to work on /home/ec2-user/environment/lab4_model_training/dags/ml_pipeline_dag.py
[2026-03-29T16:44:13.940+0000] {processor.py:914} INFO - Processing file /home/ec2-user/environment/lab4_model_training/dags/ml_pipeline_dag.py for tasks to queue
[2026-03-29T16:44:13.942+0000] {logging_mixin.py:190} INFO - [2026-03-29T16:44:13.941+0000] {dagbag.py:588} INFO - Filling up the DagBag from /home/ec2-user/environment/lab4_model_training/dags/ml_pipeline_dag.py
[2026-03-29T16:44:15.276+0000] {processor.py:925} INFO - DAG(s) 'ml_training_pipeline_v2' retrieved from /home/ec2-user/environment/lab4_model_training/dags/ml_pipeline_dag.py
[2026-03-29T16:44:15.289+0000] {logging_mixin.py:190} INFO - [2026-03-29T16:44:15.289+0000] {dag.py:3239} INFO - Sync 1 DAGs
[2026-03-29T16:44:15.298+0000] {logging_mixin.py:190} INFO - [2026-03-29T16:44:15.298+0000] {dag.py:4180} INFO - Setting next_dagrun for ml_training_pipeline_v2 to None, run_after=None
[2026-03-29T16:44:15.316+0000] {processor.py:208} INFO - Processing /home/ec2-user/environment/lab4_model_training/dags/ml_pipeline_dag.py took 1.382 seconds
[2026-03-29T16:44:45.412+0000] {processor.py:186} INFO - Started process (PID=4665) to work on /home/ec2-user/environment/lab4_model_training/dags/ml_pipeline_dag.py
[2026-03-29T16:44:45.413+0000] {processor.py:914} INFO - Processing file /home/ec2-user/environment/lab4_model_training/dags/ml_pipeline_dag.py for tasks to queue
[2026-03-29T16:44:45.414+0000] {logging_mixin.py:190} INFO - [2026-03-29T16:44:45.414+0000] {dagbag.py:588} INFO - Filling up the DagBag from /home/ec2-user/environment/lab4_model_training/dags/ml_pipeline_dag.py
[2026-03-29T16:44:46.749+0000] {processor.py:925} INFO - DAG(s) 'ml_training_pipeline_v2' retrieved from /home/ec2-user/environment/lab4_model_training/dags/ml_pipeline_dag.py
[2026-03-29T16:44:46.763+0000] {logging_mixin.py:190} INFO - [2026-03-29T16:44:46.762+0000] {dag.py:3239} INFO - Sync 1 DAGs
[2026-03-29T16:44:46.773+0000] {logging_mixin.py:190} INFO - [2026-03-29T16:44:46.773+0000] {dag.py:4180} INFO - Setting next_dagrun for ml_training_pipeline_v2 to None, run_after=None
[2026-03-29T16:44:46.790+0000] {processor.py:208} INFO - Processing /home/ec2-user/environment/lab4_model_training/dags/ml_pipeline_dag.py took 1.383 seconds
[2026-03-29T16:45:16.885+0000] {processor.py:186} INFO - Started process (PID=4731) to work on /home/ec2-user/environment/lab4_model_training/dags/ml_pipeline_dag.py
[2026-03-29T16:45:16.887+0000] {processor.py:914} INFO - Processing file /home/ec2-user/environment/lab4_model_training/dags/ml_pipeline_dag.py for tasks to queue
[2026-03-29T16:45:16.888+0000] {logging_mixin.py:190} INFO - [2026-03-29T16:45:16.888+0000] {dagbag.py:588} INFO - Filling up the DagBag from /home/ec2-user/environment/lab4_model_training/dags/ml_pipeline_dag.py
[2026-03-29T16:45:18.210+0000] {processor.py:925} INFO - DAG(s) 'ml_training_pipeline_v2' retrieved from /home/ec2-user/environment/lab4_model_training/dags/ml_pipeline_dag.py
[2026-03-29T16:45:18.224+0000] {logging_mixin.py:190} INFO - [2026-03-29T16:45:18.224+0000] {dag.py:3239} INFO - Sync 1 DAGs
[2026-03-29T16:45:18.234+0000] {logging_mixin.py:190} INFO - [2026-03-29T16:45:18.234+0000] {dag.py:4180} INFO - Setting next_dagrun for ml_training_pipeline_v2 to None, run_after=None
[2026-03-29T16:45:18.251+0000] {processor.py:208} INFO - Processing /home/ec2-user/environment/lab4_model_training/dags/ml_pipeline_dag.py took 1.370 seconds
[2026-03-29T16:45:48.360+0000] {processor.py:186} INFO - Started process (PID=4747) to work on /home/ec2-user/environment/lab4_model_training/dags/ml_pipeline_dag.py
[2026-03-29T16:45:48.361+0000] {processor.py:914} INFO - Processing file /home/ec2-user/environment/lab4_model_training/dags/ml_pipeline_dag.py for tasks to queue
[2026-03-29T16:45:48.362+0000] {logging_mixin.py:190} INFO - [2026-03-29T16:45:48.362+0000] {dagbag.py:588} INFO - Filling up the DagBag from /home/ec2-user/environment/lab4_model_training/dags/ml_pipeline_dag.py
[2026-03-29T16:45:49.713+0000] {processor.py:925} INFO - DAG(s) 'ml_training_pipeline_v2' retrieved from /home/ec2-user/environment/lab4_model_training/dags/ml_pipeline_dag.py
[2026-03-29T16:45:49.727+0000] {logging_mixin.py:190} INFO - [2026-03-29T16:45:49.727+0000] {dag.py:3239} INFO - Sync 1 DAGs
[2026-03-29T16:45:49.736+0000] {logging_mixin.py:190} INFO - [2026-03-29T16:45:49.736+0000] {dag.py:4180} INFO - Setting next_dagrun for ml_training_pipeline_v2 to None, run_after=None
[2026-03-29T16:45:49.754+0000] {processor.py:208} INFO - Processing /home/ec2-user/environment/lab4_model_training/dags/ml_pipeline_dag.py took 1.398 seconds
[2026-03-29T16:46:19.844+0000] {processor.py:186} INFO - Started process (PID=4764) to work on /home/ec2-user/environment/lab4_model_training/dags/ml_pipeline_dag.py
[2026-03-29T16:46:19.844+0000] {processor.py:914} INFO - Processing file /home/ec2-user/environment/lab4_model_training/dags/ml_pipeline_dag.py for tasks to queue
[2026-03-29T16:46:19.846+0000] {logging_mixin.py:190} INFO - [2026-03-29T16:46:19.845+0000] {dagbag.py:588} INFO - Filling up the DagBag from /home/ec2-user/environment/lab4_model_training/dags/ml_pipeline_dag.py
[2026-03-29T16:46:21.181+0000] {processor.py:925} INFO - DAG(s) 'ml_training_pipeline_v2' retrieved from /home/ec2-user/environment/lab4_model_training/dags/ml_pipeline_dag.py
[2026-03-29T16:46:21.195+0000] {logging_mixin.py:190} INFO - [2026-03-29T16:46:21.195+0000] {dag.py:3239} INFO - Sync 1 DAGs
[2026-03-29T16:46:21.204+0000] {logging_mixin.py:190} INFO - [2026-03-29T16:46:21.204+0000] {dag.py:4180} INFO - Setting next_dagrun for ml_training_pipeline_v2 to None, run_after=None
[2026-03-29T16:46:21.221+0000] {processor.py:208} INFO - Processing /home/ec2-user/environment/lab4_model_training/dags/ml_pipeline_dag.py took 1.382 seconds
[2026-03-29T16:46:51.317+0000] {processor.py:186} INFO - Started process (PID=4779) to work on /home/ec2-user/environment/lab4_model_training/dags/ml_pipeline_dag.py
[2026-03-29T16:46:51.318+0000] {processor.py:914} INFO - Processing file /home/ec2-user/environment/lab4_model_training/dags/ml_pipeline_dag.py for tasks to queue
[2026-03-29T16:46:51.320+0000] {logging_mixin.py:190} INFO - [2026-03-29T16:46:51.319+0000] {dagbag.py:588} INFO - Filling up the DagBag from /home/ec2-user/environment/lab4_model_training/dags/ml_pipeline_dag.py
[2026-03-29T16:46:52.668+0000] {processor.py:925} INFO - DAG(s) 'ml_training_pipeline_v2' retrieved from /home/ec2-user/environment/lab4_model_training/dags/ml_pipeline_dag.py
[2026-03-29T16:46:52.681+0000] {logging_mixin.py:190} INFO - [2026-03-29T16:46:52.681+0000] {dag.py:3239} INFO - Sync 1 DAGs
[2026-03-29T16:46:52.690+0000] {logging_mixin.py:190} INFO - [2026-03-29T16:46:52.690+0000] {dag.py:4180} INFO - Setting next_dagrun for ml_training_pipeline_v2 to None, run_after=None
[2026-03-29T16:46:52.707+0000] {processor.py:208} INFO - Processing /home/ec2-user/environment/lab4_model_training/dags/ml_pipeline_dag.py took 1.395 seconds
[2026-03-29T16:47:22.801+0000] {processor.py:186} INFO - Started process (PID=4844) to work on /home/ec2-user/environment/lab4_model_training/dags/ml_pipeline_dag.py
[2026-03-29T16:47:22.802+0000] {processor.py:914} INFO - Processing file /home/ec2-user/environment/lab4_model_training/dags/ml_pipeline_dag.py for tasks to queue
[2026-03-29T16:47:22.803+0000] {logging_mixin.py:190} INFO - [2026-03-29T16:47:22.803+0000] {dagbag.py:588} INFO - Filling up the DagBag from /home/ec2-user/environment/lab4_model_training/dags/ml_pipeline_dag.py
[2026-03-29T16:47:24.171+0000] {processor.py:925} INFO - DAG(s) 'ml_training_pipeline_v2' retrieved from /home/ec2-user/environment/lab4_model_training/dags/ml_pipeline_dag.py
[2026-03-29T16:47:24.188+0000] {logging_mixin.py:190} INFO - [2026-03-29T16:47:24.188+0000] {dag.py:3239} INFO - Sync 1 DAGs
[2026-03-29T16:47:24.197+0000] {logging_mixin.py:190} INFO - [2026-03-29T16:47:24.197+0000] {dag.py:4180} INFO - Setting next_dagrun for ml_training_pipeline_v2 to None, run_after=None
[2026-03-29T16:47:24.217+0000] {processor.py:208} INFO - Processing /home/ec2-user/environment/lab4_model_training/dags/ml_pipeline_dag.py took 1.420 seconds
[2026-03-29T16:47:54.371+0000] {processor.py:186} INFO - Started process (PID=4855) to work on /home/ec2-user/environment/lab4_model_training/dags/ml_pipeline_dag.py
[2026-03-29T16:47:54.372+0000] {processor.py:914} INFO - Processing file /home/ec2-user/environment/lab4_model_training/dags/ml_pipeline_dag.py for tasks to queue
[2026-03-29T16:47:54.373+0000] {logging_mixin.py:190} INFO - [2026-03-29T16:47:54.373+0000] {dagbag.py:588} INFO - Filling up the DagBag from /home/ec2-user/environment/lab4_model_training/dags/ml_pipeline_dag.py
[2026-03-29T16:47:55.726+0000] {processor.py:925} INFO - DAG(s) 'ml_training_pipeline_v2' retrieved from /home/ec2-user/environment/lab4_model_training/dags/ml_pipeline_dag.py
[2026-03-29T16:47:55.739+0000] {logging_mixin.py:190} INFO - [2026-03-29T16:47:55.739+0000] {dag.py:3239} INFO - Sync 1 DAGs
[2026-03-29T16:47:55.750+0000] {logging_mixin.py:190} INFO - [2026-03-29T16:47:55.749+0000] {dag.py:4180} INFO - Setting next_dagrun for ml_training_pipeline_v2 to None, run_after=None
[2026-03-29T16:47:55.767+0000] {processor.py:208} INFO - Processing /home/ec2-user/environment/lab4_model_training/dags/ml_pipeline_dag.py took 1.400 seconds
[2026-03-29T16:48:25.945+0000] {processor.py:186} INFO - Started process (PID=4872) to work on /home/ec2-user/environment/lab4_model_training/dags/ml_pipeline_dag.py
[2026-03-29T16:48:25.946+0000] {processor.py:914} INFO - Processing file /home/ec2-user/environment/lab4_model_training/dags/ml_pipeline_dag.py for tasks to queue
[2026-03-29T16:48:25.947+0000] {logging_mixin.py:190} INFO - [2026-03-29T16:48:25.947+0000] {dagbag.py:588} INFO - Filling up the DagBag from /home/ec2-user/environment/lab4_model_training/dags/ml_pipeline_dag.py
[2026-03-29T16:48:27.296+0000] {processor.py:925} INFO - DAG(s) 'ml_training_pipeline_v2' retrieved from /home/ec2-user/environment/lab4_model_training/dags/ml_pipeline_dag.py
[2026-03-29T16:48:27.309+0000] {logging_mixin.py:190} INFO - [2026-03-29T16:48:27.309+0000] {dag.py:3239} INFO - Sync 1 DAGs
[2026-03-29T16:48:27.319+0000] {logging_mixin.py:190} INFO - [2026-03-29T16:48:27.319+0000] {dag.py:4180} INFO - Setting next_dagrun for ml_training_pipeline_v2 to None, run_after=None
[2026-03-29T16:48:27.337+0000] {processor.py:208} INFO - Processing /home/ec2-user/environment/lab4_model_training/dags/ml_pipeline_dag.py took 1.396 seconds
[2026-03-29T16:48:57.430+0000] {processor.py:186} INFO - Started process (PID=4887) to work on /home/ec2-user/environment/lab4_model_training/dags/ml_pipeline_dag.py
[2026-03-29T16:48:57.432+0000] {processor.py:914} INFO - Processing file /home/ec2-user/environment/lab4_model_training/dags/ml_pipeline_dag.py for tasks to queue
[2026-03-29T16:48:57.433+0000] {logging_mixin.py:190} INFO - [2026-03-29T16:48:57.433+0000] {dagbag.py:588} INFO - Filling up the DagBag from /home/ec2-user/environment/lab4_model_training/dags/ml_pipeline_dag.py
[2026-03-29T16:48:58.773+0000] {processor.py:925} INFO - DAG(s) 'ml_training_pipeline_v2' retrieved from /home/ec2-user/environment/lab4_model_training/dags/ml_pipeline_dag.py
[2026-03-29T16:48:58.789+0000] {logging_mixin.py:190} INFO - [2026-03-29T16:48:58.788+0000] {dag.py:3239} INFO - Sync 1 DAGs
[2026-03-29T16:48:58.798+0000] {logging_mixin.py:190} INFO - [2026-03-29T16:48:58.797+0000] {dag.py:4180} INFO - Setting next_dagrun for ml_training_pipeline_v2 to None, run_after=None
[2026-03-29T16:48:58.815+0000] {processor.py:208} INFO - Processing /home/ec2-user/environment/lab4_model_training/dags/ml_pipeline_dag.py took 1.389 seconds
[2026-03-29T16:49:28.905+0000] {processor.py:186} INFO - Started process (PID=4985) to work on /home/ec2-user/environment/lab4_model_training/dags/ml_pipeline_dag.py
[2026-03-29T16:49:28.906+0000] {processor.py:914} INFO - Processing file /home/ec2-user/environment/lab4_model_training/dags/ml_pipeline_dag.py for tasks to queue
[2026-03-29T16:49:28.907+0000] {logging_mixin.py:190} INFO - [2026-03-29T16:49:28.907+0000] {dagbag.py:588} INFO - Filling up the DagBag from /home/ec2-user/environment/lab4_model_training/dags/ml_pipeline_dag.py
[2026-03-29T16:49:30.256+0000] {processor.py:925} INFO - DAG(s) 'ml_training_pipeline_v2' retrieved from /home/ec2-user/environment/lab4_model_training/dags/ml_pipeline_dag.py
[2026-03-29T16:49:30.270+0000] {logging_mixin.py:190} INFO - [2026-03-29T16:49:30.269+0000] {dag.py:3239} INFO - Sync 1 DAGs
[2026-03-29T16:49:30.279+0000] {logging_mixin.py:190} INFO - [2026-03-29T16:49:30.279+0000] {dag.py:4180} INFO - Setting next_dagrun for ml_training_pipeline_v2 to None, run_after=None
[2026-03-29T16:49:30.298+0000] {processor.py:208} INFO - Processing /home/ec2-user/environment/lab4_model_training/dags/ml_pipeline_dag.py took 1.397 seconds
[2026-03-29T16:50:00.391+0000] {processor.py:186} INFO - Started process (PID=4990) to work on /home/ec2-user/environment/lab4_model_training/dags/ml_pipeline_dag.py
[2026-03-29T16:50:00.392+0000] {processor.py:914} INFO - Processing file /home/ec2-user/environment/lab4_model_training/dags/ml_pipeline_dag.py for tasks to queue
[2026-03-29T16:50:00.393+0000] {logging_mixin.py:190} INFO - [2026-03-29T16:50:00.393+0000] {dagbag.py:588} INFO - Filling up the DagBag from /home/ec2-user/environment/lab4_model_training/dags/ml_pipeline_dag.py
[2026-03-29T16:50:01.759+0000] {processor.py:925} INFO - DAG(s) 'ml_training_pipeline_v2' retrieved from /home/ec2-user/environment/lab4_model_training/dags/ml_pipeline_dag.py
[2026-03-29T16:50:01.773+0000] {logging_mixin.py:190} INFO - [2026-03-29T16:50:01.772+0000] {dag.py:3239} INFO - Sync 1 DAGs
[2026-03-29T16:50:01.782+0000] {logging_mixin.py:190} INFO - [2026-03-29T16:50:01.782+0000] {dag.py:4180} INFO - Setting next_dagrun for ml_training_pipeline_v2 to None, run_after=None
[2026-03-29T16:50:01.799+0000] {processor.py:208} INFO - Processing /home/ec2-user/environment/lab4_model_training/dags/ml_pipeline_dag.py took 1.413 seconds
[2026-03-29T16:50:31.965+0000] {processor.py:186} INFO - Started process (PID=5069) to work on /home/ec2-user/environment/lab4_model_training/dags/ml_pipeline_dag.py
[2026-03-29T16:50:31.965+0000] {processor.py:914} INFO - Processing file /home/ec2-user/environment/lab4_model_training/dags/ml_pipeline_dag.py for tasks to queue
[2026-03-29T16:50:31.967+0000] {logging_mixin.py:190} INFO - [2026-03-29T16:50:31.966+0000] {dagbag.py:588} INFO - Filling up the DagBag from /home/ec2-user/environment/lab4_model_training/dags/ml_pipeline_dag.py
[2026-03-29T16:50:33.299+0000] {processor.py:925} INFO - DAG(s) 'ml_training_pipeline_v2' retrieved from /home/ec2-user/environment/lab4_model_training/dags/ml_pipeline_dag.py
[2026-03-29T16:50:33.313+0000] {logging_mixin.py:190} INFO - [2026-03-29T16:50:33.312+0000] {dag.py:3239} INFO - Sync 1 DAGs
[2026-03-29T16:50:33.322+0000] {logging_mixin.py:190} INFO - [2026-03-29T16:50:33.321+0000] {dag.py:4180} INFO - Setting next_dagrun for ml_training_pipeline_v2 to None, run_after=None
[2026-03-29T16:50:33.340+0000] {processor.py:208} INFO - Processing /home/ec2-user/environment/lab4_model_training/dags/ml_pipeline_dag.py took 1.380 seconds
[2026-03-29T16:51:03.438+0000] {processor.py:186} INFO - Started process (PID=5086) to work on /home/ec2-user/environment/lab4_model_training/dags/ml_pipeline_dag.py
[2026-03-29T16:51:03.439+0000] {processor.py:914} INFO - Processing file /home/ec2-user/environment/lab4_model_training/dags/ml_pipeline_dag.py for tasks to queue
[2026-03-29T16:51:03.441+0000] {logging_mixin.py:190} INFO - [2026-03-29T16:51:03.440+0000] {dagbag.py:588} INFO - Filling up the DagBag from /home/ec2-user/environment/lab4_model_training/dags/ml_pipeline_dag.py
[2026-03-29T16:51:04.789+0000] {processor.py:925} INFO - DAG(s) 'ml_training_pipeline_v2' retrieved from /home/ec2-user/environment/lab4_model_training/dags/ml_pipeline_dag.py
[2026-03-29T16:51:04.803+0000] {logging_mixin.py:190} INFO - [2026-03-29T16:51:04.803+0000] {dag.py:3239} INFO - Sync 1 DAGs
[2026-03-29T16:51:04.813+0000] {logging_mixin.py:190} INFO - [2026-03-29T16:51:04.813+0000] {dag.py:4180} INFO - Setting next_dagrun for ml_training_pipeline_v2 to None, run_after=None
[2026-03-29T16:51:04.831+0000] {processor.py:208} INFO - Processing /home/ec2-user/environment/lab4_model_training/dags/ml_pipeline_dag.py took 1.398 seconds
[2026-03-29T16:51:34.928+0000] {processor.py:186} INFO - Started process (PID=5097) to work on /home/ec2-user/environment/lab4_model_training/dags/ml_pipeline_dag.py
[2026-03-29T16:51:34.930+0000] {processor.py:914} INFO - Processing file /home/ec2-user/environment/lab4_model_training/dags/ml_pipeline_dag.py for tasks to queue
[2026-03-29T16:51:34.931+0000] {logging_mixin.py:190} INFO - [2026-03-29T16:51:34.931+0000] {dagbag.py:588} INFO - Filling up the DagBag from /home/ec2-user/environment/lab4_model_training/dags/ml_pipeline_dag.py
[2026-03-29T16:51:36.261+0000] {processor.py:925} INFO - DAG(s) 'ml_training_pipeline_v2' retrieved from /home/ec2-user/environment/lab4_model_training/dags/ml_pipeline_dag.py
[2026-03-29T16:51:36.275+0000] {logging_mixin.py:190} INFO - [2026-03-29T16:51:36.274+0000] {dag.py:3239} INFO - Sync 1 DAGs
[2026-03-29T16:51:36.284+0000] {logging_mixin.py:190} INFO - [2026-03-29T16:51:36.284+0000] {dag.py:4180} INFO - Setting next_dagrun for ml_training_pipeline_v2 to None, run_after=None
[2026-03-29T16:51:36.302+0000] {processor.py:208} INFO - Processing /home/ec2-user/environment/lab4_model_training/dags/ml_pipeline_dag.py took 1.379 seconds
[2026-03-29T16:52:06.404+0000] {processor.py:186} INFO - Started process (PID=5162) to work on /home/ec2-user/environment/lab4_model_training/dags/ml_pipeline_dag.py
[2026-03-29T16:52:06.405+0000] {processor.py:914} INFO - Processing file /home/ec2-user/environment/lab4_model_training/dags/ml_pipeline_dag.py for tasks to queue
[2026-03-29T16:52:06.407+0000] {logging_mixin.py:190} INFO - [2026-03-29T16:52:06.406+0000] {dagbag.py:588} INFO - Filling up the DagBag from /home/ec2-user/environment/lab4_model_training/dags/ml_pipeline_dag.py
[2026-03-29T16:52:07.745+0000] {processor.py:925} INFO - DAG(s) 'ml_training_pipeline_v2' retrieved from /home/ec2-user/environment/lab4_model_training/dags/ml_pipeline_dag.py
[2026-03-29T16:52:07.759+0000] {logging_mixin.py:190} INFO - [2026-03-29T16:52:07.759+0000] {dag.py:3239} INFO - Sync 1 DAGs
[2026-03-29T16:52:07.768+0000] {logging_mixin.py:190} INFO - [2026-03-29T16:52:07.768+0000] {dag.py:4180} INFO - Setting next_dagrun for ml_training_pipeline_v2 to None, run_after=None
[2026-03-29T16:52:07.785+0000] {processor.py:208} INFO - Processing /home/ec2-user/environment/lab4_model_training/dags/ml_pipeline_dag.py took 1.386 seconds
[2026-03-29T16:52:37.878+0000] {processor.py:186} INFO - Started process (PID=5174) to work on /home/ec2-user/environment/lab4_model_training/dags/ml_pipeline_dag.py
[2026-03-29T16:52:37.879+0000] {processor.py:914} INFO - Processing file /home/ec2-user/environment/lab4_model_training/dags/ml_pipeline_dag.py for tasks to queue
[2026-03-29T16:52:37.881+0000] {logging_mixin.py:190} INFO - [2026-03-29T16:52:37.880+0000] {dagbag.py:588} INFO - Filling up the DagBag from /home/ec2-user/environment/lab4_model_training/dags/ml_pipeline_dag.py
[2026-03-29T16:52:39.213+0000] {processor.py:925} INFO - DAG(s) 'ml_training_pipeline_v2' retrieved from /home/ec2-user/environment/lab4_model_training/dags/ml_pipeline_dag.py
[2026-03-29T16:52:39.226+0000] {logging_mixin.py:190} INFO - [2026-03-29T16:52:39.226+0000] {dag.py:3239} INFO - Sync 1 DAGs
[2026-03-29T16:52:39.235+0000] {logging_mixin.py:190} INFO - [2026-03-29T16:52:39.235+0000] {dag.py:4180} INFO - Setting next_dagrun for ml_training_pipeline_v2 to None, run_after=None
[2026-03-29T16:52:39.253+0000] {processor.py:208} INFO - Processing /home/ec2-user/environment/lab4_model_training/dags/ml_pipeline_dag.py took 1.380 seconds
[2026-03-29T16:53:09.352+0000] {processor.py:186} INFO - Started process (PID=5191) to work on /home/ec2-user/environment/lab4_model_training/dags/ml_pipeline_dag.py
[2026-03-29T16:53:09.353+0000] {processor.py:914} INFO - Processing file /home/ec2-user/environment/lab4_model_training/dags/ml_pipeline_dag.py for tasks to queue
[2026-03-29T16:53:09.355+0000] {logging_mixin.py:190} INFO - [2026-03-29T16:53:09.354+0000] {dagbag.py:588} INFO - Filling up the DagBag from /home/ec2-user/environment/lab4_model_training/dags/ml_pipeline_dag.py
[2026-03-29T16:53:10.707+0000] {processor.py:925} INFO - DAG(s) 'ml_training_pipeline_v2' retrieved from /home/ec2-user/environment/lab4_model_training/dags/ml_pipeline_dag.py
[2026-03-29T16:53:10.720+0000] {logging_mixin.py:190} INFO - [2026-03-29T16:53:10.720+0000] {dag.py:3239} INFO - Sync 1 DAGs
[2026-03-29T16:53:10.729+0000] {logging_mixin.py:190} INFO - [2026-03-29T16:53:10.729+0000] {dag.py:4180} INFO - Setting next_dagrun for ml_training_pipeline_v2 to None, run_after=None
[2026-03-29T16:53:10.747+0000] {processor.py:208} INFO - Processing /home/ec2-user/environment/lab4_model_training/dags/ml_pipeline_dag.py took 1.399 seconds
[2026-03-29T16:53:40.841+0000] {processor.py:186} INFO - Started process (PID=5202) to work on /home/ec2-user/environment/lab4_model_training/dags/ml_pipeline_dag.py
[2026-03-29T16:53:40.842+0000] {processor.py:914} INFO - Processing file /home/ec2-user/environment/lab4_model_training/dags/ml_pipeline_dag.py for tasks to queue
[2026-03-29T16:53:40.844+0000] {logging_mixin.py:190} INFO - [2026-03-29T16:53:40.843+0000] {dagbag.py:588} INFO - Filling up the DagBag from /home/ec2-user/environment/lab4_model_training/dags/ml_pipeline_dag.py
[2026-03-29T16:53:42.184+0000] {processor.py:925} INFO - DAG(s) 'ml_training_pipeline_v2' retrieved from /home/ec2-user/environment/lab4_model_training/dags/ml_pipeline_dag.py
[2026-03-29T16:53:42.197+0000] {logging_mixin.py:190} INFO - [2026-03-29T16:53:42.197+0000] {dag.py:3239} INFO - Sync 1 DAGs
[2026-03-29T16:53:42.207+0000] {logging_mixin.py:190} INFO - [2026-03-29T16:53:42.206+0000] {dag.py:4180} INFO - Setting next_dagrun for ml_training_pipeline_v2 to None, run_after=None
[2026-03-29T16:53:42.227+0000] {processor.py:208} INFO - Processing /home/ec2-user/environment/lab4_model_training/dags/ml_pipeline_dag.py took 1.391 seconds
[2026-03-29T16:54:12.320+0000] {processor.py:186} INFO - Started process (PID=5271) to work on /home/ec2-user/environment/lab4_model_training/dags/ml_pipeline_dag.py
[2026-03-29T16:54:12.321+0000] {processor.py:914} INFO - Processing file /home/ec2-user/environment/lab4_model_training/dags/ml_pipeline_dag.py for tasks to queue
[2026-03-29T16:54:12.322+0000] {logging_mixin.py:190} INFO - [2026-03-29T16:54:12.322+0000] {dagbag.py:588} INFO - Filling up the DagBag from /home/ec2-user/environment/lab4_model_training/dags/ml_pipeline_dag.py
[2026-03-29T16:54:13.653+0000] {processor.py:925} INFO - DAG(s) 'ml_training_pipeline_v2' retrieved from /home/ec2-user/environment/lab4_model_training/dags/ml_pipeline_dag.py
[2026-03-29T16:54:13.666+0000] {logging_mixin.py:190} INFO - [2026-03-29T16:54:13.666+0000] {dag.py:3239} INFO - Sync 1 DAGs
[2026-03-29T16:54:13.676+0000] {logging_mixin.py:190} INFO - [2026-03-29T16:54:13.676+0000] {dag.py:4180} INFO - Setting next_dagrun for ml_training_pipeline_v2 to None, run_after=None
[2026-03-29T16:54:13.694+0000] {processor.py:208} INFO - Processing /home/ec2-user/environment/lab4_model_training/dags/ml_pipeline_dag.py took 1.379 seconds
[2026-03-29T16:54:43.793+0000] {processor.py:186} INFO - Started process (PID=5285) to work on /home/ec2-user/environment/lab4_model_training/dags/ml_pipeline_dag.py
[2026-03-29T16:54:43.794+0000] {processor.py:914} INFO - Processing file /home/ec2-user/environment/lab4_model_training/dags/ml_pipeline_dag.py for tasks to queue
[2026-03-29T16:54:43.795+0000] {logging_mixin.py:190} INFO - [2026-03-29T16:54:43.795+0000] {dagbag.py:588} INFO - Filling up the DagBag from /home/ec2-user/environment/lab4_model_training/dags/ml_pipeline_dag.py
[2026-03-29T16:54:45.129+0000] {processor.py:925} INFO - DAG(s) 'ml_training_pipeline_v2' retrieved from /home/ec2-user/environment/lab4_model_training/dags/ml_pipeline_dag.py
[2026-03-29T16:54:45.143+0000] {logging_mixin.py:190} INFO - [2026-03-29T16:54:45.142+0000] {dag.py:3239} INFO - Sync 1 DAGs
[2026-03-29T16:54:45.153+0000] {logging_mixin.py:190} INFO - [2026-03-29T16:54:45.152+0000] {dag.py:4180} INFO - Setting next_dagrun for ml_training_pipeline_v2 to None, run_after=None
[2026-03-29T16:54:45.170+0000] {processor.py:208} INFO - Processing /home/ec2-user/environment/lab4_model_training/dags/ml_pipeline_dag.py took 1.382 seconds
[2026-03-29T16:55:15.266+0000] {processor.py:186} INFO - Started process (PID=5302) to work on /home/ec2-user/environment/lab4_model_training/dags/ml_pipeline_dag.py
[2026-03-29T16:55:15.267+0000] {processor.py:914} INFO - Processing file /home/ec2-user/environment/lab4_model_training/dags/ml_pipeline_dag.py for tasks to queue
[2026-03-29T16:55:15.268+0000] {logging_mixin.py:190} INFO - [2026-03-29T16:55:15.268+0000] {dagbag.py:588} INFO - Filling up the DagBag from /home/ec2-user/environment/lab4_model_training/dags/ml_pipeline_dag.py
[2026-03-29T16:55:16.605+0000] {processor.py:925} INFO - DAG(s) 'ml_training_pipeline_v2' retrieved from /home/ec2-user/environment/lab4_model_training/dags/ml_pipeline_dag.py
[2026-03-29T16:55:16.619+0000] {logging_mixin.py:190} INFO - [2026-03-29T16:55:16.619+0000] {dag.py:3239} INFO - Sync 1 DAGs
[2026-03-29T16:55:16.628+0000] {logging_mixin.py:190} INFO - [2026-03-29T16:55:16.628+0000] {dag.py:4180} INFO - Setting next_dagrun for ml_training_pipeline_v2 to None, run_after=None
[2026-03-29T16:55:16.646+0000] {processor.py:208} INFO - Processing /home/ec2-user/environment/lab4_model_training/dags/ml_pipeline_dag.py took 1.385 seconds
[2026-03-29T16:55:46.740+0000] {processor.py:186} INFO - Started process (PID=5315) to work on /home/ec2-user/environment/lab4_model_training/dags/ml_pipeline_dag.py
[2026-03-29T16:55:46.741+0000] {processor.py:914} INFO - Processing file /home/ec2-user/environment/lab4_model_training/dags/ml_pipeline_dag.py for tasks to queue
[2026-03-29T16:55:46.743+0000] {logging_mixin.py:190} INFO - [2026-03-29T16:55:46.742+0000] {dagbag.py:588} INFO - Filling up the DagBag from /home/ec2-user/environment/lab4_model_training/dags/ml_pipeline_dag.py
[2026-03-29T16:55:48.071+0000] {processor.py:925} INFO - DAG(s) 'ml_training_pipeline_v2' retrieved from /home/ec2-user/environment/lab4_model_training/dags/ml_pipeline_dag.py
[2026-03-29T16:55:48.085+0000] {logging_mixin.py:190} INFO - [2026-03-29T16:55:48.084+0000] {dag.py:3239} INFO - Sync 1 DAGs
[2026-03-29T16:55:48.094+0000] {logging_mixin.py:190} INFO - [2026-03-29T16:55:48.094+0000] {dag.py:4180} INFO - Setting next_dagrun for ml_training_pipeline_v2 to None, run_after=None
[2026-03-29T16:55:48.111+0000] {processor.py:208} INFO - Processing /home/ec2-user/environment/lab4_model_training/dags/ml_pipeline_dag.py took 1.375 seconds
