[2026-03-29T12:47:33.482+0000] {processor.py:186} INFO - Started process (PID=3210) to work on /home/ec2-user/environment/lab4_model_training/dags/train_model_dag.py
[2026-03-29T12:47:33.482+0000] {processor.py:914} INFO - Processing file /home/ec2-user/environment/lab4_model_training/dags/train_model_dag.py for tasks to queue
[2026-03-29T12:47:33.484+0000] {logging_mixin.py:190} INFO - [2026-03-29T12:47:33.483+0000] {dagbag.py:588} INFO - Filling up the DagBag from /home/ec2-user/environment/lab4_model_training/dags/train_model_dag.py
[2026-03-29T12:47:33.485+0000] {processor.py:927} WARNING - No viable dags retrieved from /home/ec2-user/environment/lab4_model_training/dags/train_model_dag.py
[2026-03-29T12:47:33.494+0000] {processor.py:208} INFO - Processing /home/ec2-user/environment/lab4_model_training/dags/train_model_dag.py took 0.017 seconds
[2026-03-29T12:48:04.699+0000] {processor.py:186} INFO - Started process (PID=3296) to work on /home/ec2-user/environment/lab4_model_training/dags/train_model_dag.py
[2026-03-29T12:48:04.700+0000] {processor.py:914} INFO - Processing file /home/ec2-user/environment/lab4_model_training/dags/train_model_dag.py for tasks to queue
[2026-03-29T12:48:04.701+0000] {logging_mixin.py:190} INFO - [2026-03-29T12:48:04.700+0000] {dagbag.py:588} INFO - Filling up the DagBag from /home/ec2-user/environment/lab4_model_training/dags/train_model_dag.py
[2026-03-29T12:48:04.703+0000] {processor.py:927} WARNING - No viable dags retrieved from /home/ec2-user/environment/lab4_model_training/dags/train_model_dag.py
[2026-03-29T12:48:04.711+0000] {processor.py:208} INFO - Processing /home/ec2-user/environment/lab4_model_training/dags/train_model_dag.py took 0.016 seconds
[2026-03-29T12:48:37.675+0000] {processor.py:186} INFO - Started process (PID=3379) to work on /home/ec2-user/environment/lab4_model_training/dags/train_model_dag.py
[2026-03-29T12:48:37.676+0000] {processor.py:914} INFO - Processing file /home/ec2-user/environment/lab4_model_training/dags/train_model_dag.py for tasks to queue
[2026-03-29T12:48:37.677+0000] {logging_mixin.py:190} INFO - [2026-03-29T12:48:37.677+0000] {dagbag.py:588} INFO - Filling up the DagBag from /home/ec2-user/environment/lab4_model_training/dags/train_model_dag.py
[2026-03-29T12:48:37.680+0000] {processor.py:927} WARNING - No viable dags retrieved from /home/ec2-user/environment/lab4_model_training/dags/train_model_dag.py
[2026-03-29T12:48:37.689+0000] {processor.py:208} INFO - Processing /home/ec2-user/environment/lab4_model_training/dags/train_model_dag.py took 0.019 seconds
[2026-03-29T12:52:36.592+0000] {processor.py:186} INFO - Started process (PID=3907) to work on /home/ec2-user/environment/lab4_model_training/dags/train_model_dag.py
[2026-03-29T12:52:36.593+0000] {processor.py:914} INFO - Processing file /home/ec2-user/environment/lab4_model_training/dags/train_model_dag.py for tasks to queue
[2026-03-29T12:52:36.594+0000] {logging_mixin.py:190} INFO - [2026-03-29T12:52:36.594+0000] {dagbag.py:588} INFO - Filling up the DagBag from /home/ec2-user/environment/lab4_model_training/dags/train_model_dag.py
[2026-03-29T12:52:36.596+0000] {processor.py:927} WARNING - No viable dags retrieved from /home/ec2-user/environment/lab4_model_training/dags/train_model_dag.py
[2026-03-29T12:52:36.605+0000] {processor.py:208} INFO - Processing /home/ec2-user/environment/lab4_model_training/dags/train_model_dag.py took 0.018 seconds
[2026-03-29T13:00:48.749+0000] {processor.py:186} INFO - Started process (PID=2793) to work on /home/ec2-user/environment/lab4_model_training/dags/train_model_dag.py
[2026-03-29T13:00:48.751+0000] {processor.py:914} INFO - Processing file /home/ec2-user/environment/lab4_model_training/dags/train_model_dag.py for tasks to queue
[2026-03-29T13:00:48.752+0000] {logging_mixin.py:190} INFO - [2026-03-29T13:00:48.752+0000] {dagbag.py:588} INFO - Filling up the DagBag from /home/ec2-user/environment/lab4_model_training/dags/train_model_dag.py
[2026-03-29T13:00:48.754+0000] {processor.py:927} WARNING - No viable dags retrieved from /home/ec2-user/environment/lab4_model_training/dags/train_model_dag.py
[2026-03-29T13:00:48.763+0000] {processor.py:208} INFO - Processing /home/ec2-user/environment/lab4_model_training/dags/train_model_dag.py took 0.018 seconds
[2026-03-29T13:01:19.995+0000] {processor.py:186} INFO - Started process (PID=2941) to work on /home/ec2-user/environment/lab4_model_training/dags/train_model_dag.py
[2026-03-29T13:01:19.996+0000] {processor.py:914} INFO - Processing file /home/ec2-user/environment/lab4_model_training/dags/train_model_dag.py for tasks to queue
[2026-03-29T13:01:19.997+0000] {logging_mixin.py:190} INFO - [2026-03-29T13:01:19.997+0000] {dagbag.py:588} INFO - Filling up the DagBag from /home/ec2-user/environment/lab4_model_training/dags/train_model_dag.py
[2026-03-29T13:01:19.999+0000] {processor.py:927} WARNING - No viable dags retrieved from /home/ec2-user/environment/lab4_model_training/dags/train_model_dag.py
[2026-03-29T13:01:20.008+0000] {processor.py:208} INFO - Processing /home/ec2-user/environment/lab4_model_training/dags/train_model_dag.py took 0.017 seconds
[2026-03-29T13:01:52.963+0000] {processor.py:186} INFO - Started process (PID=3023) to work on /home/ec2-user/environment/lab4_model_training/dags/train_model_dag.py
[2026-03-29T13:01:52.964+0000] {processor.py:914} INFO - Processing file /home/ec2-user/environment/lab4_model_training/dags/train_model_dag.py for tasks to queue
[2026-03-29T13:01:52.965+0000] {logging_mixin.py:190} INFO - [2026-03-29T13:01:52.965+0000] {dagbag.py:588} INFO - Filling up the DagBag from /home/ec2-user/environment/lab4_model_training/dags/train_model_dag.py
[2026-03-29T13:01:52.968+0000] {processor.py:927} WARNING - No viable dags retrieved from /home/ec2-user/environment/lab4_model_training/dags/train_model_dag.py
[2026-03-29T13:01:52.977+0000] {processor.py:208} INFO - Processing /home/ec2-user/environment/lab4_model_training/dags/train_model_dag.py took 0.019 seconds
[2026-03-29T13:02:24.690+0000] {processor.py:186} INFO - Started process (PID=3110) to work on /home/ec2-user/environment/lab4_model_training/dags/train_model_dag.py
[2026-03-29T13:02:24.691+0000] {processor.py:914} INFO - Processing file /home/ec2-user/environment/lab4_model_training/dags/train_model_dag.py for tasks to queue
[2026-03-29T13:02:24.692+0000] {logging_mixin.py:190} INFO - [2026-03-29T13:02:24.692+0000] {dagbag.py:588} INFO - Filling up the DagBag from /home/ec2-user/environment/lab4_model_training/dags/train_model_dag.py
[2026-03-29T13:02:24.695+0000] {processor.py:927} WARNING - No viable dags retrieved from /home/ec2-user/environment/lab4_model_training/dags/train_model_dag.py
[2026-03-29T13:02:24.704+0000] {processor.py:208} INFO - Processing /home/ec2-user/environment/lab4_model_training/dags/train_model_dag.py took 0.018 seconds
[2026-03-29T13:02:56.430+0000] {processor.py:186} INFO - Started process (PID=3186) to work on /home/ec2-user/environment/lab4_model_training/dags/train_model_dag.py
[2026-03-29T13:02:56.430+0000] {processor.py:914} INFO - Processing file /home/ec2-user/environment/lab4_model_training/dags/train_model_dag.py for tasks to queue
[2026-03-29T13:02:56.432+0000] {logging_mixin.py:190} INFO - [2026-03-29T13:02:56.431+0000] {dagbag.py:588} INFO - Filling up the DagBag from /home/ec2-user/environment/lab4_model_training/dags/train_model_dag.py
[2026-03-29T13:02:56.434+0000] {processor.py:927} WARNING - No viable dags retrieved from /home/ec2-user/environment/lab4_model_training/dags/train_model_dag.py
[2026-03-29T13:02:56.442+0000] {processor.py:208} INFO - Processing /home/ec2-user/environment/lab4_model_training/dags/train_model_dag.py took 0.017 seconds
[2026-03-29T13:03:28.142+0000] {processor.py:186} INFO - Started process (PID=3331) to work on /home/ec2-user/environment/lab4_model_training/dags/train_model_dag.py
[2026-03-29T13:03:28.143+0000] {processor.py:914} INFO - Processing file /home/ec2-user/environment/lab4_model_training/dags/train_model_dag.py for tasks to queue
[2026-03-29T13:03:28.145+0000] {logging_mixin.py:190} INFO - [2026-03-29T13:03:28.144+0000] {dagbag.py:588} INFO - Filling up the DagBag from /home/ec2-user/environment/lab4_model_training/dags/train_model_dag.py
[2026-03-29T13:03:28.147+0000] {processor.py:927} WARNING - No viable dags retrieved from /home/ec2-user/environment/lab4_model_training/dags/train_model_dag.py
[2026-03-29T13:03:28.156+0000] {processor.py:208} INFO - Processing /home/ec2-user/environment/lab4_model_training/dags/train_model_dag.py took 0.019 seconds
[2026-03-29T13:03:59.849+0000] {processor.py:186} INFO - Started process (PID=3404) to work on /home/ec2-user/environment/lab4_model_training/dags/train_model_dag.py
[2026-03-29T13:03:59.851+0000] {processor.py:914} INFO - Processing file /home/ec2-user/environment/lab4_model_training/dags/train_model_dag.py for tasks to queue
[2026-03-29T13:03:59.852+0000] {logging_mixin.py:190} INFO - [2026-03-29T13:03:59.852+0000] {dagbag.py:588} INFO - Filling up the DagBag from /home/ec2-user/environment/lab4_model_training/dags/train_model_dag.py
[2026-03-29T13:03:59.855+0000] {processor.py:927} WARNING - No viable dags retrieved from /home/ec2-user/environment/lab4_model_training/dags/train_model_dag.py
[2026-03-29T13:03:59.864+0000] {processor.py:208} INFO - Processing /home/ec2-user/environment/lab4_model_training/dags/train_model_dag.py took 0.019 seconds
[2026-03-29T13:04:31.455+0000] {processor.py:186} INFO - Started process (PID=3482) to work on /home/ec2-user/environment/lab4_model_training/dags/train_model_dag.py
[2026-03-29T13:04:31.455+0000] {processor.py:914} INFO - Processing file /home/ec2-user/environment/lab4_model_training/dags/train_model_dag.py for tasks to queue
[2026-03-29T13:04:31.457+0000] {logging_mixin.py:190} INFO - [2026-03-29T13:04:31.456+0000] {dagbag.py:588} INFO - Filling up the DagBag from /home/ec2-user/environment/lab4_model_training/dags/train_model_dag.py
[2026-03-29T13:04:31.459+0000] {processor.py:927} WARNING - No viable dags retrieved from /home/ec2-user/environment/lab4_model_training/dags/train_model_dag.py
[2026-03-29T13:04:31.468+0000] {processor.py:208} INFO - Processing /home/ec2-user/environment/lab4_model_training/dags/train_model_dag.py took 0.018 seconds
[2026-03-29T13:05:03.248+0000] {processor.py:186} INFO - Started process (PID=3583) to work on /home/ec2-user/environment/lab4_model_training/dags/train_model_dag.py
[2026-03-29T13:05:03.249+0000] {processor.py:914} INFO - Processing file /home/ec2-user/environment/lab4_model_training/dags/train_model_dag.py for tasks to queue
[2026-03-29T13:05:03.250+0000] {logging_mixin.py:190} INFO - [2026-03-29T13:05:03.250+0000] {dagbag.py:588} INFO - Filling up the DagBag from /home/ec2-user/environment/lab4_model_training/dags/train_model_dag.py
[2026-03-29T13:05:03.253+0000] {processor.py:927} WARNING - No viable dags retrieved from /home/ec2-user/environment/lab4_model_training/dags/train_model_dag.py
[2026-03-29T13:05:03.262+0000] {processor.py:208} INFO - Processing /home/ec2-user/environment/lab4_model_training/dags/train_model_dag.py took 0.019 seconds
[2026-03-29T13:05:34.921+0000] {processor.py:186} INFO - Started process (PID=3609) to work on /home/ec2-user/environment/lab4_model_training/dags/train_model_dag.py
[2026-03-29T13:05:34.922+0000] {processor.py:914} INFO - Processing file /home/ec2-user/environment/lab4_model_training/dags/train_model_dag.py for tasks to queue
[2026-03-29T13:05:34.923+0000] {logging_mixin.py:190} INFO - [2026-03-29T13:05:34.923+0000] {dagbag.py:588} INFO - Filling up the DagBag from /home/ec2-user/environment/lab4_model_training/dags/train_model_dag.py
[2026-03-29T13:05:34.926+0000] {processor.py:927} WARNING - No viable dags retrieved from /home/ec2-user/environment/lab4_model_training/dags/train_model_dag.py
[2026-03-29T13:05:34.935+0000] {processor.py:208} INFO - Processing /home/ec2-user/environment/lab4_model_training/dags/train_model_dag.py took 0.018 seconds
[2026-03-29T13:06:06.494+0000] {processor.py:186} INFO - Started process (PID=3627) to work on /home/ec2-user/environment/lab4_model_training/dags/train_model_dag.py
[2026-03-29T13:06:06.495+0000] {processor.py:914} INFO - Processing file /home/ec2-user/environment/lab4_model_training/dags/train_model_dag.py for tasks to queue
[2026-03-29T13:06:06.497+0000] {logging_mixin.py:190} INFO - [2026-03-29T13:06:06.496+0000] {dagbag.py:588} INFO - Filling up the DagBag from /home/ec2-user/environment/lab4_model_training/dags/train_model_dag.py
[2026-03-29T13:06:06.499+0000] {processor.py:927} WARNING - No viable dags retrieved from /home/ec2-user/environment/lab4_model_training/dags/train_model_dag.py
[2026-03-29T13:06:06.508+0000] {processor.py:208} INFO - Processing /home/ec2-user/environment/lab4_model_training/dags/train_model_dag.py took 0.019 seconds
[2026-03-29T13:06:38.186+0000] {processor.py:186} INFO - Started process (PID=3754) to work on /home/ec2-user/environment/lab4_model_training/dags/train_model_dag.py
[2026-03-29T13:06:38.187+0000] {processor.py:914} INFO - Processing file /home/ec2-user/environment/lab4_model_training/dags/train_model_dag.py for tasks to queue
[2026-03-29T13:06:38.188+0000] {logging_mixin.py:190} INFO - [2026-03-29T13:06:38.187+0000] {dagbag.py:588} INFO - Filling up the DagBag from /home/ec2-user/environment/lab4_model_training/dags/train_model_dag.py
[2026-03-29T13:06:38.190+0000] {processor.py:927} WARNING - No viable dags retrieved from /home/ec2-user/environment/lab4_model_training/dags/train_model_dag.py
[2026-03-29T13:06:38.200+0000] {processor.py:208} INFO - Processing /home/ec2-user/environment/lab4_model_training/dags/train_model_dag.py took 0.019 seconds
[2026-03-29T16:22:42.317+0000] {processor.py:186} INFO - Started process (PID=2962) to work on /home/ec2-user/environment/lab4_model_training/dags/train_model_dag.py
[2026-03-29T16:22:42.319+0000] {processor.py:914} INFO - Processing file /home/ec2-user/environment/lab4_model_training/dags/train_model_dag.py for tasks to queue
[2026-03-29T16:22:42.320+0000] {logging_mixin.py:190} INFO - [2026-03-29T16:22:42.319+0000] {dagbag.py:588} INFO - Filling up the DagBag from /home/ec2-user/environment/lab4_model_training/dags/train_model_dag.py
[2026-03-29T16:22:42.322+0000] {processor.py:927} WARNING - No viable dags retrieved from /home/ec2-user/environment/lab4_model_training/dags/train_model_dag.py
[2026-03-29T16:22:42.332+0000] {processor.py:208} INFO - Processing /home/ec2-user/environment/lab4_model_training/dags/train_model_dag.py took 0.019 seconds
[2026-03-29T16:23:13.554+0000] {processor.py:186} INFO - Started process (PID=3146) to work on /home/ec2-user/environment/lab4_model_training/dags/train_model_dag.py
[2026-03-29T16:23:13.556+0000] {processor.py:914} INFO - Processing file /home/ec2-user/environment/lab4_model_training/dags/train_model_dag.py for tasks to queue
[2026-03-29T16:23:13.557+0000] {logging_mixin.py:190} INFO - [2026-03-29T16:23:13.556+0000] {dagbag.py:588} INFO - Filling up the DagBag from /home/ec2-user/environment/lab4_model_training/dags/train_model_dag.py
[2026-03-29T16:23:13.559+0000] {processor.py:927} WARNING - No viable dags retrieved from /home/ec2-user/environment/lab4_model_training/dags/train_model_dag.py
[2026-03-29T16:23:13.577+0000] {processor.py:208} INFO - Processing /home/ec2-user/environment/lab4_model_training/dags/train_model_dag.py took 0.028 seconds
[2026-03-29T16:23:46.536+0000] {processor.py:186} INFO - Started process (PID=3230) to work on /home/ec2-user/environment/lab4_model_training/dags/train_model_dag.py
[2026-03-29T16:23:46.538+0000] {processor.py:914} INFO - Processing file /home/ec2-user/environment/lab4_model_training/dags/train_model_dag.py for tasks to queue
[2026-03-29T16:23:46.539+0000] {logging_mixin.py:190} INFO - [2026-03-29T16:23:46.539+0000] {dagbag.py:588} INFO - Filling up the DagBag from /home/ec2-user/environment/lab4_model_training/dags/train_model_dag.py
[2026-03-29T16:23:46.541+0000] {processor.py:927} WARNING - No viable dags retrieved from /home/ec2-user/environment/lab4_model_training/dags/train_model_dag.py
[2026-03-29T16:23:46.550+0000] {processor.py:208} INFO - Processing /home/ec2-user/environment/lab4_model_training/dags/train_model_dag.py took 0.019 seconds
[2026-03-29T16:24:18.277+0000] {processor.py:186} INFO - Started process (PID=3365) to work on /home/ec2-user/environment/lab4_model_training/dags/train_model_dag.py
[2026-03-29T16:24:18.278+0000] {processor.py:914} INFO - Processing file /home/ec2-user/environment/lab4_model_training/dags/train_model_dag.py for tasks to queue
[2026-03-29T16:24:18.279+0000] {logging_mixin.py:190} INFO - [2026-03-29T16:24:18.279+0000] {dagbag.py:588} INFO - Filling up the DagBag from /home/ec2-user/environment/lab4_model_training/dags/train_model_dag.py
[2026-03-29T16:24:18.282+0000] {processor.py:927} WARNING - No viable dags retrieved from /home/ec2-user/environment/lab4_model_training/dags/train_model_dag.py
[2026-03-29T16:24:18.290+0000] {processor.py:208} INFO - Processing /home/ec2-user/environment/lab4_model_training/dags/train_model_dag.py took 0.017 seconds
[2026-03-29T16:24:50.113+0000] {processor.py:186} INFO - Started process (PID=3386) to work on /home/ec2-user/environment/lab4_model_training/dags/train_model_dag.py
[2026-03-29T16:24:50.114+0000] {processor.py:914} INFO - Processing file /home/ec2-user/environment/lab4_model_training/dags/train_model_dag.py for tasks to queue
[2026-03-29T16:24:50.115+0000] {logging_mixin.py:190} INFO - [2026-03-29T16:24:50.115+0000] {dagbag.py:588} INFO - Filling up the DagBag from /home/ec2-user/environment/lab4_model_training/dags/train_model_dag.py
[2026-03-29T16:24:50.118+0000] {processor.py:927} WARNING - No viable dags retrieved from /home/ec2-user/environment/lab4_model_training/dags/train_model_dag.py
[2026-03-29T16:24:50.127+0000] {processor.py:208} INFO - Processing /home/ec2-user/environment/lab4_model_training/dags/train_model_dag.py took 0.019 seconds
[2026-03-29T16:25:21.718+0000] {processor.py:186} INFO - Started process (PID=3404) to work on /home/ec2-user/environment/lab4_model_training/dags/train_model_dag.py
[2026-03-29T16:25:21.719+0000] {processor.py:914} INFO - Processing file /home/ec2-user/environment/lab4_model_training/dags/train_model_dag.py for tasks to queue
[2026-03-29T16:25:21.720+0000] {logging_mixin.py:190} INFO - [2026-03-29T16:25:21.720+0000] {dagbag.py:588} INFO - Filling up the DagBag from /home/ec2-user/environment/lab4_model_training/dags/train_model_dag.py
[2026-03-29T16:25:21.722+0000] {processor.py:927} WARNING - No viable dags retrieved from /home/ec2-user/environment/lab4_model_training/dags/train_model_dag.py
[2026-03-29T16:25:21.731+0000] {processor.py:208} INFO - Processing /home/ec2-user/environment/lab4_model_training/dags/train_model_dag.py took 0.018 seconds
[2026-03-29T16:25:53.427+0000] {processor.py:186} INFO - Started process (PID=3494) to work on /home/ec2-user/environment/lab4_model_training/dags/train_model_dag.py
[2026-03-29T16:25:53.428+0000] {processor.py:914} INFO - Processing file /home/ec2-user/environment/lab4_model_training/dags/train_model_dag.py for tasks to queue
[2026-03-29T16:25:53.429+0000] {logging_mixin.py:190} INFO - [2026-03-29T16:25:53.429+0000] {dagbag.py:588} INFO - Filling up the DagBag from /home/ec2-user/environment/lab4_model_training/dags/train_model_dag.py
[2026-03-29T16:25:53.432+0000] {processor.py:927} WARNING - No viable dags retrieved from /home/ec2-user/environment/lab4_model_training/dags/train_model_dag.py
[2026-03-29T16:25:53.441+0000] {processor.py:208} INFO - Processing /home/ec2-user/environment/lab4_model_training/dags/train_model_dag.py took 0.019 seconds
[2026-03-29T16:26:25.031+0000] {processor.py:186} INFO - Started process (PID=3511) to work on /home/ec2-user/environment/lab4_model_training/dags/train_model_dag.py
[2026-03-29T16:26:25.033+0000] {processor.py:914} INFO - Processing file /home/ec2-user/environment/lab4_model_training/dags/train_model_dag.py for tasks to queue
[2026-03-29T16:26:25.034+0000] {logging_mixin.py:190} INFO - [2026-03-29T16:26:25.034+0000] {dagbag.py:588} INFO - Filling up the DagBag from /home/ec2-user/environment/lab4_model_training/dags/train_model_dag.py
[2026-03-29T16:26:25.036+0000] {processor.py:927} WARNING - No viable dags retrieved from /home/ec2-user/environment/lab4_model_training/dags/train_model_dag.py
[2026-03-29T16:26:25.045+0000] {processor.py:208} INFO - Processing /home/ec2-user/environment/lab4_model_training/dags/train_model_dag.py took 0.018 seconds
[2026-03-29T16:26:56.713+0000] {processor.py:186} INFO - Started process (PID=3526) to work on /home/ec2-user/environment/lab4_model_training/dags/train_model_dag.py
[2026-03-29T16:26:56.715+0000] {processor.py:914} INFO - Processing file /home/ec2-user/environment/lab4_model_training/dags/train_model_dag.py for tasks to queue
[2026-03-29T16:26:56.716+0000] {logging_mixin.py:190} INFO - [2026-03-29T16:26:56.716+0000] {dagbag.py:588} INFO - Filling up the DagBag from /home/ec2-user/environment/lab4_model_training/dags/train_model_dag.py
[2026-03-29T16:26:56.718+0000] {processor.py:927} WARNING - No viable dags retrieved from /home/ec2-user/environment/lab4_model_training/dags/train_model_dag.py
[2026-03-29T16:26:56.728+0000] {processor.py:208} INFO - Processing /home/ec2-user/environment/lab4_model_training/dags/train_model_dag.py took 0.019 seconds
[2026-03-29T16:27:28.287+0000] {processor.py:186} INFO - Started process (PID=3597) to work on /home/ec2-user/environment/lab4_model_training/dags/train_model_dag.py
[2026-03-29T16:27:28.288+0000] {processor.py:914} INFO - Processing file /home/ec2-user/environment/lab4_model_training/dags/train_model_dag.py for tasks to queue
[2026-03-29T16:27:28.290+0000] {logging_mixin.py:190} INFO - [2026-03-29T16:27:28.289+0000] {dagbag.py:588} INFO - Filling up the DagBag from /home/ec2-user/environment/lab4_model_training/dags/train_model_dag.py
[2026-03-29T16:27:28.292+0000] {processor.py:927} WARNING - No viable dags retrieved from /home/ec2-user/environment/lab4_model_training/dags/train_model_dag.py
[2026-03-29T16:27:28.301+0000] {processor.py:208} INFO - Processing /home/ec2-user/environment/lab4_model_training/dags/train_model_dag.py took 0.018 seconds
[2026-03-29T16:27:59.964+0000] {processor.py:186} INFO - Started process (PID=3604) to work on /home/ec2-user/environment/lab4_model_training/dags/train_model_dag.py
[2026-03-29T16:27:59.965+0000] {processor.py:914} INFO - Processing file /home/ec2-user/environment/lab4_model_training/dags/train_model_dag.py for tasks to queue
[2026-03-29T16:27:59.966+0000] {logging_mixin.py:190} INFO - [2026-03-29T16:27:59.966+0000] {dagbag.py:588} INFO - Filling up the DagBag from /home/ec2-user/environment/lab4_model_training/dags/train_model_dag.py
[2026-03-29T16:27:59.969+0000] {processor.py:927} WARNING - No viable dags retrieved from /home/ec2-user/environment/lab4_model_training/dags/train_model_dag.py
[2026-03-29T16:27:59.978+0000] {processor.py:208} INFO - Processing /home/ec2-user/environment/lab4_model_training/dags/train_model_dag.py took 0.018 seconds
[2026-03-29T16:28:31.661+0000] {processor.py:186} INFO - Started process (PID=3633) to work on /home/ec2-user/environment/lab4_model_training/dags/train_model_dag.py
[2026-03-29T16:28:31.662+0000] {processor.py:914} INFO - Processing file /home/ec2-user/environment/lab4_model_training/dags/train_model_dag.py for tasks to queue
[2026-03-29T16:28:31.663+0000] {logging_mixin.py:190} INFO - [2026-03-29T16:28:31.663+0000] {dagbag.py:588} INFO - Filling up the DagBag from /home/ec2-user/environment/lab4_model_training/dags/train_model_dag.py
[2026-03-29T16:28:31.666+0000] {processor.py:927} WARNING - No viable dags retrieved from /home/ec2-user/environment/lab4_model_training/dags/train_model_dag.py
[2026-03-29T16:28:31.675+0000] {processor.py:208} INFO - Processing /home/ec2-user/environment/lab4_model_training/dags/train_model_dag.py took 0.019 seconds
[2026-03-29T16:29:03.234+0000] {processor.py:186} INFO - Started process (PID=3700) to work on /home/ec2-user/environment/lab4_model_training/dags/train_model_dag.py
[2026-03-29T16:29:03.235+0000] {processor.py:914} INFO - Processing file /home/ec2-user/environment/lab4_model_training/dags/train_model_dag.py for tasks to queue
[2026-03-29T16:29:03.236+0000] {logging_mixin.py:190} INFO - [2026-03-29T16:29:03.236+0000] {dagbag.py:588} INFO - Filling up the DagBag from /home/ec2-user/environment/lab4_model_training/dags/train_model_dag.py
[2026-03-29T16:29:03.238+0000] {processor.py:927} WARNING - No viable dags retrieved from /home/ec2-user/environment/lab4_model_training/dags/train_model_dag.py
[2026-03-29T16:29:03.247+0000] {processor.py:208} INFO - Processing /home/ec2-user/environment/lab4_model_training/dags/train_model_dag.py took 0.018 seconds
[2026-03-29T16:29:34.722+0000] {processor.py:186} INFO - Started process (PID=3715) to work on /home/ec2-user/environment/lab4_model_training/dags/train_model_dag.py
[2026-03-29T16:29:34.723+0000] {processor.py:914} INFO - Processing file /home/ec2-user/environment/lab4_model_training/dags/train_model_dag.py for tasks to queue
[2026-03-29T16:29:34.725+0000] {logging_mixin.py:190} INFO - [2026-03-29T16:29:34.724+0000] {dagbag.py:588} INFO - Filling up the DagBag from /home/ec2-user/environment/lab4_model_training/dags/train_model_dag.py
[2026-03-29T16:29:34.727+0000] {processor.py:927} WARNING - No viable dags retrieved from /home/ec2-user/environment/lab4_model_training/dags/train_model_dag.py
[2026-03-29T16:29:34.736+0000] {processor.py:208} INFO - Processing /home/ec2-user/environment/lab4_model_training/dags/train_model_dag.py took 0.019 seconds
[2026-03-29T16:30:06.297+0000] {processor.py:186} INFO - Started process (PID=3732) to work on /home/ec2-user/environment/lab4_model_training/dags/train_model_dag.py
[2026-03-29T16:30:06.297+0000] {processor.py:914} INFO - Processing file /home/ec2-user/environment/lab4_model_training/dags/train_model_dag.py for tasks to queue
[2026-03-29T16:30:06.299+0000] {logging_mixin.py:190} INFO - [2026-03-29T16:30:06.298+0000] {dagbag.py:588} INFO - Filling up the DagBag from /home/ec2-user/environment/lab4_model_training/dags/train_model_dag.py
[2026-03-29T16:30:06.301+0000] {processor.py:927} WARNING - No viable dags retrieved from /home/ec2-user/environment/lab4_model_training/dags/train_model_dag.py
[2026-03-29T16:30:06.310+0000] {processor.py:208} INFO - Processing /home/ec2-user/environment/lab4_model_training/dags/train_model_dag.py took 0.018 seconds
[2026-03-29T16:30:37.771+0000] {processor.py:186} INFO - Started process (PID=3795) to work on /home/ec2-user/environment/lab4_model_training/dags/train_model_dag.py
[2026-03-29T16:30:37.772+0000] {processor.py:914} INFO - Processing file /home/ec2-user/environment/lab4_model_training/dags/train_model_dag.py for tasks to queue
[2026-03-29T16:30:37.773+0000] {logging_mixin.py:190} INFO - [2026-03-29T16:30:37.773+0000] {dagbag.py:588} INFO - Filling up the DagBag from /home/ec2-user/environment/lab4_model_training/dags/train_model_dag.py
[2026-03-29T16:30:37.776+0000] {processor.py:927} WARNING - No viable dags retrieved from /home/ec2-user/environment/lab4_model_training/dags/train_model_dag.py
[2026-03-29T16:30:37.785+0000] {processor.py:208} INFO - Processing /home/ec2-user/environment/lab4_model_training/dags/train_model_dag.py took 0.020 seconds
[2026-03-29T16:31:09.246+0000] {processor.py:186} INFO - Started process (PID=3812) to work on /home/ec2-user/environment/lab4_model_training/dags/train_model_dag.py
[2026-03-29T16:31:09.247+0000] {processor.py:914} INFO - Processing file /home/ec2-user/environment/lab4_model_training/dags/train_model_dag.py for tasks to queue
[2026-03-29T16:31:09.248+0000] {logging_mixin.py:190} INFO - [2026-03-29T16:31:09.247+0000] {dagbag.py:588} INFO - Filling up the DagBag from /home/ec2-user/environment/lab4_model_training/dags/train_model_dag.py
[2026-03-29T16:31:09.250+0000] {processor.py:927} WARNING - No viable dags retrieved from /home/ec2-user/environment/lab4_model_training/dags/train_model_dag.py
[2026-03-29T16:31:09.259+0000] {processor.py:208} INFO - Processing /home/ec2-user/environment/lab4_model_training/dags/train_model_dag.py took 0.018 seconds
[2026-03-29T16:31:40.736+0000] {processor.py:186} INFO - Started process (PID=3878) to work on /home/ec2-user/environment/lab4_model_training/dags/train_model_dag.py
[2026-03-29T16:31:40.737+0000] {processor.py:914} INFO - Processing file /home/ec2-user/environment/lab4_model_training/dags/train_model_dag.py for tasks to queue
[2026-03-29T16:31:40.739+0000] {logging_mixin.py:190} INFO - [2026-03-29T16:31:40.738+0000] {dagbag.py:588} INFO - Filling up the DagBag from /home/ec2-user/environment/lab4_model_training/dags/train_model_dag.py
[2026-03-29T16:31:40.741+0000] {processor.py:927} WARNING - No viable dags retrieved from /home/ec2-user/environment/lab4_model_training/dags/train_model_dag.py
[2026-03-29T16:31:40.750+0000] {processor.py:208} INFO - Processing /home/ec2-user/environment/lab4_model_training/dags/train_model_dag.py took 0.019 seconds
[2026-03-29T16:32:12.204+0000] {processor.py:186} INFO - Started process (PID=3895) to work on /home/ec2-user/environment/lab4_model_training/dags/train_model_dag.py
[2026-03-29T16:32:12.205+0000] {processor.py:914} INFO - Processing file /home/ec2-user/environment/lab4_model_training/dags/train_model_dag.py for tasks to queue
[2026-03-29T16:32:12.207+0000] {logging_mixin.py:190} INFO - [2026-03-29T16:32:12.206+0000] {dagbag.py:588} INFO - Filling up the DagBag from /home/ec2-user/environment/lab4_model_training/dags/train_model_dag.py
[2026-03-29T16:32:12.209+0000] {processor.py:927} WARNING - No viable dags retrieved from /home/ec2-user/environment/lab4_model_training/dags/train_model_dag.py
[2026-03-29T16:32:12.218+0000] {processor.py:208} INFO - Processing /home/ec2-user/environment/lab4_model_training/dags/train_model_dag.py took 0.019 seconds
[2026-03-29T16:32:43.678+0000] {processor.py:186} INFO - Started process (PID=3910) to work on /home/ec2-user/environment/lab4_model_training/dags/train_model_dag.py
[2026-03-29T16:32:43.679+0000] {processor.py:914} INFO - Processing file /home/ec2-user/environment/lab4_model_training/dags/train_model_dag.py for tasks to queue
[2026-03-29T16:32:43.680+0000] {logging_mixin.py:190} INFO - [2026-03-29T16:32:43.680+0000] {dagbag.py:588} INFO - Filling up the DagBag from /home/ec2-user/environment/lab4_model_training/dags/train_model_dag.py
[2026-03-29T16:32:43.682+0000] {processor.py:927} WARNING - No viable dags retrieved from /home/ec2-user/environment/lab4_model_training/dags/train_model_dag.py
[2026-03-29T16:32:43.691+0000] {processor.py:208} INFO - Processing /home/ec2-user/environment/lab4_model_training/dags/train_model_dag.py took 0.018 seconds
[2026-03-29T16:33:15.155+0000] {processor.py:186} INFO - Started process (PID=4001) to work on /home/ec2-user/environment/lab4_model_training/dags/train_model_dag.py
[2026-03-29T16:33:15.156+0000] {processor.py:914} INFO - Processing file /home/ec2-user/environment/lab4_model_training/dags/train_model_dag.py for tasks to queue
[2026-03-29T16:33:15.158+0000] {logging_mixin.py:190} INFO - [2026-03-29T16:33:15.157+0000] {dagbag.py:588} INFO - Filling up the DagBag from /home/ec2-user/environment/lab4_model_training/dags/train_model_dag.py
[2026-03-29T16:33:15.160+0000] {processor.py:927} WARNING - No viable dags retrieved from /home/ec2-user/environment/lab4_model_training/dags/train_model_dag.py
[2026-03-29T16:33:15.171+0000] {processor.py:208} INFO - Processing /home/ec2-user/environment/lab4_model_training/dags/train_model_dag.py took 0.020 seconds
[2026-03-29T16:33:46.635+0000] {processor.py:186} INFO - Started process (PID=4013) to work on /home/ec2-user/environment/lab4_model_training/dags/train_model_dag.py
[2026-03-29T16:33:46.636+0000] {processor.py:914} INFO - Processing file /home/ec2-user/environment/lab4_model_training/dags/train_model_dag.py for tasks to queue
[2026-03-29T16:33:46.637+0000] {logging_mixin.py:190} INFO - [2026-03-29T16:33:46.637+0000] {dagbag.py:588} INFO - Filling up the DagBag from /home/ec2-user/environment/lab4_model_training/dags/train_model_dag.py
[2026-03-29T16:33:46.639+0000] {processor.py:927} WARNING - No viable dags retrieved from /home/ec2-user/environment/lab4_model_training/dags/train_model_dag.py
[2026-03-29T16:33:46.648+0000] {processor.py:208} INFO - Processing /home/ec2-user/environment/lab4_model_training/dags/train_model_dag.py took 0.018 seconds
[2026-03-29T16:34:18.117+0000] {processor.py:186} INFO - Started process (PID=4080) to work on /home/ec2-user/environment/lab4_model_training/dags/train_model_dag.py
[2026-03-29T16:34:18.117+0000] {processor.py:914} INFO - Processing file /home/ec2-user/environment/lab4_model_training/dags/train_model_dag.py for tasks to queue
[2026-03-29T16:34:18.119+0000] {logging_mixin.py:190} INFO - [2026-03-29T16:34:18.118+0000] {dagbag.py:588} INFO - Filling up the DagBag from /home/ec2-user/environment/lab4_model_training/dags/train_model_dag.py
[2026-03-29T16:34:18.121+0000] {processor.py:927} WARNING - No viable dags retrieved from /home/ec2-user/environment/lab4_model_training/dags/train_model_dag.py
[2026-03-29T16:34:18.130+0000] {processor.py:208} INFO - Processing /home/ec2-user/environment/lab4_model_training/dags/train_model_dag.py took 0.018 seconds
[2026-03-29T16:34:49.690+0000] {processor.py:186} INFO - Started process (PID=4094) to work on /home/ec2-user/environment/lab4_model_training/dags/train_model_dag.py
[2026-03-29T16:34:49.691+0000] {processor.py:914} INFO - Processing file /home/ec2-user/environment/lab4_model_training/dags/train_model_dag.py for tasks to queue
[2026-03-29T16:34:49.693+0000] {logging_mixin.py:190} INFO - [2026-03-29T16:34:49.692+0000] {dagbag.py:588} INFO - Filling up the DagBag from /home/ec2-user/environment/lab4_model_training/dags/train_model_dag.py
[2026-03-29T16:34:49.695+0000] {processor.py:927} WARNING - No viable dags retrieved from /home/ec2-user/environment/lab4_model_training/dags/train_model_dag.py
[2026-03-29T16:34:49.705+0000] {processor.py:208} INFO - Processing /home/ec2-user/environment/lab4_model_training/dags/train_model_dag.py took 0.020 seconds
[2026-03-29T16:35:21.172+0000] {processor.py:186} INFO - Started process (PID=4111) to work on /home/ec2-user/environment/lab4_model_training/dags/train_model_dag.py
[2026-03-29T16:35:21.172+0000] {processor.py:914} INFO - Processing file /home/ec2-user/environment/lab4_model_training/dags/train_model_dag.py for tasks to queue
[2026-03-29T16:35:21.174+0000] {logging_mixin.py:190} INFO - [2026-03-29T16:35:21.173+0000] {dagbag.py:588} INFO - Filling up the DagBag from /home/ec2-user/environment/lab4_model_training/dags/train_model_dag.py
[2026-03-29T16:35:21.176+0000] {processor.py:927} WARNING - No viable dags retrieved from /home/ec2-user/environment/lab4_model_training/dags/train_model_dag.py
[2026-03-29T16:35:21.186+0000] {processor.py:208} INFO - Processing /home/ec2-user/environment/lab4_model_training/dags/train_model_dag.py took 0.019 seconds
[2026-03-29T16:35:52.656+0000] {processor.py:186} INFO - Started process (PID=4126) to work on /home/ec2-user/environment/lab4_model_training/dags/train_model_dag.py
[2026-03-29T16:35:52.657+0000] {processor.py:914} INFO - Processing file /home/ec2-user/environment/lab4_model_training/dags/train_model_dag.py for tasks to queue
[2026-03-29T16:35:52.659+0000] {logging_mixin.py:190} INFO - [2026-03-29T16:35:52.658+0000] {dagbag.py:588} INFO - Filling up the DagBag from /home/ec2-user/environment/lab4_model_training/dags/train_model_dag.py
[2026-03-29T16:35:52.661+0000] {processor.py:927} WARNING - No viable dags retrieved from /home/ec2-user/environment/lab4_model_training/dags/train_model_dag.py
[2026-03-29T16:35:52.670+0000] {processor.py:208} INFO - Processing /home/ec2-user/environment/lab4_model_training/dags/train_model_dag.py took 0.018 seconds
[2026-03-29T16:36:24.131+0000] {processor.py:186} INFO - Started process (PID=4192) to work on /home/ec2-user/environment/lab4_model_training/dags/train_model_dag.py
[2026-03-29T16:36:24.131+0000] {processor.py:914} INFO - Processing file /home/ec2-user/environment/lab4_model_training/dags/train_model_dag.py for tasks to queue
[2026-03-29T16:36:24.133+0000] {logging_mixin.py:190} INFO - [2026-03-29T16:36:24.132+0000] {dagbag.py:588} INFO - Filling up the DagBag from /home/ec2-user/environment/lab4_model_training/dags/train_model_dag.py
[2026-03-29T16:36:24.135+0000] {processor.py:927} WARNING - No viable dags retrieved from /home/ec2-user/environment/lab4_model_training/dags/train_model_dag.py
[2026-03-29T16:36:24.144+0000] {processor.py:208} INFO - Processing /home/ec2-user/environment/lab4_model_training/dags/train_model_dag.py took 0.018 seconds
[2026-03-29T16:36:55.611+0000] {processor.py:186} INFO - Started process (PID=4204) to work on /home/ec2-user/environment/lab4_model_training/dags/train_model_dag.py
[2026-03-29T16:36:55.612+0000] {processor.py:914} INFO - Processing file /home/ec2-user/environment/lab4_model_training/dags/train_model_dag.py for tasks to queue
[2026-03-29T16:36:55.614+0000] {logging_mixin.py:190} INFO - [2026-03-29T16:36:55.613+0000] {dagbag.py:588} INFO - Filling up the DagBag from /home/ec2-user/environment/lab4_model_training/dags/train_model_dag.py
[2026-03-29T16:36:55.616+0000] {processor.py:927} WARNING - No viable dags retrieved from /home/ec2-user/environment/lab4_model_training/dags/train_model_dag.py
[2026-03-29T16:36:55.625+0000] {processor.py:208} INFO - Processing /home/ec2-user/environment/lab4_model_training/dags/train_model_dag.py took 0.019 seconds
[2026-03-29T16:37:27.086+0000] {processor.py:186} INFO - Started process (PID=4225) to work on /home/ec2-user/environment/lab4_model_training/dags/train_model_dag.py
[2026-03-29T16:37:27.086+0000] {processor.py:914} INFO - Processing file /home/ec2-user/environment/lab4_model_training/dags/train_model_dag.py for tasks to queue
[2026-03-29T16:37:27.088+0000] {logging_mixin.py:190} INFO - [2026-03-29T16:37:27.087+0000] {dagbag.py:588} INFO - Filling up the DagBag from /home/ec2-user/environment/lab4_model_training/dags/train_model_dag.py
[2026-03-29T16:37:27.090+0000] {processor.py:927} WARNING - No viable dags retrieved from /home/ec2-user/environment/lab4_model_training/dags/train_model_dag.py
[2026-03-29T16:37:27.099+0000] {processor.py:208} INFO - Processing /home/ec2-user/environment/lab4_model_training/dags/train_model_dag.py took 0.018 seconds
[2026-03-29T16:37:58.568+0000] {processor.py:186} INFO - Started process (PID=4236) to work on /home/ec2-user/environment/lab4_model_training/dags/train_model_dag.py
[2026-03-29T16:37:58.569+0000] {processor.py:914} INFO - Processing file /home/ec2-user/environment/lab4_model_training/dags/train_model_dag.py for tasks to queue
[2026-03-29T16:37:58.571+0000] {logging_mixin.py:190} INFO - [2026-03-29T16:37:58.570+0000] {dagbag.py:588} INFO - Filling up the DagBag from /home/ec2-user/environment/lab4_model_training/dags/train_model_dag.py
[2026-03-29T16:37:58.573+0000] {processor.py:927} WARNING - No viable dags retrieved from /home/ec2-user/environment/lab4_model_training/dags/train_model_dag.py
[2026-03-29T16:37:58.582+0000] {processor.py:208} INFO - Processing /home/ec2-user/environment/lab4_model_training/dags/train_model_dag.py took 0.018 seconds
[2026-03-29T16:38:30.141+0000] {processor.py:186} INFO - Started process (PID=4315) to work on /home/ec2-user/environment/lab4_model_training/dags/train_model_dag.py
[2026-03-29T16:38:30.142+0000] {processor.py:914} INFO - Processing file /home/ec2-user/environment/lab4_model_training/dags/train_model_dag.py for tasks to queue
[2026-03-29T16:38:30.143+0000] {logging_mixin.py:190} INFO - [2026-03-29T16:38:30.143+0000] {dagbag.py:588} INFO - Filling up the DagBag from /home/ec2-user/environment/lab4_model_training/dags/train_model_dag.py
[2026-03-29T16:38:30.146+0000] {processor.py:927} WARNING - No viable dags retrieved from /home/ec2-user/environment/lab4_model_training/dags/train_model_dag.py
[2026-03-29T16:38:30.154+0000] {processor.py:208} INFO - Processing /home/ec2-user/environment/lab4_model_training/dags/train_model_dag.py took 0.018 seconds
[2026-03-29T16:39:01.614+0000] {processor.py:186} INFO - Started process (PID=4334) to work on /home/ec2-user/environment/lab4_model_training/dags/train_model_dag.py
[2026-03-29T16:39:01.615+0000] {processor.py:914} INFO - Processing file /home/ec2-user/environment/lab4_model_training/dags/train_model_dag.py for tasks to queue
[2026-03-29T16:39:01.617+0000] {logging_mixin.py:190} INFO - [2026-03-29T16:39:01.616+0000] {dagbag.py:588} INFO - Filling up the DagBag from /home/ec2-user/environment/lab4_model_training/dags/train_model_dag.py
[2026-03-29T16:39:01.619+0000] {processor.py:927} WARNING - No viable dags retrieved from /home/ec2-user/environment/lab4_model_training/dags/train_model_dag.py
[2026-03-29T16:39:01.628+0000] {processor.py:208} INFO - Processing /home/ec2-user/environment/lab4_model_training/dags/train_model_dag.py took 0.019 seconds
[2026-03-29T16:39:33.087+0000] {processor.py:186} INFO - Started process (PID=4346) to work on /home/ec2-user/environment/lab4_model_training/dags/train_model_dag.py
[2026-03-29T16:39:33.088+0000] {processor.py:914} INFO - Processing file /home/ec2-user/environment/lab4_model_training/dags/train_model_dag.py for tasks to queue
[2026-03-29T16:39:33.089+0000] {logging_mixin.py:190} INFO - [2026-03-29T16:39:33.089+0000] {dagbag.py:588} INFO - Filling up the DagBag from /home/ec2-user/environment/lab4_model_training/dags/train_model_dag.py
[2026-03-29T16:39:33.091+0000] {processor.py:927} WARNING - No viable dags retrieved from /home/ec2-user/environment/lab4_model_training/dags/train_model_dag.py
[2026-03-29T16:39:33.100+0000] {processor.py:208} INFO - Processing /home/ec2-user/environment/lab4_model_training/dags/train_model_dag.py took 0.018 seconds
[2026-03-29T16:40:04.570+0000] {processor.py:186} INFO - Started process (PID=4413) to work on /home/ec2-user/environment/lab4_model_training/dags/train_model_dag.py
[2026-03-29T16:40:04.571+0000] {processor.py:914} INFO - Processing file /home/ec2-user/environment/lab4_model_training/dags/train_model_dag.py for tasks to queue
[2026-03-29T16:40:04.573+0000] {logging_mixin.py:190} INFO - [2026-03-29T16:40:04.572+0000] {dagbag.py:588} INFO - Filling up the DagBag from /home/ec2-user/environment/lab4_model_training/dags/train_model_dag.py
[2026-03-29T16:40:04.575+0000] {processor.py:927} WARNING - No viable dags retrieved from /home/ec2-user/environment/lab4_model_training/dags/train_model_dag.py
[2026-03-29T16:40:04.584+0000] {processor.py:208} INFO - Processing /home/ec2-user/environment/lab4_model_training/dags/train_model_dag.py took 0.019 seconds
[2026-03-29T16:40:36.043+0000] {processor.py:186} INFO - Started process (PID=4425) to work on /home/ec2-user/environment/lab4_model_training/dags/train_model_dag.py
[2026-03-29T16:40:36.044+0000] {processor.py:914} INFO - Processing file /home/ec2-user/environment/lab4_model_training/dags/train_model_dag.py for tasks to queue
[2026-03-29T16:40:36.045+0000] {logging_mixin.py:190} INFO - [2026-03-29T16:40:36.045+0000] {dagbag.py:588} INFO - Filling up the DagBag from /home/ec2-user/environment/lab4_model_training/dags/train_model_dag.py
[2026-03-29T16:40:36.048+0000] {processor.py:927} WARNING - No viable dags retrieved from /home/ec2-user/environment/lab4_model_training/dags/train_model_dag.py
[2026-03-29T16:40:36.056+0000] {processor.py:208} INFO - Processing /home/ec2-user/environment/lab4_model_training/dags/train_model_dag.py took 0.018 seconds
[2026-03-29T16:41:07.525+0000] {processor.py:186} INFO - Started process (PID=4442) to work on /home/ec2-user/environment/lab4_model_training/dags/train_model_dag.py
[2026-03-29T16:41:07.525+0000] {processor.py:914} INFO - Processing file /home/ec2-user/environment/lab4_model_training/dags/train_model_dag.py for tasks to queue
[2026-03-29T16:41:07.527+0000] {logging_mixin.py:190} INFO - [2026-03-29T16:41:07.526+0000] {dagbag.py:588} INFO - Filling up the DagBag from /home/ec2-user/environment/lab4_model_training/dags/train_model_dag.py
[2026-03-29T16:41:07.529+0000] {processor.py:927} WARNING - No viable dags retrieved from /home/ec2-user/environment/lab4_model_training/dags/train_model_dag.py
[2026-03-29T16:41:07.538+0000] {processor.py:208} INFO - Processing /home/ec2-user/environment/lab4_model_training/dags/train_model_dag.py took 0.018 seconds
[2026-03-29T16:41:38.999+0000] {processor.py:186} INFO - Started process (PID=4526) to work on /home/ec2-user/environment/lab4_model_training/dags/train_model_dag.py
[2026-03-29T16:41:39.000+0000] {processor.py:914} INFO - Processing file /home/ec2-user/environment/lab4_model_training/dags/train_model_dag.py for tasks to queue
[2026-03-29T16:41:39.001+0000] {logging_mixin.py:190} INFO - [2026-03-29T16:41:39.001+0000] {dagbag.py:588} INFO - Filling up the DagBag from /home/ec2-user/environment/lab4_model_training/dags/train_model_dag.py
[2026-03-29T16:41:39.003+0000] {processor.py:927} WARNING - No viable dags retrieved from /home/ec2-user/environment/lab4_model_training/dags/train_model_dag.py
[2026-03-29T16:41:39.012+0000] {processor.py:208} INFO - Processing /home/ec2-user/environment/lab4_model_training/dags/train_model_dag.py took 0.018 seconds
[2026-03-29T16:42:10.483+0000] {processor.py:186} INFO - Started process (PID=4543) to work on /home/ec2-user/environment/lab4_model_training/dags/train_model_dag.py
[2026-03-29T16:42:10.484+0000] {processor.py:914} INFO - Processing file /home/ec2-user/environment/lab4_model_training/dags/train_model_dag.py for tasks to queue
[2026-03-29T16:42:10.485+0000] {logging_mixin.py:190} INFO - [2026-03-29T16:42:10.485+0000] {dagbag.py:588} INFO - Filling up the DagBag from /home/ec2-user/environment/lab4_model_training/dags/train_model_dag.py
[2026-03-29T16:42:10.488+0000] {processor.py:927} WARNING - No viable dags retrieved from /home/ec2-user/environment/lab4_model_training/dags/train_model_dag.py
[2026-03-29T16:42:10.497+0000] {processor.py:208} INFO - Processing /home/ec2-user/environment/lab4_model_training/dags/train_model_dag.py took 0.019 seconds
[2026-03-29T16:42:41.972+0000] {processor.py:186} INFO - Started process (PID=4555) to work on /home/ec2-user/environment/lab4_model_training/dags/train_model_dag.py
[2026-03-29T16:42:41.973+0000] {processor.py:914} INFO - Processing file /home/ec2-user/environment/lab4_model_training/dags/train_model_dag.py for tasks to queue
[2026-03-29T16:42:41.974+0000] {logging_mixin.py:190} INFO - [2026-03-29T16:42:41.974+0000] {dagbag.py:588} INFO - Filling up the DagBag from /home/ec2-user/environment/lab4_model_training/dags/train_model_dag.py
[2026-03-29T16:42:41.977+0000] {processor.py:927} WARNING - No viable dags retrieved from /home/ec2-user/environment/lab4_model_training/dags/train_model_dag.py
[2026-03-29T16:42:41.986+0000] {processor.py:208} INFO - Processing /home/ec2-user/environment/lab4_model_training/dags/train_model_dag.py took 0.018 seconds
[2026-03-29T16:43:13.442+0000] {processor.py:186} INFO - Started process (PID=4622) to work on /home/ec2-user/environment/lab4_model_training/dags/train_model_dag.py
[2026-03-29T16:43:13.443+0000] {processor.py:914} INFO - Processing file /home/ec2-user/environment/lab4_model_training/dags/train_model_dag.py for tasks to queue
[2026-03-29T16:43:13.444+0000] {logging_mixin.py:190} INFO - [2026-03-29T16:43:13.443+0000] {dagbag.py:588} INFO - Filling up the DagBag from /home/ec2-user/environment/lab4_model_training/dags/train_model_dag.py
[2026-03-29T16:43:13.446+0000] {processor.py:927} WARNING - No viable dags retrieved from /home/ec2-user/environment/lab4_model_training/dags/train_model_dag.py
[2026-03-29T16:43:13.455+0000] {processor.py:208} INFO - Processing /home/ec2-user/environment/lab4_model_training/dags/train_model_dag.py took 0.018 seconds
[2026-03-29T16:43:44.915+0000] {processor.py:186} INFO - Started process (PID=4635) to work on /home/ec2-user/environment/lab4_model_training/dags/train_model_dag.py
[2026-03-29T16:43:44.916+0000] {processor.py:914} INFO - Processing file /home/ec2-user/environment/lab4_model_training/dags/train_model_dag.py for tasks to queue
[2026-03-29T16:43:44.918+0000] {logging_mixin.py:190} INFO - [2026-03-29T16:43:44.917+0000] {dagbag.py:588} INFO - Filling up the DagBag from /home/ec2-user/environment/lab4_model_training/dags/train_model_dag.py
[2026-03-29T16:43:44.920+0000] {processor.py:927} WARNING - No viable dags retrieved from /home/ec2-user/environment/lab4_model_training/dags/train_model_dag.py
[2026-03-29T16:43:44.929+0000] {processor.py:208} INFO - Processing /home/ec2-user/environment/lab4_model_training/dags/train_model_dag.py took 0.018 seconds
[2026-03-29T16:44:16.388+0000] {processor.py:186} INFO - Started process (PID=4656) to work on /home/ec2-user/environment/lab4_model_training/dags/train_model_dag.py
[2026-03-29T16:44:16.390+0000] {processor.py:914} INFO - Processing file /home/ec2-user/environment/lab4_model_training/dags/train_model_dag.py for tasks to queue
[2026-03-29T16:44:16.391+0000] {logging_mixin.py:190} INFO - [2026-03-29T16:44:16.391+0000] {dagbag.py:588} INFO - Filling up the DagBag from /home/ec2-user/environment/lab4_model_training/dags/train_model_dag.py
[2026-03-29T16:44:16.393+0000] {processor.py:927} WARNING - No viable dags retrieved from /home/ec2-user/environment/lab4_model_training/dags/train_model_dag.py
[2026-03-29T16:44:16.403+0000] {processor.py:208} INFO - Processing /home/ec2-user/environment/lab4_model_training/dags/train_model_dag.py took 0.019 seconds
[2026-03-29T16:44:47.863+0000] {processor.py:186} INFO - Started process (PID=4668) to work on /home/ec2-user/environment/lab4_model_training/dags/train_model_dag.py
[2026-03-29T16:44:47.864+0000] {processor.py:914} INFO - Processing file /home/ec2-user/environment/lab4_model_training/dags/train_model_dag.py for tasks to queue
[2026-03-29T16:44:47.865+0000] {logging_mixin.py:190} INFO - [2026-03-29T16:44:47.865+0000] {dagbag.py:588} INFO - Filling up the DagBag from /home/ec2-user/environment/lab4_model_training/dags/train_model_dag.py
[2026-03-29T16:44:47.867+0000] {processor.py:927} WARNING - No viable dags retrieved from /home/ec2-user/environment/lab4_model_training/dags/train_model_dag.py
[2026-03-29T16:44:47.876+0000] {processor.py:208} INFO - Processing /home/ec2-user/environment/lab4_model_training/dags/train_model_dag.py took 0.018 seconds
[2026-03-29T16:45:19.335+0000] {processor.py:186} INFO - Started process (PID=4734) to work on /home/ec2-user/environment/lab4_model_training/dags/train_model_dag.py
[2026-03-29T16:45:19.336+0000] {processor.py:914} INFO - Processing file /home/ec2-user/environment/lab4_model_training/dags/train_model_dag.py for tasks to queue
[2026-03-29T16:45:19.338+0000] {logging_mixin.py:190} INFO - [2026-03-29T16:45:19.337+0000] {dagbag.py:588} INFO - Filling up the DagBag from /home/ec2-user/environment/lab4_model_training/dags/train_model_dag.py
[2026-03-29T16:45:19.340+0000] {processor.py:927} WARNING - No viable dags retrieved from /home/ec2-user/environment/lab4_model_training/dags/train_model_dag.py
[2026-03-29T16:45:19.349+0000] {processor.py:208} INFO - Processing /home/ec2-user/environment/lab4_model_training/dags/train_model_dag.py took 0.019 seconds
[2026-03-29T16:45:50.820+0000] {processor.py:186} INFO - Started process (PID=4750) to work on /home/ec2-user/environment/lab4_model_training/dags/train_model_dag.py
[2026-03-29T16:45:50.821+0000] {processor.py:914} INFO - Processing file /home/ec2-user/environment/lab4_model_training/dags/train_model_dag.py for tasks to queue
[2026-03-29T16:45:50.822+0000] {logging_mixin.py:190} INFO - [2026-03-29T16:45:50.822+0000] {dagbag.py:588} INFO - Filling up the DagBag from /home/ec2-user/environment/lab4_model_training/dags/train_model_dag.py
[2026-03-29T16:45:50.824+0000] {processor.py:927} WARNING - No viable dags retrieved from /home/ec2-user/environment/lab4_model_training/dags/train_model_dag.py
[2026-03-29T16:45:50.833+0000] {processor.py:208} INFO - Processing /home/ec2-user/environment/lab4_model_training/dags/train_model_dag.py took 0.018 seconds
[2026-03-29T16:46:22.293+0000] {processor.py:186} INFO - Started process (PID=4767) to work on /home/ec2-user/environment/lab4_model_training/dags/train_model_dag.py
[2026-03-29T16:46:22.295+0000] {processor.py:914} INFO - Processing file /home/ec2-user/environment/lab4_model_training/dags/train_model_dag.py for tasks to queue
[2026-03-29T16:46:22.296+0000] {logging_mixin.py:190} INFO - [2026-03-29T16:46:22.296+0000] {dagbag.py:588} INFO - Filling up the DagBag from /home/ec2-user/environment/lab4_model_training/dags/train_model_dag.py
[2026-03-29T16:46:22.298+0000] {processor.py:927} WARNING - No viable dags retrieved from /home/ec2-user/environment/lab4_model_training/dags/train_model_dag.py
[2026-03-29T16:46:22.307+0000] {processor.py:208} INFO - Processing /home/ec2-user/environment/lab4_model_training/dags/train_model_dag.py took 0.019 seconds
[2026-03-29T16:46:53.775+0000] {processor.py:186} INFO - Started process (PID=4782) to work on /home/ec2-user/environment/lab4_model_training/dags/train_model_dag.py
[2026-03-29T16:46:53.775+0000] {processor.py:914} INFO - Processing file /home/ec2-user/environment/lab4_model_training/dags/train_model_dag.py for tasks to queue
[2026-03-29T16:46:53.777+0000] {logging_mixin.py:190} INFO - [2026-03-29T16:46:53.776+0000] {dagbag.py:588} INFO - Filling up the DagBag from /home/ec2-user/environment/lab4_model_training/dags/train_model_dag.py
[2026-03-29T16:46:53.779+0000] {processor.py:927} WARNING - No viable dags retrieved from /home/ec2-user/environment/lab4_model_training/dags/train_model_dag.py
[2026-03-29T16:46:53.788+0000] {processor.py:208} INFO - Processing /home/ec2-user/environment/lab4_model_training/dags/train_model_dag.py took 0.018 seconds
[2026-03-29T16:47:25.352+0000] {processor.py:186} INFO - Started process (PID=4847) to work on /home/ec2-user/environment/lab4_model_training/dags/train_model_dag.py
[2026-03-29T16:47:25.353+0000] {processor.py:914} INFO - Processing file /home/ec2-user/environment/lab4_model_training/dags/train_model_dag.py for tasks to queue
[2026-03-29T16:47:25.355+0000] {logging_mixin.py:190} INFO - [2026-03-29T16:47:25.354+0000] {dagbag.py:588} INFO - Filling up the DagBag from /home/ec2-user/environment/lab4_model_training/dags/train_model_dag.py
[2026-03-29T16:47:25.357+0000] {processor.py:927} WARNING - No viable dags retrieved from /home/ec2-user/environment/lab4_model_training/dags/train_model_dag.py
[2026-03-29T16:47:25.366+0000] {processor.py:208} INFO - Processing /home/ec2-user/environment/lab4_model_training/dags/train_model_dag.py took 0.019 seconds
[2026-03-29T16:47:56.921+0000] {processor.py:186} INFO - Started process (PID=4858) to work on /home/ec2-user/environment/lab4_model_training/dags/train_model_dag.py
[2026-03-29T16:47:56.922+0000] {processor.py:914} INFO - Processing file /home/ec2-user/environment/lab4_model_training/dags/train_model_dag.py for tasks to queue
[2026-03-29T16:47:56.924+0000] {logging_mixin.py:190} INFO - [2026-03-29T16:47:56.923+0000] {dagbag.py:588} INFO - Filling up the DagBag from /home/ec2-user/environment/lab4_model_training/dags/train_model_dag.py
[2026-03-29T16:47:56.926+0000] {processor.py:927} WARNING - No viable dags retrieved from /home/ec2-user/environment/lab4_model_training/dags/train_model_dag.py
[2026-03-29T16:47:56.935+0000] {processor.py:208} INFO - Processing /home/ec2-user/environment/lab4_model_training/dags/train_model_dag.py took 0.018 seconds
[2026-03-29T16:48:28.408+0000] {processor.py:186} INFO - Started process (PID=4884) to work on /home/ec2-user/environment/lab4_model_training/dags/train_model_dag.py
[2026-03-29T16:48:28.410+0000] {processor.py:914} INFO - Processing file /home/ec2-user/environment/lab4_model_training/dags/train_model_dag.py for tasks to queue
[2026-03-29T16:48:28.413+0000] {logging_mixin.py:190} INFO - [2026-03-29T16:48:28.411+0000] {dagbag.py:588} INFO - Filling up the DagBag from /home/ec2-user/environment/lab4_model_training/dags/train_model_dag.py
[2026-03-29T16:48:28.417+0000] {processor.py:927} WARNING - No viable dags retrieved from /home/ec2-user/environment/lab4_model_training/dags/train_model_dag.py
[2026-03-29T16:48:28.428+0000] {processor.py:208} INFO - Processing /home/ec2-user/environment/lab4_model_training/dags/train_model_dag.py took 0.025 seconds
[2026-03-29T16:48:59.881+0000] {processor.py:186} INFO - Started process (PID=4890) to work on /home/ec2-user/environment/lab4_model_training/dags/train_model_dag.py
[2026-03-29T16:48:59.882+0000] {processor.py:914} INFO - Processing file /home/ec2-user/environment/lab4_model_training/dags/train_model_dag.py for tasks to queue
[2026-03-29T16:48:59.883+0000] {logging_mixin.py:190} INFO - [2026-03-29T16:48:59.883+0000] {dagbag.py:588} INFO - Filling up the DagBag from /home/ec2-user/environment/lab4_model_training/dags/train_model_dag.py
[2026-03-29T16:48:59.886+0000] {processor.py:927} WARNING - No viable dags retrieved from /home/ec2-user/environment/lab4_model_training/dags/train_model_dag.py
[2026-03-29T16:48:59.897+0000] {processor.py:208} INFO - Processing /home/ec2-user/environment/lab4_model_training/dags/train_model_dag.py took 0.020 seconds
[2026-03-29T16:49:31.369+0000] {processor.py:186} INFO - Started process (PID=4988) to work on /home/ec2-user/environment/lab4_model_training/dags/train_model_dag.py
[2026-03-29T16:49:31.370+0000] {processor.py:914} INFO - Processing file /home/ec2-user/environment/lab4_model_training/dags/train_model_dag.py for tasks to queue
[2026-03-29T16:49:31.372+0000] {logging_mixin.py:190} INFO - [2026-03-29T16:49:31.371+0000] {dagbag.py:588} INFO - Filling up the DagBag from /home/ec2-user/environment/lab4_model_training/dags/train_model_dag.py
[2026-03-29T16:49:31.374+0000] {processor.py:927} WARNING - No viable dags retrieved from /home/ec2-user/environment/lab4_model_training/dags/train_model_dag.py
[2026-03-29T16:49:31.383+0000] {processor.py:208} INFO - Processing /home/ec2-user/environment/lab4_model_training/dags/train_model_dag.py took 0.019 seconds
[2026-03-29T16:50:02.941+0000] {processor.py:186} INFO - Started process (PID=5005) to work on /home/ec2-user/environment/lab4_model_training/dags/train_model_dag.py
[2026-03-29T16:50:02.942+0000] {processor.py:914} INFO - Processing file /home/ec2-user/environment/lab4_model_training/dags/train_model_dag.py for tasks to queue
[2026-03-29T16:50:02.943+0000] {logging_mixin.py:190} INFO - [2026-03-29T16:50:02.943+0000] {dagbag.py:588} INFO - Filling up the DagBag from /home/ec2-user/environment/lab4_model_training/dags/train_model_dag.py
[2026-03-29T16:50:02.945+0000] {processor.py:927} WARNING - No viable dags retrieved from /home/ec2-user/environment/lab4_model_training/dags/train_model_dag.py
[2026-03-29T16:50:02.954+0000] {processor.py:208} INFO - Processing /home/ec2-user/environment/lab4_model_training/dags/train_model_dag.py took 0.018 seconds
[2026-03-29T16:50:34.414+0000] {processor.py:186} INFO - Started process (PID=5072) to work on /home/ec2-user/environment/lab4_model_training/dags/train_model_dag.py
[2026-03-29T16:50:34.415+0000] {processor.py:914} INFO - Processing file /home/ec2-user/environment/lab4_model_training/dags/train_model_dag.py for tasks to queue
[2026-03-29T16:50:34.416+0000] {logging_mixin.py:190} INFO - [2026-03-29T16:50:34.416+0000] {dagbag.py:588} INFO - Filling up the DagBag from /home/ec2-user/environment/lab4_model_training/dags/train_model_dag.py
[2026-03-29T16:50:34.419+0000] {processor.py:927} WARNING - No viable dags retrieved from /home/ec2-user/environment/lab4_model_training/dags/train_model_dag.py
[2026-03-29T16:50:34.428+0000] {processor.py:208} INFO - Processing /home/ec2-user/environment/lab4_model_training/dags/train_model_dag.py took 0.019 seconds
[2026-03-29T16:51:05.904+0000] {processor.py:186} INFO - Started process (PID=5089) to work on /home/ec2-user/environment/lab4_model_training/dags/train_model_dag.py
[2026-03-29T16:51:05.905+0000] {processor.py:914} INFO - Processing file /home/ec2-user/environment/lab4_model_training/dags/train_model_dag.py for tasks to queue
[2026-03-29T16:51:05.907+0000] {logging_mixin.py:190} INFO - [2026-03-29T16:51:05.906+0000] {dagbag.py:588} INFO - Filling up the DagBag from /home/ec2-user/environment/lab4_model_training/dags/train_model_dag.py
[2026-03-29T16:51:05.909+0000] {processor.py:927} WARNING - No viable dags retrieved from /home/ec2-user/environment/lab4_model_training/dags/train_model_dag.py
[2026-03-29T16:51:05.918+0000] {processor.py:208} INFO - Processing /home/ec2-user/environment/lab4_model_training/dags/train_model_dag.py took 0.018 seconds
[2026-03-29T16:51:37.381+0000] {processor.py:186} INFO - Started process (PID=5100) to work on /home/ec2-user/environment/lab4_model_training/dags/train_model_dag.py
[2026-03-29T16:51:37.382+0000] {processor.py:914} INFO - Processing file /home/ec2-user/environment/lab4_model_training/dags/train_model_dag.py for tasks to queue
[2026-03-29T16:51:37.384+0000] {logging_mixin.py:190} INFO - [2026-03-29T16:51:37.383+0000] {dagbag.py:588} INFO - Filling up the DagBag from /home/ec2-user/environment/lab4_model_training/dags/train_model_dag.py
[2026-03-29T16:51:37.386+0000] {processor.py:927} WARNING - No viable dags retrieved from /home/ec2-user/environment/lab4_model_training/dags/train_model_dag.py
[2026-03-29T16:51:37.395+0000] {processor.py:208} INFO - Processing /home/ec2-user/environment/lab4_model_training/dags/train_model_dag.py took 0.019 seconds
[2026-03-29T16:52:08.854+0000] {processor.py:186} INFO - Started process (PID=5165) to work on /home/ec2-user/environment/lab4_model_training/dags/train_model_dag.py
[2026-03-29T16:52:08.855+0000] {processor.py:914} INFO - Processing file /home/ec2-user/environment/lab4_model_training/dags/train_model_dag.py for tasks to queue
[2026-03-29T16:52:08.857+0000] {logging_mixin.py:190} INFO - [2026-03-29T16:52:08.857+0000] {dagbag.py:588} INFO - Filling up the DagBag from /home/ec2-user/environment/lab4_model_training/dags/train_model_dag.py
[2026-03-29T16:52:08.859+0000] {processor.py:927} WARNING - No viable dags retrieved from /home/ec2-user/environment/lab4_model_training/dags/train_model_dag.py
[2026-03-29T16:52:08.868+0000] {processor.py:208} INFO - Processing /home/ec2-user/environment/lab4_model_training/dags/train_model_dag.py took 0.019 seconds
[2026-03-29T16:52:40.341+0000] {processor.py:186} INFO - Started process (PID=5177) to work on /home/ec2-user/environment/lab4_model_training/dags/train_model_dag.py
[2026-03-29T16:52:40.343+0000] {processor.py:914} INFO - Processing file /home/ec2-user/environment/lab4_model_training/dags/train_model_dag.py for tasks to queue
[2026-03-29T16:52:40.344+0000] {logging_mixin.py:190} INFO - [2026-03-29T16:52:40.344+0000] {dagbag.py:588} INFO - Filling up the DagBag from /home/ec2-user/environment/lab4_model_training/dags/train_model_dag.py
[2026-03-29T16:52:40.346+0000] {processor.py:927} WARNING - No viable dags retrieved from /home/ec2-user/environment/lab4_model_training/dags/train_model_dag.py
[2026-03-29T16:52:40.355+0000] {processor.py:208} INFO - Processing /home/ec2-user/environment/lab4_model_training/dags/train_model_dag.py took 0.019 seconds
[2026-03-29T16:53:11.818+0000] {processor.py:186} INFO - Started process (PID=5194) to work on /home/ec2-user/environment/lab4_model_training/dags/train_model_dag.py
[2026-03-29T16:53:11.818+0000] {processor.py:914} INFO - Processing file /home/ec2-user/environment/lab4_model_training/dags/train_model_dag.py for tasks to queue
[2026-03-29T16:53:11.820+0000] {logging_mixin.py:190} INFO - [2026-03-29T16:53:11.819+0000] {dagbag.py:588} INFO - Filling up the DagBag from /home/ec2-user/environment/lab4_model_training/dags/train_model_dag.py
[2026-03-29T16:53:11.822+0000] {processor.py:927} WARNING - No viable dags retrieved from /home/ec2-user/environment/lab4_model_training/dags/train_model_dag.py
[2026-03-29T16:53:11.831+0000] {processor.py:208} INFO - Processing /home/ec2-user/environment/lab4_model_training/dags/train_model_dag.py took 0.018 seconds
[2026-03-29T16:53:43.300+0000] {processor.py:186} INFO - Started process (PID=5206) to work on /home/ec2-user/environment/lab4_model_training/dags/train_model_dag.py
[2026-03-29T16:53:43.301+0000] {processor.py:914} INFO - Processing file /home/ec2-user/environment/lab4_model_training/dags/train_model_dag.py for tasks to queue
[2026-03-29T16:53:43.302+0000] {logging_mixin.py:190} INFO - [2026-03-29T16:53:43.302+0000] {dagbag.py:588} INFO - Filling up the DagBag from /home/ec2-user/environment/lab4_model_training/dags/train_model_dag.py
[2026-03-29T16:53:43.305+0000] {processor.py:927} WARNING - No viable dags retrieved from /home/ec2-user/environment/lab4_model_training/dags/train_model_dag.py
[2026-03-29T16:53:43.313+0000] {processor.py:208} INFO - Processing /home/ec2-user/environment/lab4_model_training/dags/train_model_dag.py took 0.019 seconds
[2026-03-29T16:54:14.769+0000] {processor.py:186} INFO - Started process (PID=5274) to work on /home/ec2-user/environment/lab4_model_training/dags/train_model_dag.py
[2026-03-29T16:54:14.770+0000] {processor.py:914} INFO - Processing file /home/ec2-user/environment/lab4_model_training/dags/train_model_dag.py for tasks to queue
[2026-03-29T16:54:14.772+0000] {logging_mixin.py:190} INFO - [2026-03-29T16:54:14.771+0000] {dagbag.py:588} INFO - Filling up the DagBag from /home/ec2-user/environment/lab4_model_training/dags/train_model_dag.py
[2026-03-29T16:54:14.774+0000] {processor.py:927} WARNING - No viable dags retrieved from /home/ec2-user/environment/lab4_model_training/dags/train_model_dag.py
[2026-03-29T16:54:14.783+0000] {processor.py:208} INFO - Processing /home/ec2-user/environment/lab4_model_training/dags/train_model_dag.py took 0.018 seconds
[2026-03-29T16:54:46.242+0000] {processor.py:186} INFO - Started process (PID=5288) to work on /home/ec2-user/environment/lab4_model_training/dags/train_model_dag.py
[2026-03-29T16:54:46.243+0000] {processor.py:914} INFO - Processing file /home/ec2-user/environment/lab4_model_training/dags/train_model_dag.py for tasks to queue
[2026-03-29T16:54:46.244+0000] {logging_mixin.py:190} INFO - [2026-03-29T16:54:46.244+0000] {dagbag.py:588} INFO - Filling up the DagBag from /home/ec2-user/environment/lab4_model_training/dags/train_model_dag.py
[2026-03-29T16:54:46.247+0000] {processor.py:927} WARNING - No viable dags retrieved from /home/ec2-user/environment/lab4_model_training/dags/train_model_dag.py
[2026-03-29T16:54:46.255+0000] {processor.py:208} INFO - Processing /home/ec2-user/environment/lab4_model_training/dags/train_model_dag.py took 0.018 seconds
[2026-03-29T16:55:17.717+0000] {processor.py:186} INFO - Started process (PID=5305) to work on /home/ec2-user/environment/lab4_model_training/dags/train_model_dag.py
[2026-03-29T16:55:17.718+0000] {processor.py:914} INFO - Processing file /home/ec2-user/environment/lab4_model_training/dags/train_model_dag.py for tasks to queue
[2026-03-29T16:55:17.719+0000] {logging_mixin.py:190} INFO - [2026-03-29T16:55:17.719+0000] {dagbag.py:588} INFO - Filling up the DagBag from /home/ec2-user/environment/lab4_model_training/dags/train_model_dag.py
[2026-03-29T16:55:17.721+0000] {processor.py:927} WARNING - No viable dags retrieved from /home/ec2-user/environment/lab4_model_training/dags/train_model_dag.py
[2026-03-29T16:55:17.730+0000] {processor.py:208} INFO - Processing /home/ec2-user/environment/lab4_model_training/dags/train_model_dag.py took 0.018 seconds
[2026-03-29T16:55:49.190+0000] {processor.py:186} INFO - Started process (PID=5318) to work on /home/ec2-user/environment/lab4_model_training/dags/train_model_dag.py
[2026-03-29T16:55:49.191+0000] {processor.py:914} INFO - Processing file /home/ec2-user/environment/lab4_model_training/dags/train_model_dag.py for tasks to queue
[2026-03-29T16:55:49.192+0000] {logging_mixin.py:190} INFO - [2026-03-29T16:55:49.192+0000] {dagbag.py:588} INFO - Filling up the DagBag from /home/ec2-user/environment/lab4_model_training/dags/train_model_dag.py
[2026-03-29T16:55:49.194+0000] {processor.py:927} WARNING - No viable dags retrieved from /home/ec2-user/environment/lab4_model_training/dags/train_model_dag.py
[2026-03-29T16:55:49.203+0000] {processor.py:208} INFO - Processing /home/ec2-user/environment/lab4_model_training/dags/train_model_dag.py took 0.018 seconds
